[2026-06-29T01:23:31.301+0000] {local_task_job_runner.py:123} INFO - ::group::Pre task execution logs
[2026-06-29T01:23:31.372+0000] {taskinstance.py:2613} INFO - Dependencies all met for dep_context=non-requeueable deps ti=<TaskInstance: dag_data_quality_checks.check_nulls_and_mandatory manual__2026-06-29T01:23:08.455086+00:00 [queued]>
[2026-06-29T01:23:31.392+0000] {taskinstance.py:2613} INFO - Dependencies all met for dep_context=requeueable deps ti=<TaskInstance: dag_data_quality_checks.check_nulls_and_mandatory manual__2026-06-29T01:23:08.455086+00:00 [queued]>
[2026-06-29T01:23:31.395+0000] {taskinstance.py:2866} INFO - Starting attempt 1 of 2
[2026-06-29T01:23:31.471+0000] {taskinstance.py:2889} INFO - Executing <Task(PythonOperator): check_nulls_and_mandatory> on 2026-06-29 01:23:08.455086+00:00
[2026-06-29T01:23:31.544+0000] {logging_mixin.py:190} WARNING - /home/***/.local/lib/python3.12/site-packages/***/task/task_runner/standard_task_runner.py:70 DeprecationWarning: This process (pid=603) is multi-threaded, use of fork() may lead to deadlocks in the child.
[2026-06-29T01:23:31.560+0000] {standard_task_runner.py:72} INFO - Started process 605 to run task
[2026-06-29T01:23:31.556+0000] {standard_task_runner.py:104} INFO - Running: ['***', 'tasks', 'run', 'dag_data_quality_checks', 'check_nulls_and_mandatory', 'manual__2026-06-29T01:23:08.455086+00:00', '--job-id', '37', '--raw', '--subdir', 'DAGS_FOLDER/dag_data_quality_checks.py', '--cfg-path', '/tmp/tmpd2lo81vc']
[2026-06-29T01:23:31.564+0000] {standard_task_runner.py:105} INFO - Job 37: Subtask check_nulls_and_mandatory
[2026-06-29T01:23:31.851+0000] {task_command.py:467} INFO - Running <TaskInstance: dag_data_quality_checks.check_nulls_and_mandatory manual__2026-06-29T01:23:08.455086+00:00 [running]> on host e6f17338ad20
[2026-06-29T01:23:32.102+0000] {taskinstance.py:3132} INFO - Exporting env vars: AIRFLOW_CTX_DAG_OWNER='***' AIRFLOW_CTX_DAG_ID='dag_data_quality_checks' AIRFLOW_CTX_TASK_ID='check_nulls_and_mandatory' AIRFLOW_CTX_EXECUTION_DATE='2026-06-29T01:23:08.455086+00:00' AIRFLOW_CTX_TRY_NUMBER='1' AIRFLOW_CTX_DAG_RUN_ID='manual__2026-06-29T01:23:08.455086+00:00'
[2026-06-29T01:23:32.106+0000] {taskinstance.py:731} INFO - ::endgroup::
[2026-06-29T01:23:32.278+0000] {logging_mixin.py:190} INFO - == Nulos críticos / campos obligatorios ==
[2026-06-29T01:23:32.344+0000] {logging_mixin.py:190} INFO -   fact_crimes       : id=0 -> 0
[2026-06-29T01:23:32.357+0000] {logging_mixin.py:190} INFO -   fact_incidentes   : id=0 -> 0
[2026-06-29T01:23:32.373+0000] {logging_mixin.py:190} INFO -   fact_expedientes  : id=0 -> 0
[2026-06-29T01:23:32.638+0000] {logging_mixin.py:190} INFO -   fact_evidencias   : id=0 -> 0
[2026-06-29T01:23:32.653+0000] {logging_mixin.py:190} INFO -   fact_auditoria    : id=0 -> 0
[2026-06-29T01:23:32.668+0000] {logging_mixin.py:190} INFO -   dim_usuario       : id=0 -> 0
[2026-06-29T01:23:32.729+0000] {logging_mixin.py:190} INFO -   fact_crimes: year=0 -> 0; primary_type vacío -> 0
[2026-06-29T01:23:32.746+0000] {logging_mixin.py:190} INFO - OK: campos obligatorios válidos.
[2026-06-29T01:23:32.747+0000] {python.py:240} INFO - Done. Returned value was: None
[2026-06-29T01:23:32.797+0000] {taskinstance.py:340} INFO - ::group::Post task execution logs
[2026-06-29T01:23:32.799+0000] {taskinstance.py:352} INFO - Marking task as SUCCESS. dag_id=dag_data_quality_checks, task_id=check_nulls_and_mandatory, run_id=manual__2026-06-29T01:23:08.455086+00:00, execution_date=20260629T012308, start_date=20260629T012331, end_date=20260629T012332
[2026-06-29T01:23:32.883+0000] {local_task_job_runner.py:266} INFO - Task exited with return code 0
[2026-06-29T01:23:32.970+0000] {taskinstance.py:3895} INFO - 1 downstream tasks scheduled from follow-on schedule check
[2026-06-29T01:23:32.980+0000] {local_task_job_runner.py:245} INFO - ::endgroup::
