[2026-07-01T06:30:22.626+0000] {processor.py:186} INFO - Started process (PID=70) to work on /opt/airflow/dags/crimetrack_etl_common.py
[2026-07-01T06:30:22.628+0000] {processor.py:914} INFO - Processing file /opt/airflow/dags/crimetrack_etl_common.py for tasks to queue
[2026-07-01T06:30:22.634+0000] {logging_mixin.py:190} INFO - [2026-07-01T06:30:22.633+0000] {dagbag.py:588} INFO - Filling up the DagBag from /opt/airflow/dags/crimetrack_etl_common.py
[2026-07-01T06:30:28.043+0000] {processor.py:927} WARNING - No viable dags retrieved from /opt/airflow/dags/crimetrack_etl_common.py
[2026-07-01T06:30:28.135+0000] {processor.py:208} INFO - Processing /opt/airflow/dags/crimetrack_etl_common.py took 5.565 seconds
[2026-07-01T06:31:30.078+0000] {processor.py:186} INFO - Started process (PID=108) to work on /opt/airflow/dags/crimetrack_etl_common.py
[2026-07-01T06:31:30.129+0000] {processor.py:914} INFO - Processing file /opt/airflow/dags/crimetrack_etl_common.py for tasks to queue
[2026-07-01T06:31:30.293+0000] {logging_mixin.py:190} INFO - [2026-07-01T06:31:30.284+0000] {dagbag.py:588} INFO - Filling up the DagBag from /opt/airflow/dags/crimetrack_etl_common.py
[2026-07-01T06:31:51.330+0000] {processor.py:927} WARNING - No viable dags retrieved from /opt/airflow/dags/crimetrack_etl_common.py
[2026-07-01T06:31:51.521+0000] {processor.py:208} INFO - Processing /opt/airflow/dags/crimetrack_etl_common.py took 21.972 seconds
[2026-07-01T06:32:51.932+0000] {processor.py:186} INFO - Started process (PID=158) to work on /opt/airflow/dags/crimetrack_etl_common.py
[2026-07-01T06:32:51.934+0000] {processor.py:914} INFO - Processing file /opt/airflow/dags/crimetrack_etl_common.py for tasks to queue
[2026-07-01T06:32:51.938+0000] {logging_mixin.py:190} INFO - [2026-07-01T06:32:51.938+0000] {dagbag.py:588} INFO - Filling up the DagBag from /opt/airflow/dags/crimetrack_etl_common.py
[2026-07-01T06:32:52.569+0000] {processor.py:927} WARNING - No viable dags retrieved from /opt/airflow/dags/crimetrack_etl_common.py
[2026-07-01T06:32:52.590+0000] {processor.py:208} INFO - Processing /opt/airflow/dags/crimetrack_etl_common.py took 0.667 seconds
[2026-07-01T06:33:53.371+0000] {processor.py:186} INFO - Started process (PID=196) to work on /opt/airflow/dags/crimetrack_etl_common.py
[2026-07-01T06:33:53.373+0000] {processor.py:914} INFO - Processing file /opt/airflow/dags/crimetrack_etl_common.py for tasks to queue
[2026-07-01T06:33:53.378+0000] {logging_mixin.py:190} INFO - [2026-07-01T06:33:53.377+0000] {dagbag.py:588} INFO - Filling up the DagBag from /opt/airflow/dags/crimetrack_etl_common.py
[2026-07-01T06:33:54.811+0000] {processor.py:927} WARNING - No viable dags retrieved from /opt/airflow/dags/crimetrack_etl_common.py
[2026-07-01T06:33:54.903+0000] {processor.py:208} INFO - Processing /opt/airflow/dags/crimetrack_etl_common.py took 1.540 seconds
[2026-07-01T06:34:55.321+0000] {processor.py:186} INFO - Started process (PID=241) to work on /opt/airflow/dags/crimetrack_etl_common.py
[2026-07-01T06:34:55.323+0000] {processor.py:914} INFO - Processing file /opt/airflow/dags/crimetrack_etl_common.py for tasks to queue
[2026-07-01T06:34:55.328+0000] {logging_mixin.py:190} INFO - [2026-07-01T06:34:55.327+0000] {dagbag.py:588} INFO - Filling up the DagBag from /opt/airflow/dags/crimetrack_etl_common.py
[2026-07-01T06:34:56.665+0000] {processor.py:927} WARNING - No viable dags retrieved from /opt/airflow/dags/crimetrack_etl_common.py
[2026-07-01T06:34:56.707+0000] {processor.py:208} INFO - Processing /opt/airflow/dags/crimetrack_etl_common.py took 1.395 seconds
[2026-07-01T06:35:56.825+0000] {processor.py:186} INFO - Started process (PID=286) to work on /opt/airflow/dags/crimetrack_etl_common.py
[2026-07-01T06:35:56.828+0000] {processor.py:914} INFO - Processing file /opt/airflow/dags/crimetrack_etl_common.py for tasks to queue
[2026-07-01T06:35:56.832+0000] {logging_mixin.py:190} INFO - [2026-07-01T06:35:56.832+0000] {dagbag.py:588} INFO - Filling up the DagBag from /opt/airflow/dags/crimetrack_etl_common.py
[2026-07-01T06:35:57.491+0000] {processor.py:927} WARNING - No viable dags retrieved from /opt/airflow/dags/crimetrack_etl_common.py
[2026-07-01T06:35:57.528+0000] {processor.py:208} INFO - Processing /opt/airflow/dags/crimetrack_etl_common.py took 0.713 seconds
[2026-07-01T06:36:58.615+0000] {processor.py:186} INFO - Started process (PID=331) to work on /opt/airflow/dags/crimetrack_etl_common.py
[2026-07-01T06:36:58.617+0000] {processor.py:914} INFO - Processing file /opt/airflow/dags/crimetrack_etl_common.py for tasks to queue
[2026-07-01T06:36:58.621+0000] {logging_mixin.py:190} INFO - [2026-07-01T06:36:58.620+0000] {dagbag.py:588} INFO - Filling up the DagBag from /opt/airflow/dags/crimetrack_etl_common.py
[2026-07-01T06:36:59.324+0000] {processor.py:927} WARNING - No viable dags retrieved from /opt/airflow/dags/crimetrack_etl_common.py
[2026-07-01T06:36:59.348+0000] {processor.py:208} INFO - Processing /opt/airflow/dags/crimetrack_etl_common.py took 0.742 seconds
[2026-07-01T06:38:00.088+0000] {processor.py:186} INFO - Started process (PID=367) to work on /opt/airflow/dags/crimetrack_etl_common.py
[2026-07-01T06:38:00.090+0000] {processor.py:914} INFO - Processing file /opt/airflow/dags/crimetrack_etl_common.py for tasks to queue
[2026-07-01T06:38:00.095+0000] {logging_mixin.py:190} INFO - [2026-07-01T06:38:00.094+0000] {dagbag.py:588} INFO - Filling up the DagBag from /opt/airflow/dags/crimetrack_etl_common.py
[2026-07-01T06:38:00.713+0000] {processor.py:927} WARNING - No viable dags retrieved from /opt/airflow/dags/crimetrack_etl_common.py
[2026-07-01T06:38:00.742+0000] {processor.py:208} INFO - Processing /opt/airflow/dags/crimetrack_etl_common.py took 0.664 seconds
[2026-07-01T06:39:00.976+0000] {processor.py:186} INFO - Started process (PID=412) to work on /opt/airflow/dags/crimetrack_etl_common.py
[2026-07-01T06:39:00.979+0000] {processor.py:914} INFO - Processing file /opt/airflow/dags/crimetrack_etl_common.py for tasks to queue
[2026-07-01T06:39:00.985+0000] {logging_mixin.py:190} INFO - [2026-07-01T06:39:00.984+0000] {dagbag.py:588} INFO - Filling up the DagBag from /opt/airflow/dags/crimetrack_etl_common.py
[2026-07-01T06:39:02.489+0000] {processor.py:927} WARNING - No viable dags retrieved from /opt/airflow/dags/crimetrack_etl_common.py
[2026-07-01T06:39:02.533+0000] {processor.py:208} INFO - Processing /opt/airflow/dags/crimetrack_etl_common.py took 1.582 seconds
[2026-07-01T06:40:02.751+0000] {processor.py:186} INFO - Started process (PID=458) to work on /opt/airflow/dags/crimetrack_etl_common.py
[2026-07-01T06:40:02.754+0000] {processor.py:914} INFO - Processing file /opt/airflow/dags/crimetrack_etl_common.py for tasks to queue
[2026-07-01T06:40:02.771+0000] {logging_mixin.py:190} INFO - [2026-07-01T06:40:02.770+0000] {dagbag.py:588} INFO - Filling up the DagBag from /opt/airflow/dags/crimetrack_etl_common.py
[2026-07-01T06:40:03.655+0000] {processor.py:927} WARNING - No viable dags retrieved from /opt/airflow/dags/crimetrack_etl_common.py
[2026-07-01T06:40:03.681+0000] {processor.py:208} INFO - Processing /opt/airflow/dags/crimetrack_etl_common.py took 0.960 seconds
[2026-07-01T06:41:04.259+0000] {processor.py:186} INFO - Started process (PID=509) to work on /opt/airflow/dags/crimetrack_etl_common.py
[2026-07-01T06:41:04.261+0000] {processor.py:914} INFO - Processing file /opt/airflow/dags/crimetrack_etl_common.py for tasks to queue
[2026-07-01T06:41:04.267+0000] {logging_mixin.py:190} INFO - [2026-07-01T06:41:04.266+0000] {dagbag.py:588} INFO - Filling up the DagBag from /opt/airflow/dags/crimetrack_etl_common.py
[2026-07-01T06:41:04.938+0000] {processor.py:927} WARNING - No viable dags retrieved from /opt/airflow/dags/crimetrack_etl_common.py
[2026-07-01T06:41:04.962+0000] {processor.py:208} INFO - Processing /opt/airflow/dags/crimetrack_etl_common.py took 0.712 seconds
[2026-07-01T06:42:05.818+0000] {processor.py:186} INFO - Started process (PID=546) to work on /opt/airflow/dags/crimetrack_etl_common.py
[2026-07-01T06:42:05.820+0000] {processor.py:914} INFO - Processing file /opt/airflow/dags/crimetrack_etl_common.py for tasks to queue
[2026-07-01T06:42:05.824+0000] {logging_mixin.py:190} INFO - [2026-07-01T06:42:05.823+0000] {dagbag.py:588} INFO - Filling up the DagBag from /opt/airflow/dags/crimetrack_etl_common.py
[2026-07-01T06:42:06.665+0000] {processor.py:927} WARNING - No viable dags retrieved from /opt/airflow/dags/crimetrack_etl_common.py
[2026-07-01T06:42:06.692+0000] {processor.py:208} INFO - Processing /opt/airflow/dags/crimetrack_etl_common.py took 0.882 seconds
[2026-07-01T06:43:06.963+0000] {processor.py:186} INFO - Started process (PID=591) to work on /opt/airflow/dags/crimetrack_etl_common.py
[2026-07-01T06:43:06.967+0000] {processor.py:914} INFO - Processing file /opt/airflow/dags/crimetrack_etl_common.py for tasks to queue
[2026-07-01T06:43:06.972+0000] {logging_mixin.py:190} INFO - [2026-07-01T06:43:06.971+0000] {dagbag.py:588} INFO - Filling up the DagBag from /opt/airflow/dags/crimetrack_etl_common.py
[2026-07-01T06:43:07.646+0000] {processor.py:927} WARNING - No viable dags retrieved from /opt/airflow/dags/crimetrack_etl_common.py
[2026-07-01T06:43:07.668+0000] {processor.py:208} INFO - Processing /opt/airflow/dags/crimetrack_etl_common.py took 0.714 seconds
[2026-07-01T06:44:07.764+0000] {processor.py:186} INFO - Started process (PID=636) to work on /opt/airflow/dags/crimetrack_etl_common.py
[2026-07-01T06:44:07.767+0000] {processor.py:914} INFO - Processing file /opt/airflow/dags/crimetrack_etl_common.py for tasks to queue
[2026-07-01T06:44:07.772+0000] {logging_mixin.py:190} INFO - [2026-07-01T06:44:07.771+0000] {dagbag.py:588} INFO - Filling up the DagBag from /opt/airflow/dags/crimetrack_etl_common.py
[2026-07-01T06:44:08.424+0000] {processor.py:927} WARNING - No viable dags retrieved from /opt/airflow/dags/crimetrack_etl_common.py
[2026-07-01T06:44:08.454+0000] {processor.py:208} INFO - Processing /opt/airflow/dags/crimetrack_etl_common.py took 0.700 seconds
[2026-07-01T06:45:08.710+0000] {processor.py:186} INFO - Started process (PID=673) to work on /opt/airflow/dags/crimetrack_etl_common.py
[2026-07-01T06:45:08.712+0000] {processor.py:914} INFO - Processing file /opt/airflow/dags/crimetrack_etl_common.py for tasks to queue
[2026-07-01T06:45:08.717+0000] {logging_mixin.py:190} INFO - [2026-07-01T06:45:08.716+0000] {dagbag.py:588} INFO - Filling up the DagBag from /opt/airflow/dags/crimetrack_etl_common.py
[2026-07-01T06:45:09.503+0000] {processor.py:927} WARNING - No viable dags retrieved from /opt/airflow/dags/crimetrack_etl_common.py
[2026-07-01T06:45:09.530+0000] {processor.py:208} INFO - Processing /opt/airflow/dags/crimetrack_etl_common.py took 0.829 seconds
[2026-07-01T06:46:09.911+0000] {processor.py:186} INFO - Started process (PID=718) to work on /opt/airflow/dags/crimetrack_etl_common.py
[2026-07-01T06:46:09.915+0000] {processor.py:914} INFO - Processing file /opt/airflow/dags/crimetrack_etl_common.py for tasks to queue
[2026-07-01T06:46:09.921+0000] {logging_mixin.py:190} INFO - [2026-07-01T06:46:09.921+0000] {dagbag.py:588} INFO - Filling up the DagBag from /opt/airflow/dags/crimetrack_etl_common.py
[2026-07-01T06:46:10.567+0000] {processor.py:927} WARNING - No viable dags retrieved from /opt/airflow/dags/crimetrack_etl_common.py
[2026-07-01T06:46:10.589+0000] {processor.py:208} INFO - Processing /opt/airflow/dags/crimetrack_etl_common.py took 0.689 seconds
[2026-07-01T06:47:10.951+0000] {processor.py:186} INFO - Started process (PID=763) to work on /opt/airflow/dags/crimetrack_etl_common.py
[2026-07-01T06:47:10.954+0000] {processor.py:914} INFO - Processing file /opt/airflow/dags/crimetrack_etl_common.py for tasks to queue
[2026-07-01T06:47:10.958+0000] {logging_mixin.py:190} INFO - [2026-07-01T06:47:10.957+0000] {dagbag.py:588} INFO - Filling up the DagBag from /opt/airflow/dags/crimetrack_etl_common.py
[2026-07-01T06:47:11.627+0000] {processor.py:927} WARNING - No viable dags retrieved from /opt/airflow/dags/crimetrack_etl_common.py
[2026-07-01T06:47:11.651+0000] {processor.py:208} INFO - Processing /opt/airflow/dags/crimetrack_etl_common.py took 0.710 seconds
[2026-07-01T06:48:11.763+0000] {processor.py:186} INFO - Started process (PID=809) to work on /opt/airflow/dags/crimetrack_etl_common.py
[2026-07-01T06:48:11.766+0000] {processor.py:914} INFO - Processing file /opt/airflow/dags/crimetrack_etl_common.py for tasks to queue
[2026-07-01T06:48:11.770+0000] {logging_mixin.py:190} INFO - [2026-07-01T06:48:11.769+0000] {dagbag.py:588} INFO - Filling up the DagBag from /opt/airflow/dags/crimetrack_etl_common.py
[2026-07-01T06:48:16.057+0000] {processor.py:927} WARNING - No viable dags retrieved from /opt/airflow/dags/crimetrack_etl_common.py
[2026-07-01T06:48:16.141+0000] {processor.py:208} INFO - Processing /opt/airflow/dags/crimetrack_etl_common.py took 4.389 seconds
[2026-07-01T06:49:16.779+0000] {processor.py:186} INFO - Started process (PID=847) to work on /opt/airflow/dags/crimetrack_etl_common.py
[2026-07-01T06:49:16.781+0000] {processor.py:914} INFO - Processing file /opt/airflow/dags/crimetrack_etl_common.py for tasks to queue
[2026-07-01T06:49:16.786+0000] {logging_mixin.py:190} INFO - [2026-07-01T06:49:16.785+0000] {dagbag.py:588} INFO - Filling up the DagBag from /opt/airflow/dags/crimetrack_etl_common.py
[2026-07-01T06:49:17.431+0000] {processor.py:927} WARNING - No viable dags retrieved from /opt/airflow/dags/crimetrack_etl_common.py
[2026-07-01T06:49:17.468+0000] {processor.py:208} INFO - Processing /opt/airflow/dags/crimetrack_etl_common.py took 0.698 seconds
[2026-07-01T06:50:17.699+0000] {processor.py:186} INFO - Started process (PID=891) to work on /opt/airflow/dags/crimetrack_etl_common.py
[2026-07-01T06:50:17.701+0000] {processor.py:914} INFO - Processing file /opt/airflow/dags/crimetrack_etl_common.py for tasks to queue
[2026-07-01T06:50:17.706+0000] {logging_mixin.py:190} INFO - [2026-07-01T06:50:17.705+0000] {dagbag.py:588} INFO - Filling up the DagBag from /opt/airflow/dags/crimetrack_etl_common.py
[2026-07-01T06:50:18.319+0000] {processor.py:927} WARNING - No viable dags retrieved from /opt/airflow/dags/crimetrack_etl_common.py
[2026-07-01T06:50:18.345+0000] {processor.py:208} INFO - Processing /opt/airflow/dags/crimetrack_etl_common.py took 0.654 seconds
[2026-07-01T06:51:19.030+0000] {processor.py:186} INFO - Started process (PID=938) to work on /opt/airflow/dags/crimetrack_etl_common.py
[2026-07-01T06:51:19.032+0000] {processor.py:914} INFO - Processing file /opt/airflow/dags/crimetrack_etl_common.py for tasks to queue
[2026-07-01T06:51:19.036+0000] {logging_mixin.py:190} INFO - [2026-07-01T06:51:19.035+0000] {dagbag.py:588} INFO - Filling up the DagBag from /opt/airflow/dags/crimetrack_etl_common.py
[2026-07-01T06:51:19.696+0000] {processor.py:927} WARNING - No viable dags retrieved from /opt/airflow/dags/crimetrack_etl_common.py
[2026-07-01T06:51:19.721+0000] {processor.py:208} INFO - Processing /opt/airflow/dags/crimetrack_etl_common.py took 0.699 seconds
[2026-07-01T06:52:20.164+0000] {processor.py:186} INFO - Started process (PID=982) to work on /opt/airflow/dags/crimetrack_etl_common.py
[2026-07-01T06:52:20.167+0000] {processor.py:914} INFO - Processing file /opt/airflow/dags/crimetrack_etl_common.py for tasks to queue
[2026-07-01T06:52:20.203+0000] {logging_mixin.py:190} INFO - [2026-07-01T06:52:20.203+0000] {dagbag.py:588} INFO - Filling up the DagBag from /opt/airflow/dags/crimetrack_etl_common.py
[2026-07-01T06:52:21.949+0000] {processor.py:927} WARNING - No viable dags retrieved from /opt/airflow/dags/crimetrack_etl_common.py
[2026-07-01T06:52:22.035+0000] {processor.py:208} INFO - Processing /opt/airflow/dags/crimetrack_etl_common.py took 1.893 seconds
[2026-07-01T06:53:23.083+0000] {processor.py:186} INFO - Started process (PID=1020) to work on /opt/airflow/dags/crimetrack_etl_common.py
[2026-07-01T06:53:23.085+0000] {processor.py:914} INFO - Processing file /opt/airflow/dags/crimetrack_etl_common.py for tasks to queue
[2026-07-01T06:53:23.090+0000] {logging_mixin.py:190} INFO - [2026-07-01T06:53:23.089+0000] {dagbag.py:588} INFO - Filling up the DagBag from /opt/airflow/dags/crimetrack_etl_common.py
[2026-07-01T06:53:23.747+0000] {processor.py:927} WARNING - No viable dags retrieved from /opt/airflow/dags/crimetrack_etl_common.py
[2026-07-01T06:53:23.769+0000] {processor.py:208} INFO - Processing /opt/airflow/dags/crimetrack_etl_common.py took 0.694 seconds
[2026-07-01T06:54:24.015+0000] {processor.py:186} INFO - Started process (PID=1065) to work on /opt/airflow/dags/crimetrack_etl_common.py
[2026-07-01T06:54:24.017+0000] {processor.py:914} INFO - Processing file /opt/airflow/dags/crimetrack_etl_common.py for tasks to queue
[2026-07-01T06:54:24.022+0000] {logging_mixin.py:190} INFO - [2026-07-01T06:54:24.022+0000] {dagbag.py:588} INFO - Filling up the DagBag from /opt/airflow/dags/crimetrack_etl_common.py
[2026-07-01T06:54:24.434+0000] {processor.py:927} WARNING - No viable dags retrieved from /opt/airflow/dags/crimetrack_etl_common.py
[2026-07-01T06:54:24.462+0000] {processor.py:208} INFO - Processing /opt/airflow/dags/crimetrack_etl_common.py took 0.458 seconds
[2026-07-01T06:55:25.385+0000] {processor.py:186} INFO - Started process (PID=1110) to work on /opt/airflow/dags/crimetrack_etl_common.py
[2026-07-01T06:55:25.388+0000] {processor.py:914} INFO - Processing file /opt/airflow/dags/crimetrack_etl_common.py for tasks to queue
[2026-07-01T06:55:25.393+0000] {logging_mixin.py:190} INFO - [2026-07-01T06:55:25.393+0000] {dagbag.py:588} INFO - Filling up the DagBag from /opt/airflow/dags/crimetrack_etl_common.py
[2026-07-01T06:55:26.005+0000] {processor.py:927} WARNING - No viable dags retrieved from /opt/airflow/dags/crimetrack_etl_common.py
[2026-07-01T06:55:26.038+0000] {processor.py:208} INFO - Processing /opt/airflow/dags/crimetrack_etl_common.py took 0.666 seconds
[2026-07-01T06:56:26.488+0000] {processor.py:186} INFO - Started process (PID=1146) to work on /opt/airflow/dags/crimetrack_etl_common.py
[2026-07-01T06:56:26.492+0000] {processor.py:914} INFO - Processing file /opt/airflow/dags/crimetrack_etl_common.py for tasks to queue
[2026-07-01T06:56:26.499+0000] {logging_mixin.py:190} INFO - [2026-07-01T06:56:26.498+0000] {dagbag.py:588} INFO - Filling up the DagBag from /opt/airflow/dags/crimetrack_etl_common.py
[2026-07-01T06:56:27.434+0000] {processor.py:927} WARNING - No viable dags retrieved from /opt/airflow/dags/crimetrack_etl_common.py
[2026-07-01T06:56:27.466+0000] {processor.py:208} INFO - Processing /opt/airflow/dags/crimetrack_etl_common.py took 0.994 seconds
[2026-07-01T06:57:27.774+0000] {processor.py:186} INFO - Started process (PID=1193) to work on /opt/airflow/dags/crimetrack_etl_common.py
[2026-07-01T06:57:27.777+0000] {processor.py:914} INFO - Processing file /opt/airflow/dags/crimetrack_etl_common.py for tasks to queue
[2026-07-01T06:57:27.782+0000] {logging_mixin.py:190} INFO - [2026-07-01T06:57:27.781+0000] {dagbag.py:588} INFO - Filling up the DagBag from /opt/airflow/dags/crimetrack_etl_common.py
[2026-07-01T06:57:28.270+0000] {processor.py:927} WARNING - No viable dags retrieved from /opt/airflow/dags/crimetrack_etl_common.py
[2026-07-01T06:57:28.302+0000] {processor.py:208} INFO - Processing /opt/airflow/dags/crimetrack_etl_common.py took 0.537 seconds
[2026-07-01T06:58:28.563+0000] {processor.py:186} INFO - Started process (PID=1238) to work on /opt/airflow/dags/crimetrack_etl_common.py
[2026-07-01T06:58:28.568+0000] {processor.py:914} INFO - Processing file /opt/airflow/dags/crimetrack_etl_common.py for tasks to queue
[2026-07-01T06:58:28.575+0000] {logging_mixin.py:190} INFO - [2026-07-01T06:58:28.575+0000] {dagbag.py:588} INFO - Filling up the DagBag from /opt/airflow/dags/crimetrack_etl_common.py
[2026-07-01T06:58:29.602+0000] {processor.py:927} WARNING - No viable dags retrieved from /opt/airflow/dags/crimetrack_etl_common.py
[2026-07-01T06:58:29.641+0000] {processor.py:208} INFO - Processing /opt/airflow/dags/crimetrack_etl_common.py took 1.093 seconds
[2026-07-01T06:59:30.112+0000] {processor.py:186} INFO - Started process (PID=1282) to work on /opt/airflow/dags/crimetrack_etl_common.py
[2026-07-01T06:59:30.114+0000] {processor.py:914} INFO - Processing file /opt/airflow/dags/crimetrack_etl_common.py for tasks to queue
[2026-07-01T06:59:30.119+0000] {logging_mixin.py:190} INFO - [2026-07-01T06:59:30.119+0000] {dagbag.py:588} INFO - Filling up the DagBag from /opt/airflow/dags/crimetrack_etl_common.py
[2026-07-01T06:59:31.216+0000] {processor.py:927} WARNING - No viable dags retrieved from /opt/airflow/dags/crimetrack_etl_common.py
[2026-07-01T06:59:31.286+0000] {processor.py:208} INFO - Processing /opt/airflow/dags/crimetrack_etl_common.py took 1.186 seconds
[2026-07-01T07:00:32.197+0000] {processor.py:186} INFO - Started process (PID=1320) to work on /opt/airflow/dags/crimetrack_etl_common.py
[2026-07-01T07:00:32.202+0000] {processor.py:914} INFO - Processing file /opt/airflow/dags/crimetrack_etl_common.py for tasks to queue
[2026-07-01T07:00:32.213+0000] {logging_mixin.py:190} INFO - [2026-07-01T07:00:32.212+0000] {dagbag.py:588} INFO - Filling up the DagBag from /opt/airflow/dags/crimetrack_etl_common.py
[2026-07-01T07:00:33.582+0000] {processor.py:927} WARNING - No viable dags retrieved from /opt/airflow/dags/crimetrack_etl_common.py
[2026-07-01T07:00:33.608+0000] {processor.py:208} INFO - Processing /opt/airflow/dags/crimetrack_etl_common.py took 1.430 seconds
[2026-07-01T07:01:33.724+0000] {processor.py:186} INFO - Started process (PID=1365) to work on /opt/airflow/dags/crimetrack_etl_common.py
[2026-07-01T07:01:33.726+0000] {processor.py:914} INFO - Processing file /opt/airflow/dags/crimetrack_etl_common.py for tasks to queue
[2026-07-01T07:01:33.731+0000] {logging_mixin.py:190} INFO - [2026-07-01T07:01:33.730+0000] {dagbag.py:588} INFO - Filling up the DagBag from /opt/airflow/dags/crimetrack_etl_common.py
[2026-07-01T07:01:34.144+0000] {processor.py:927} WARNING - No viable dags retrieved from /opt/airflow/dags/crimetrack_etl_common.py
[2026-07-01T07:01:34.172+0000] {processor.py:208} INFO - Processing /opt/airflow/dags/crimetrack_etl_common.py took 0.457 seconds
[2026-07-01T07:02:34.268+0000] {processor.py:186} INFO - Started process (PID=1410) to work on /opt/airflow/dags/crimetrack_etl_common.py
[2026-07-01T07:02:34.270+0000] {processor.py:914} INFO - Processing file /opt/airflow/dags/crimetrack_etl_common.py for tasks to queue
[2026-07-01T07:02:34.275+0000] {logging_mixin.py:190} INFO - [2026-07-01T07:02:34.275+0000] {dagbag.py:588} INFO - Filling up the DagBag from /opt/airflow/dags/crimetrack_etl_common.py
[2026-07-01T07:02:34.627+0000] {processor.py:927} WARNING - No viable dags retrieved from /opt/airflow/dags/crimetrack_etl_common.py
[2026-07-01T07:02:34.680+0000] {processor.py:208} INFO - Processing /opt/airflow/dags/crimetrack_etl_common.py took 0.421 seconds
[2026-07-01T07:03:35.520+0000] {processor.py:186} INFO - Started process (PID=1446) to work on /opt/airflow/dags/crimetrack_etl_common.py
[2026-07-01T07:03:35.522+0000] {processor.py:914} INFO - Processing file /opt/airflow/dags/crimetrack_etl_common.py for tasks to queue
[2026-07-01T07:03:35.527+0000] {logging_mixin.py:190} INFO - [2026-07-01T07:03:35.527+0000] {dagbag.py:588} INFO - Filling up the DagBag from /opt/airflow/dags/crimetrack_etl_common.py
[2026-07-01T07:03:35.963+0000] {processor.py:927} WARNING - No viable dags retrieved from /opt/airflow/dags/crimetrack_etl_common.py
[2026-07-01T07:03:35.994+0000] {processor.py:208} INFO - Processing /opt/airflow/dags/crimetrack_etl_common.py took 0.490 seconds
[2026-07-01T07:04:36.604+0000] {processor.py:186} INFO - Started process (PID=1490) to work on /opt/airflow/dags/crimetrack_etl_common.py
[2026-07-01T07:04:36.608+0000] {processor.py:914} INFO - Processing file /opt/airflow/dags/crimetrack_etl_common.py for tasks to queue
[2026-07-01T07:04:36.616+0000] {logging_mixin.py:190} INFO - [2026-07-01T07:04:36.615+0000] {dagbag.py:588} INFO - Filling up the DagBag from /opt/airflow/dags/crimetrack_etl_common.py
[2026-07-01T07:04:37.165+0000] {processor.py:927} WARNING - No viable dags retrieved from /opt/airflow/dags/crimetrack_etl_common.py
[2026-07-01T07:04:37.194+0000] {processor.py:208} INFO - Processing /opt/airflow/dags/crimetrack_etl_common.py took 0.609 seconds
[2026-07-01T07:05:38.041+0000] {processor.py:186} INFO - Started process (PID=1535) to work on /opt/airflow/dags/crimetrack_etl_common.py
[2026-07-01T07:05:38.045+0000] {processor.py:914} INFO - Processing file /opt/airflow/dags/crimetrack_etl_common.py for tasks to queue
[2026-07-01T07:05:38.056+0000] {logging_mixin.py:190} INFO - [2026-07-01T07:05:38.055+0000] {dagbag.py:588} INFO - Filling up the DagBag from /opt/airflow/dags/crimetrack_etl_common.py
[2026-07-01T07:05:40.113+0000] {processor.py:927} WARNING - No viable dags retrieved from /opt/airflow/dags/crimetrack_etl_common.py
[2026-07-01T07:05:40.196+0000] {processor.py:208} INFO - Processing /opt/airflow/dags/crimetrack_etl_common.py took 2.181 seconds
[2026-07-01T07:06:40.877+0000] {processor.py:186} INFO - Started process (PID=1578) to work on /opt/airflow/dags/crimetrack_etl_common.py
[2026-07-01T07:06:40.879+0000] {processor.py:914} INFO - Processing file /opt/airflow/dags/crimetrack_etl_common.py for tasks to queue
[2026-07-01T07:06:40.884+0000] {logging_mixin.py:190} INFO - [2026-07-01T07:06:40.883+0000] {dagbag.py:588} INFO - Filling up the DagBag from /opt/airflow/dags/crimetrack_etl_common.py
[2026-07-01T07:06:41.950+0000] {processor.py:927} WARNING - No viable dags retrieved from /opt/airflow/dags/crimetrack_etl_common.py
[2026-07-01T07:06:41.995+0000] {processor.py:208} INFO - Processing /opt/airflow/dags/crimetrack_etl_common.py took 1.128 seconds
[2026-07-01T07:07:43.262+0000] {processor.py:186} INFO - Started process (PID=1616) to work on /opt/airflow/dags/crimetrack_etl_common.py
[2026-07-01T07:07:43.280+0000] {processor.py:914} INFO - Processing file /opt/airflow/dags/crimetrack_etl_common.py for tasks to queue
[2026-07-01T07:07:43.340+0000] {logging_mixin.py:190} INFO - [2026-07-01T07:07:43.337+0000] {dagbag.py:588} INFO - Filling up the DagBag from /opt/airflow/dags/crimetrack_etl_common.py
[2026-07-01T07:07:45.304+0000] {processor.py:927} WARNING - No viable dags retrieved from /opt/airflow/dags/crimetrack_etl_common.py
[2026-07-01T07:07:45.352+0000] {processor.py:208} INFO - Processing /opt/airflow/dags/crimetrack_etl_common.py took 2.255 seconds
[2026-07-01T07:08:46.014+0000] {processor.py:186} INFO - Started process (PID=1661) to work on /opt/airflow/dags/crimetrack_etl_common.py
[2026-07-01T07:08:46.016+0000] {processor.py:914} INFO - Processing file /opt/airflow/dags/crimetrack_etl_common.py for tasks to queue
[2026-07-01T07:08:46.023+0000] {logging_mixin.py:190} INFO - [2026-07-01T07:08:46.022+0000] {dagbag.py:588} INFO - Filling up the DagBag from /opt/airflow/dags/crimetrack_etl_common.py
[2026-07-01T07:08:47.024+0000] {processor.py:927} WARNING - No viable dags retrieved from /opt/airflow/dags/crimetrack_etl_common.py
[2026-07-01T07:08:47.115+0000] {processor.py:208} INFO - Processing /opt/airflow/dags/crimetrack_etl_common.py took 1.109 seconds
[2026-07-01T07:09:48.185+0000] {processor.py:186} INFO - Started process (PID=1698) to work on /opt/airflow/dags/crimetrack_etl_common.py
[2026-07-01T07:09:48.188+0000] {processor.py:914} INFO - Processing file /opt/airflow/dags/crimetrack_etl_common.py for tasks to queue
[2026-07-01T07:09:48.196+0000] {logging_mixin.py:190} INFO - [2026-07-01T07:09:48.195+0000] {dagbag.py:588} INFO - Filling up the DagBag from /opt/airflow/dags/crimetrack_etl_common.py
[2026-07-01T07:09:50.264+0000] {processor.py:927} WARNING - No viable dags retrieved from /opt/airflow/dags/crimetrack_etl_common.py
[2026-07-01T07:09:50.294+0000] {processor.py:208} INFO - Processing /opt/airflow/dags/crimetrack_etl_common.py took 2.124 seconds
[2026-07-01T07:10:50.726+0000] {processor.py:186} INFO - Started process (PID=1743) to work on /opt/airflow/dags/crimetrack_etl_common.py
[2026-07-01T07:10:50.737+0000] {processor.py:914} INFO - Processing file /opt/airflow/dags/crimetrack_etl_common.py for tasks to queue
[2026-07-01T07:10:50.745+0000] {logging_mixin.py:190} INFO - [2026-07-01T07:10:50.744+0000] {dagbag.py:588} INFO - Filling up the DagBag from /opt/airflow/dags/crimetrack_etl_common.py
[2026-07-01T07:10:51.286+0000] {processor.py:927} WARNING - No viable dags retrieved from /opt/airflow/dags/crimetrack_etl_common.py
[2026-07-01T07:10:51.320+0000] {processor.py:208} INFO - Processing /opt/airflow/dags/crimetrack_etl_common.py took 0.604 seconds
[2026-07-01T07:11:52.478+0000] {processor.py:186} INFO - Started process (PID=1790) to work on /opt/airflow/dags/crimetrack_etl_common.py
[2026-07-01T07:11:52.495+0000] {processor.py:914} INFO - Processing file /opt/airflow/dags/crimetrack_etl_common.py for tasks to queue
[2026-07-01T07:11:52.520+0000] {logging_mixin.py:190} INFO - [2026-07-01T07:11:52.519+0000] {dagbag.py:588} INFO - Filling up the DagBag from /opt/airflow/dags/crimetrack_etl_common.py
[2026-07-01T07:11:53.425+0000] {processor.py:927} WARNING - No viable dags retrieved from /opt/airflow/dags/crimetrack_etl_common.py
[2026-07-01T07:11:53.471+0000] {processor.py:208} INFO - Processing /opt/airflow/dags/crimetrack_etl_common.py took 1.033 seconds
[2026-07-01T07:12:54.198+0000] {processor.py:186} INFO - Started process (PID=1834) to work on /opt/airflow/dags/crimetrack_etl_common.py
[2026-07-01T07:12:54.201+0000] {processor.py:914} INFO - Processing file /opt/airflow/dags/crimetrack_etl_common.py for tasks to queue
[2026-07-01T07:12:54.208+0000] {logging_mixin.py:190} INFO - [2026-07-01T07:12:54.208+0000] {dagbag.py:588} INFO - Filling up the DagBag from /opt/airflow/dags/crimetrack_etl_common.py
[2026-07-01T07:12:55.628+0000] {processor.py:927} WARNING - No viable dags retrieved from /opt/airflow/dags/crimetrack_etl_common.py
[2026-07-01T07:12:55.713+0000] {processor.py:208} INFO - Processing /opt/airflow/dags/crimetrack_etl_common.py took 1.528 seconds
[2026-07-01T07:13:56.232+0000] {processor.py:186} INFO - Started process (PID=1872) to work on /opt/airflow/dags/crimetrack_etl_common.py
[2026-07-01T07:13:56.235+0000] {processor.py:914} INFO - Processing file /opt/airflow/dags/crimetrack_etl_common.py for tasks to queue
[2026-07-01T07:13:56.242+0000] {logging_mixin.py:190} INFO - [2026-07-01T07:13:56.241+0000] {dagbag.py:588} INFO - Filling up the DagBag from /opt/airflow/dags/crimetrack_etl_common.py
[2026-07-01T07:13:56.961+0000] {processor.py:927} WARNING - No viable dags retrieved from /opt/airflow/dags/crimetrack_etl_common.py
[2026-07-01T07:13:57.066+0000] {processor.py:208} INFO - Processing /opt/airflow/dags/crimetrack_etl_common.py took 0.847 seconds
[2026-07-01T07:14:57.281+0000] {processor.py:186} INFO - Started process (PID=1918) to work on /opt/airflow/dags/crimetrack_etl_common.py
[2026-07-01T07:14:57.284+0000] {processor.py:914} INFO - Processing file /opt/airflow/dags/crimetrack_etl_common.py for tasks to queue
[2026-07-01T07:14:57.290+0000] {logging_mixin.py:190} INFO - [2026-07-01T07:14:57.289+0000] {dagbag.py:588} INFO - Filling up the DagBag from /opt/airflow/dags/crimetrack_etl_common.py
[2026-07-01T07:14:58.755+0000] {processor.py:927} WARNING - No viable dags retrieved from /opt/airflow/dags/crimetrack_etl_common.py
[2026-07-01T07:14:58.805+0000] {processor.py:208} INFO - Processing /opt/airflow/dags/crimetrack_etl_common.py took 1.539 seconds
[2026-07-01T07:15:58.982+0000] {processor.py:186} INFO - Started process (PID=1963) to work on /opt/airflow/dags/crimetrack_etl_common.py
[2026-07-01T07:15:58.985+0000] {processor.py:914} INFO - Processing file /opt/airflow/dags/crimetrack_etl_common.py for tasks to queue
[2026-07-01T07:15:59.002+0000] {logging_mixin.py:190} INFO - [2026-07-01T07:15:58.999+0000] {dagbag.py:588} INFO - Filling up the DagBag from /opt/airflow/dags/crimetrack_etl_common.py
[2026-07-01T07:15:59.631+0000] {processor.py:927} WARNING - No viable dags retrieved from /opt/airflow/dags/crimetrack_etl_common.py
[2026-07-01T07:15:59.689+0000] {processor.py:208} INFO - Processing /opt/airflow/dags/crimetrack_etl_common.py took 0.727 seconds
[2026-07-01T07:16:59.831+0000] {processor.py:186} INFO - Started process (PID=2000) to work on /opt/airflow/dags/crimetrack_etl_common.py
[2026-07-01T07:16:59.834+0000] {processor.py:914} INFO - Processing file /opt/airflow/dags/crimetrack_etl_common.py for tasks to queue
[2026-07-01T07:16:59.840+0000] {logging_mixin.py:190} INFO - [2026-07-01T07:16:59.839+0000] {dagbag.py:588} INFO - Filling up the DagBag from /opt/airflow/dags/crimetrack_etl_common.py
[2026-07-01T07:17:00.402+0000] {processor.py:927} WARNING - No viable dags retrieved from /opt/airflow/dags/crimetrack_etl_common.py
[2026-07-01T07:17:00.431+0000] {processor.py:208} INFO - Processing /opt/airflow/dags/crimetrack_etl_common.py took 0.613 seconds
[2026-07-01T07:18:00.930+0000] {processor.py:186} INFO - Started process (PID=2045) to work on /opt/airflow/dags/crimetrack_etl_common.py
[2026-07-01T07:18:00.932+0000] {processor.py:914} INFO - Processing file /opt/airflow/dags/crimetrack_etl_common.py for tasks to queue
[2026-07-01T07:18:00.941+0000] {logging_mixin.py:190} INFO - [2026-07-01T07:18:00.940+0000] {dagbag.py:588} INFO - Filling up the DagBag from /opt/airflow/dags/crimetrack_etl_common.py
[2026-07-01T07:18:01.549+0000] {processor.py:927} WARNING - No viable dags retrieved from /opt/airflow/dags/crimetrack_etl_common.py
[2026-07-01T07:18:01.595+0000] {processor.py:208} INFO - Processing /opt/airflow/dags/crimetrack_etl_common.py took 0.683 seconds
[2026-07-01T07:19:01.842+0000] {processor.py:186} INFO - Started process (PID=2091) to work on /opt/airflow/dags/crimetrack_etl_common.py
[2026-07-01T07:19:01.845+0000] {processor.py:914} INFO - Processing file /opt/airflow/dags/crimetrack_etl_common.py for tasks to queue
[2026-07-01T07:19:01.850+0000] {logging_mixin.py:190} INFO - [2026-07-01T07:19:01.849+0000] {dagbag.py:588} INFO - Filling up the DagBag from /opt/airflow/dags/crimetrack_etl_common.py
[2026-07-01T07:19:02.304+0000] {processor.py:927} WARNING - No viable dags retrieved from /opt/airflow/dags/crimetrack_etl_common.py
[2026-07-01T07:19:02.332+0000] {processor.py:208} INFO - Processing /opt/airflow/dags/crimetrack_etl_common.py took 0.499 seconds
[2026-07-01T07:20:02.558+0000] {processor.py:186} INFO - Started process (PID=2135) to work on /opt/airflow/dags/crimetrack_etl_common.py
[2026-07-01T07:20:02.561+0000] {processor.py:914} INFO - Processing file /opt/airflow/dags/crimetrack_etl_common.py for tasks to queue
[2026-07-01T07:20:02.566+0000] {logging_mixin.py:190} INFO - [2026-07-01T07:20:02.565+0000] {dagbag.py:588} INFO - Filling up the DagBag from /opt/airflow/dags/crimetrack_etl_common.py
[2026-07-01T07:20:04.055+0000] {processor.py:927} WARNING - No viable dags retrieved from /opt/airflow/dags/crimetrack_etl_common.py
[2026-07-01T07:20:04.086+0000] {processor.py:208} INFO - Processing /opt/airflow/dags/crimetrack_etl_common.py took 1.552 seconds
[2026-07-01T07:21:04.611+0000] {processor.py:186} INFO - Started process (PID=2174) to work on /opt/airflow/dags/crimetrack_etl_common.py
[2026-07-01T07:21:04.614+0000] {processor.py:914} INFO - Processing file /opt/airflow/dags/crimetrack_etl_common.py for tasks to queue
[2026-07-01T07:21:04.652+0000] {logging_mixin.py:190} INFO - [2026-07-01T07:21:04.650+0000] {dagbag.py:588} INFO - Filling up the DagBag from /opt/airflow/dags/crimetrack_etl_common.py
[2026-07-01T07:21:05.213+0000] {processor.py:927} WARNING - No viable dags retrieved from /opt/airflow/dags/crimetrack_etl_common.py
[2026-07-01T07:21:05.243+0000] {processor.py:208} INFO - Processing /opt/airflow/dags/crimetrack_etl_common.py took 0.667 seconds
[2026-07-01T07:22:06.114+0000] {processor.py:186} INFO - Started process (PID=2219) to work on /opt/airflow/dags/crimetrack_etl_common.py
[2026-07-01T07:22:06.124+0000] {processor.py:914} INFO - Processing file /opt/airflow/dags/crimetrack_etl_common.py for tasks to queue
[2026-07-01T07:22:06.144+0000] {logging_mixin.py:190} INFO - [2026-07-01T07:22:06.141+0000] {dagbag.py:588} INFO - Filling up the DagBag from /opt/airflow/dags/crimetrack_etl_common.py
[2026-07-01T07:22:06.542+0000] {processor.py:927} WARNING - No viable dags retrieved from /opt/airflow/dags/crimetrack_etl_common.py
[2026-07-01T07:22:06.569+0000] {processor.py:208} INFO - Processing /opt/airflow/dags/crimetrack_etl_common.py took 0.494 seconds
[2026-07-01T07:23:07.394+0000] {processor.py:186} INFO - Started process (PID=2263) to work on /opt/airflow/dags/crimetrack_etl_common.py
[2026-07-01T07:23:07.441+0000] {processor.py:914} INFO - Processing file /opt/airflow/dags/crimetrack_etl_common.py for tasks to queue
[2026-07-01T07:23:07.449+0000] {logging_mixin.py:190} INFO - [2026-07-01T07:23:07.448+0000] {dagbag.py:588} INFO - Filling up the DagBag from /opt/airflow/dags/crimetrack_etl_common.py
[2026-07-01T07:23:08.805+0000] {processor.py:927} WARNING - No viable dags retrieved from /opt/airflow/dags/crimetrack_etl_common.py
[2026-07-01T07:23:08.883+0000] {processor.py:208} INFO - Processing /opt/airflow/dags/crimetrack_etl_common.py took 1.527 seconds
[2026-07-01T07:24:09.835+0000] {processor.py:186} INFO - Started process (PID=2302) to work on /opt/airflow/dags/crimetrack_etl_common.py
[2026-07-01T07:24:09.841+0000] {processor.py:914} INFO - Processing file /opt/airflow/dags/crimetrack_etl_common.py for tasks to queue
[2026-07-01T07:24:09.864+0000] {logging_mixin.py:190} INFO - [2026-07-01T07:24:09.863+0000] {dagbag.py:588} INFO - Filling up the DagBag from /opt/airflow/dags/crimetrack_etl_common.py
[2026-07-01T07:24:10.492+0000] {processor.py:927} WARNING - No viable dags retrieved from /opt/airflow/dags/crimetrack_etl_common.py
[2026-07-01T07:24:10.519+0000] {processor.py:208} INFO - Processing /opt/airflow/dags/crimetrack_etl_common.py took 0.717 seconds
[2026-07-01T07:25:11.096+0000] {processor.py:186} INFO - Started process (PID=2349) to work on /opt/airflow/dags/crimetrack_etl_common.py
[2026-07-01T07:25:11.099+0000] {processor.py:914} INFO - Processing file /opt/airflow/dags/crimetrack_etl_common.py for tasks to queue
[2026-07-01T07:25:11.103+0000] {logging_mixin.py:190} INFO - [2026-07-01T07:25:11.102+0000] {dagbag.py:588} INFO - Filling up the DagBag from /opt/airflow/dags/crimetrack_etl_common.py
[2026-07-01T07:25:11.489+0000] {processor.py:927} WARNING - No viable dags retrieved from /opt/airflow/dags/crimetrack_etl_common.py
[2026-07-01T07:25:11.514+0000] {processor.py:208} INFO - Processing /opt/airflow/dags/crimetrack_etl_common.py took 0.450 seconds
[2026-07-01T07:26:11.928+0000] {processor.py:186} INFO - Started process (PID=2394) to work on /opt/airflow/dags/crimetrack_etl_common.py
[2026-07-01T07:26:11.932+0000] {processor.py:914} INFO - Processing file /opt/airflow/dags/crimetrack_etl_common.py for tasks to queue
[2026-07-01T07:26:11.939+0000] {logging_mixin.py:190} INFO - [2026-07-01T07:26:11.938+0000] {dagbag.py:588} INFO - Filling up the DagBag from /opt/airflow/dags/crimetrack_etl_common.py
[2026-07-01T07:26:12.808+0000] {processor.py:927} WARNING - No viable dags retrieved from /opt/airflow/dags/crimetrack_etl_common.py
[2026-07-01T07:26:12.836+0000] {processor.py:208} INFO - Processing /opt/airflow/dags/crimetrack_etl_common.py took 1.080 seconds
[2026-07-01T07:27:13.484+0000] {processor.py:186} INFO - Started process (PID=2431) to work on /opt/airflow/dags/crimetrack_etl_common.py
[2026-07-01T07:27:13.490+0000] {processor.py:914} INFO - Processing file /opt/airflow/dags/crimetrack_etl_common.py for tasks to queue
[2026-07-01T07:27:13.504+0000] {logging_mixin.py:190} INFO - [2026-07-01T07:27:13.503+0000] {dagbag.py:588} INFO - Filling up the DagBag from /opt/airflow/dags/crimetrack_etl_common.py
[2026-07-01T07:27:14.055+0000] {processor.py:927} WARNING - No viable dags retrieved from /opt/airflow/dags/crimetrack_etl_common.py
[2026-07-01T07:27:14.115+0000] {processor.py:208} INFO - Processing /opt/airflow/dags/crimetrack_etl_common.py took 0.653 seconds
[2026-07-01T07:28:15.038+0000] {processor.py:186} INFO - Started process (PID=2476) to work on /opt/airflow/dags/crimetrack_etl_common.py
[2026-07-01T07:28:15.041+0000] {processor.py:914} INFO - Processing file /opt/airflow/dags/crimetrack_etl_common.py for tasks to queue
[2026-07-01T07:28:15.048+0000] {logging_mixin.py:190} INFO - [2026-07-01T07:28:15.047+0000] {dagbag.py:588} INFO - Filling up the DagBag from /opt/airflow/dags/crimetrack_etl_common.py
[2026-07-01T07:28:15.500+0000] {processor.py:927} WARNING - No viable dags retrieved from /opt/airflow/dags/crimetrack_etl_common.py
[2026-07-01T07:28:15.528+0000] {processor.py:208} INFO - Processing /opt/airflow/dags/crimetrack_etl_common.py took 0.504 seconds
[2026-07-01T07:29:16.041+0000] {processor.py:186} INFO - Started process (PID=2521) to work on /opt/airflow/dags/crimetrack_etl_common.py
[2026-07-01T07:29:16.044+0000] {processor.py:914} INFO - Processing file /opt/airflow/dags/crimetrack_etl_common.py for tasks to queue
[2026-07-01T07:29:16.051+0000] {logging_mixin.py:190} INFO - [2026-07-01T07:29:16.050+0000] {dagbag.py:588} INFO - Filling up the DagBag from /opt/airflow/dags/crimetrack_etl_common.py
[2026-07-01T07:29:16.557+0000] {processor.py:927} WARNING - No viable dags retrieved from /opt/airflow/dags/crimetrack_etl_common.py
[2026-07-01T07:29:16.590+0000] {processor.py:208} INFO - Processing /opt/airflow/dags/crimetrack_etl_common.py took 0.570 seconds
[2026-07-01T07:30:17.702+0000] {processor.py:186} INFO - Started process (PID=2558) to work on /opt/airflow/dags/crimetrack_etl_common.py
[2026-07-01T07:30:17.707+0000] {processor.py:914} INFO - Processing file /opt/airflow/dags/crimetrack_etl_common.py for tasks to queue
[2026-07-01T07:30:17.741+0000] {logging_mixin.py:190} INFO - [2026-07-01T07:30:17.735+0000] {dagbag.py:588} INFO - Filling up the DagBag from /opt/airflow/dags/crimetrack_etl_common.py
[2026-07-01T07:30:20.404+0000] {processor.py:927} WARNING - No viable dags retrieved from /opt/airflow/dags/crimetrack_etl_common.py
[2026-07-01T07:30:20.654+0000] {processor.py:208} INFO - Processing /opt/airflow/dags/crimetrack_etl_common.py took 3.021 seconds
[2026-07-01T07:31:21.357+0000] {processor.py:186} INFO - Started process (PID=2603) to work on /opt/airflow/dags/crimetrack_etl_common.py
[2026-07-01T07:31:21.359+0000] {processor.py:914} INFO - Processing file /opt/airflow/dags/crimetrack_etl_common.py for tasks to queue
[2026-07-01T07:31:21.364+0000] {logging_mixin.py:190} INFO - [2026-07-01T07:31:21.363+0000] {dagbag.py:588} INFO - Filling up the DagBag from /opt/airflow/dags/crimetrack_etl_common.py
[2026-07-01T07:31:22.036+0000] {processor.py:927} WARNING - No viable dags retrieved from /opt/airflow/dags/crimetrack_etl_common.py
[2026-07-01T07:31:22.072+0000] {processor.py:208} INFO - Processing /opt/airflow/dags/crimetrack_etl_common.py took 0.727 seconds
[2026-07-01T07:32:22.859+0000] {processor.py:186} INFO - Started process (PID=2648) to work on /opt/airflow/dags/crimetrack_etl_common.py
[2026-07-01T07:32:22.902+0000] {processor.py:914} INFO - Processing file /opt/airflow/dags/crimetrack_etl_common.py for tasks to queue
[2026-07-01T07:32:22.917+0000] {logging_mixin.py:190} INFO - [2026-07-01T07:32:22.916+0000] {dagbag.py:588} INFO - Filling up the DagBag from /opt/airflow/dags/crimetrack_etl_common.py
[2026-07-01T07:32:24.926+0000] {processor.py:927} WARNING - No viable dags retrieved from /opt/airflow/dags/crimetrack_etl_common.py
[2026-07-01T07:32:24.966+0000] {processor.py:208} INFO - Processing /opt/airflow/dags/crimetrack_etl_common.py took 2.153 seconds
[2026-07-01T07:33:25.923+0000] {processor.py:186} INFO - Started process (PID=2685) to work on /opt/airflow/dags/crimetrack_etl_common.py
[2026-07-01T07:33:25.925+0000] {processor.py:914} INFO - Processing file /opt/airflow/dags/crimetrack_etl_common.py for tasks to queue
[2026-07-01T07:33:25.932+0000] {logging_mixin.py:190} INFO - [2026-07-01T07:33:25.931+0000] {dagbag.py:588} INFO - Filling up the DagBag from /opt/airflow/dags/crimetrack_etl_common.py
[2026-07-01T07:33:26.336+0000] {processor.py:927} WARNING - No viable dags retrieved from /opt/airflow/dags/crimetrack_etl_common.py
[2026-07-01T07:33:26.363+0000] {processor.py:208} INFO - Processing /opt/airflow/dags/crimetrack_etl_common.py took 0.450 seconds
[2026-07-01T07:34:26.950+0000] {processor.py:186} INFO - Started process (PID=2731) to work on /opt/airflow/dags/crimetrack_etl_common.py
[2026-07-01T07:34:26.953+0000] {processor.py:914} INFO - Processing file /opt/airflow/dags/crimetrack_etl_common.py for tasks to queue
[2026-07-01T07:34:26.957+0000] {logging_mixin.py:190} INFO - [2026-07-01T07:34:26.956+0000] {dagbag.py:588} INFO - Filling up the DagBag from /opt/airflow/dags/crimetrack_etl_common.py
[2026-07-01T07:34:27.319+0000] {processor.py:927} WARNING - No viable dags retrieved from /opt/airflow/dags/crimetrack_etl_common.py
[2026-07-01T07:34:27.345+0000] {processor.py:208} INFO - Processing /opt/airflow/dags/crimetrack_etl_common.py took 0.403 seconds
[2026-07-01T07:35:27.593+0000] {processor.py:186} INFO - Started process (PID=2774) to work on /opt/airflow/dags/crimetrack_etl_common.py
[2026-07-01T07:35:27.596+0000] {processor.py:914} INFO - Processing file /opt/airflow/dags/crimetrack_etl_common.py for tasks to queue
[2026-07-01T07:35:27.615+0000] {logging_mixin.py:190} INFO - [2026-07-01T07:35:27.612+0000] {dagbag.py:588} INFO - Filling up the DagBag from /opt/airflow/dags/crimetrack_etl_common.py
[2026-07-01T07:35:31.612+0000] {processor.py:927} WARNING - No viable dags retrieved from /opt/airflow/dags/crimetrack_etl_common.py
[2026-07-01T07:35:31.765+0000] {processor.py:208} INFO - Processing /opt/airflow/dags/crimetrack_etl_common.py took 4.237 seconds
[2026-07-01T07:36:32.155+0000] {processor.py:186} INFO - Started process (PID=2812) to work on /opt/airflow/dags/crimetrack_etl_common.py
[2026-07-01T07:36:32.157+0000] {processor.py:914} INFO - Processing file /opt/airflow/dags/crimetrack_etl_common.py for tasks to queue
[2026-07-01T07:36:32.162+0000] {logging_mixin.py:190} INFO - [2026-07-01T07:36:32.161+0000] {dagbag.py:588} INFO - Filling up the DagBag from /opt/airflow/dags/crimetrack_etl_common.py
[2026-07-01T07:36:32.658+0000] {processor.py:927} WARNING - No viable dags retrieved from /opt/airflow/dags/crimetrack_etl_common.py
[2026-07-01T07:36:32.689+0000] {processor.py:208} INFO - Processing /opt/airflow/dags/crimetrack_etl_common.py took 0.545 seconds
[2026-07-01T07:37:32.965+0000] {processor.py:186} INFO - Started process (PID=2857) to work on /opt/airflow/dags/crimetrack_etl_common.py
[2026-07-01T07:37:32.967+0000] {processor.py:914} INFO - Processing file /opt/airflow/dags/crimetrack_etl_common.py for tasks to queue
[2026-07-01T07:37:32.972+0000] {logging_mixin.py:190} INFO - [2026-07-01T07:37:32.972+0000] {dagbag.py:588} INFO - Filling up the DagBag from /opt/airflow/dags/crimetrack_etl_common.py
[2026-07-01T07:37:33.650+0000] {processor.py:927} WARNING - No viable dags retrieved from /opt/airflow/dags/crimetrack_etl_common.py
[2026-07-01T07:37:33.696+0000] {processor.py:208} INFO - Processing /opt/airflow/dags/crimetrack_etl_common.py took 0.742 seconds
[2026-07-01T07:38:34.274+0000] {processor.py:186} INFO - Started process (PID=2902) to work on /opt/airflow/dags/crimetrack_etl_common.py
[2026-07-01T07:38:34.278+0000] {processor.py:914} INFO - Processing file /opt/airflow/dags/crimetrack_etl_common.py for tasks to queue
[2026-07-01T07:38:34.285+0000] {logging_mixin.py:190} INFO - [2026-07-01T07:38:34.284+0000] {dagbag.py:588} INFO - Filling up the DagBag from /opt/airflow/dags/crimetrack_etl_common.py
[2026-07-01T07:38:35.182+0000] {processor.py:927} WARNING - No viable dags retrieved from /opt/airflow/dags/crimetrack_etl_common.py
[2026-07-01T07:38:35.312+0000] {processor.py:208} INFO - Processing /opt/airflow/dags/crimetrack_etl_common.py took 1.070 seconds
[2026-07-01T07:39:36.158+0000] {processor.py:186} INFO - Started process (PID=2939) to work on /opt/airflow/dags/crimetrack_etl_common.py
[2026-07-01T07:39:36.162+0000] {processor.py:914} INFO - Processing file /opt/airflow/dags/crimetrack_etl_common.py for tasks to queue
[2026-07-01T07:39:36.168+0000] {logging_mixin.py:190} INFO - [2026-07-01T07:39:36.167+0000] {dagbag.py:588} INFO - Filling up the DagBag from /opt/airflow/dags/crimetrack_etl_common.py
[2026-07-01T07:39:37.181+0000] {processor.py:927} WARNING - No viable dags retrieved from /opt/airflow/dags/crimetrack_etl_common.py
[2026-07-01T07:39:37.262+0000] {processor.py:208} INFO - Processing /opt/airflow/dags/crimetrack_etl_common.py took 1.121 seconds
[2026-07-01T07:40:37.536+0000] {processor.py:186} INFO - Started process (PID=2982) to work on /opt/airflow/dags/crimetrack_etl_common.py
[2026-07-01T07:40:37.539+0000] {processor.py:914} INFO - Processing file /opt/airflow/dags/crimetrack_etl_common.py for tasks to queue
[2026-07-01T07:40:37.546+0000] {logging_mixin.py:190} INFO - [2026-07-01T07:40:37.545+0000] {dagbag.py:588} INFO - Filling up the DagBag from /opt/airflow/dags/crimetrack_etl_common.py
[2026-07-01T07:40:38.305+0000] {processor.py:927} WARNING - No viable dags retrieved from /opt/airflow/dags/crimetrack_etl_common.py
[2026-07-01T07:40:38.364+0000] {processor.py:208} INFO - Processing /opt/airflow/dags/crimetrack_etl_common.py took 0.847 seconds
[2026-07-01T07:41:39.317+0000] {processor.py:186} INFO - Started process (PID=3027) to work on /opt/airflow/dags/crimetrack_etl_common.py
[2026-07-01T07:41:39.361+0000] {processor.py:914} INFO - Processing file /opt/airflow/dags/crimetrack_etl_common.py for tasks to queue
[2026-07-01T07:41:39.369+0000] {logging_mixin.py:190} INFO - [2026-07-01T07:41:39.368+0000] {dagbag.py:588} INFO - Filling up the DagBag from /opt/airflow/dags/crimetrack_etl_common.py
[2026-07-01T07:41:40.795+0000] {processor.py:927} WARNING - No viable dags retrieved from /opt/airflow/dags/crimetrack_etl_common.py
[2026-07-01T07:41:40.907+0000] {processor.py:208} INFO - Processing /opt/airflow/dags/crimetrack_etl_common.py took 1.618 seconds
[2026-07-01T07:42:41.474+0000] {processor.py:186} INFO - Started process (PID=3064) to work on /opt/airflow/dags/crimetrack_etl_common.py
[2026-07-01T07:42:41.476+0000] {processor.py:914} INFO - Processing file /opt/airflow/dags/crimetrack_etl_common.py for tasks to queue
[2026-07-01T07:42:41.486+0000] {logging_mixin.py:190} INFO - [2026-07-01T07:42:41.485+0000] {dagbag.py:588} INFO - Filling up the DagBag from /opt/airflow/dags/crimetrack_etl_common.py
[2026-07-01T07:42:42.277+0000] {processor.py:927} WARNING - No viable dags retrieved from /opt/airflow/dags/crimetrack_etl_common.py
[2026-07-01T07:42:42.406+0000] {processor.py:208} INFO - Processing /opt/airflow/dags/crimetrack_etl_common.py took 0.953 seconds
[2026-07-01T07:43:42.815+0000] {processor.py:186} INFO - Started process (PID=3110) to work on /opt/airflow/dags/crimetrack_etl_common.py
[2026-07-01T07:43:42.817+0000] {processor.py:914} INFO - Processing file /opt/airflow/dags/crimetrack_etl_common.py for tasks to queue
[2026-07-01T07:43:42.822+0000] {logging_mixin.py:190} INFO - [2026-07-01T07:43:42.821+0000] {dagbag.py:588} INFO - Filling up the DagBag from /opt/airflow/dags/crimetrack_etl_common.py
[2026-07-01T07:43:43.182+0000] {processor.py:927} WARNING - No viable dags retrieved from /opt/airflow/dags/crimetrack_etl_common.py
[2026-07-01T07:43:43.208+0000] {processor.py:208} INFO - Processing /opt/airflow/dags/crimetrack_etl_common.py took 0.403 seconds
[2026-07-01T07:44:43.681+0000] {processor.py:186} INFO - Started process (PID=3154) to work on /opt/airflow/dags/crimetrack_etl_common.py
[2026-07-01T07:44:43.685+0000] {processor.py:914} INFO - Processing file /opt/airflow/dags/crimetrack_etl_common.py for tasks to queue
[2026-07-01T07:44:43.740+0000] {logging_mixin.py:190} INFO - [2026-07-01T07:44:43.740+0000] {dagbag.py:588} INFO - Filling up the DagBag from /opt/airflow/dags/crimetrack_etl_common.py
[2026-07-01T07:44:45.261+0000] {processor.py:927} WARNING - No viable dags retrieved from /opt/airflow/dags/crimetrack_etl_common.py
[2026-07-01T07:44:45.365+0000] {processor.py:208} INFO - Processing /opt/airflow/dags/crimetrack_etl_common.py took 1.698 seconds
[2026-07-01T07:45:45.722+0000] {processor.py:186} INFO - Started process (PID=3192) to work on /opt/airflow/dags/crimetrack_etl_common.py
[2026-07-01T07:45:45.725+0000] {processor.py:914} INFO - Processing file /opt/airflow/dags/crimetrack_etl_common.py for tasks to queue
[2026-07-01T07:45:45.732+0000] {logging_mixin.py:190} INFO - [2026-07-01T07:45:45.730+0000] {dagbag.py:588} INFO - Filling up the DagBag from /opt/airflow/dags/crimetrack_etl_common.py
[2026-07-01T07:45:47.199+0000] {processor.py:927} WARNING - No viable dags retrieved from /opt/airflow/dags/crimetrack_etl_common.py
[2026-07-01T07:45:47.250+0000] {processor.py:208} INFO - Processing /opt/airflow/dags/crimetrack_etl_common.py took 1.544 seconds
[2026-07-01T07:46:47.510+0000] {processor.py:186} INFO - Started process (PID=3237) to work on /opt/airflow/dags/crimetrack_etl_common.py
[2026-07-01T07:46:47.631+0000] {processor.py:914} INFO - Processing file /opt/airflow/dags/crimetrack_etl_common.py for tasks to queue
[2026-07-01T07:46:47.636+0000] {logging_mixin.py:190} INFO - [2026-07-01T07:46:47.635+0000] {dagbag.py:588} INFO - Filling up the DagBag from /opt/airflow/dags/crimetrack_etl_common.py
[2026-07-01T07:46:48.160+0000] {processor.py:927} WARNING - No viable dags retrieved from /opt/airflow/dags/crimetrack_etl_common.py
[2026-07-01T07:46:48.219+0000] {processor.py:208} INFO - Processing /opt/airflow/dags/crimetrack_etl_common.py took 0.719 seconds
[2026-07-01T07:47:48.819+0000] {processor.py:186} INFO - Started process (PID=3281) to work on /opt/airflow/dags/crimetrack_etl_common.py
[2026-07-01T07:47:48.821+0000] {processor.py:914} INFO - Processing file /opt/airflow/dags/crimetrack_etl_common.py for tasks to queue
[2026-07-01T07:47:48.825+0000] {logging_mixin.py:190} INFO - [2026-07-01T07:47:48.825+0000] {dagbag.py:588} INFO - Filling up the DagBag from /opt/airflow/dags/crimetrack_etl_common.py
[2026-07-01T07:47:50.032+0000] {processor.py:927} WARNING - No viable dags retrieved from /opt/airflow/dags/crimetrack_etl_common.py
[2026-07-01T07:47:50.063+0000] {processor.py:208} INFO - Processing /opt/airflow/dags/crimetrack_etl_common.py took 1.254 seconds
[2026-07-01T07:48:50.276+0000] {processor.py:186} INFO - Started process (PID=3318) to work on /opt/airflow/dags/crimetrack_etl_common.py
[2026-07-01T07:48:50.279+0000] {processor.py:914} INFO - Processing file /opt/airflow/dags/crimetrack_etl_common.py for tasks to queue
[2026-07-01T07:48:50.285+0000] {logging_mixin.py:190} INFO - [2026-07-01T07:48:50.284+0000] {dagbag.py:588} INFO - Filling up the DagBag from /opt/airflow/dags/crimetrack_etl_common.py
[2026-07-01T07:48:51.283+0000] {processor.py:927} WARNING - No viable dags retrieved from /opt/airflow/dags/crimetrack_etl_common.py
[2026-07-01T07:48:51.313+0000] {processor.py:208} INFO - Processing /opt/airflow/dags/crimetrack_etl_common.py took 1.089 seconds
[2026-07-01T07:49:51.733+0000] {processor.py:186} INFO - Started process (PID=3363) to work on /opt/airflow/dags/crimetrack_etl_common.py
[2026-07-01T07:49:51.736+0000] {processor.py:914} INFO - Processing file /opt/airflow/dags/crimetrack_etl_common.py for tasks to queue
[2026-07-01T07:49:51.744+0000] {logging_mixin.py:190} INFO - [2026-07-01T07:49:51.743+0000] {dagbag.py:588} INFO - Filling up the DagBag from /opt/airflow/dags/crimetrack_etl_common.py
[2026-07-01T07:49:52.349+0000] {processor.py:927} WARNING - No viable dags retrieved from /opt/airflow/dags/crimetrack_etl_common.py
[2026-07-01T07:49:52.378+0000] {processor.py:208} INFO - Processing /opt/airflow/dags/crimetrack_etl_common.py took 0.661 seconds
[2026-07-01T07:50:52.653+0000] {processor.py:186} INFO - Started process (PID=3408) to work on /opt/airflow/dags/crimetrack_etl_common.py
[2026-07-01T07:50:52.656+0000] {processor.py:914} INFO - Processing file /opt/airflow/dags/crimetrack_etl_common.py for tasks to queue
[2026-07-01T07:50:52.661+0000] {logging_mixin.py:190} INFO - [2026-07-01T07:50:52.660+0000] {dagbag.py:588} INFO - Filling up the DagBag from /opt/airflow/dags/crimetrack_etl_common.py
[2026-07-01T07:50:53.293+0000] {processor.py:927} WARNING - No viable dags retrieved from /opt/airflow/dags/crimetrack_etl_common.py
[2026-07-01T07:50:53.314+0000] {processor.py:208} INFO - Processing /opt/airflow/dags/crimetrack_etl_common.py took 0.672 seconds
[2026-07-01T07:51:54.077+0000] {processor.py:186} INFO - Started process (PID=3453) to work on /opt/airflow/dags/crimetrack_etl_common.py
[2026-07-01T07:51:54.080+0000] {processor.py:914} INFO - Processing file /opt/airflow/dags/crimetrack_etl_common.py for tasks to queue
[2026-07-01T07:51:54.085+0000] {logging_mixin.py:190} INFO - [2026-07-01T07:51:54.084+0000] {dagbag.py:588} INFO - Filling up the DagBag from /opt/airflow/dags/crimetrack_etl_common.py
[2026-07-01T07:51:54.445+0000] {processor.py:927} WARNING - No viable dags retrieved from /opt/airflow/dags/crimetrack_etl_common.py
[2026-07-01T07:51:54.470+0000] {processor.py:208} INFO - Processing /opt/airflow/dags/crimetrack_etl_common.py took 0.406 seconds
[2026-07-01T07:52:55.135+0000] {processor.py:186} INFO - Started process (PID=3490) to work on /opt/airflow/dags/crimetrack_etl_common.py
[2026-07-01T07:52:55.138+0000] {processor.py:914} INFO - Processing file /opt/airflow/dags/crimetrack_etl_common.py for tasks to queue
[2026-07-01T07:52:55.143+0000] {logging_mixin.py:190} INFO - [2026-07-01T07:52:55.142+0000] {dagbag.py:588} INFO - Filling up the DagBag from /opt/airflow/dags/crimetrack_etl_common.py
[2026-07-01T07:52:55.810+0000] {processor.py:927} WARNING - No viable dags retrieved from /opt/airflow/dags/crimetrack_etl_common.py
[2026-07-01T07:52:55.833+0000] {processor.py:208} INFO - Processing /opt/airflow/dags/crimetrack_etl_common.py took 0.708 seconds
[2026-07-01T07:53:56.511+0000] {processor.py:186} INFO - Started process (PID=3535) to work on /opt/airflow/dags/crimetrack_etl_common.py
[2026-07-01T07:53:56.514+0000] {processor.py:914} INFO - Processing file /opt/airflow/dags/crimetrack_etl_common.py for tasks to queue
[2026-07-01T07:53:56.518+0000] {logging_mixin.py:190} INFO - [2026-07-01T07:53:56.518+0000] {dagbag.py:588} INFO - Filling up the DagBag from /opt/airflow/dags/crimetrack_etl_common.py
[2026-07-01T07:53:57.255+0000] {processor.py:927} WARNING - No viable dags retrieved from /opt/airflow/dags/crimetrack_etl_common.py
[2026-07-01T07:53:57.279+0000] {processor.py:208} INFO - Processing /opt/airflow/dags/crimetrack_etl_common.py took 0.777 seconds
[2026-07-01T07:54:57.492+0000] {processor.py:186} INFO - Started process (PID=3579) to work on /opt/airflow/dags/crimetrack_etl_common.py
[2026-07-01T07:54:57.496+0000] {processor.py:914} INFO - Processing file /opt/airflow/dags/crimetrack_etl_common.py for tasks to queue
[2026-07-01T07:54:57.501+0000] {logging_mixin.py:190} INFO - [2026-07-01T07:54:57.500+0000] {dagbag.py:588} INFO - Filling up the DagBag from /opt/airflow/dags/crimetrack_etl_common.py
[2026-07-01T07:54:58.223+0000] {processor.py:927} WARNING - No viable dags retrieved from /opt/airflow/dags/crimetrack_etl_common.py
[2026-07-01T07:54:58.246+0000] {processor.py:208} INFO - Processing /opt/airflow/dags/crimetrack_etl_common.py took 0.776 seconds
[2026-07-01T07:56:02.566+0000] {processor.py:186} INFO - Started process (PID=3621) to work on /opt/airflow/dags/crimetrack_etl_common.py
[2026-07-01T07:56:02.571+0000] {processor.py:914} INFO - Processing file /opt/airflow/dags/crimetrack_etl_common.py for tasks to queue
[2026-07-01T07:56:02.576+0000] {logging_mixin.py:190} INFO - [2026-07-01T07:56:02.575+0000] {dagbag.py:588} INFO - Filling up the DagBag from /opt/airflow/dags/crimetrack_etl_common.py
[2026-07-01T07:56:05.975+0000] {processor.py:927} WARNING - No viable dags retrieved from /opt/airflow/dags/crimetrack_etl_common.py
[2026-07-01T07:56:06.013+0000] {processor.py:208} INFO - Processing /opt/airflow/dags/crimetrack_etl_common.py took 3.534 seconds
[2026-07-01T07:57:06.416+0000] {processor.py:186} INFO - Started process (PID=3666) to work on /opt/airflow/dags/crimetrack_etl_common.py
[2026-07-01T07:57:06.419+0000] {processor.py:914} INFO - Processing file /opt/airflow/dags/crimetrack_etl_common.py for tasks to queue
[2026-07-01T07:57:06.423+0000] {logging_mixin.py:190} INFO - [2026-07-01T07:57:06.423+0000] {dagbag.py:588} INFO - Filling up the DagBag from /opt/airflow/dags/crimetrack_etl_common.py
[2026-07-01T07:57:07.017+0000] {processor.py:927} WARNING - No viable dags retrieved from /opt/airflow/dags/crimetrack_etl_common.py
[2026-07-01T07:57:07.041+0000] {processor.py:208} INFO - Processing /opt/airflow/dags/crimetrack_etl_common.py took 0.642 seconds
[2026-07-01T07:58:07.743+0000] {processor.py:186} INFO - Started process (PID=3711) to work on /opt/airflow/dags/crimetrack_etl_common.py
[2026-07-01T07:58:07.746+0000] {processor.py:914} INFO - Processing file /opt/airflow/dags/crimetrack_etl_common.py for tasks to queue
[2026-07-01T07:58:07.751+0000] {logging_mixin.py:190} INFO - [2026-07-01T07:58:07.751+0000] {dagbag.py:588} INFO - Filling up the DagBag from /opt/airflow/dags/crimetrack_etl_common.py
[2026-07-01T07:58:08.520+0000] {processor.py:927} WARNING - No viable dags retrieved from /opt/airflow/dags/crimetrack_etl_common.py
[2026-07-01T07:58:08.548+0000] {processor.py:208} INFO - Processing /opt/airflow/dags/crimetrack_etl_common.py took 0.815 seconds
[2026-07-01T07:59:08.854+0000] {processor.py:186} INFO - Started process (PID=3757) to work on /opt/airflow/dags/crimetrack_etl_common.py
[2026-07-01T07:59:08.857+0000] {processor.py:914} INFO - Processing file /opt/airflow/dags/crimetrack_etl_common.py for tasks to queue
[2026-07-01T07:59:08.864+0000] {logging_mixin.py:190} INFO - [2026-07-01T07:59:08.862+0000] {dagbag.py:588} INFO - Filling up the DagBag from /opt/airflow/dags/crimetrack_etl_common.py
[2026-07-01T07:59:09.593+0000] {processor.py:927} WARNING - No viable dags retrieved from /opt/airflow/dags/crimetrack_etl_common.py
[2026-07-01T07:59:09.618+0000] {processor.py:208} INFO - Processing /opt/airflow/dags/crimetrack_etl_common.py took 0.779 seconds
[2026-07-01T08:00:10.781+0000] {processor.py:186} INFO - Started process (PID=3799) to work on /opt/airflow/dags/crimetrack_etl_common.py
[2026-07-01T08:00:10.843+0000] {processor.py:914} INFO - Processing file /opt/airflow/dags/crimetrack_etl_common.py for tasks to queue
[2026-07-01T08:00:10.962+0000] {logging_mixin.py:190} INFO - [2026-07-01T08:00:10.961+0000] {dagbag.py:588} INFO - Filling up the DagBag from /opt/airflow/dags/crimetrack_etl_common.py
[2026-07-01T08:00:16.143+0000] {processor.py:927} WARNING - No viable dags retrieved from /opt/airflow/dags/crimetrack_etl_common.py
[2026-07-01T08:00:16.188+0000] {processor.py:208} INFO - Processing /opt/airflow/dags/crimetrack_etl_common.py took 5.507 seconds
[2026-07-01T08:01:16.555+0000] {processor.py:186} INFO - Started process (PID=3839) to work on /opt/airflow/dags/crimetrack_etl_common.py
[2026-07-01T08:01:16.561+0000] {processor.py:914} INFO - Processing file /opt/airflow/dags/crimetrack_etl_common.py for tasks to queue
[2026-07-01T08:01:16.568+0000] {logging_mixin.py:190} INFO - [2026-07-01T08:01:16.567+0000] {dagbag.py:588} INFO - Filling up the DagBag from /opt/airflow/dags/crimetrack_etl_common.py
[2026-07-01T08:01:18.166+0000] {processor.py:927} WARNING - No viable dags retrieved from /opt/airflow/dags/crimetrack_etl_common.py
[2026-07-01T08:01:18.252+0000] {processor.py:208} INFO - Processing /opt/airflow/dags/crimetrack_etl_common.py took 1.719 seconds
[2026-07-01T08:02:18.760+0000] {processor.py:186} INFO - Started process (PID=3884) to work on /opt/airflow/dags/crimetrack_etl_common.py
[2026-07-01T08:02:18.762+0000] {processor.py:914} INFO - Processing file /opt/airflow/dags/crimetrack_etl_common.py for tasks to queue
[2026-07-01T08:02:18.773+0000] {logging_mixin.py:190} INFO - [2026-07-01T08:02:18.772+0000] {dagbag.py:588} INFO - Filling up the DagBag from /opt/airflow/dags/crimetrack_etl_common.py
[2026-07-01T08:02:19.966+0000] {processor.py:927} WARNING - No viable dags retrieved from /opt/airflow/dags/crimetrack_etl_common.py
[2026-07-01T08:02:20.015+0000] {processor.py:208} INFO - Processing /opt/airflow/dags/crimetrack_etl_common.py took 1.267 seconds
[2026-07-01T08:03:20.687+0000] {processor.py:186} INFO - Started process (PID=3929) to work on /opt/airflow/dags/crimetrack_etl_common.py
[2026-07-01T08:03:20.689+0000] {processor.py:914} INFO - Processing file /opt/airflow/dags/crimetrack_etl_common.py for tasks to queue
[2026-07-01T08:03:20.694+0000] {logging_mixin.py:190} INFO - [2026-07-01T08:03:20.694+0000] {dagbag.py:588} INFO - Filling up the DagBag from /opt/airflow/dags/crimetrack_etl_common.py
[2026-07-01T08:03:21.903+0000] {processor.py:927} WARNING - No viable dags retrieved from /opt/airflow/dags/crimetrack_etl_common.py
[2026-07-01T08:03:21.943+0000] {processor.py:208} INFO - Processing /opt/airflow/dags/crimetrack_etl_common.py took 1.268 seconds
[2026-07-01T08:04:22.244+0000] {processor.py:186} INFO - Started process (PID=3966) to work on /opt/airflow/dags/crimetrack_etl_common.py
[2026-07-01T08:04:22.249+0000] {processor.py:914} INFO - Processing file /opt/airflow/dags/crimetrack_etl_common.py for tasks to queue
[2026-07-01T08:04:22.260+0000] {logging_mixin.py:190} INFO - [2026-07-01T08:04:22.259+0000] {dagbag.py:588} INFO - Filling up the DagBag from /opt/airflow/dags/crimetrack_etl_common.py
[2026-07-01T08:04:24.008+0000] {processor.py:927} WARNING - No viable dags retrieved from /opt/airflow/dags/crimetrack_etl_common.py
[2026-07-01T08:04:24.043+0000] {processor.py:208} INFO - Processing /opt/airflow/dags/crimetrack_etl_common.py took 1.828 seconds
[2026-07-01T08:05:24.628+0000] {processor.py:186} INFO - Started process (PID=4011) to work on /opt/airflow/dags/crimetrack_etl_common.py
[2026-07-01T08:05:24.631+0000] {processor.py:914} INFO - Processing file /opt/airflow/dags/crimetrack_etl_common.py for tasks to queue
[2026-07-01T08:05:24.636+0000] {logging_mixin.py:190} INFO - [2026-07-01T08:05:24.636+0000] {dagbag.py:588} INFO - Filling up the DagBag from /opt/airflow/dags/crimetrack_etl_common.py
[2026-07-01T08:05:25.274+0000] {processor.py:927} WARNING - No viable dags retrieved from /opt/airflow/dags/crimetrack_etl_common.py
[2026-07-01T08:05:25.299+0000] {processor.py:208} INFO - Processing /opt/airflow/dags/crimetrack_etl_common.py took 0.683 seconds
[2026-07-01T08:06:25.442+0000] {processor.py:186} INFO - Started process (PID=4056) to work on /opt/airflow/dags/crimetrack_etl_common.py
[2026-07-01T08:06:25.444+0000] {processor.py:914} INFO - Processing file /opt/airflow/dags/crimetrack_etl_common.py for tasks to queue
[2026-07-01T08:06:25.450+0000] {logging_mixin.py:190} INFO - [2026-07-01T08:06:25.449+0000] {dagbag.py:588} INFO - Filling up the DagBag from /opt/airflow/dags/crimetrack_etl_common.py
[2026-07-01T08:06:26.141+0000] {processor.py:927} WARNING - No viable dags retrieved from /opt/airflow/dags/crimetrack_etl_common.py
[2026-07-01T08:06:26.181+0000] {processor.py:208} INFO - Processing /opt/airflow/dags/crimetrack_etl_common.py took 0.752 seconds
[2026-07-01T08:07:27.109+0000] {processor.py:186} INFO - Started process (PID=4097) to work on /opt/airflow/dags/crimetrack_etl_common.py
[2026-07-01T08:07:27.111+0000] {processor.py:914} INFO - Processing file /opt/airflow/dags/crimetrack_etl_common.py for tasks to queue
[2026-07-01T08:07:27.116+0000] {logging_mixin.py:190} INFO - [2026-07-01T08:07:27.115+0000] {dagbag.py:588} INFO - Filling up the DagBag from /opt/airflow/dags/crimetrack_etl_common.py
[2026-07-01T08:07:30.720+0000] {processor.py:927} WARNING - No viable dags retrieved from /opt/airflow/dags/crimetrack_etl_common.py
[2026-07-01T08:07:30.849+0000] {processor.py:208} INFO - Processing /opt/airflow/dags/crimetrack_etl_common.py took 4.017 seconds
[2026-07-01T08:08:31.611+0000] {processor.py:186} INFO - Started process (PID=4135) to work on /opt/airflow/dags/crimetrack_etl_common.py
[2026-07-01T08:08:31.614+0000] {processor.py:914} INFO - Processing file /opt/airflow/dags/crimetrack_etl_common.py for tasks to queue
[2026-07-01T08:08:31.623+0000] {logging_mixin.py:190} INFO - [2026-07-01T08:08:31.622+0000] {dagbag.py:588} INFO - Filling up the DagBag from /opt/airflow/dags/crimetrack_etl_common.py
[2026-07-01T08:08:35.252+0000] {processor.py:927} WARNING - No viable dags retrieved from /opt/airflow/dags/crimetrack_etl_common.py
[2026-07-01T08:08:35.338+0000] {processor.py:208} INFO - Processing /opt/airflow/dags/crimetrack_etl_common.py took 3.791 seconds
[2026-07-01T08:09:35.593+0000] {processor.py:186} INFO - Started process (PID=4182) to work on /opt/airflow/dags/crimetrack_etl_common.py
[2026-07-01T08:09:35.595+0000] {processor.py:914} INFO - Processing file /opt/airflow/dags/crimetrack_etl_common.py for tasks to queue
[2026-07-01T08:09:35.599+0000] {logging_mixin.py:190} INFO - [2026-07-01T08:09:35.599+0000] {dagbag.py:588} INFO - Filling up the DagBag from /opt/airflow/dags/crimetrack_etl_common.py
[2026-07-01T08:09:36.393+0000] {processor.py:927} WARNING - No viable dags retrieved from /opt/airflow/dags/crimetrack_etl_common.py
[2026-07-01T08:09:36.467+0000] {processor.py:208} INFO - Processing /opt/airflow/dags/crimetrack_etl_common.py took 0.883 seconds
[2026-07-01T08:10:37.290+0000] {processor.py:186} INFO - Started process (PID=4225) to work on /opt/airflow/dags/crimetrack_etl_common.py
[2026-07-01T08:10:37.295+0000] {processor.py:914} INFO - Processing file /opt/airflow/dags/crimetrack_etl_common.py for tasks to queue
[2026-07-01T08:10:37.302+0000] {logging_mixin.py:190} INFO - [2026-07-01T08:10:37.301+0000] {dagbag.py:588} INFO - Filling up the DagBag from /opt/airflow/dags/crimetrack_etl_common.py
[2026-07-01T08:10:42.450+0000] {processor.py:927} WARNING - No viable dags retrieved from /opt/airflow/dags/crimetrack_etl_common.py
[2026-07-01T08:10:42.520+0000] {processor.py:208} INFO - Processing /opt/airflow/dags/crimetrack_etl_common.py took 5.507 seconds
[2026-07-01T08:11:42.761+0000] {processor.py:186} INFO - Started process (PID=4266) to work on /opt/airflow/dags/crimetrack_etl_common.py
[2026-07-01T08:11:42.766+0000] {processor.py:914} INFO - Processing file /opt/airflow/dags/crimetrack_etl_common.py for tasks to queue
[2026-07-01T08:11:42.776+0000] {logging_mixin.py:190} INFO - [2026-07-01T08:11:42.775+0000] {dagbag.py:588} INFO - Filling up the DagBag from /opt/airflow/dags/crimetrack_etl_common.py
[2026-07-01T08:11:43.457+0000] {processor.py:927} WARNING - No viable dags retrieved from /opt/airflow/dags/crimetrack_etl_common.py
[2026-07-01T08:11:43.486+0000] {processor.py:208} INFO - Processing /opt/airflow/dags/crimetrack_etl_common.py took 0.741 seconds
[2026-07-01T08:12:43.765+0000] {processor.py:186} INFO - Started process (PID=4311) to work on /opt/airflow/dags/crimetrack_etl_common.py
[2026-07-01T08:12:43.767+0000] {processor.py:914} INFO - Processing file /opt/airflow/dags/crimetrack_etl_common.py for tasks to queue
[2026-07-01T08:12:43.773+0000] {logging_mixin.py:190} INFO - [2026-07-01T08:12:43.772+0000] {dagbag.py:588} INFO - Filling up the DagBag from /opt/airflow/dags/crimetrack_etl_common.py
[2026-07-01T08:12:44.398+0000] {processor.py:927} WARNING - No viable dags retrieved from /opt/airflow/dags/crimetrack_etl_common.py
[2026-07-01T08:12:44.427+0000] {processor.py:208} INFO - Processing /opt/airflow/dags/crimetrack_etl_common.py took 0.676 seconds
[2026-07-01T08:13:44.751+0000] {processor.py:186} INFO - Started process (PID=4355) to work on /opt/airflow/dags/crimetrack_etl_common.py
[2026-07-01T08:13:44.753+0000] {processor.py:914} INFO - Processing file /opt/airflow/dags/crimetrack_etl_common.py for tasks to queue
[2026-07-01T08:13:44.758+0000] {logging_mixin.py:190} INFO - [2026-07-01T08:13:44.757+0000] {dagbag.py:588} INFO - Filling up the DagBag from /opt/airflow/dags/crimetrack_etl_common.py
[2026-07-01T08:13:45.438+0000] {processor.py:927} WARNING - No viable dags retrieved from /opt/airflow/dags/crimetrack_etl_common.py
[2026-07-01T08:13:45.466+0000] {processor.py:208} INFO - Processing /opt/airflow/dags/crimetrack_etl_common.py took 0.727 seconds
[2026-07-01T08:14:45.931+0000] {processor.py:186} INFO - Started process (PID=4392) to work on /opt/airflow/dags/crimetrack_etl_common.py
[2026-07-01T08:14:45.935+0000] {processor.py:914} INFO - Processing file /opt/airflow/dags/crimetrack_etl_common.py for tasks to queue
[2026-07-01T08:14:45.942+0000] {logging_mixin.py:190} INFO - [2026-07-01T08:14:45.940+0000] {dagbag.py:588} INFO - Filling up the DagBag from /opt/airflow/dags/crimetrack_etl_common.py
[2026-07-01T08:14:48.280+0000] {processor.py:927} WARNING - No viable dags retrieved from /opt/airflow/dags/crimetrack_etl_common.py
[2026-07-01T08:14:48.373+0000] {processor.py:208} INFO - Processing /opt/airflow/dags/crimetrack_etl_common.py took 2.469 seconds
[2026-07-01T08:15:49.302+0000] {processor.py:186} INFO - Started process (PID=4436) to work on /opt/airflow/dags/crimetrack_etl_common.py
[2026-07-01T08:15:49.305+0000] {processor.py:914} INFO - Processing file /opt/airflow/dags/crimetrack_etl_common.py for tasks to queue
[2026-07-01T08:15:49.310+0000] {logging_mixin.py:190} INFO - [2026-07-01T08:15:49.309+0000] {dagbag.py:588} INFO - Filling up the DagBag from /opt/airflow/dags/crimetrack_etl_common.py
[2026-07-01T08:15:50.721+0000] {processor.py:927} WARNING - No viable dags retrieved from /opt/airflow/dags/crimetrack_etl_common.py
[2026-07-01T08:15:50.848+0000] {processor.py:208} INFO - Processing /opt/airflow/dags/crimetrack_etl_common.py took 1.557 seconds
[2026-07-01T08:17:02.207+0000] {processor.py:186} INFO - Started process (PID=4481) to work on /opt/airflow/dags/crimetrack_etl_common.py
[2026-07-01T08:17:02.263+0000] {processor.py:914} INFO - Processing file /opt/airflow/dags/crimetrack_etl_common.py for tasks to queue
[2026-07-01T08:17:02.357+0000] {logging_mixin.py:190} INFO - [2026-07-01T08:17:02.320+0000] {dagbag.py:588} INFO - Filling up the DagBag from /opt/airflow/dags/crimetrack_etl_common.py
[2026-07-01T08:17:07.275+0000] {processor.py:927} WARNING - No viable dags retrieved from /opt/airflow/dags/crimetrack_etl_common.py
[2026-07-01T08:17:07.495+0000] {processor.py:208} INFO - Processing /opt/airflow/dags/crimetrack_etl_common.py took 5.396 seconds
[2026-07-01T08:18:10.559+0000] {processor.py:186} INFO - Started process (PID=4529) to work on /opt/airflow/dags/crimetrack_etl_common.py
[2026-07-01T08:18:10.569+0000] {processor.py:914} INFO - Processing file /opt/airflow/dags/crimetrack_etl_common.py for tasks to queue
[2026-07-01T08:18:10.592+0000] {logging_mixin.py:190} INFO - [2026-07-01T08:18:10.588+0000] {dagbag.py:588} INFO - Filling up the DagBag from /opt/airflow/dags/crimetrack_etl_common.py
[2026-07-01T08:18:11.581+0000] {processor.py:927} WARNING - No viable dags retrieved from /opt/airflow/dags/crimetrack_etl_common.py
[2026-07-01T08:18:11.615+0000] {processor.py:208} INFO - Processing /opt/airflow/dags/crimetrack_etl_common.py took 1.142 seconds
[2026-07-01T08:19:12.470+0000] {processor.py:186} INFO - Started process (PID=4565) to work on /opt/airflow/dags/crimetrack_etl_common.py
[2026-07-01T08:19:12.474+0000] {processor.py:914} INFO - Processing file /opt/airflow/dags/crimetrack_etl_common.py for tasks to queue
[2026-07-01T08:19:12.481+0000] {logging_mixin.py:190} INFO - [2026-07-01T08:19:12.480+0000] {dagbag.py:588} INFO - Filling up the DagBag from /opt/airflow/dags/crimetrack_etl_common.py
[2026-07-01T08:19:15.975+0000] {processor.py:927} WARNING - No viable dags retrieved from /opt/airflow/dags/crimetrack_etl_common.py
[2026-07-01T08:19:16.067+0000] {processor.py:208} INFO - Processing /opt/airflow/dags/crimetrack_etl_common.py took 3.609 seconds
[2026-07-01T08:20:18.667+0000] {processor.py:186} INFO - Started process (PID=4609) to work on /opt/airflow/dags/crimetrack_etl_common.py
[2026-07-01T08:20:18.670+0000] {processor.py:914} INFO - Processing file /opt/airflow/dags/crimetrack_etl_common.py for tasks to queue
[2026-07-01T08:20:18.737+0000] {logging_mixin.py:190} INFO - [2026-07-01T08:20:18.736+0000] {dagbag.py:588} INFO - Filling up the DagBag from /opt/airflow/dags/crimetrack_etl_common.py
[2026-07-01T08:20:20.258+0000] {processor.py:927} WARNING - No viable dags retrieved from /opt/airflow/dags/crimetrack_etl_common.py
[2026-07-01T08:20:20.285+0000] {processor.py:208} INFO - Processing /opt/airflow/dags/crimetrack_etl_common.py took 1.628 seconds
[2026-07-01T08:21:20.656+0000] {processor.py:186} INFO - Started process (PID=4652) to work on /opt/airflow/dags/crimetrack_etl_common.py
[2026-07-01T08:21:20.659+0000] {processor.py:914} INFO - Processing file /opt/airflow/dags/crimetrack_etl_common.py for tasks to queue
[2026-07-01T08:21:20.666+0000] {logging_mixin.py:190} INFO - [2026-07-01T08:21:20.665+0000] {dagbag.py:588} INFO - Filling up the DagBag from /opt/airflow/dags/crimetrack_etl_common.py
[2026-07-01T08:21:22.169+0000] {processor.py:927} WARNING - No viable dags retrieved from /opt/airflow/dags/crimetrack_etl_common.py
[2026-07-01T08:21:22.237+0000] {processor.py:208} INFO - Processing /opt/airflow/dags/crimetrack_etl_common.py took 1.596 seconds
[2026-07-01T08:22:27.853+0000] {processor.py:186} INFO - Started process (PID=4698) to work on /opt/airflow/dags/crimetrack_etl_common.py
[2026-07-01T08:22:27.855+0000] {processor.py:914} INFO - Processing file /opt/airflow/dags/crimetrack_etl_common.py for tasks to queue
[2026-07-01T08:22:27.861+0000] {logging_mixin.py:190} INFO - [2026-07-01T08:22:27.860+0000] {dagbag.py:588} INFO - Filling up the DagBag from /opt/airflow/dags/crimetrack_etl_common.py
[2026-07-01T08:22:29.128+0000] {processor.py:927} WARNING - No viable dags retrieved from /opt/airflow/dags/crimetrack_etl_common.py
[2026-07-01T08:22:29.164+0000] {processor.py:208} INFO - Processing /opt/airflow/dags/crimetrack_etl_common.py took 1.327 seconds
[2026-07-01T08:23:35.949+0000] {processor.py:186} INFO - Started process (PID=4741) to work on /opt/airflow/dags/crimetrack_etl_common.py
[2026-07-01T08:23:35.951+0000] {processor.py:914} INFO - Processing file /opt/airflow/dags/crimetrack_etl_common.py for tasks to queue
[2026-07-01T08:23:35.956+0000] {logging_mixin.py:190} INFO - [2026-07-01T08:23:35.956+0000] {dagbag.py:588} INFO - Filling up the DagBag from /opt/airflow/dags/crimetrack_etl_common.py
[2026-07-01T08:23:38.733+0000] {processor.py:927} WARNING - No viable dags retrieved from /opt/airflow/dags/crimetrack_etl_common.py
[2026-07-01T08:23:38.820+0000] {processor.py:208} INFO - Processing /opt/airflow/dags/crimetrack_etl_common.py took 2.884 seconds
[2026-07-01T08:24:50.205+0000] {processor.py:186} INFO - Started process (PID=4784) to work on /opt/airflow/dags/crimetrack_etl_common.py
[2026-07-01T08:24:50.211+0000] {processor.py:914} INFO - Processing file /opt/airflow/dags/crimetrack_etl_common.py for tasks to queue
[2026-07-01T08:24:50.222+0000] {logging_mixin.py:190} INFO - [2026-07-01T08:24:50.221+0000] {dagbag.py:588} INFO - Filling up the DagBag from /opt/airflow/dags/crimetrack_etl_common.py
[2026-07-01T08:24:55.019+0000] {processor.py:927} WARNING - No viable dags retrieved from /opt/airflow/dags/crimetrack_etl_common.py
[2026-07-01T08:24:55.230+0000] {processor.py:208} INFO - Processing /opt/airflow/dags/crimetrack_etl_common.py took 5.277 seconds
[2026-07-01T08:25:56.102+0000] {processor.py:186} INFO - Started process (PID=4822) to work on /opt/airflow/dags/crimetrack_etl_common.py
[2026-07-01T08:25:56.108+0000] {processor.py:914} INFO - Processing file /opt/airflow/dags/crimetrack_etl_common.py for tasks to queue
[2026-07-01T08:25:56.119+0000] {logging_mixin.py:190} INFO - [2026-07-01T08:25:56.118+0000] {dagbag.py:588} INFO - Filling up the DagBag from /opt/airflow/dags/crimetrack_etl_common.py
[2026-07-01T08:25:58.233+0000] {processor.py:927} WARNING - No viable dags retrieved from /opt/airflow/dags/crimetrack_etl_common.py
[2026-07-01T08:25:58.301+0000] {processor.py:208} INFO - Processing /opt/airflow/dags/crimetrack_etl_common.py took 2.284 seconds
[2026-07-01T08:26:58.659+0000] {processor.py:186} INFO - Started process (PID=4866) to work on /opt/airflow/dags/crimetrack_etl_common.py
[2026-07-01T08:26:58.661+0000] {processor.py:914} INFO - Processing file /opt/airflow/dags/crimetrack_etl_common.py for tasks to queue
[2026-07-01T08:26:58.693+0000] {logging_mixin.py:190} INFO - [2026-07-01T08:26:58.692+0000] {dagbag.py:588} INFO - Filling up the DagBag from /opt/airflow/dags/crimetrack_etl_common.py
[2026-07-01T08:27:00.325+0000] {processor.py:927} WARNING - No viable dags retrieved from /opt/airflow/dags/crimetrack_etl_common.py
[2026-07-01T08:27:00.405+0000] {processor.py:208} INFO - Processing /opt/airflow/dags/crimetrack_etl_common.py took 1.759 seconds
[2026-07-01T08:28:01.428+0000] {processor.py:186} INFO - Started process (PID=4913) to work on /opt/airflow/dags/crimetrack_etl_common.py
[2026-07-01T08:28:01.433+0000] {processor.py:914} INFO - Processing file /opt/airflow/dags/crimetrack_etl_common.py for tasks to queue
[2026-07-01T08:28:01.489+0000] {logging_mixin.py:190} INFO - [2026-07-01T08:28:01.488+0000] {dagbag.py:588} INFO - Filling up the DagBag from /opt/airflow/dags/crimetrack_etl_common.py
[2026-07-01T08:28:02.896+0000] {processor.py:927} WARNING - No viable dags retrieved from /opt/airflow/dags/crimetrack_etl_common.py
[2026-07-01T08:28:02.956+0000] {processor.py:208} INFO - Processing /opt/airflow/dags/crimetrack_etl_common.py took 1.546 seconds
[2026-07-01T08:29:09.586+0000] {processor.py:186} INFO - Started process (PID=4958) to work on /opt/airflow/dags/crimetrack_etl_common.py
[2026-07-01T08:29:09.588+0000] {processor.py:914} INFO - Processing file /opt/airflow/dags/crimetrack_etl_common.py for tasks to queue
[2026-07-01T08:29:09.596+0000] {logging_mixin.py:190} INFO - [2026-07-01T08:29:09.595+0000] {dagbag.py:588} INFO - Filling up the DagBag from /opt/airflow/dags/crimetrack_etl_common.py
[2026-07-01T08:29:12.489+0000] {processor.py:927} WARNING - No viable dags retrieved from /opt/airflow/dags/crimetrack_etl_common.py
[2026-07-01T08:29:12.517+0000] {processor.py:208} INFO - Processing /opt/airflow/dags/crimetrack_etl_common.py took 3.006 seconds
[2026-07-01T08:30:13.349+0000] {processor.py:186} INFO - Started process (PID=4997) to work on /opt/airflow/dags/crimetrack_etl_common.py
[2026-07-01T08:30:13.352+0000] {processor.py:914} INFO - Processing file /opt/airflow/dags/crimetrack_etl_common.py for tasks to queue
[2026-07-01T08:30:13.358+0000] {logging_mixin.py:190} INFO - [2026-07-01T08:30:13.358+0000] {dagbag.py:588} INFO - Filling up the DagBag from /opt/airflow/dags/crimetrack_etl_common.py
[2026-07-01T08:30:14.691+0000] {processor.py:927} WARNING - No viable dags retrieved from /opt/airflow/dags/crimetrack_etl_common.py
[2026-07-01T08:30:14.713+0000] {processor.py:208} INFO - Processing /opt/airflow/dags/crimetrack_etl_common.py took 1.379 seconds
[2026-07-01T08:31:18.711+0000] {processor.py:186} INFO - Started process (PID=5042) to work on /opt/airflow/dags/crimetrack_etl_common.py
[2026-07-01T08:31:18.714+0000] {processor.py:914} INFO - Processing file /opt/airflow/dags/crimetrack_etl_common.py for tasks to queue
[2026-07-01T08:31:18.719+0000] {logging_mixin.py:190} INFO - [2026-07-01T08:31:18.718+0000] {dagbag.py:588} INFO - Filling up the DagBag from /opt/airflow/dags/crimetrack_etl_common.py
[2026-07-01T08:31:19.575+0000] {processor.py:927} WARNING - No viable dags retrieved from /opt/airflow/dags/crimetrack_etl_common.py
[2026-07-01T08:31:19.605+0000] {processor.py:208} INFO - Processing /opt/airflow/dags/crimetrack_etl_common.py took 0.904 seconds
[2026-07-01T08:32:22.420+0000] {processor.py:186} INFO - Started process (PID=5085) to work on /opt/airflow/dags/crimetrack_etl_common.py
[2026-07-01T08:32:22.426+0000] {processor.py:914} INFO - Processing file /opt/airflow/dags/crimetrack_etl_common.py for tasks to queue
[2026-07-01T08:32:22.442+0000] {logging_mixin.py:190} INFO - [2026-07-01T08:32:22.440+0000] {dagbag.py:588} INFO - Filling up the DagBag from /opt/airflow/dags/crimetrack_etl_common.py
[2026-07-01T08:32:24.673+0000] {processor.py:927} WARNING - No viable dags retrieved from /opt/airflow/dags/crimetrack_etl_common.py
[2026-07-01T08:32:24.706+0000] {processor.py:208} INFO - Processing /opt/airflow/dags/crimetrack_etl_common.py took 2.366 seconds
[2026-07-01T08:33:27.581+0000] {processor.py:186} INFO - Started process (PID=5126) to work on /opt/airflow/dags/crimetrack_etl_common.py
[2026-07-01T08:33:27.585+0000] {processor.py:914} INFO - Processing file /opt/airflow/dags/crimetrack_etl_common.py for tasks to queue
[2026-07-01T08:33:27.594+0000] {logging_mixin.py:190} INFO - [2026-07-01T08:33:27.593+0000] {dagbag.py:588} INFO - Filling up the DagBag from /opt/airflow/dags/crimetrack_etl_common.py
[2026-07-01T08:33:30.866+0000] {processor.py:927} WARNING - No viable dags retrieved from /opt/airflow/dags/crimetrack_etl_common.py
[2026-07-01T08:33:30.976+0000] {processor.py:208} INFO - Processing /opt/airflow/dags/crimetrack_etl_common.py took 3.429 seconds
[2026-07-01T08:34:31.602+0000] {processor.py:186} INFO - Started process (PID=5168) to work on /opt/airflow/dags/crimetrack_etl_common.py
[2026-07-01T08:34:31.605+0000] {processor.py:914} INFO - Processing file /opt/airflow/dags/crimetrack_etl_common.py for tasks to queue
[2026-07-01T08:34:31.617+0000] {logging_mixin.py:190} INFO - [2026-07-01T08:34:31.615+0000] {dagbag.py:588} INFO - Filling up the DagBag from /opt/airflow/dags/crimetrack_etl_common.py
[2026-07-01T08:34:36.091+0000] {processor.py:927} WARNING - No viable dags retrieved from /opt/airflow/dags/crimetrack_etl_common.py
[2026-07-01T08:34:36.260+0000] {processor.py:208} INFO - Processing /opt/airflow/dags/crimetrack_etl_common.py took 4.680 seconds
[2026-07-01T08:35:36.632+0000] {processor.py:186} INFO - Started process (PID=5208) to work on /opt/airflow/dags/crimetrack_etl_common.py
[2026-07-01T08:35:36.652+0000] {processor.py:914} INFO - Processing file /opt/airflow/dags/crimetrack_etl_common.py for tasks to queue
[2026-07-01T08:35:36.677+0000] {logging_mixin.py:190} INFO - [2026-07-01T08:35:36.673+0000] {dagbag.py:588} INFO - Filling up the DagBag from /opt/airflow/dags/crimetrack_etl_common.py
[2026-07-01T08:35:37.701+0000] {processor.py:927} WARNING - No viable dags retrieved from /opt/airflow/dags/crimetrack_etl_common.py
[2026-07-01T08:35:37.731+0000] {processor.py:208} INFO - Processing /opt/airflow/dags/crimetrack_etl_common.py took 1.124 seconds
[2026-07-01T08:36:38.633+0000] {processor.py:186} INFO - Started process (PID=5254) to work on /opt/airflow/dags/crimetrack_etl_common.py
[2026-07-01T08:36:38.636+0000] {processor.py:914} INFO - Processing file /opt/airflow/dags/crimetrack_etl_common.py for tasks to queue
[2026-07-01T08:36:38.643+0000] {logging_mixin.py:190} INFO - [2026-07-01T08:36:38.643+0000] {dagbag.py:588} INFO - Filling up the DagBag from /opt/airflow/dags/crimetrack_etl_common.py
[2026-07-01T08:36:39.338+0000] {processor.py:927} WARNING - No viable dags retrieved from /opt/airflow/dags/crimetrack_etl_common.py
[2026-07-01T08:36:39.369+0000] {processor.py:208} INFO - Processing /opt/airflow/dags/crimetrack_etl_common.py took 0.745 seconds
[2026-07-01T08:37:39.648+0000] {processor.py:186} INFO - Started process (PID=5299) to work on /opt/airflow/dags/crimetrack_etl_common.py
[2026-07-01T08:37:39.650+0000] {processor.py:914} INFO - Processing file /opt/airflow/dags/crimetrack_etl_common.py for tasks to queue
[2026-07-01T08:37:39.658+0000] {logging_mixin.py:190} INFO - [2026-07-01T08:37:39.657+0000] {dagbag.py:588} INFO - Filling up the DagBag from /opt/airflow/dags/crimetrack_etl_common.py
[2026-07-01T08:37:40.457+0000] {processor.py:927} WARNING - No viable dags retrieved from /opt/airflow/dags/crimetrack_etl_common.py
[2026-07-01T08:37:40.496+0000] {processor.py:208} INFO - Processing /opt/airflow/dags/crimetrack_etl_common.py took 0.860 seconds
[2026-07-01T08:38:49.356+0000] {processor.py:186} INFO - Started process (PID=5343) to work on /opt/airflow/dags/crimetrack_etl_common.py
[2026-07-01T08:38:49.364+0000] {processor.py:914} INFO - Processing file /opt/airflow/dags/crimetrack_etl_common.py for tasks to queue
[2026-07-01T08:38:49.438+0000] {logging_mixin.py:190} INFO - [2026-07-01T08:38:49.436+0000] {dagbag.py:588} INFO - Filling up the DagBag from /opt/airflow/dags/crimetrack_etl_common.py
[2026-07-01T08:38:53.137+0000] {processor.py:927} WARNING - No viable dags retrieved from /opt/airflow/dags/crimetrack_etl_common.py
[2026-07-01T08:38:53.233+0000] {processor.py:208} INFO - Processing /opt/airflow/dags/crimetrack_etl_common.py took 3.973 seconds
[2026-07-01T08:39:53.335+0000] {processor.py:186} INFO - Started process (PID=5386) to work on /opt/airflow/dags/crimetrack_etl_common.py
[2026-07-01T08:39:53.337+0000] {processor.py:914} INFO - Processing file /opt/airflow/dags/crimetrack_etl_common.py for tasks to queue
[2026-07-01T08:39:53.342+0000] {logging_mixin.py:190} INFO - [2026-07-01T08:39:53.342+0000] {dagbag.py:588} INFO - Filling up the DagBag from /opt/airflow/dags/crimetrack_etl_common.py
[2026-07-01T08:39:54.081+0000] {processor.py:927} WARNING - No viable dags retrieved from /opt/airflow/dags/crimetrack_etl_common.py
[2026-07-01T08:39:54.104+0000] {processor.py:208} INFO - Processing /opt/airflow/dags/crimetrack_etl_common.py took 0.780 seconds
