[2026-06-28T05:29:52.984+0000] {processor.py:186} INFO - Started process (PID=1510) to work on /opt/airflow/dags/crimetrack_etl_common.py
[2026-06-28T05:29:52.986+0000] {processor.py:914} INFO - Processing file /opt/airflow/dags/crimetrack_etl_common.py for tasks to queue
[2026-06-28T05:29:52.990+0000] {logging_mixin.py:190} INFO - [2026-06-28T05:29:52.989+0000] {dagbag.py:588} INFO - Filling up the DagBag from /opt/airflow/dags/crimetrack_etl_common.py
[2026-06-28T05:29:53.843+0000] {processor.py:927} WARNING - No viable dags retrieved from /opt/airflow/dags/crimetrack_etl_common.py
[2026-06-28T05:29:53.869+0000] {processor.py:208} INFO - Processing /opt/airflow/dags/crimetrack_etl_common.py took 0.896 seconds
[2026-06-28T05:30:25.531+0000] {processor.py:186} INFO - Started process (PID=1563) to work on /opt/airflow/dags/crimetrack_etl_common.py
[2026-06-28T05:30:25.534+0000] {processor.py:914} INFO - Processing file /opt/airflow/dags/crimetrack_etl_common.py for tasks to queue
[2026-06-28T05:30:25.536+0000] {logging_mixin.py:190} INFO - [2026-06-28T05:30:25.536+0000] {dagbag.py:588} INFO - Filling up the DagBag from /opt/airflow/dags/crimetrack_etl_common.py
[2026-06-28T05:30:26.485+0000] {processor.py:927} WARNING - No viable dags retrieved from /opt/airflow/dags/crimetrack_etl_common.py
[2026-06-28T05:30:26.508+0000] {processor.py:208} INFO - Processing /opt/airflow/dags/crimetrack_etl_common.py took 0.987 seconds
[2026-06-28T05:30:56.959+0000] {processor.py:186} INFO - Started process (PID=1599) to work on /opt/airflow/dags/crimetrack_etl_common.py
[2026-06-28T05:30:56.961+0000] {processor.py:914} INFO - Processing file /opt/airflow/dags/crimetrack_etl_common.py for tasks to queue
[2026-06-28T05:30:56.965+0000] {logging_mixin.py:190} INFO - [2026-06-28T05:30:56.964+0000] {dagbag.py:588} INFO - Filling up the DagBag from /opt/airflow/dags/crimetrack_etl_common.py
[2026-06-28T05:30:57.958+0000] {processor.py:927} WARNING - No viable dags retrieved from /opt/airflow/dags/crimetrack_etl_common.py
[2026-06-28T05:30:57.983+0000] {processor.py:208} INFO - Processing /opt/airflow/dags/crimetrack_etl_common.py took 1.036 seconds
[2026-06-28T05:31:29.038+0000] {processor.py:186} INFO - Started process (PID=1637) to work on /opt/airflow/dags/crimetrack_etl_common.py
[2026-06-28T05:31:29.041+0000] {processor.py:914} INFO - Processing file /opt/airflow/dags/crimetrack_etl_common.py for tasks to queue
[2026-06-28T05:31:29.044+0000] {logging_mixin.py:190} INFO - [2026-06-28T05:31:29.043+0000] {dagbag.py:588} INFO - Filling up the DagBag from /opt/airflow/dags/crimetrack_etl_common.py
[2026-06-28T05:31:29.811+0000] {processor.py:927} WARNING - No viable dags retrieved from /opt/airflow/dags/crimetrack_etl_common.py
[2026-06-28T05:31:29.838+0000] {processor.py:208} INFO - Processing /opt/airflow/dags/crimetrack_etl_common.py took 0.811 seconds
[2026-06-28T05:32:01.269+0000] {processor.py:186} INFO - Started process (PID=1673) to work on /opt/airflow/dags/crimetrack_etl_common.py
[2026-06-28T05:32:01.273+0000] {processor.py:914} INFO - Processing file /opt/airflow/dags/crimetrack_etl_common.py for tasks to queue
[2026-06-28T05:32:01.276+0000] {logging_mixin.py:190} INFO - [2026-06-28T05:32:01.275+0000] {dagbag.py:588} INFO - Filling up the DagBag from /opt/airflow/dags/crimetrack_etl_common.py
[2026-06-28T05:32:03.205+0000] {processor.py:927} WARNING - No viable dags retrieved from /opt/airflow/dags/crimetrack_etl_common.py
[2026-06-28T05:32:03.285+0000] {processor.py:208} INFO - Processing /opt/airflow/dags/crimetrack_etl_common.py took 2.030 seconds
[2026-06-28T05:32:36.053+0000] {processor.py:186} INFO - Started process (PID=1710) to work on /opt/airflow/dags/crimetrack_etl_common.py
[2026-06-28T05:32:36.057+0000] {processor.py:914} INFO - Processing file /opt/airflow/dags/crimetrack_etl_common.py for tasks to queue
[2026-06-28T05:32:36.060+0000] {logging_mixin.py:190} INFO - [2026-06-28T05:32:36.059+0000] {dagbag.py:588} INFO - Filling up the DagBag from /opt/airflow/dags/crimetrack_etl_common.py
[2026-06-28T05:32:36.958+0000] {processor.py:927} WARNING - No viable dags retrieved from /opt/airflow/dags/crimetrack_etl_common.py
[2026-06-28T05:32:36.993+0000] {processor.py:208} INFO - Processing /opt/airflow/dags/crimetrack_etl_common.py took 0.956 seconds
[2026-06-28T05:33:07.273+0000] {processor.py:186} INFO - Started process (PID=1749) to work on /opt/airflow/dags/crimetrack_etl_common.py
[2026-06-28T05:33:07.275+0000] {processor.py:914} INFO - Processing file /opt/airflow/dags/crimetrack_etl_common.py for tasks to queue
[2026-06-28T05:33:07.278+0000] {logging_mixin.py:190} INFO - [2026-06-28T05:33:07.277+0000] {dagbag.py:588} INFO - Filling up the DagBag from /opt/airflow/dags/crimetrack_etl_common.py
[2026-06-28T05:33:08.173+0000] {processor.py:927} WARNING - No viable dags retrieved from /opt/airflow/dags/crimetrack_etl_common.py
[2026-06-28T05:33:08.214+0000] {processor.py:208} INFO - Processing /opt/airflow/dags/crimetrack_etl_common.py took 0.951 seconds
[2026-06-28T05:33:52.421+0000] {processor.py:186} INFO - Started process (PID=192) to work on /opt/airflow/dags/crimetrack_etl_common.py
[2026-06-28T05:33:52.424+0000] {processor.py:914} INFO - Processing file /opt/airflow/dags/crimetrack_etl_common.py for tasks to queue
[2026-06-28T05:33:52.429+0000] {logging_mixin.py:190} INFO - [2026-06-28T05:33:52.429+0000] {dagbag.py:588} INFO - Filling up the DagBag from /opt/airflow/dags/crimetrack_etl_common.py
[2026-06-28T05:33:53.605+0000] {processor.py:927} WARNING - No viable dags retrieved from /opt/airflow/dags/crimetrack_etl_common.py
[2026-06-28T05:33:53.635+0000] {processor.py:208} INFO - Processing /opt/airflow/dags/crimetrack_etl_common.py took 1.224 seconds
[2026-06-28T05:33:59.653+0000] {processor.py:186} INFO - Started process (PID=205) to work on /opt/airflow/dags/crimetrack_etl_common.py
[2026-06-28T05:33:59.658+0000] {processor.py:914} INFO - Processing file /opt/airflow/dags/crimetrack_etl_common.py for tasks to queue
[2026-06-28T05:33:59.664+0000] {logging_mixin.py:190} INFO - [2026-06-28T05:33:59.663+0000] {dagbag.py:588} INFO - Filling up the DagBag from /opt/airflow/dags/crimetrack_etl_common.py
[2026-06-28T05:34:00.991+0000] {processor.py:927} WARNING - No viable dags retrieved from /opt/airflow/dags/crimetrack_etl_common.py
[2026-06-28T05:34:01.028+0000] {processor.py:208} INFO - Processing /opt/airflow/dags/crimetrack_etl_common.py took 1.399 seconds
[2026-06-28T05:34:19.309+0000] {processor.py:186} INFO - Started process (PID=219) to work on /opt/airflow/dags/crimetrack_etl_common.py
[2026-06-28T05:34:19.313+0000] {processor.py:914} INFO - Processing file /opt/airflow/dags/crimetrack_etl_common.py for tasks to queue
[2026-06-28T05:34:19.319+0000] {logging_mixin.py:190} INFO - [2026-06-28T05:34:19.318+0000] {dagbag.py:588} INFO - Filling up the DagBag from /opt/airflow/dags/crimetrack_etl_common.py
[2026-06-28T05:34:20.436+0000] {processor.py:927} WARNING - No viable dags retrieved from /opt/airflow/dags/crimetrack_etl_common.py
[2026-06-28T05:34:20.464+0000] {processor.py:208} INFO - Processing /opt/airflow/dags/crimetrack_etl_common.py took 1.169 seconds
[2026-06-28T05:34:50.758+0000] {processor.py:186} INFO - Started process (PID=269) to work on /opt/airflow/dags/crimetrack_etl_common.py
[2026-06-28T05:34:50.766+0000] {processor.py:914} INFO - Processing file /opt/airflow/dags/crimetrack_etl_common.py for tasks to queue
[2026-06-28T05:34:50.775+0000] {logging_mixin.py:190} INFO - [2026-06-28T05:34:50.774+0000] {dagbag.py:588} INFO - Filling up the DagBag from /opt/airflow/dags/crimetrack_etl_common.py
[2026-06-28T05:34:51.964+0000] {processor.py:927} WARNING - No viable dags retrieved from /opt/airflow/dags/crimetrack_etl_common.py
[2026-06-28T05:34:51.996+0000] {processor.py:208} INFO - Processing /opt/airflow/dags/crimetrack_etl_common.py took 1.258 seconds
[2026-06-28T05:35:23.024+0000] {processor.py:186} INFO - Started process (PID=305) to work on /opt/airflow/dags/crimetrack_etl_common.py
[2026-06-28T05:35:23.027+0000] {processor.py:914} INFO - Processing file /opt/airflow/dags/crimetrack_etl_common.py for tasks to queue
[2026-06-28T05:35:23.035+0000] {logging_mixin.py:190} INFO - [2026-06-28T05:35:23.034+0000] {dagbag.py:588} INFO - Filling up the DagBag from /opt/airflow/dags/crimetrack_etl_common.py
[2026-06-28T05:35:23.936+0000] {processor.py:927} WARNING - No viable dags retrieved from /opt/airflow/dags/crimetrack_etl_common.py
[2026-06-28T05:35:23.970+0000] {processor.py:208} INFO - Processing /opt/airflow/dags/crimetrack_etl_common.py took 0.959 seconds
[2026-06-28T05:35:54.451+0000] {processor.py:186} INFO - Started process (PID=359) to work on /opt/airflow/dags/crimetrack_etl_common.py
[2026-06-28T05:35:54.453+0000] {processor.py:914} INFO - Processing file /opt/airflow/dags/crimetrack_etl_common.py for tasks to queue
[2026-06-28T05:35:54.458+0000] {logging_mixin.py:190} INFO - [2026-06-28T05:35:54.457+0000] {dagbag.py:588} INFO - Filling up the DagBag from /opt/airflow/dags/crimetrack_etl_common.py
[2026-06-28T05:35:55.173+0000] {processor.py:927} WARNING - No viable dags retrieved from /opt/airflow/dags/crimetrack_etl_common.py
[2026-06-28T05:35:55.210+0000] {processor.py:208} INFO - Processing /opt/airflow/dags/crimetrack_etl_common.py took 0.768 seconds
[2026-06-28T05:36:25.744+0000] {processor.py:186} INFO - Started process (PID=432) to work on /opt/airflow/dags/crimetrack_etl_common.py
[2026-06-28T05:36:25.752+0000] {processor.py:914} INFO - Processing file /opt/airflow/dags/crimetrack_etl_common.py for tasks to queue
[2026-06-28T05:36:25.769+0000] {logging_mixin.py:190} INFO - [2026-06-28T05:36:25.768+0000] {dagbag.py:588} INFO - Filling up the DagBag from /opt/airflow/dags/crimetrack_etl_common.py
[2026-06-28T05:36:37.788+0000] {processor.py:927} WARNING - No viable dags retrieved from /opt/airflow/dags/crimetrack_etl_common.py
[2026-06-28T05:36:38.545+0000] {processor.py:208} INFO - Processing /opt/airflow/dags/crimetrack_etl_common.py took 12.837 seconds
[2026-06-28T05:39:22.242+0000] {processor.py:186} INFO - Started process (PID=525) to work on /opt/airflow/dags/crimetrack_etl_common.py
[2026-06-28T05:39:22.639+0000] {processor.py:914} INFO - Processing file /opt/airflow/dags/crimetrack_etl_common.py for tasks to queue
[2026-06-28T05:39:23.982+0000] {logging_mixin.py:190} INFO - [2026-06-28T05:39:23.248+0000] {dagbag.py:588} INFO - Filling up the DagBag from /opt/airflow/dags/crimetrack_etl_common.py
[2026-06-28T05:43:34.200+0000] {processor.py:186} INFO - Started process (PID=543) to work on /opt/airflow/dags/crimetrack_etl_common.py
[2026-06-28T05:43:34.447+0000] {processor.py:914} INFO - Processing file /opt/airflow/dags/crimetrack_etl_common.py for tasks to queue
[2026-06-28T05:43:36.200+0000] {logging_mixin.py:190} INFO - [2026-06-28T05:43:34.970+0000] {dagbag.py:588} INFO - Filling up the DagBag from /opt/airflow/dags/crimetrack_etl_common.py
[2026-06-28T06:04:33.269+0000] {processor.py:186} INFO - Started process (PID=191) to work on /opt/airflow/dags/crimetrack_etl_common.py
[2026-06-28T06:04:33.276+0000] {processor.py:914} INFO - Processing file /opt/airflow/dags/crimetrack_etl_common.py for tasks to queue
[2026-06-28T06:04:33.289+0000] {logging_mixin.py:190} INFO - [2026-06-28T06:04:33.288+0000] {dagbag.py:588} INFO - Filling up the DagBag from /opt/airflow/dags/crimetrack_etl_common.py
[2026-06-28T06:04:38.448+0000] {processor.py:927} WARNING - No viable dags retrieved from /opt/airflow/dags/crimetrack_etl_common.py
[2026-06-28T06:04:38.537+0000] {processor.py:208} INFO - Processing /opt/airflow/dags/crimetrack_etl_common.py took 5.308 seconds
[2026-06-28T06:05:10.030+0000] {processor.py:186} INFO - Started process (PID=255) to work on /opt/airflow/dags/crimetrack_etl_common.py
[2026-06-28T06:05:10.037+0000] {processor.py:914} INFO - Processing file /opt/airflow/dags/crimetrack_etl_common.py for tasks to queue
[2026-06-28T06:05:10.067+0000] {logging_mixin.py:190} INFO - [2026-06-28T06:05:10.058+0000] {dagbag.py:588} INFO - Filling up the DagBag from /opt/airflow/dags/crimetrack_etl_common.py
[2026-06-28T06:06:33.500+0000] {processor.py:186} INFO - Started process (PID=280) to work on /opt/airflow/dags/crimetrack_etl_common.py
[2026-06-28T06:06:33.502+0000] {processor.py:914} INFO - Processing file /opt/airflow/dags/crimetrack_etl_common.py for tasks to queue
[2026-06-28T06:06:33.508+0000] {logging_mixin.py:190} INFO - [2026-06-28T06:06:33.507+0000] {dagbag.py:588} INFO - Filling up the DagBag from /opt/airflow/dags/crimetrack_etl_common.py
[2026-06-28T06:06:34.772+0000] {processor.py:927} WARNING - No viable dags retrieved from /opt/airflow/dags/crimetrack_etl_common.py
[2026-06-28T06:06:34.810+0000] {processor.py:208} INFO - Processing /opt/airflow/dags/crimetrack_etl_common.py took 1.325 seconds
[2026-06-28T06:07:05.141+0000] {processor.py:186} INFO - Started process (PID=323) to work on /opt/airflow/dags/crimetrack_etl_common.py
[2026-06-28T06:07:05.149+0000] {processor.py:914} INFO - Processing file /opt/airflow/dags/crimetrack_etl_common.py for tasks to queue
[2026-06-28T06:07:05.157+0000] {logging_mixin.py:190} INFO - [2026-06-28T06:07:05.156+0000] {dagbag.py:588} INFO - Filling up the DagBag from /opt/airflow/dags/crimetrack_etl_common.py
[2026-06-28T06:07:06.733+0000] {processor.py:927} WARNING - No viable dags retrieved from /opt/airflow/dags/crimetrack_etl_common.py
[2026-06-28T06:07:06.772+0000] {processor.py:208} INFO - Processing /opt/airflow/dags/crimetrack_etl_common.py took 1.657 seconds
[2026-06-28T06:07:37.165+0000] {processor.py:186} INFO - Started process (PID=378) to work on /opt/airflow/dags/crimetrack_etl_common.py
[2026-06-28T06:07:37.169+0000] {processor.py:914} INFO - Processing file /opt/airflow/dags/crimetrack_etl_common.py for tasks to queue
[2026-06-28T06:07:37.175+0000] {logging_mixin.py:190} INFO - [2026-06-28T06:07:37.174+0000] {dagbag.py:588} INFO - Filling up the DagBag from /opt/airflow/dags/crimetrack_etl_common.py
[2026-06-28T06:07:38.319+0000] {processor.py:927} WARNING - No viable dags retrieved from /opt/airflow/dags/crimetrack_etl_common.py
[2026-06-28T06:07:38.362+0000] {processor.py:208} INFO - Processing /opt/airflow/dags/crimetrack_etl_common.py took 1.214 seconds
[2026-06-28T06:09:52.453+0000] {processor.py:186} INFO - Started process (PID=423) to work on /opt/airflow/dags/crimetrack_etl_common.py
[2026-06-28T06:09:53.001+0000] {processor.py:914} INFO - Processing file /opt/airflow/dags/crimetrack_etl_common.py for tasks to queue
[2026-06-28T06:10:04.954+0000] {logging_mixin.py:190} INFO - [2026-06-28T06:10:03.841+0000] {dagbag.py:588} INFO - Filling up the DagBag from /opt/airflow/dags/crimetrack_etl_common.py
[2026-06-28T06:11:19.278+0000] {processor.py:186} INFO - Started process (PID=429) to work on /opt/airflow/dags/crimetrack_etl_common.py
[2026-06-28T06:11:19.386+0000] {processor.py:914} INFO - Processing file /opt/airflow/dags/crimetrack_etl_common.py for tasks to queue
[2026-06-28T06:11:19.647+0000] {logging_mixin.py:190} INFO - [2026-06-28T06:11:19.552+0000] {dagbag.py:588} INFO - Filling up the DagBag from /opt/airflow/dags/crimetrack_etl_common.py
[2026-06-28T06:11:36.065+0000] {processor.py:927} WARNING - No viable dags retrieved from /opt/airflow/dags/crimetrack_etl_common.py
[2026-06-28T06:11:36.108+0000] {processor.py:208} INFO - Processing /opt/airflow/dags/crimetrack_etl_common.py took 19.975 seconds
[2026-06-28T06:12:06.862+0000] {processor.py:186} INFO - Started process (PID=475) to work on /opt/airflow/dags/crimetrack_etl_common.py
[2026-06-28T06:12:06.865+0000] {processor.py:914} INFO - Processing file /opt/airflow/dags/crimetrack_etl_common.py for tasks to queue
[2026-06-28T06:12:06.868+0000] {logging_mixin.py:190} INFO - [2026-06-28T06:12:06.867+0000] {dagbag.py:588} INFO - Filling up the DagBag from /opt/airflow/dags/crimetrack_etl_common.py
[2026-06-28T06:12:08.349+0000] {processor.py:927} WARNING - No viable dags retrieved from /opt/airflow/dags/crimetrack_etl_common.py
[2026-06-28T06:12:08.377+0000] {processor.py:208} INFO - Processing /opt/airflow/dags/crimetrack_etl_common.py took 1.540 seconds
[2026-06-28T06:12:39.094+0000] {processor.py:186} INFO - Started process (PID=549) to work on /opt/airflow/dags/crimetrack_etl_common.py
[2026-06-28T06:12:39.099+0000] {processor.py:914} INFO - Processing file /opt/airflow/dags/crimetrack_etl_common.py for tasks to queue
[2026-06-28T06:12:39.110+0000] {logging_mixin.py:190} INFO - [2026-06-28T06:12:39.109+0000] {dagbag.py:588} INFO - Filling up the DagBag from /opt/airflow/dags/crimetrack_etl_common.py
[2026-06-28T06:12:41.959+0000] {processor.py:927} WARNING - No viable dags retrieved from /opt/airflow/dags/crimetrack_etl_common.py
[2026-06-28T06:12:42.002+0000] {processor.py:208} INFO - Processing /opt/airflow/dags/crimetrack_etl_common.py took 2.939 seconds
[2026-06-28T06:13:12.757+0000] {processor.py:186} INFO - Started process (PID=637) to work on /opt/airflow/dags/crimetrack_etl_common.py
[2026-06-28T06:13:12.760+0000] {processor.py:914} INFO - Processing file /opt/airflow/dags/crimetrack_etl_common.py for tasks to queue
[2026-06-28T06:13:12.764+0000] {logging_mixin.py:190} INFO - [2026-06-28T06:13:12.763+0000] {dagbag.py:588} INFO - Filling up the DagBag from /opt/airflow/dags/crimetrack_etl_common.py
[2026-06-28T06:13:13.294+0000] {processor.py:927} WARNING - No viable dags retrieved from /opt/airflow/dags/crimetrack_etl_common.py
[2026-06-28T06:13:13.342+0000] {processor.py:208} INFO - Processing /opt/airflow/dags/crimetrack_etl_common.py took 0.598 seconds
[2026-06-28T06:13:43.882+0000] {processor.py:186} INFO - Started process (PID=674) to work on /opt/airflow/dags/crimetrack_etl_common.py
[2026-06-28T06:13:43.885+0000] {processor.py:914} INFO - Processing file /opt/airflow/dags/crimetrack_etl_common.py for tasks to queue
[2026-06-28T06:13:43.888+0000] {logging_mixin.py:190} INFO - [2026-06-28T06:13:43.887+0000] {dagbag.py:588} INFO - Filling up the DagBag from /opt/airflow/dags/crimetrack_etl_common.py
[2026-06-28T06:13:44.804+0000] {processor.py:927} WARNING - No viable dags retrieved from /opt/airflow/dags/crimetrack_etl_common.py
[2026-06-28T06:13:44.890+0000] {processor.py:208} INFO - Processing /opt/airflow/dags/crimetrack_etl_common.py took 1.030 seconds
[2026-06-28T06:14:15.238+0000] {processor.py:186} INFO - Started process (PID=711) to work on /opt/airflow/dags/crimetrack_etl_common.py
[2026-06-28T06:14:15.241+0000] {processor.py:914} INFO - Processing file /opt/airflow/dags/crimetrack_etl_common.py for tasks to queue
[2026-06-28T06:14:15.244+0000] {logging_mixin.py:190} INFO - [2026-06-28T06:14:15.243+0000] {dagbag.py:588} INFO - Filling up the DagBag from /opt/airflow/dags/crimetrack_etl_common.py
[2026-06-28T06:14:15.738+0000] {processor.py:927} WARNING - No viable dags retrieved from /opt/airflow/dags/crimetrack_etl_common.py
[2026-06-28T06:14:15.773+0000] {processor.py:208} INFO - Processing /opt/airflow/dags/crimetrack_etl_common.py took 0.544 seconds
[2026-06-28T06:14:46.124+0000] {processor.py:186} INFO - Started process (PID=749) to work on /opt/airflow/dags/crimetrack_etl_common.py
[2026-06-28T06:14:46.127+0000] {processor.py:914} INFO - Processing file /opt/airflow/dags/crimetrack_etl_common.py for tasks to queue
[2026-06-28T06:14:46.133+0000] {logging_mixin.py:190} INFO - [2026-06-28T06:14:46.131+0000] {dagbag.py:588} INFO - Filling up the DagBag from /opt/airflow/dags/crimetrack_etl_common.py
[2026-06-28T06:14:46.894+0000] {processor.py:927} WARNING - No viable dags retrieved from /opt/airflow/dags/crimetrack_etl_common.py
[2026-06-28T06:14:46.928+0000] {processor.py:208} INFO - Processing /opt/airflow/dags/crimetrack_etl_common.py took 0.822 seconds
[2026-06-28T06:15:17.120+0000] {processor.py:186} INFO - Started process (PID=786) to work on /opt/airflow/dags/crimetrack_etl_common.py
[2026-06-28T06:15:17.122+0000] {processor.py:914} INFO - Processing file /opt/airflow/dags/crimetrack_etl_common.py for tasks to queue
[2026-06-28T06:15:17.126+0000] {logging_mixin.py:190} INFO - [2026-06-28T06:15:17.125+0000] {dagbag.py:588} INFO - Filling up the DagBag from /opt/airflow/dags/crimetrack_etl_common.py
[2026-06-28T06:15:17.707+0000] {processor.py:927} WARNING - No viable dags retrieved from /opt/airflow/dags/crimetrack_etl_common.py
[2026-06-28T06:15:17.743+0000] {processor.py:208} INFO - Processing /opt/airflow/dags/crimetrack_etl_common.py took 0.633 seconds
[2026-06-28T06:15:47.943+0000] {processor.py:186} INFO - Started process (PID=823) to work on /opt/airflow/dags/crimetrack_etl_common.py
[2026-06-28T06:15:47.945+0000] {processor.py:914} INFO - Processing file /opt/airflow/dags/crimetrack_etl_common.py for tasks to queue
[2026-06-28T06:15:47.948+0000] {logging_mixin.py:190} INFO - [2026-06-28T06:15:47.947+0000] {dagbag.py:588} INFO - Filling up the DagBag from /opt/airflow/dags/crimetrack_etl_common.py
[2026-06-28T06:15:48.473+0000] {processor.py:927} WARNING - No viable dags retrieved from /opt/airflow/dags/crimetrack_etl_common.py
[2026-06-28T06:15:48.506+0000] {processor.py:208} INFO - Processing /opt/airflow/dags/crimetrack_etl_common.py took 0.573 seconds
[2026-06-28T06:16:18.993+0000] {processor.py:186} INFO - Started process (PID=860) to work on /opt/airflow/dags/crimetrack_etl_common.py
[2026-06-28T06:16:18.997+0000] {processor.py:914} INFO - Processing file /opt/airflow/dags/crimetrack_etl_common.py for tasks to queue
[2026-06-28T06:16:19.007+0000] {logging_mixin.py:190} INFO - [2026-06-28T06:16:19.006+0000] {dagbag.py:588} INFO - Filling up the DagBag from /opt/airflow/dags/crimetrack_etl_common.py
[2026-06-28T06:16:19.694+0000] {processor.py:927} WARNING - No viable dags retrieved from /opt/airflow/dags/crimetrack_etl_common.py
[2026-06-28T06:16:19.738+0000] {processor.py:208} INFO - Processing /opt/airflow/dags/crimetrack_etl_common.py took 0.764 seconds
[2026-06-28T06:16:50.063+0000] {processor.py:186} INFO - Started process (PID=896) to work on /opt/airflow/dags/crimetrack_etl_common.py
[2026-06-28T06:16:50.066+0000] {processor.py:914} INFO - Processing file /opt/airflow/dags/crimetrack_etl_common.py for tasks to queue
[2026-06-28T06:16:50.071+0000] {logging_mixin.py:190} INFO - [2026-06-28T06:16:50.070+0000] {dagbag.py:588} INFO - Filling up the DagBag from /opt/airflow/dags/crimetrack_etl_common.py
[2026-06-28T06:16:51.039+0000] {processor.py:927} WARNING - No viable dags retrieved from /opt/airflow/dags/crimetrack_etl_common.py
[2026-06-28T06:16:51.092+0000] {processor.py:208} INFO - Processing /opt/airflow/dags/crimetrack_etl_common.py took 1.042 seconds
[2026-06-28T06:17:21.961+0000] {processor.py:186} INFO - Started process (PID=931) to work on /opt/airflow/dags/crimetrack_etl_common.py
[2026-06-28T06:17:21.965+0000] {processor.py:914} INFO - Processing file /opt/airflow/dags/crimetrack_etl_common.py for tasks to queue
[2026-06-28T06:17:21.969+0000] {logging_mixin.py:190} INFO - [2026-06-28T06:17:21.968+0000] {dagbag.py:588} INFO - Filling up the DagBag from /opt/airflow/dags/crimetrack_etl_common.py
[2026-06-28T06:17:22.680+0000] {processor.py:927} WARNING - No viable dags retrieved from /opt/airflow/dags/crimetrack_etl_common.py
[2026-06-28T06:17:22.726+0000] {processor.py:208} INFO - Processing /opt/airflow/dags/crimetrack_etl_common.py took 0.780 seconds
[2026-06-28T06:17:53.690+0000] {processor.py:186} INFO - Started process (PID=968) to work on /opt/airflow/dags/crimetrack_etl_common.py
[2026-06-28T06:17:53.692+0000] {processor.py:914} INFO - Processing file /opt/airflow/dags/crimetrack_etl_common.py for tasks to queue
[2026-06-28T06:17:53.696+0000] {logging_mixin.py:190} INFO - [2026-06-28T06:17:53.695+0000] {dagbag.py:588} INFO - Filling up the DagBag from /opt/airflow/dags/crimetrack_etl_common.py
[2026-06-28T06:17:54.257+0000] {processor.py:927} WARNING - No viable dags retrieved from /opt/airflow/dags/crimetrack_etl_common.py
[2026-06-28T06:17:54.286+0000] {processor.py:208} INFO - Processing /opt/airflow/dags/crimetrack_etl_common.py took 0.635 seconds
[2026-06-28T06:18:24.591+0000] {processor.py:186} INFO - Started process (PID=1005) to work on /opt/airflow/dags/crimetrack_etl_common.py
[2026-06-28T06:18:24.594+0000] {processor.py:914} INFO - Processing file /opt/airflow/dags/crimetrack_etl_common.py for tasks to queue
[2026-06-28T06:18:24.598+0000] {logging_mixin.py:190} INFO - [2026-06-28T06:18:24.597+0000] {dagbag.py:588} INFO - Filling up the DagBag from /opt/airflow/dags/crimetrack_etl_common.py
[2026-06-28T06:18:25.128+0000] {processor.py:927} WARNING - No viable dags retrieved from /opt/airflow/dags/crimetrack_etl_common.py
[2026-06-28T06:18:25.185+0000] {processor.py:208} INFO - Processing /opt/airflow/dags/crimetrack_etl_common.py took 0.606 seconds
[2026-06-28T06:18:55.549+0000] {processor.py:186} INFO - Started process (PID=1042) to work on /opt/airflow/dags/crimetrack_etl_common.py
[2026-06-28T06:18:55.552+0000] {processor.py:914} INFO - Processing file /opt/airflow/dags/crimetrack_etl_common.py for tasks to queue
[2026-06-28T06:18:55.555+0000] {logging_mixin.py:190} INFO - [2026-06-28T06:18:55.554+0000] {dagbag.py:588} INFO - Filling up the DagBag from /opt/airflow/dags/crimetrack_etl_common.py
[2026-06-28T06:18:56.136+0000] {processor.py:927} WARNING - No viable dags retrieved from /opt/airflow/dags/crimetrack_etl_common.py
[2026-06-28T06:18:56.170+0000] {processor.py:208} INFO - Processing /opt/airflow/dags/crimetrack_etl_common.py took 0.630 seconds
[2026-06-28T06:19:26.986+0000] {processor.py:186} INFO - Started process (PID=1080) to work on /opt/airflow/dags/crimetrack_etl_common.py
[2026-06-28T06:19:26.988+0000] {processor.py:914} INFO - Processing file /opt/airflow/dags/crimetrack_etl_common.py for tasks to queue
[2026-06-28T06:19:26.991+0000] {logging_mixin.py:190} INFO - [2026-06-28T06:19:26.990+0000] {dagbag.py:588} INFO - Filling up the DagBag from /opt/airflow/dags/crimetrack_etl_common.py
[2026-06-28T06:19:27.495+0000] {processor.py:927} WARNING - No viable dags retrieved from /opt/airflow/dags/crimetrack_etl_common.py
[2026-06-28T06:19:27.525+0000] {processor.py:208} INFO - Processing /opt/airflow/dags/crimetrack_etl_common.py took 0.550 seconds
[2026-06-28T06:19:57.738+0000] {processor.py:186} INFO - Started process (PID=1118) to work on /opt/airflow/dags/crimetrack_etl_common.py
[2026-06-28T06:19:57.741+0000] {processor.py:914} INFO - Processing file /opt/airflow/dags/crimetrack_etl_common.py for tasks to queue
[2026-06-28T06:19:57.744+0000] {logging_mixin.py:190} INFO - [2026-06-28T06:19:57.744+0000] {dagbag.py:588} INFO - Filling up the DagBag from /opt/airflow/dags/crimetrack_etl_common.py
[2026-06-28T06:19:58.473+0000] {processor.py:927} WARNING - No viable dags retrieved from /opt/airflow/dags/crimetrack_etl_common.py
[2026-06-28T06:19:58.506+0000] {processor.py:208} INFO - Processing /opt/airflow/dags/crimetrack_etl_common.py took 0.782 seconds
[2026-06-28T06:20:28.926+0000] {processor.py:186} INFO - Started process (PID=1155) to work on /opt/airflow/dags/crimetrack_etl_common.py
[2026-06-28T06:20:28.928+0000] {processor.py:914} INFO - Processing file /opt/airflow/dags/crimetrack_etl_common.py for tasks to queue
[2026-06-28T06:20:28.930+0000] {logging_mixin.py:190} INFO - [2026-06-28T06:20:28.930+0000] {dagbag.py:588} INFO - Filling up the DagBag from /opt/airflow/dags/crimetrack_etl_common.py
[2026-06-28T06:20:29.506+0000] {processor.py:927} WARNING - No viable dags retrieved from /opt/airflow/dags/crimetrack_etl_common.py
[2026-06-28T06:20:29.538+0000] {processor.py:208} INFO - Processing /opt/airflow/dags/crimetrack_etl_common.py took 0.627 seconds
[2026-06-28T06:20:59.959+0000] {processor.py:186} INFO - Started process (PID=1191) to work on /opt/airflow/dags/crimetrack_etl_common.py
[2026-06-28T06:20:59.962+0000] {processor.py:914} INFO - Processing file /opt/airflow/dags/crimetrack_etl_common.py for tasks to queue
[2026-06-28T06:20:59.970+0000] {logging_mixin.py:190} INFO - [2026-06-28T06:20:59.968+0000] {dagbag.py:588} INFO - Filling up the DagBag from /opt/airflow/dags/crimetrack_etl_common.py
[2026-06-28T06:21:02.264+0000] {processor.py:927} WARNING - No viable dags retrieved from /opt/airflow/dags/crimetrack_etl_common.py
[2026-06-28T06:21:02.381+0000] {processor.py:208} INFO - Processing /opt/airflow/dags/crimetrack_etl_common.py took 2.437 seconds
[2026-06-28T06:21:32.572+0000] {processor.py:186} INFO - Started process (PID=1221) to work on /opt/airflow/dags/crimetrack_etl_common.py
[2026-06-28T06:21:32.576+0000] {processor.py:914} INFO - Processing file /opt/airflow/dags/crimetrack_etl_common.py for tasks to queue
[2026-06-28T06:21:32.580+0000] {logging_mixin.py:190} INFO - [2026-06-28T06:21:32.579+0000] {dagbag.py:588} INFO - Filling up the DagBag from /opt/airflow/dags/crimetrack_etl_common.py
[2026-06-28T06:21:33.274+0000] {processor.py:927} WARNING - No viable dags retrieved from /opt/airflow/dags/crimetrack_etl_common.py
[2026-06-28T06:21:33.448+0000] {processor.py:208} INFO - Processing /opt/airflow/dags/crimetrack_etl_common.py took 0.894 seconds
[2026-06-28T06:22:03.835+0000] {processor.py:186} INFO - Started process (PID=1258) to work on /opt/airflow/dags/crimetrack_etl_common.py
[2026-06-28T06:22:03.837+0000] {processor.py:914} INFO - Processing file /opt/airflow/dags/crimetrack_etl_common.py for tasks to queue
[2026-06-28T06:22:03.840+0000] {logging_mixin.py:190} INFO - [2026-06-28T06:22:03.840+0000] {dagbag.py:588} INFO - Filling up the DagBag from /opt/airflow/dags/crimetrack_etl_common.py
[2026-06-28T06:22:04.334+0000] {processor.py:927} WARNING - No viable dags retrieved from /opt/airflow/dags/crimetrack_etl_common.py
[2026-06-28T06:22:04.364+0000] {processor.py:208} INFO - Processing /opt/airflow/dags/crimetrack_etl_common.py took 0.538 seconds
[2026-06-28T06:22:34.665+0000] {processor.py:186} INFO - Started process (PID=1295) to work on /opt/airflow/dags/crimetrack_etl_common.py
[2026-06-28T06:22:34.667+0000] {processor.py:914} INFO - Processing file /opt/airflow/dags/crimetrack_etl_common.py for tasks to queue
[2026-06-28T06:22:34.669+0000] {logging_mixin.py:190} INFO - [2026-06-28T06:22:34.669+0000] {dagbag.py:588} INFO - Filling up the DagBag from /opt/airflow/dags/crimetrack_etl_common.py
[2026-06-28T06:22:35.118+0000] {processor.py:927} WARNING - No viable dags retrieved from /opt/airflow/dags/crimetrack_etl_common.py
[2026-06-28T06:22:35.149+0000] {processor.py:208} INFO - Processing /opt/airflow/dags/crimetrack_etl_common.py took 0.495 seconds
[2026-06-28T06:23:05.395+0000] {processor.py:186} INFO - Started process (PID=1332) to work on /opt/airflow/dags/crimetrack_etl_common.py
[2026-06-28T06:23:05.397+0000] {processor.py:914} INFO - Processing file /opt/airflow/dags/crimetrack_etl_common.py for tasks to queue
[2026-06-28T06:23:05.399+0000] {logging_mixin.py:190} INFO - [2026-06-28T06:23:05.399+0000] {dagbag.py:588} INFO - Filling up the DagBag from /opt/airflow/dags/crimetrack_etl_common.py
[2026-06-28T06:23:05.781+0000] {processor.py:927} WARNING - No viable dags retrieved from /opt/airflow/dags/crimetrack_etl_common.py
[2026-06-28T06:23:05.811+0000] {processor.py:208} INFO - Processing /opt/airflow/dags/crimetrack_etl_common.py took 0.424 seconds
[2026-06-28T06:23:36.646+0000] {processor.py:186} INFO - Started process (PID=1369) to work on /opt/airflow/dags/crimetrack_etl_common.py
[2026-06-28T06:23:36.648+0000] {processor.py:914} INFO - Processing file /opt/airflow/dags/crimetrack_etl_common.py for tasks to queue
[2026-06-28T06:23:36.651+0000] {logging_mixin.py:190} INFO - [2026-06-28T06:23:36.651+0000] {dagbag.py:588} INFO - Filling up the DagBag from /opt/airflow/dags/crimetrack_etl_common.py
[2026-06-28T06:23:37.049+0000] {processor.py:927} WARNING - No viable dags retrieved from /opt/airflow/dags/crimetrack_etl_common.py
[2026-06-28T06:23:37.074+0000] {processor.py:208} INFO - Processing /opt/airflow/dags/crimetrack_etl_common.py took 0.449 seconds
[2026-06-28T06:24:07.179+0000] {processor.py:186} INFO - Started process (PID=1406) to work on /opt/airflow/dags/crimetrack_etl_common.py
[2026-06-28T06:24:07.181+0000] {processor.py:914} INFO - Processing file /opt/airflow/dags/crimetrack_etl_common.py for tasks to queue
[2026-06-28T06:24:07.184+0000] {logging_mixin.py:190} INFO - [2026-06-28T06:24:07.183+0000] {dagbag.py:588} INFO - Filling up the DagBag from /opt/airflow/dags/crimetrack_etl_common.py
[2026-06-28T06:24:07.554+0000] {processor.py:927} WARNING - No viable dags retrieved from /opt/airflow/dags/crimetrack_etl_common.py
[2026-06-28T06:24:07.582+0000] {processor.py:208} INFO - Processing /opt/airflow/dags/crimetrack_etl_common.py took 0.411 seconds
[2026-06-28T06:24:37.740+0000] {processor.py:186} INFO - Started process (PID=1443) to work on /opt/airflow/dags/crimetrack_etl_common.py
[2026-06-28T06:24:37.742+0000] {processor.py:914} INFO - Processing file /opt/airflow/dags/crimetrack_etl_common.py for tasks to queue
[2026-06-28T06:24:37.745+0000] {logging_mixin.py:190} INFO - [2026-06-28T06:24:37.744+0000] {dagbag.py:588} INFO - Filling up the DagBag from /opt/airflow/dags/crimetrack_etl_common.py
[2026-06-28T06:24:38.223+0000] {processor.py:927} WARNING - No viable dags retrieved from /opt/airflow/dags/crimetrack_etl_common.py
[2026-06-28T06:24:38.251+0000] {processor.py:208} INFO - Processing /opt/airflow/dags/crimetrack_etl_common.py took 0.528 seconds
[2026-06-28T06:25:08.469+0000] {processor.py:186} INFO - Started process (PID=1480) to work on /opt/airflow/dags/crimetrack_etl_common.py
[2026-06-28T06:25:08.471+0000] {processor.py:914} INFO - Processing file /opt/airflow/dags/crimetrack_etl_common.py for tasks to queue
[2026-06-28T06:25:08.474+0000] {logging_mixin.py:190} INFO - [2026-06-28T06:25:08.474+0000] {dagbag.py:588} INFO - Filling up the DagBag from /opt/airflow/dags/crimetrack_etl_common.py
[2026-06-28T06:25:08.899+0000] {processor.py:927} WARNING - No viable dags retrieved from /opt/airflow/dags/crimetrack_etl_common.py
[2026-06-28T06:25:08.927+0000] {processor.py:208} INFO - Processing /opt/airflow/dags/crimetrack_etl_common.py took 0.467 seconds
[2026-06-28T06:25:39.263+0000] {processor.py:186} INFO - Started process (PID=1517) to work on /opt/airflow/dags/crimetrack_etl_common.py
[2026-06-28T06:25:39.265+0000] {processor.py:914} INFO - Processing file /opt/airflow/dags/crimetrack_etl_common.py for tasks to queue
[2026-06-28T06:25:39.270+0000] {logging_mixin.py:190} INFO - [2026-06-28T06:25:39.269+0000] {dagbag.py:588} INFO - Filling up the DagBag from /opt/airflow/dags/crimetrack_etl_common.py
[2026-06-28T06:25:39.752+0000] {processor.py:927} WARNING - No viable dags retrieved from /opt/airflow/dags/crimetrack_etl_common.py
[2026-06-28T06:25:39.779+0000] {processor.py:208} INFO - Processing /opt/airflow/dags/crimetrack_etl_common.py took 0.526 seconds
[2026-06-28T06:26:10.000+0000] {processor.py:186} INFO - Started process (PID=1554) to work on /opt/airflow/dags/crimetrack_etl_common.py
[2026-06-28T06:26:10.002+0000] {processor.py:914} INFO - Processing file /opt/airflow/dags/crimetrack_etl_common.py for tasks to queue
[2026-06-28T06:26:10.007+0000] {logging_mixin.py:190} INFO - [2026-06-28T06:26:10.005+0000] {dagbag.py:588} INFO - Filling up the DagBag from /opt/airflow/dags/crimetrack_etl_common.py
[2026-06-28T06:26:10.663+0000] {processor.py:927} WARNING - No viable dags retrieved from /opt/airflow/dags/crimetrack_etl_common.py
[2026-06-28T06:26:10.689+0000] {processor.py:208} INFO - Processing /opt/airflow/dags/crimetrack_etl_common.py took 0.699 seconds
[2026-06-28T06:26:41.471+0000] {processor.py:186} INFO - Started process (PID=1590) to work on /opt/airflow/dags/crimetrack_etl_common.py
[2026-06-28T06:26:41.474+0000] {processor.py:914} INFO - Processing file /opt/airflow/dags/crimetrack_etl_common.py for tasks to queue
[2026-06-28T06:26:41.478+0000] {logging_mixin.py:190} INFO - [2026-06-28T06:26:41.478+0000] {dagbag.py:588} INFO - Filling up the DagBag from /opt/airflow/dags/crimetrack_etl_common.py
[2026-06-28T06:26:42.279+0000] {processor.py:927} WARNING - No viable dags retrieved from /opt/airflow/dags/crimetrack_etl_common.py
[2026-06-28T06:26:42.310+0000] {processor.py:208} INFO - Processing /opt/airflow/dags/crimetrack_etl_common.py took 0.852 seconds
[2026-06-28T06:27:12.452+0000] {processor.py:186} INFO - Started process (PID=1620) to work on /opt/airflow/dags/crimetrack_etl_common.py
[2026-06-28T06:27:12.455+0000] {processor.py:914} INFO - Processing file /opt/airflow/dags/crimetrack_etl_common.py for tasks to queue
[2026-06-28T06:27:12.462+0000] {logging_mixin.py:190} INFO - [2026-06-28T06:27:12.459+0000] {dagbag.py:588} INFO - Filling up the DagBag from /opt/airflow/dags/crimetrack_etl_common.py
[2026-06-28T06:27:12.936+0000] {processor.py:927} WARNING - No viable dags retrieved from /opt/airflow/dags/crimetrack_etl_common.py
[2026-06-28T06:27:12.982+0000] {processor.py:208} INFO - Processing /opt/airflow/dags/crimetrack_etl_common.py took 0.541 seconds
[2026-06-28T06:27:43.111+0000] {processor.py:186} INFO - Started process (PID=1657) to work on /opt/airflow/dags/crimetrack_etl_common.py
[2026-06-28T06:27:43.112+0000] {processor.py:914} INFO - Processing file /opt/airflow/dags/crimetrack_etl_common.py for tasks to queue
[2026-06-28T06:27:43.115+0000] {logging_mixin.py:190} INFO - [2026-06-28T06:27:43.114+0000] {dagbag.py:588} INFO - Filling up the DagBag from /opt/airflow/dags/crimetrack_etl_common.py
[2026-06-28T06:27:43.729+0000] {processor.py:927} WARNING - No viable dags retrieved from /opt/airflow/dags/crimetrack_etl_common.py
[2026-06-28T06:27:43.756+0000] {processor.py:208} INFO - Processing /opt/airflow/dags/crimetrack_etl_common.py took 0.654 seconds
[2026-06-28T06:28:14.450+0000] {processor.py:186} INFO - Started process (PID=1694) to work on /opt/airflow/dags/crimetrack_etl_common.py
[2026-06-28T06:28:14.453+0000] {processor.py:914} INFO - Processing file /opt/airflow/dags/crimetrack_etl_common.py for tasks to queue
[2026-06-28T06:28:14.457+0000] {logging_mixin.py:190} INFO - [2026-06-28T06:28:14.456+0000] {dagbag.py:588} INFO - Filling up the DagBag from /opt/airflow/dags/crimetrack_etl_common.py
[2026-06-28T06:28:14.908+0000] {processor.py:927} WARNING - No viable dags retrieved from /opt/airflow/dags/crimetrack_etl_common.py
[2026-06-28T06:28:14.935+0000] {processor.py:208} INFO - Processing /opt/airflow/dags/crimetrack_etl_common.py took 0.500 seconds
[2026-06-28T06:28:45.419+0000] {processor.py:186} INFO - Started process (PID=1731) to work on /opt/airflow/dags/crimetrack_etl_common.py
[2026-06-28T06:28:45.421+0000] {processor.py:914} INFO - Processing file /opt/airflow/dags/crimetrack_etl_common.py for tasks to queue
[2026-06-28T06:28:45.424+0000] {logging_mixin.py:190} INFO - [2026-06-28T06:28:45.423+0000] {dagbag.py:588} INFO - Filling up the DagBag from /opt/airflow/dags/crimetrack_etl_common.py
[2026-06-28T06:28:45.964+0000] {processor.py:927} WARNING - No viable dags retrieved from /opt/airflow/dags/crimetrack_etl_common.py
[2026-06-28T06:28:45.992+0000] {processor.py:208} INFO - Processing /opt/airflow/dags/crimetrack_etl_common.py took 0.582 seconds
[2026-06-28T06:29:16.185+0000] {processor.py:186} INFO - Started process (PID=1768) to work on /opt/airflow/dags/crimetrack_etl_common.py
[2026-06-28T06:29:16.187+0000] {processor.py:914} INFO - Processing file /opt/airflow/dags/crimetrack_etl_common.py for tasks to queue
[2026-06-28T06:29:16.191+0000] {logging_mixin.py:190} INFO - [2026-06-28T06:29:16.190+0000] {dagbag.py:588} INFO - Filling up the DagBag from /opt/airflow/dags/crimetrack_etl_common.py
[2026-06-28T06:29:16.636+0000] {processor.py:927} WARNING - No viable dags retrieved from /opt/airflow/dags/crimetrack_etl_common.py
[2026-06-28T06:29:16.663+0000] {processor.py:208} INFO - Processing /opt/airflow/dags/crimetrack_etl_common.py took 0.487 seconds
[2026-06-28T06:29:46.907+0000] {processor.py:186} INFO - Started process (PID=1805) to work on /opt/airflow/dags/crimetrack_etl_common.py
[2026-06-28T06:29:46.911+0000] {processor.py:914} INFO - Processing file /opt/airflow/dags/crimetrack_etl_common.py for tasks to queue
[2026-06-28T06:29:46.916+0000] {logging_mixin.py:190} INFO - [2026-06-28T06:29:46.914+0000] {dagbag.py:588} INFO - Filling up the DagBag from /opt/airflow/dags/crimetrack_etl_common.py
[2026-06-28T06:29:47.522+0000] {processor.py:927} WARNING - No viable dags retrieved from /opt/airflow/dags/crimetrack_etl_common.py
[2026-06-28T06:29:47.550+0000] {processor.py:208} INFO - Processing /opt/airflow/dags/crimetrack_etl_common.py took 0.653 seconds
[2026-06-28T06:30:17.818+0000] {processor.py:186} INFO - Started process (PID=1842) to work on /opt/airflow/dags/crimetrack_etl_common.py
[2026-06-28T06:30:17.820+0000] {processor.py:914} INFO - Processing file /opt/airflow/dags/crimetrack_etl_common.py for tasks to queue
[2026-06-28T06:30:17.823+0000] {logging_mixin.py:190} INFO - [2026-06-28T06:30:17.823+0000] {dagbag.py:588} INFO - Filling up the DagBag from /opt/airflow/dags/crimetrack_etl_common.py
[2026-06-28T06:30:18.471+0000] {processor.py:927} WARNING - No viable dags retrieved from /opt/airflow/dags/crimetrack_etl_common.py
[2026-06-28T06:30:18.504+0000] {processor.py:208} INFO - Processing /opt/airflow/dags/crimetrack_etl_common.py took 0.694 seconds
[2026-06-28T06:30:49.253+0000] {processor.py:186} INFO - Started process (PID=1879) to work on /opt/airflow/dags/crimetrack_etl_common.py
[2026-06-28T06:30:49.255+0000] {processor.py:914} INFO - Processing file /opt/airflow/dags/crimetrack_etl_common.py for tasks to queue
[2026-06-28T06:30:49.259+0000] {logging_mixin.py:190} INFO - [2026-06-28T06:30:49.258+0000] {dagbag.py:588} INFO - Filling up the DagBag from /opt/airflow/dags/crimetrack_etl_common.py
[2026-06-28T06:30:49.668+0000] {processor.py:927} WARNING - No viable dags retrieved from /opt/airflow/dags/crimetrack_etl_common.py
[2026-06-28T06:30:49.697+0000] {processor.py:208} INFO - Processing /opt/airflow/dags/crimetrack_etl_common.py took 0.455 seconds
[2026-06-28T06:31:20.654+0000] {processor.py:186} INFO - Started process (PID=1916) to work on /opt/airflow/dags/crimetrack_etl_common.py
[2026-06-28T06:31:20.656+0000] {processor.py:914} INFO - Processing file /opt/airflow/dags/crimetrack_etl_common.py for tasks to queue
[2026-06-28T06:31:20.662+0000] {logging_mixin.py:190} INFO - [2026-06-28T06:31:20.661+0000] {dagbag.py:588} INFO - Filling up the DagBag from /opt/airflow/dags/crimetrack_etl_common.py
[2026-06-28T06:31:21.181+0000] {processor.py:927} WARNING - No viable dags retrieved from /opt/airflow/dags/crimetrack_etl_common.py
[2026-06-28T06:31:21.222+0000] {processor.py:208} INFO - Processing /opt/airflow/dags/crimetrack_etl_common.py took 0.582 seconds
[2026-06-28T06:31:51.801+0000] {processor.py:186} INFO - Started process (PID=1952) to work on /opt/airflow/dags/crimetrack_etl_common.py
[2026-06-28T06:31:51.805+0000] {processor.py:914} INFO - Processing file /opt/airflow/dags/crimetrack_etl_common.py for tasks to queue
[2026-06-28T06:31:51.810+0000] {logging_mixin.py:190} INFO - [2026-06-28T06:31:51.809+0000] {dagbag.py:588} INFO - Filling up the DagBag from /opt/airflow/dags/crimetrack_etl_common.py
[2026-06-28T06:31:52.507+0000] {processor.py:927} WARNING - No viable dags retrieved from /opt/airflow/dags/crimetrack_etl_common.py
[2026-06-28T06:31:52.558+0000] {processor.py:208} INFO - Processing /opt/airflow/dags/crimetrack_etl_common.py took 0.775 seconds
[2026-06-28T06:32:23.501+0000] {processor.py:186} INFO - Started process (PID=1982) to work on /opt/airflow/dags/crimetrack_etl_common.py
[2026-06-28T06:32:23.506+0000] {processor.py:914} INFO - Processing file /opt/airflow/dags/crimetrack_etl_common.py for tasks to queue
[2026-06-28T06:32:23.514+0000] {logging_mixin.py:190} INFO - [2026-06-28T06:32:23.513+0000] {dagbag.py:588} INFO - Filling up the DagBag from /opt/airflow/dags/crimetrack_etl_common.py
[2026-06-28T06:32:24.747+0000] {processor.py:927} WARNING - No viable dags retrieved from /opt/airflow/dags/crimetrack_etl_common.py
[2026-06-28T06:32:24.798+0000] {processor.py:208} INFO - Processing /opt/airflow/dags/crimetrack_etl_common.py took 1.337 seconds
[2026-06-28T06:32:54.963+0000] {processor.py:186} INFO - Started process (PID=2019) to work on /opt/airflow/dags/crimetrack_etl_common.py
[2026-06-28T06:32:54.966+0000] {processor.py:914} INFO - Processing file /opt/airflow/dags/crimetrack_etl_common.py for tasks to queue
[2026-06-28T06:32:54.969+0000] {logging_mixin.py:190} INFO - [2026-06-28T06:32:54.968+0000] {dagbag.py:588} INFO - Filling up the DagBag from /opt/airflow/dags/crimetrack_etl_common.py
[2026-06-28T06:32:55.982+0000] {processor.py:927} WARNING - No viable dags retrieved from /opt/airflow/dags/crimetrack_etl_common.py
[2026-06-28T06:32:56.026+0000] {processor.py:208} INFO - Processing /opt/airflow/dags/crimetrack_etl_common.py took 1.076 seconds
[2026-06-28T06:33:26.803+0000] {processor.py:186} INFO - Started process (PID=2056) to work on /opt/airflow/dags/crimetrack_etl_common.py
[2026-06-28T06:33:26.805+0000] {processor.py:914} INFO - Processing file /opt/airflow/dags/crimetrack_etl_common.py for tasks to queue
[2026-06-28T06:33:26.808+0000] {logging_mixin.py:190} INFO - [2026-06-28T06:33:26.807+0000] {dagbag.py:588} INFO - Filling up the DagBag from /opt/airflow/dags/crimetrack_etl_common.py
[2026-06-28T06:33:27.328+0000] {processor.py:927} WARNING - No viable dags retrieved from /opt/airflow/dags/crimetrack_etl_common.py
[2026-06-28T06:33:27.365+0000] {processor.py:208} INFO - Processing /opt/airflow/dags/crimetrack_etl_common.py took 0.571 seconds
[2026-06-28T06:33:57.784+0000] {processor.py:186} INFO - Started process (PID=2094) to work on /opt/airflow/dags/crimetrack_etl_common.py
[2026-06-28T06:33:57.787+0000] {processor.py:914} INFO - Processing file /opt/airflow/dags/crimetrack_etl_common.py for tasks to queue
[2026-06-28T06:33:57.790+0000] {logging_mixin.py:190} INFO - [2026-06-28T06:33:57.790+0000] {dagbag.py:588} INFO - Filling up the DagBag from /opt/airflow/dags/crimetrack_etl_common.py
[2026-06-28T06:33:58.444+0000] {processor.py:927} WARNING - No viable dags retrieved from /opt/airflow/dags/crimetrack_etl_common.py
[2026-06-28T06:33:58.479+0000] {processor.py:208} INFO - Processing /opt/airflow/dags/crimetrack_etl_common.py took 0.707 seconds
[2026-06-28T06:34:28.623+0000] {processor.py:186} INFO - Started process (PID=2131) to work on /opt/airflow/dags/crimetrack_etl_common.py
[2026-06-28T06:34:28.626+0000] {processor.py:914} INFO - Processing file /opt/airflow/dags/crimetrack_etl_common.py for tasks to queue
[2026-06-28T06:34:28.629+0000] {logging_mixin.py:190} INFO - [2026-06-28T06:34:28.628+0000] {dagbag.py:588} INFO - Filling up the DagBag from /opt/airflow/dags/crimetrack_etl_common.py
[2026-06-28T06:34:29.290+0000] {processor.py:927} WARNING - No viable dags retrieved from /opt/airflow/dags/crimetrack_etl_common.py
[2026-06-28T06:34:29.318+0000] {processor.py:208} INFO - Processing /opt/airflow/dags/crimetrack_etl_common.py took 0.705 seconds
[2026-06-28T06:34:59.847+0000] {processor.py:186} INFO - Started process (PID=2187) to work on /opt/airflow/dags/crimetrack_etl_common.py
[2026-06-28T06:34:59.850+0000] {processor.py:914} INFO - Processing file /opt/airflow/dags/crimetrack_etl_common.py for tasks to queue
[2026-06-28T06:34:59.852+0000] {logging_mixin.py:190} INFO - [2026-06-28T06:34:59.852+0000] {dagbag.py:588} INFO - Filling up the DagBag from /opt/airflow/dags/crimetrack_etl_common.py
[2026-06-28T06:35:00.267+0000] {processor.py:927} WARNING - No viable dags retrieved from /opt/airflow/dags/crimetrack_etl_common.py
[2026-06-28T06:35:00.295+0000] {processor.py:208} INFO - Processing /opt/airflow/dags/crimetrack_etl_common.py took 0.456 seconds
[2026-06-28T06:35:30.972+0000] {processor.py:186} INFO - Started process (PID=2241) to work on /opt/airflow/dags/crimetrack_etl_common.py
[2026-06-28T06:35:30.975+0000] {processor.py:914} INFO - Processing file /opt/airflow/dags/crimetrack_etl_common.py for tasks to queue
[2026-06-28T06:35:30.978+0000] {logging_mixin.py:190} INFO - [2026-06-28T06:35:30.977+0000] {dagbag.py:588} INFO - Filling up the DagBag from /opt/airflow/dags/crimetrack_etl_common.py
[2026-06-28T06:35:31.802+0000] {processor.py:927} WARNING - No viable dags retrieved from /opt/airflow/dags/crimetrack_etl_common.py
[2026-06-28T06:35:31.837+0000] {processor.py:208} INFO - Processing /opt/airflow/dags/crimetrack_etl_common.py took 0.877 seconds
[2026-06-28T06:36:03.599+0000] {processor.py:186} INFO - Started process (PID=2309) to work on /opt/airflow/dags/crimetrack_etl_common.py
[2026-06-28T06:36:03.829+0000] {processor.py:914} INFO - Processing file /opt/airflow/dags/crimetrack_etl_common.py for tasks to queue
[2026-06-28T06:36:03.996+0000] {logging_mixin.py:190} INFO - [2026-06-28T06:36:03.995+0000] {dagbag.py:588} INFO - Filling up the DagBag from /opt/airflow/dags/crimetrack_etl_common.py
[2026-06-28T06:36:30.429+0000] {processor.py:927} WARNING - No viable dags retrieved from /opt/airflow/dags/crimetrack_etl_common.py
[2026-06-28T06:36:40.792+0000] {processor.py:211} ERROR - Got an exception! Propagating...
Traceback (most recent call last):
  File "/home/airflow/.local/lib/python3.12/site-packages/sqlalchemy/engine/base.py", line 3371, in _wrap_pool_connect
    return fn()
           ^^^^
  File "/home/airflow/.local/lib/python3.12/site-packages/sqlalchemy/pool/base.py", line 327, in connect
    return _ConnectionFairy._checkout(self)
           ^^^^^^^^^^^^^^^^^^^^^^^^^^^^^^^^
  File "/home/airflow/.local/lib/python3.12/site-packages/sqlalchemy/pool/base.py", line 894, in _checkout
    fairy = _ConnectionRecord.checkout(pool)
            ^^^^^^^^^^^^^^^^^^^^^^^^^^^^^^^^
  File "/home/airflow/.local/lib/python3.12/site-packages/sqlalchemy/pool/base.py", line 493, in checkout
    rec = pool._do_get()
          ^^^^^^^^^^^^^^
  File "/home/airflow/.local/lib/python3.12/site-packages/sqlalchemy/pool/impl.py", line 145, in _do_get
    with util.safe_reraise():
         ^^^^^^^^^^^^^^^^^^^
  File "/home/airflow/.local/lib/python3.12/site-packages/sqlalchemy/util/langhelpers.py", line 70, in __exit__
    compat.raise_(
  File "/home/airflow/.local/lib/python3.12/site-packages/sqlalchemy/util/compat.py", line 211, in raise_
    raise exception
  File "/home/airflow/.local/lib/python3.12/site-packages/sqlalchemy/pool/impl.py", line 143, in _do_get
    return self._create_connection()
           ^^^^^^^^^^^^^^^^^^^^^^^^^
  File "/home/airflow/.local/lib/python3.12/site-packages/sqlalchemy/pool/base.py", line 273, in _create_connection
    return _ConnectionRecord(self)
           ^^^^^^^^^^^^^^^^^^^^^^^
  File "/home/airflow/.local/lib/python3.12/site-packages/sqlalchemy/pool/base.py", line 388, in __init__
    self.__connect()
  File "/home/airflow/.local/lib/python3.12/site-packages/sqlalchemy/pool/base.py", line 690, in __connect
    with util.safe_reraise():
         ^^^^^^^^^^^^^^^^^^^
  File "/home/airflow/.local/lib/python3.12/site-packages/sqlalchemy/util/langhelpers.py", line 70, in __exit__
    compat.raise_(
  File "/home/airflow/.local/lib/python3.12/site-packages/sqlalchemy/util/compat.py", line 211, in raise_
    raise exception
  File "/home/airflow/.local/lib/python3.12/site-packages/sqlalchemy/pool/base.py", line 686, in __connect
    self.dbapi_connection = connection = pool._invoke_creator(self)
                                         ^^^^^^^^^^^^^^^^^^^^^^^^^^
  File "/home/airflow/.local/lib/python3.12/site-packages/sqlalchemy/engine/create.py", line 574, in connect
    return dialect.connect(*cargs, **cparams)
           ^^^^^^^^^^^^^^^^^^^^^^^^^^^^^^^^^^
  File "/home/airflow/.local/lib/python3.12/site-packages/sqlalchemy/engine/default.py", line 598, in connect
    return self.dbapi.connect(*cargs, **cparams)
           ^^^^^^^^^^^^^^^^^^^^^^^^^^^^^^^^^^^^^
  File "/home/airflow/.local/lib/python3.12/site-packages/psycopg2/__init__.py", line 122, in connect
    conn = _connect(dsn, connection_factory=connection_factory, **kwasync)
           ^^^^^^^^^^^^^^^^^^^^^^^^^^^^^^^^^^^^^^^^^^^^^^^^^^^^^^^^^^^^^^^
psycopg2.OperationalError: could not translate host name "airflow-postgres" to address: Temporary failure in name resolution


The above exception was the direct cause of the following exception:

Traceback (most recent call last):
  File "/home/airflow/.local/lib/python3.12/site-packages/airflow/dag_processing/processor.py", line 207, in _run_file_processor
    _handle_dag_file_processing()
  File "/home/airflow/.local/lib/python3.12/site-packages/airflow/dag_processing/processor.py", line 188, in _handle_dag_file_processing
    result: tuple[int, int, int] = dag_file_processor.process_file(
                                   ^^^^^^^^^^^^^^^^^^^^^^^^^^^^^^^^
  File "/home/airflow/.local/lib/python3.12/site-packages/airflow/utils/session.py", line 97, in wrapper
    return func(*args, session=session, **kwargs)
           ^^^^^^^^^^^^^^^^^^^^^^^^^^^^^^^^^^^^^^
  File "/home/airflow/.local/lib/python3.12/site-packages/airflow/dag_processing/processor.py", line 928, in process_file
    DagFileProcessor.update_import_errors(
  File "/home/airflow/.local/lib/python3.12/site-packages/airflow/api_internal/internal_api_call.py", line 166, in wrapper
    return func(*args, **kwargs)
           ^^^^^^^^^^^^^^^^^^^^^
  File "/home/airflow/.local/lib/python3.12/site-packages/airflow/utils/session.py", line 97, in wrapper
    return func(*args, session=session, **kwargs)
           ^^^^^^^^^^^^^^^^^^^^^^^^^^^^^^^^^^^^^^
  File "/home/airflow/.local/lib/python3.12/site-packages/airflow/dag_processing/processor.py", line 641, in update_import_errors
    session.execute(
  File "/home/airflow/.local/lib/python3.12/site-packages/sqlalchemy/orm/session.py", line 1716, in execute
    conn = self._connection_for_bind(bind)
           ^^^^^^^^^^^^^^^^^^^^^^^^^^^^^^^
  File "/home/airflow/.local/lib/python3.12/site-packages/sqlalchemy/orm/session.py", line 1555, in _connection_for_bind
    return self._transaction._connection_for_bind(
           ^^^^^^^^^^^^^^^^^^^^^^^^^^^^^^^^^^^^^^^
  File "/home/airflow/.local/lib/python3.12/site-packages/sqlalchemy/orm/session.py", line 750, in _connection_for_bind
    conn = bind.connect()
           ^^^^^^^^^^^^^^
  File "/home/airflow/.local/lib/python3.12/site-packages/sqlalchemy/future/engine.py", line 412, in connect
    return super(Engine, self).connect()
           ^^^^^^^^^^^^^^^^^^^^^^^^^^^^^
  File "/home/airflow/.local/lib/python3.12/site-packages/sqlalchemy/engine/base.py", line 3325, in connect
    return self._connection_cls(self, close_with_result=close_with_result)
           ^^^^^^^^^^^^^^^^^^^^^^^^^^^^^^^^^^^^^^^^^^^^^^^^^^^^^^^^^^^^^^^
  File "/home/airflow/.local/lib/python3.12/site-packages/sqlalchemy/engine/base.py", line 96, in __init__
    else engine.raw_connection()
         ^^^^^^^^^^^^^^^^^^^^^^^
  File "/home/airflow/.local/lib/python3.12/site-packages/sqlalchemy/engine/base.py", line 3404, in raw_connection
    return self._wrap_pool_connect(self.pool.connect, _connection)
           ^^^^^^^^^^^^^^^^^^^^^^^^^^^^^^^^^^^^^^^^^^^^^^^^^^^^^^^
  File "/home/airflow/.local/lib/python3.12/site-packages/sqlalchemy/engine/base.py", line 3374, in _wrap_pool_connect
    Connection._handle_dbapi_exception_noconnection(
  File "/home/airflow/.local/lib/python3.12/site-packages/sqlalchemy/engine/base.py", line 2208, in _handle_dbapi_exception_noconnection
    util.raise_(
  File "/home/airflow/.local/lib/python3.12/site-packages/sqlalchemy/util/compat.py", line 211, in raise_
    raise exception
  File "/home/airflow/.local/lib/python3.12/site-packages/sqlalchemy/engine/base.py", line 3371, in _wrap_pool_connect
    return fn()
           ^^^^
  File "/home/airflow/.local/lib/python3.12/site-packages/sqlalchemy/pool/base.py", line 327, in connect
    return _ConnectionFairy._checkout(self)
           ^^^^^^^^^^^^^^^^^^^^^^^^^^^^^^^^
  File "/home/airflow/.local/lib/python3.12/site-packages/sqlalchemy/pool/base.py", line 894, in _checkout
    fairy = _ConnectionRecord.checkout(pool)
            ^^^^^^^^^^^^^^^^^^^^^^^^^^^^^^^^
  File "/home/airflow/.local/lib/python3.12/site-packages/sqlalchemy/pool/base.py", line 493, in checkout
    rec = pool._do_get()
          ^^^^^^^^^^^^^^
  File "/home/airflow/.local/lib/python3.12/site-packages/sqlalchemy/pool/impl.py", line 145, in _do_get
    with util.safe_reraise():
         ^^^^^^^^^^^^^^^^^^^
  File "/home/airflow/.local/lib/python3.12/site-packages/sqlalchemy/util/langhelpers.py", line 70, in __exit__
    compat.raise_(
  File "/home/airflow/.local/lib/python3.12/site-packages/sqlalchemy/util/compat.py", line 211, in raise_
    raise exception
  File "/home/airflow/.local/lib/python3.12/site-packages/sqlalchemy/pool/impl.py", line 143, in _do_get
    return self._create_connection()
           ^^^^^^^^^^^^^^^^^^^^^^^^^
  File "/home/airflow/.local/lib/python3.12/site-packages/sqlalchemy/pool/base.py", line 273, in _create_connection
    return _ConnectionRecord(self)
           ^^^^^^^^^^^^^^^^^^^^^^^
  File "/home/airflow/.local/lib/python3.12/site-packages/sqlalchemy/pool/base.py", line 388, in __init__
    self.__connect()
  File "/home/airflow/.local/lib/python3.12/site-packages/sqlalchemy/pool/base.py", line 690, in __connect
    with util.safe_reraise():
         ^^^^^^^^^^^^^^^^^^^
  File "/home/airflow/.local/lib/python3.12/site-packages/sqlalchemy/util/langhelpers.py", line 70, in __exit__
    compat.raise_(
  File "/home/airflow/.local/lib/python3.12/site-packages/sqlalchemy/util/compat.py", line 211, in raise_
    raise exception
  File "/home/airflow/.local/lib/python3.12/site-packages/sqlalchemy/pool/base.py", line 686, in __connect
    self.dbapi_connection = connection = pool._invoke_creator(self)
                                         ^^^^^^^^^^^^^^^^^^^^^^^^^^
  File "/home/airflow/.local/lib/python3.12/site-packages/sqlalchemy/engine/create.py", line 574, in connect
    return dialect.connect(*cargs, **cparams)
           ^^^^^^^^^^^^^^^^^^^^^^^^^^^^^^^^^^
  File "/home/airflow/.local/lib/python3.12/site-packages/sqlalchemy/engine/default.py", line 598, in connect
    return self.dbapi.connect(*cargs, **cparams)
           ^^^^^^^^^^^^^^^^^^^^^^^^^^^^^^^^^^^^^
  File "/home/airflow/.local/lib/python3.12/site-packages/psycopg2/__init__.py", line 122, in connect
    conn = _connect(dsn, connection_factory=connection_factory, **kwasync)
           ^^^^^^^^^^^^^^^^^^^^^^^^^^^^^^^^^^^^^^^^^^^^^^^^^^^^^^^^^^^^^^^
sqlalchemy.exc.OperationalError: (psycopg2.OperationalError) could not translate host name "airflow-postgres" to address: Temporary failure in name resolution

(Background on this error at: https://sqlalche.me/e/14/e3q8)
[2026-06-28T06:37:18.461+0000] {processor.py:186} INFO - Started process (PID=2388) to work on /opt/airflow/dags/crimetrack_etl_common.py
[2026-06-28T06:37:18.465+0000] {processor.py:914} INFO - Processing file /opt/airflow/dags/crimetrack_etl_common.py for tasks to queue
[2026-06-28T06:37:18.476+0000] {logging_mixin.py:190} INFO - [2026-06-28T06:37:18.473+0000] {dagbag.py:588} INFO - Filling up the DagBag from /opt/airflow/dags/crimetrack_etl_common.py
[2026-06-28T06:37:19.661+0000] {processor.py:927} WARNING - No viable dags retrieved from /opt/airflow/dags/crimetrack_etl_common.py
[2026-06-28T06:37:19.768+0000] {processor.py:208} INFO - Processing /opt/airflow/dags/crimetrack_etl_common.py took 1.334 seconds
[2026-06-28T06:37:50.424+0000] {processor.py:186} INFO - Started process (PID=2441) to work on /opt/airflow/dags/crimetrack_etl_common.py
[2026-06-28T06:37:50.430+0000] {processor.py:914} INFO - Processing file /opt/airflow/dags/crimetrack_etl_common.py for tasks to queue
[2026-06-28T06:37:50.444+0000] {logging_mixin.py:190} INFO - [2026-06-28T06:37:50.443+0000] {dagbag.py:588} INFO - Filling up the DagBag from /opt/airflow/dags/crimetrack_etl_common.py
[2026-06-28T06:37:52.030+0000] {processor.py:927} WARNING - No viable dags retrieved from /opt/airflow/dags/crimetrack_etl_common.py
[2026-06-28T06:37:52.135+0000] {processor.py:208} INFO - Processing /opt/airflow/dags/crimetrack_etl_common.py took 1.737 seconds
[2026-06-28T06:40:05.692+0000] {processor.py:186} INFO - Started process (PID=2500) to work on /opt/airflow/dags/crimetrack_etl_common.py
[2026-06-28T06:40:08.195+0000] {processor.py:914} INFO - Processing file /opt/airflow/dags/crimetrack_etl_common.py for tasks to queue
[2026-06-28T06:40:08.960+0000] {logging_mixin.py:190} INFO - [2026-06-28T06:40:08.255+0000] {dagbag.py:588} INFO - Filling up the DagBag from /opt/airflow/dags/crimetrack_etl_common.py
[2026-06-28T06:43:06.969+0000] {processor.py:186} INFO - Started process (PID=2523) to work on /opt/airflow/dags/crimetrack_etl_common.py
[2026-06-28T06:43:06.971+0000] {processor.py:914} INFO - Processing file /opt/airflow/dags/crimetrack_etl_common.py for tasks to queue
[2026-06-28T06:43:06.973+0000] {logging_mixin.py:190} INFO - [2026-06-28T06:43:06.973+0000] {dagbag.py:588} INFO - Filling up the DagBag from /opt/airflow/dags/crimetrack_etl_common.py
[2026-06-28T06:43:07.675+0000] {processor.py:927} WARNING - No viable dags retrieved from /opt/airflow/dags/crimetrack_etl_common.py
[2026-06-28T06:43:07.738+0000] {processor.py:208} INFO - Processing /opt/airflow/dags/crimetrack_etl_common.py took 0.781 seconds
[2026-06-28T06:43:51.787+0000] {processor.py:186} INFO - Started process (PID=2578) to work on /opt/airflow/dags/crimetrack_etl_common.py
[2026-06-28T06:43:51.789+0000] {processor.py:914} INFO - Processing file /opt/airflow/dags/crimetrack_etl_common.py for tasks to queue
[2026-06-28T06:43:51.793+0000] {logging_mixin.py:190} INFO - [2026-06-28T06:43:51.792+0000] {dagbag.py:588} INFO - Filling up the DagBag from /opt/airflow/dags/crimetrack_etl_common.py
[2026-06-28T06:43:52.786+0000] {processor.py:927} WARNING - No viable dags retrieved from /opt/airflow/dags/crimetrack_etl_common.py
[2026-06-28T06:43:52.820+0000] {processor.py:208} INFO - Processing /opt/airflow/dags/crimetrack_etl_common.py took 1.045 seconds
[2026-06-28T06:44:23.867+0000] {processor.py:186} INFO - Started process (PID=2608) to work on /opt/airflow/dags/crimetrack_etl_common.py
[2026-06-28T06:44:23.870+0000] {processor.py:914} INFO - Processing file /opt/airflow/dags/crimetrack_etl_common.py for tasks to queue
[2026-06-28T06:44:23.873+0000] {logging_mixin.py:190} INFO - [2026-06-28T06:44:23.873+0000] {dagbag.py:588} INFO - Filling up the DagBag from /opt/airflow/dags/crimetrack_etl_common.py
[2026-06-28T06:44:24.737+0000] {processor.py:927} WARNING - No viable dags retrieved from /opt/airflow/dags/crimetrack_etl_common.py
[2026-06-28T06:44:24.774+0000] {processor.py:208} INFO - Processing /opt/airflow/dags/crimetrack_etl_common.py took 0.932 seconds
[2026-06-28T06:44:56.253+0000] {processor.py:186} INFO - Started process (PID=2658) to work on /opt/airflow/dags/crimetrack_etl_common.py
[2026-06-28T06:44:56.257+0000] {processor.py:914} INFO - Processing file /opt/airflow/dags/crimetrack_etl_common.py for tasks to queue
[2026-06-28T06:44:56.260+0000] {logging_mixin.py:190} INFO - [2026-06-28T06:44:56.259+0000] {dagbag.py:588} INFO - Filling up the DagBag from /opt/airflow/dags/crimetrack_etl_common.py
[2026-06-28T06:44:57.460+0000] {processor.py:927} WARNING - No viable dags retrieved from /opt/airflow/dags/crimetrack_etl_common.py
[2026-06-28T06:44:57.558+0000] {processor.py:208} INFO - Processing /opt/airflow/dags/crimetrack_etl_common.py took 1.316 seconds
[2026-06-28T06:45:28.185+0000] {processor.py:186} INFO - Started process (PID=2696) to work on /opt/airflow/dags/crimetrack_etl_common.py
[2026-06-28T06:45:28.188+0000] {processor.py:914} INFO - Processing file /opt/airflow/dags/crimetrack_etl_common.py for tasks to queue
[2026-06-28T06:45:28.192+0000] {logging_mixin.py:190} INFO - [2026-06-28T06:45:28.191+0000] {dagbag.py:588} INFO - Filling up the DagBag from /opt/airflow/dags/crimetrack_etl_common.py
[2026-06-28T06:45:29.061+0000] {processor.py:927} WARNING - No viable dags retrieved from /opt/airflow/dags/crimetrack_etl_common.py
[2026-06-28T06:45:29.122+0000] {processor.py:208} INFO - Processing /opt/airflow/dags/crimetrack_etl_common.py took 0.946 seconds
[2026-06-28T06:45:59.265+0000] {processor.py:186} INFO - Started process (PID=2752) to work on /opt/airflow/dags/crimetrack_etl_common.py
[2026-06-28T06:45:59.267+0000] {processor.py:914} INFO - Processing file /opt/airflow/dags/crimetrack_etl_common.py for tasks to queue
[2026-06-28T06:45:59.270+0000] {logging_mixin.py:190} INFO - [2026-06-28T06:45:59.270+0000] {dagbag.py:588} INFO - Filling up the DagBag from /opt/airflow/dags/crimetrack_etl_common.py
[2026-06-28T06:46:00.138+0000] {processor.py:927} WARNING - No viable dags retrieved from /opt/airflow/dags/crimetrack_etl_common.py
[2026-06-28T06:46:00.169+0000] {processor.py:208} INFO - Processing /opt/airflow/dags/crimetrack_etl_common.py took 0.920 seconds
[2026-06-28T06:46:31.226+0000] {processor.py:186} INFO - Started process (PID=2818) to work on /opt/airflow/dags/crimetrack_etl_common.py
[2026-06-28T06:46:31.234+0000] {processor.py:914} INFO - Processing file /opt/airflow/dags/crimetrack_etl_common.py for tasks to queue
[2026-06-28T06:46:31.241+0000] {logging_mixin.py:190} INFO - [2026-06-28T06:46:31.239+0000] {dagbag.py:588} INFO - Filling up the DagBag from /opt/airflow/dags/crimetrack_etl_common.py
[2026-06-28T06:46:32.027+0000] {processor.py:927} WARNING - No viable dags retrieved from /opt/airflow/dags/crimetrack_etl_common.py
[2026-06-28T06:46:32.061+0000] {processor.py:208} INFO - Processing /opt/airflow/dags/crimetrack_etl_common.py took 0.851 seconds
[2026-06-28T06:47:02.881+0000] {processor.py:186} INFO - Started process (PID=2855) to work on /opt/airflow/dags/crimetrack_etl_common.py
[2026-06-28T06:47:02.885+0000] {processor.py:914} INFO - Processing file /opt/airflow/dags/crimetrack_etl_common.py for tasks to queue
[2026-06-28T06:47:02.889+0000] {logging_mixin.py:190} INFO - [2026-06-28T06:47:02.888+0000] {dagbag.py:588} INFO - Filling up the DagBag from /opt/airflow/dags/crimetrack_etl_common.py
[2026-06-28T06:47:03.956+0000] {processor.py:927} WARNING - No viable dags retrieved from /opt/airflow/dags/crimetrack_etl_common.py
[2026-06-28T06:47:03.984+0000] {processor.py:208} INFO - Processing /opt/airflow/dags/crimetrack_etl_common.py took 1.116 seconds
[2026-06-28T06:47:34.523+0000] {processor.py:186} INFO - Started process (PID=2891) to work on /opt/airflow/dags/crimetrack_etl_common.py
[2026-06-28T06:47:34.525+0000] {processor.py:914} INFO - Processing file /opt/airflow/dags/crimetrack_etl_common.py for tasks to queue
[2026-06-28T06:47:34.530+0000] {logging_mixin.py:190} INFO - [2026-06-28T06:47:34.529+0000] {dagbag.py:588} INFO - Filling up the DagBag from /opt/airflow/dags/crimetrack_etl_common.py
[2026-06-28T06:47:35.497+0000] {processor.py:927} WARNING - No viable dags retrieved from /opt/airflow/dags/crimetrack_etl_common.py
[2026-06-28T06:47:35.536+0000] {processor.py:208} INFO - Processing /opt/airflow/dags/crimetrack_etl_common.py took 1.023 seconds
[2026-06-28T06:48:06.313+0000] {processor.py:186} INFO - Started process (PID=2922) to work on /opt/airflow/dags/crimetrack_etl_common.py
[2026-06-28T06:48:06.317+0000] {processor.py:914} INFO - Processing file /opt/airflow/dags/crimetrack_etl_common.py for tasks to queue
[2026-06-28T06:48:06.322+0000] {logging_mixin.py:190} INFO - [2026-06-28T06:48:06.321+0000] {dagbag.py:588} INFO - Filling up the DagBag from /opt/airflow/dags/crimetrack_etl_common.py
[2026-06-28T06:48:07.183+0000] {processor.py:927} WARNING - No viable dags retrieved from /opt/airflow/dags/crimetrack_etl_common.py
[2026-06-28T06:48:07.209+0000] {processor.py:208} INFO - Processing /opt/airflow/dags/crimetrack_etl_common.py took 0.917 seconds
[2026-06-28T06:48:37.921+0000] {processor.py:186} INFO - Started process (PID=2958) to work on /opt/airflow/dags/crimetrack_etl_common.py
[2026-06-28T06:48:37.923+0000] {processor.py:914} INFO - Processing file /opt/airflow/dags/crimetrack_etl_common.py for tasks to queue
[2026-06-28T06:48:37.926+0000] {logging_mixin.py:190} INFO - [2026-06-28T06:48:37.926+0000] {dagbag.py:588} INFO - Filling up the DagBag from /opt/airflow/dags/crimetrack_etl_common.py
[2026-06-28T06:48:38.807+0000] {processor.py:927} WARNING - No viable dags retrieved from /opt/airflow/dags/crimetrack_etl_common.py
[2026-06-28T06:48:38.845+0000] {processor.py:208} INFO - Processing /opt/airflow/dags/crimetrack_etl_common.py took 0.935 seconds
[2026-06-28T06:49:09.669+0000] {processor.py:186} INFO - Started process (PID=2996) to work on /opt/airflow/dags/crimetrack_etl_common.py
[2026-06-28T06:49:09.672+0000] {processor.py:914} INFO - Processing file /opt/airflow/dags/crimetrack_etl_common.py for tasks to queue
[2026-06-28T06:49:09.675+0000] {logging_mixin.py:190} INFO - [2026-06-28T06:49:09.674+0000] {dagbag.py:588} INFO - Filling up the DagBag from /opt/airflow/dags/crimetrack_etl_common.py
[2026-06-28T06:49:10.591+0000] {processor.py:927} WARNING - No viable dags retrieved from /opt/airflow/dags/crimetrack_etl_common.py
[2026-06-28T06:49:10.617+0000] {processor.py:208} INFO - Processing /opt/airflow/dags/crimetrack_etl_common.py took 0.962 seconds
[2026-06-28T06:49:41.237+0000] {processor.py:186} INFO - Started process (PID=3053) to work on /opt/airflow/dags/crimetrack_etl_common.py
[2026-06-28T06:49:41.240+0000] {processor.py:914} INFO - Processing file /opt/airflow/dags/crimetrack_etl_common.py for tasks to queue
[2026-06-28T06:49:41.243+0000] {logging_mixin.py:190} INFO - [2026-06-28T06:49:41.242+0000] {dagbag.py:588} INFO - Filling up the DagBag from /opt/airflow/dags/crimetrack_etl_common.py
[2026-06-28T06:49:42.194+0000] {processor.py:927} WARNING - No viable dags retrieved from /opt/airflow/dags/crimetrack_etl_common.py
[2026-06-28T06:49:42.232+0000] {processor.py:208} INFO - Processing /opt/airflow/dags/crimetrack_etl_common.py took 1.011 seconds
[2026-06-28T06:50:13.013+0000] {processor.py:186} INFO - Started process (PID=3098) to work on /opt/airflow/dags/crimetrack_etl_common.py
[2026-06-28T06:50:13.015+0000] {processor.py:914} INFO - Processing file /opt/airflow/dags/crimetrack_etl_common.py for tasks to queue
[2026-06-28T06:50:13.019+0000] {logging_mixin.py:190} INFO - [2026-06-28T06:50:13.018+0000] {dagbag.py:588} INFO - Filling up the DagBag from /opt/airflow/dags/crimetrack_etl_common.py
[2026-06-28T06:50:14.062+0000] {processor.py:927} WARNING - No viable dags retrieved from /opt/airflow/dags/crimetrack_etl_common.py
[2026-06-28T06:50:14.114+0000] {processor.py:208} INFO - Processing /opt/airflow/dags/crimetrack_etl_common.py took 1.115 seconds
[2026-06-28T06:50:44.554+0000] {processor.py:186} INFO - Started process (PID=3143) to work on /opt/airflow/dags/crimetrack_etl_common.py
[2026-06-28T06:50:44.556+0000] {processor.py:914} INFO - Processing file /opt/airflow/dags/crimetrack_etl_common.py for tasks to queue
[2026-06-28T06:50:44.560+0000] {logging_mixin.py:190} INFO - [2026-06-28T06:50:44.559+0000] {dagbag.py:588} INFO - Filling up the DagBag from /opt/airflow/dags/crimetrack_etl_common.py
[2026-06-28T06:50:45.478+0000] {processor.py:927} WARNING - No viable dags retrieved from /opt/airflow/dags/crimetrack_etl_common.py
[2026-06-28T06:50:45.525+0000] {processor.py:208} INFO - Processing /opt/airflow/dags/crimetrack_etl_common.py took 0.983 seconds
[2026-06-28T06:51:16.044+0000] {processor.py:186} INFO - Started process (PID=3182) to work on /opt/airflow/dags/crimetrack_etl_common.py
[2026-06-28T06:51:16.046+0000] {processor.py:914} INFO - Processing file /opt/airflow/dags/crimetrack_etl_common.py for tasks to queue
[2026-06-28T06:51:16.051+0000] {logging_mixin.py:190} INFO - [2026-06-28T06:51:16.050+0000] {dagbag.py:588} INFO - Filling up the DagBag from /opt/airflow/dags/crimetrack_etl_common.py
[2026-06-28T06:51:16.749+0000] {processor.py:927} WARNING - No viable dags retrieved from /opt/airflow/dags/crimetrack_etl_common.py
[2026-06-28T06:51:16.775+0000] {processor.py:208} INFO - Processing /opt/airflow/dags/crimetrack_etl_common.py took 0.744 seconds
[2026-06-28T06:51:47.206+0000] {processor.py:186} INFO - Started process (PID=3227) to work on /opt/airflow/dags/crimetrack_etl_common.py
[2026-06-28T06:51:47.208+0000] {processor.py:914} INFO - Processing file /opt/airflow/dags/crimetrack_etl_common.py for tasks to queue
[2026-06-28T06:51:47.211+0000] {logging_mixin.py:190} INFO - [2026-06-28T06:51:47.210+0000] {dagbag.py:588} INFO - Filling up the DagBag from /opt/airflow/dags/crimetrack_etl_common.py
[2026-06-28T06:51:47.948+0000] {processor.py:927} WARNING - No viable dags retrieved from /opt/airflow/dags/crimetrack_etl_common.py
[2026-06-28T06:51:47.973+0000] {processor.py:208} INFO - Processing /opt/airflow/dags/crimetrack_etl_common.py took 0.776 seconds
[2026-06-28T06:52:18.467+0000] {processor.py:186} INFO - Started process (PID=3270) to work on /opt/airflow/dags/crimetrack_etl_common.py
[2026-06-28T06:52:18.470+0000] {processor.py:914} INFO - Processing file /opt/airflow/dags/crimetrack_etl_common.py for tasks to queue
[2026-06-28T06:52:18.475+0000] {logging_mixin.py:190} INFO - [2026-06-28T06:52:18.474+0000] {dagbag.py:588} INFO - Filling up the DagBag from /opt/airflow/dags/crimetrack_etl_common.py
[2026-06-28T06:52:19.461+0000] {processor.py:927} WARNING - No viable dags retrieved from /opt/airflow/dags/crimetrack_etl_common.py
[2026-06-28T06:52:19.507+0000] {processor.py:208} INFO - Processing /opt/airflow/dags/crimetrack_etl_common.py took 1.056 seconds
[2026-06-28T06:52:50.148+0000] {processor.py:186} INFO - Started process (PID=3346) to work on /opt/airflow/dags/crimetrack_etl_common.py
[2026-06-28T06:52:50.151+0000] {processor.py:914} INFO - Processing file /opt/airflow/dags/crimetrack_etl_common.py for tasks to queue
[2026-06-28T06:52:50.155+0000] {logging_mixin.py:190} INFO - [2026-06-28T06:52:50.154+0000] {dagbag.py:588} INFO - Filling up the DagBag from /opt/airflow/dags/crimetrack_etl_common.py
[2026-06-28T06:52:52.218+0000] {processor.py:927} WARNING - No viable dags retrieved from /opt/airflow/dags/crimetrack_etl_common.py
[2026-06-28T06:52:52.271+0000] {processor.py:208} INFO - Processing /opt/airflow/dags/crimetrack_etl_common.py took 2.143 seconds
[2026-06-28T06:53:22.714+0000] {processor.py:186} INFO - Started process (PID=3425) to work on /opt/airflow/dags/crimetrack_etl_common.py
[2026-06-28T06:53:22.722+0000] {processor.py:914} INFO - Processing file /opt/airflow/dags/crimetrack_etl_common.py for tasks to queue
[2026-06-28T06:53:22.742+0000] {logging_mixin.py:190} INFO - [2026-06-28T06:53:22.736+0000] {dagbag.py:588} INFO - Filling up the DagBag from /opt/airflow/dags/crimetrack_etl_common.py
[2026-06-28T06:53:25.130+0000] {processor.py:927} WARNING - No viable dags retrieved from /opt/airflow/dags/crimetrack_etl_common.py
[2026-06-28T06:53:25.226+0000] {processor.py:208} INFO - Processing /opt/airflow/dags/crimetrack_etl_common.py took 2.562 seconds
[2026-06-28T06:54:37.591+0000] {processor.py:186} INFO - Started process (PID=3456) to work on /opt/airflow/dags/crimetrack_etl_common.py
[2026-06-28T06:54:37.640+0000] {processor.py:914} INFO - Processing file /opt/airflow/dags/crimetrack_etl_common.py for tasks to queue
[2026-06-28T06:54:37.686+0000] {logging_mixin.py:190} INFO - [2026-06-28T06:54:37.669+0000] {dagbag.py:588} INFO - Filling up the DagBag from /opt/airflow/dags/crimetrack_etl_common.py
[2026-06-28T06:55:12.684+0000] {logging_mixin.py:190} INFO - [2026-06-28T06:55:12.045+0000] {timeout.py:68} ERROR - Process timed out, PID: 3456
[2026-06-28T06:55:13.414+0000] {logging_mixin.py:190} INFO - [2026-06-28T06:55:12.735+0000] {dagbag.py:387} ERROR - Failed to import: /opt/airflow/dags/crimetrack_etl_common.py
Traceback (most recent call last):
  File "/home/airflow/.local/lib/python3.12/site-packages/airflow/models/dagbag.py", line 383, in parse
    loader.exec_module(new_module)
  File "<frozen importlib._bootstrap_external>", line 995, in exec_module
  File "<frozen importlib._bootstrap>", line 488, in _call_with_frames_removed
  File "/opt/airflow/dags/crimetrack_etl_common.py", line 24, in <module>
    import pandas as pd
  File "/home/airflow/.local/lib/python3.12/site-packages/pandas/__init__.py", line 46, in <module>
    from pandas.core.api import (
  File "/home/airflow/.local/lib/python3.12/site-packages/pandas/core/api.py", line 28, in <module>
    from pandas.core.arrays import Categorical
  File "/home/airflow/.local/lib/python3.12/site-packages/pandas/core/arrays/__init__.py", line 1, in <module>
    from pandas.core.arrays.arrow import ArrowExtensionArray
  File "/home/airflow/.local/lib/python3.12/site-packages/pandas/core/arrays/arrow/__init__.py", line 1, in <module>
    from pandas.core.arrays.arrow.array import ArrowExtensionArray
  File "/home/airflow/.local/lib/python3.12/site-packages/pandas/core/arrays/arrow/array.py", line 52, in <module>
    from pandas.core.arrays._arrow_string_mixins import ArrowStringArrayMixin
  File "/home/airflow/.local/lib/python3.12/site-packages/pandas/core/arrays/_arrow_string_mixins.py", line 11, in <module>
    import pyarrow.compute as pc
  File "/home/airflow/.local/lib/python3.12/site-packages/pyarrow/compute.py", line 18, in <module>
    from pyarrow._compute import (  # noqa
  File "<frozen importlib._bootstrap>", line 645, in parent
  File "/home/airflow/.local/lib/python3.12/site-packages/airflow/utils/timeout.py", line 69, in handle_timeout
    raise AirflowTaskTimeout(self.error_message)
airflow.exceptions.AirflowTaskTimeout: DagBag import timeout for /opt/airflow/dags/crimetrack_etl_common.py after 30.0s.
Please take a look at these docs to improve your DAG import time:
* https://airflow.apache.org/docs/apache-airflow/2.10.3/best-practices.html#top-level-python-code
* https://airflow.apache.org/docs/apache-airflow/2.10.3/best-practices.html#reducing-dag-complexity, PID: 3456
[2026-06-28T06:55:13.418+0000] {processor.py:927} WARNING - No viable dags retrieved from /opt/airflow/dags/crimetrack_etl_common.py
[2026-06-28T06:57:02.637+0000] {processor.py:186} INFO - Started process (PID=3480) to work on /opt/airflow/dags/crimetrack_etl_common.py
[2026-06-28T06:57:02.707+0000] {processor.py:914} INFO - Processing file /opt/airflow/dags/crimetrack_etl_common.py for tasks to queue
[2026-06-28T06:57:02.734+0000] {logging_mixin.py:190} INFO - [2026-06-28T06:57:02.716+0000] {dagbag.py:588} INFO - Filling up the DagBag from /opt/airflow/dags/crimetrack_etl_common.py
[2026-06-28T06:59:54.788+0000] {processor.py:186} INFO - Started process (PID=3502) to work on /opt/airflow/dags/crimetrack_etl_common.py
[2026-06-28T06:59:54.813+0000] {processor.py:914} INFO - Processing file /opt/airflow/dags/crimetrack_etl_common.py for tasks to queue
[2026-06-28T06:59:54.836+0000] {logging_mixin.py:190} INFO - [2026-06-28T06:59:54.832+0000] {dagbag.py:588} INFO - Filling up the DagBag from /opt/airflow/dags/crimetrack_etl_common.py
[2026-06-28T07:00:10.941+0000] {processor.py:927} WARNING - No viable dags retrieved from /opt/airflow/dags/crimetrack_etl_common.py
[2026-06-28T07:00:11.036+0000] {processor.py:208} INFO - Processing /opt/airflow/dags/crimetrack_etl_common.py took 16.695 seconds
[2026-06-28T07:00:41.802+0000] {processor.py:186} INFO - Started process (PID=3539) to work on /opt/airflow/dags/crimetrack_etl_common.py
[2026-06-28T07:00:41.804+0000] {processor.py:914} INFO - Processing file /opt/airflow/dags/crimetrack_etl_common.py for tasks to queue
[2026-06-28T07:00:41.807+0000] {logging_mixin.py:190} INFO - [2026-06-28T07:00:41.807+0000] {dagbag.py:588} INFO - Filling up the DagBag from /opt/airflow/dags/crimetrack_etl_common.py
[2026-06-28T07:00:42.773+0000] {processor.py:927} WARNING - No viable dags retrieved from /opt/airflow/dags/crimetrack_etl_common.py
[2026-06-28T07:00:42.810+0000] {processor.py:208} INFO - Processing /opt/airflow/dags/crimetrack_etl_common.py took 1.018 seconds
[2026-06-28T07:01:13.497+0000] {processor.py:186} INFO - Started process (PID=3576) to work on /opt/airflow/dags/crimetrack_etl_common.py
[2026-06-28T07:01:13.499+0000] {processor.py:914} INFO - Processing file /opt/airflow/dags/crimetrack_etl_common.py for tasks to queue
[2026-06-28T07:01:13.501+0000] {logging_mixin.py:190} INFO - [2026-06-28T07:01:13.501+0000] {dagbag.py:588} INFO - Filling up the DagBag from /opt/airflow/dags/crimetrack_etl_common.py
[2026-06-28T07:01:14.346+0000] {processor.py:927} WARNING - No viable dags retrieved from /opt/airflow/dags/crimetrack_etl_common.py
[2026-06-28T07:01:14.377+0000] {processor.py:208} INFO - Processing /opt/airflow/dags/crimetrack_etl_common.py took 0.889 seconds
[2026-06-28T07:01:44.981+0000] {processor.py:186} INFO - Started process (PID=3612) to work on /opt/airflow/dags/crimetrack_etl_common.py
[2026-06-28T07:01:44.983+0000] {processor.py:914} INFO - Processing file /opt/airflow/dags/crimetrack_etl_common.py for tasks to queue
[2026-06-28T07:01:44.987+0000] {logging_mixin.py:190} INFO - [2026-06-28T07:01:44.987+0000] {dagbag.py:588} INFO - Filling up the DagBag from /opt/airflow/dags/crimetrack_etl_common.py
[2026-06-28T07:01:46.143+0000] {processor.py:927} WARNING - No viable dags retrieved from /opt/airflow/dags/crimetrack_etl_common.py
[2026-06-28T07:01:46.197+0000] {processor.py:208} INFO - Processing /opt/airflow/dags/crimetrack_etl_common.py took 1.228 seconds
[2026-06-28T07:02:17.295+0000] {processor.py:186} INFO - Started process (PID=3662) to work on /opt/airflow/dags/crimetrack_etl_common.py
[2026-06-28T07:02:17.297+0000] {processor.py:914} INFO - Processing file /opt/airflow/dags/crimetrack_etl_common.py for tasks to queue
[2026-06-28T07:02:17.300+0000] {logging_mixin.py:190} INFO - [2026-06-28T07:02:17.299+0000] {dagbag.py:588} INFO - Filling up the DagBag from /opt/airflow/dags/crimetrack_etl_common.py
[2026-06-28T07:02:18.478+0000] {processor.py:927} WARNING - No viable dags retrieved from /opt/airflow/dags/crimetrack_etl_common.py
[2026-06-28T07:02:18.536+0000] {processor.py:208} INFO - Processing /opt/airflow/dags/crimetrack_etl_common.py took 1.252 seconds
[2026-06-28T07:02:49.026+0000] {processor.py:186} INFO - Started process (PID=3697) to work on /opt/airflow/dags/crimetrack_etl_common.py
[2026-06-28T07:02:49.029+0000] {processor.py:914} INFO - Processing file /opt/airflow/dags/crimetrack_etl_common.py for tasks to queue
[2026-06-28T07:02:49.034+0000] {logging_mixin.py:190} INFO - [2026-06-28T07:02:49.033+0000] {dagbag.py:588} INFO - Filling up the DagBag from /opt/airflow/dags/crimetrack_etl_common.py
[2026-06-28T07:02:50.174+0000] {processor.py:927} WARNING - No viable dags retrieved from /opt/airflow/dags/crimetrack_etl_common.py
[2026-06-28T07:02:50.204+0000] {processor.py:208} INFO - Processing /opt/airflow/dags/crimetrack_etl_common.py took 1.194 seconds
[2026-06-28T07:03:21.058+0000] {processor.py:186} INFO - Started process (PID=3737) to work on /opt/airflow/dags/crimetrack_etl_common.py
[2026-06-28T07:03:21.060+0000] {processor.py:914} INFO - Processing file /opt/airflow/dags/crimetrack_etl_common.py for tasks to queue
[2026-06-28T07:03:21.064+0000] {logging_mixin.py:190} INFO - [2026-06-28T07:03:21.064+0000] {dagbag.py:588} INFO - Filling up the DagBag from /opt/airflow/dags/crimetrack_etl_common.py
[2026-06-28T07:03:22.670+0000] {processor.py:927} WARNING - No viable dags retrieved from /opt/airflow/dags/crimetrack_etl_common.py
[2026-06-28T07:03:22.749+0000] {processor.py:208} INFO - Processing /opt/airflow/dags/crimetrack_etl_common.py took 1.706 seconds
[2026-06-28T07:03:53.941+0000] {processor.py:186} INFO - Started process (PID=3800) to work on /opt/airflow/dags/crimetrack_etl_common.py
[2026-06-28T07:03:53.956+0000] {processor.py:914} INFO - Processing file /opt/airflow/dags/crimetrack_etl_common.py for tasks to queue
[2026-06-28T07:03:53.967+0000] {logging_mixin.py:190} INFO - [2026-06-28T07:03:53.965+0000] {dagbag.py:588} INFO - Filling up the DagBag from /opt/airflow/dags/crimetrack_etl_common.py
[2026-06-28T07:03:59.481+0000] {processor.py:927} WARNING - No viable dags retrieved from /opt/airflow/dags/crimetrack_etl_common.py
[2026-06-28T07:03:59.647+0000] {processor.py:208} INFO - Processing /opt/airflow/dags/crimetrack_etl_common.py took 5.933 seconds
[2026-06-28T07:04:30.598+0000] {processor.py:186} INFO - Started process (PID=3824) to work on /opt/airflow/dags/crimetrack_etl_common.py
[2026-06-28T07:04:30.651+0000] {processor.py:914} INFO - Processing file /opt/airflow/dags/crimetrack_etl_common.py for tasks to queue
[2026-06-28T07:04:30.805+0000] {logging_mixin.py:190} INFO - [2026-06-28T07:04:30.766+0000] {dagbag.py:588} INFO - Filling up the DagBag from /opt/airflow/dags/crimetrack_etl_common.py
[2026-06-28T07:05:02.941+0000] {logging_mixin.py:190} INFO - [2026-06-28T07:05:02.801+0000] {timeout.py:68} ERROR - Process timed out, PID: 3824
[2026-06-28T07:05:03.402+0000] {logging_mixin.py:190} INFO - [2026-06-28T07:05:02.977+0000] {dagbag.py:387} ERROR - Failed to import: /opt/airflow/dags/crimetrack_etl_common.py
Traceback (most recent call last):
  File "/home/airflow/.local/lib/python3.12/site-packages/airflow/models/dagbag.py", line 383, in parse
    loader.exec_module(new_module)
  File "<frozen importlib._bootstrap_external>", line 995, in exec_module
  File "<frozen importlib._bootstrap>", line 488, in _call_with_frames_removed
  File "/opt/airflow/dags/crimetrack_etl_common.py", line 24, in <module>
    import pandas as pd
  File "/home/airflow/.local/lib/python3.12/site-packages/pandas/__init__.py", line 23, in <module>
    from pandas.compat import (
  File "/home/airflow/.local/lib/python3.12/site-packages/pandas/compat/__init__.py", line 27, in <module>
    from pandas.compat.pyarrow import (
  File "/home/airflow/.local/lib/python3.12/site-packages/pandas/compat/pyarrow.py", line 8, in <module>
    import pyarrow as pa
  File "/home/airflow/.local/lib/python3.12/site-packages/pyarrow/__init__.py", line 65, in <module>
    import pyarrow.lib as _lib
  File "<frozen importlib._bootstrap>", line 645, in parent
  File "/home/airflow/.local/lib/python3.12/site-packages/airflow/utils/timeout.py", line 69, in handle_timeout
    raise AirflowTaskTimeout(self.error_message)
airflow.exceptions.AirflowTaskTimeout: DagBag import timeout for /opt/airflow/dags/crimetrack_etl_common.py after 30.0s.
Please take a look at these docs to improve your DAG import time:
* https://airflow.apache.org/docs/apache-airflow/2.10.3/best-practices.html#top-level-python-code
* https://airflow.apache.org/docs/apache-airflow/2.10.3/best-practices.html#reducing-dag-complexity, PID: 3824
[2026-06-28T07:05:03.419+0000] {processor.py:927} WARNING - No viable dags retrieved from /opt/airflow/dags/crimetrack_etl_common.py
[2026-06-28T07:05:14.054+0000] {processor.py:211} ERROR - Got an exception! Propagating...
Traceback (most recent call last):
  File "/home/airflow/.local/lib/python3.12/site-packages/sqlalchemy/engine/base.py", line 3371, in _wrap_pool_connect
    return fn()
           ^^^^
  File "/home/airflow/.local/lib/python3.12/site-packages/sqlalchemy/pool/base.py", line 327, in connect
    return _ConnectionFairy._checkout(self)
           ^^^^^^^^^^^^^^^^^^^^^^^^^^^^^^^^
  File "/home/airflow/.local/lib/python3.12/site-packages/sqlalchemy/pool/base.py", line 894, in _checkout
    fairy = _ConnectionRecord.checkout(pool)
            ^^^^^^^^^^^^^^^^^^^^^^^^^^^^^^^^
  File "/home/airflow/.local/lib/python3.12/site-packages/sqlalchemy/pool/base.py", line 493, in checkout
    rec = pool._do_get()
          ^^^^^^^^^^^^^^
  File "/home/airflow/.local/lib/python3.12/site-packages/sqlalchemy/pool/impl.py", line 145, in _do_get
    with util.safe_reraise():
         ^^^^^^^^^^^^^^^^^^^
  File "/home/airflow/.local/lib/python3.12/site-packages/sqlalchemy/util/langhelpers.py", line 70, in __exit__
    compat.raise_(
  File "/home/airflow/.local/lib/python3.12/site-packages/sqlalchemy/util/compat.py", line 211, in raise_
    raise exception
  File "/home/airflow/.local/lib/python3.12/site-packages/sqlalchemy/pool/impl.py", line 143, in _do_get
    return self._create_connection()
           ^^^^^^^^^^^^^^^^^^^^^^^^^
  File "/home/airflow/.local/lib/python3.12/site-packages/sqlalchemy/pool/base.py", line 273, in _create_connection
    return _ConnectionRecord(self)
           ^^^^^^^^^^^^^^^^^^^^^^^
  File "/home/airflow/.local/lib/python3.12/site-packages/sqlalchemy/pool/base.py", line 388, in __init__
    self.__connect()
  File "/home/airflow/.local/lib/python3.12/site-packages/sqlalchemy/pool/base.py", line 690, in __connect
    with util.safe_reraise():
         ^^^^^^^^^^^^^^^^^^^
  File "/home/airflow/.local/lib/python3.12/site-packages/sqlalchemy/util/langhelpers.py", line 70, in __exit__
    compat.raise_(
  File "/home/airflow/.local/lib/python3.12/site-packages/sqlalchemy/util/compat.py", line 211, in raise_
    raise exception
  File "/home/airflow/.local/lib/python3.12/site-packages/sqlalchemy/pool/base.py", line 686, in __connect
    self.dbapi_connection = connection = pool._invoke_creator(self)
                                         ^^^^^^^^^^^^^^^^^^^^^^^^^^
  File "/home/airflow/.local/lib/python3.12/site-packages/sqlalchemy/engine/create.py", line 574, in connect
    return dialect.connect(*cargs, **cparams)
           ^^^^^^^^^^^^^^^^^^^^^^^^^^^^^^^^^^
  File "/home/airflow/.local/lib/python3.12/site-packages/sqlalchemy/engine/default.py", line 598, in connect
    return self.dbapi.connect(*cargs, **cparams)
           ^^^^^^^^^^^^^^^^^^^^^^^^^^^^^^^^^^^^^
  File "/home/airflow/.local/lib/python3.12/site-packages/psycopg2/__init__.py", line 122, in connect
    conn = _connect(dsn, connection_factory=connection_factory, **kwasync)
           ^^^^^^^^^^^^^^^^^^^^^^^^^^^^^^^^^^^^^^^^^^^^^^^^^^^^^^^^^^^^^^^
psycopg2.OperationalError: could not translate host name "airflow-postgres" to address: Temporary failure in name resolution


The above exception was the direct cause of the following exception:

Traceback (most recent call last):
  File "/home/airflow/.local/lib/python3.12/site-packages/airflow/dag_processing/processor.py", line 207, in _run_file_processor
    _handle_dag_file_processing()
  File "/home/airflow/.local/lib/python3.12/site-packages/airflow/dag_processing/processor.py", line 188, in _handle_dag_file_processing
    result: tuple[int, int, int] = dag_file_processor.process_file(
                                   ^^^^^^^^^^^^^^^^^^^^^^^^^^^^^^^^
  File "/home/airflow/.local/lib/python3.12/site-packages/airflow/utils/session.py", line 97, in wrapper
    return func(*args, session=session, **kwargs)
           ^^^^^^^^^^^^^^^^^^^^^^^^^^^^^^^^^^^^^^
  File "/home/airflow/.local/lib/python3.12/site-packages/airflow/dag_processing/processor.py", line 928, in process_file
    DagFileProcessor.update_import_errors(
  File "/home/airflow/.local/lib/python3.12/site-packages/airflow/api_internal/internal_api_call.py", line 166, in wrapper
    return func(*args, **kwargs)
           ^^^^^^^^^^^^^^^^^^^^^
  File "/home/airflow/.local/lib/python3.12/site-packages/airflow/utils/session.py", line 97, in wrapper
    return func(*args, session=session, **kwargs)
           ^^^^^^^^^^^^^^^^^^^^^^^^^^^^^^^^^^^^^^
  File "/home/airflow/.local/lib/python3.12/site-packages/airflow/dag_processing/processor.py", line 648, in update_import_errors
    existing_import_error_files = [x.filename for x in session.query(ParseImportError.filename).all()]
                                                       ^^^^^^^^^^^^^^^^^^^^^^^^^^^^^^^^^^^^^^^^^^^^^^
  File "/home/airflow/.local/lib/python3.12/site-packages/sqlalchemy/orm/query.py", line 2773, in all
    return self._iter().all()
           ^^^^^^^^^^^^
  File "/home/airflow/.local/lib/python3.12/site-packages/sqlalchemy/orm/query.py", line 2916, in _iter
    result = self.session.execute(
             ^^^^^^^^^^^^^^^^^^^^^
  File "/home/airflow/.local/lib/python3.12/site-packages/sqlalchemy/orm/session.py", line 1716, in execute
    conn = self._connection_for_bind(bind)
           ^^^^^^^^^^^^^^^^^^^^^^^^^^^^^^^
  File "/home/airflow/.local/lib/python3.12/site-packages/sqlalchemy/orm/session.py", line 1555, in _connection_for_bind
    return self._transaction._connection_for_bind(
           ^^^^^^^^^^^^^^^^^^^^^^^^^^^^^^^^^^^^^^^
  File "/home/airflow/.local/lib/python3.12/site-packages/sqlalchemy/orm/session.py", line 750, in _connection_for_bind
    conn = bind.connect()
           ^^^^^^^^^^^^^^
  File "/home/airflow/.local/lib/python3.12/site-packages/sqlalchemy/future/engine.py", line 412, in connect
    return super(Engine, self).connect()
           ^^^^^^^^^^^^^^^^^^^^^^^^^^^^^
  File "/home/airflow/.local/lib/python3.12/site-packages/sqlalchemy/engine/base.py", line 3325, in connect
    return self._connection_cls(self, close_with_result=close_with_result)
           ^^^^^^^^^^^^^^^^^^^^^^^^^^^^^^^^^^^^^^^^^^^^^^^^^^^^^^^^^^^^^^^
  File "/home/airflow/.local/lib/python3.12/site-packages/sqlalchemy/engine/base.py", line 96, in __init__
    else engine.raw_connection()
         ^^^^^^^^^^^^^^^^^^^^^^^
  File "/home/airflow/.local/lib/python3.12/site-packages/sqlalchemy/engine/base.py", line 3404, in raw_connection
    return self._wrap_pool_connect(self.pool.connect, _connection)
           ^^^^^^^^^^^^^^^^^^^^^^^^^^^^^^^^^^^^^^^^^^^^^^^^^^^^^^^
  File "/home/airflow/.local/lib/python3.12/site-packages/sqlalchemy/engine/base.py", line 3374, in _wrap_pool_connect
    Connection._handle_dbapi_exception_noconnection(
  File "/home/airflow/.local/lib/python3.12/site-packages/sqlalchemy/engine/base.py", line 2208, in _handle_dbapi_exception_noconnection
    util.raise_(
  File "/home/airflow/.local/lib/python3.12/site-packages/sqlalchemy/util/compat.py", line 211, in raise_
    raise exception
  File "/home/airflow/.local/lib/python3.12/site-packages/sqlalchemy/engine/base.py", line 3371, in _wrap_pool_connect
    return fn()
           ^^^^
  File "/home/airflow/.local/lib/python3.12/site-packages/sqlalchemy/pool/base.py", line 327, in connect
    return _ConnectionFairy._checkout(self)
           ^^^^^^^^^^^^^^^^^^^^^^^^^^^^^^^^
  File "/home/airflow/.local/lib/python3.12/site-packages/sqlalchemy/pool/base.py", line 894, in _checkout
    fairy = _ConnectionRecord.checkout(pool)
            ^^^^^^^^^^^^^^^^^^^^^^^^^^^^^^^^
  File "/home/airflow/.local/lib/python3.12/site-packages/sqlalchemy/pool/base.py", line 493, in checkout
    rec = pool._do_get()
          ^^^^^^^^^^^^^^
  File "/home/airflow/.local/lib/python3.12/site-packages/sqlalchemy/pool/impl.py", line 145, in _do_get
    with util.safe_reraise():
         ^^^^^^^^^^^^^^^^^^^
  File "/home/airflow/.local/lib/python3.12/site-packages/sqlalchemy/util/langhelpers.py", line 70, in __exit__
    compat.raise_(
  File "/home/airflow/.local/lib/python3.12/site-packages/sqlalchemy/util/compat.py", line 211, in raise_
    raise exception
  File "/home/airflow/.local/lib/python3.12/site-packages/sqlalchemy/pool/impl.py", line 143, in _do_get
    return self._create_connection()
           ^^^^^^^^^^^^^^^^^^^^^^^^^
  File "/home/airflow/.local/lib/python3.12/site-packages/sqlalchemy/pool/base.py", line 273, in _create_connection
    return _ConnectionRecord(self)
           ^^^^^^^^^^^^^^^^^^^^^^^
  File "/home/airflow/.local/lib/python3.12/site-packages/sqlalchemy/pool/base.py", line 388, in __init__
    self.__connect()
  File "/home/airflow/.local/lib/python3.12/site-packages/sqlalchemy/pool/base.py", line 690, in __connect
    with util.safe_reraise():
         ^^^^^^^^^^^^^^^^^^^
  File "/home/airflow/.local/lib/python3.12/site-packages/sqlalchemy/util/langhelpers.py", line 70, in __exit__
    compat.raise_(
  File "/home/airflow/.local/lib/python3.12/site-packages/sqlalchemy/util/compat.py", line 211, in raise_
    raise exception
  File "/home/airflow/.local/lib/python3.12/site-packages/sqlalchemy/pool/base.py", line 686, in __connect
    self.dbapi_connection = connection = pool._invoke_creator(self)
                                         ^^^^^^^^^^^^^^^^^^^^^^^^^^
  File "/home/airflow/.local/lib/python3.12/site-packages/sqlalchemy/engine/create.py", line 574, in connect
    return dialect.connect(*cargs, **cparams)
           ^^^^^^^^^^^^^^^^^^^^^^^^^^^^^^^^^^
  File "/home/airflow/.local/lib/python3.12/site-packages/sqlalchemy/engine/default.py", line 598, in connect
    return self.dbapi.connect(*cargs, **cparams)
           ^^^^^^^^^^^^^^^^^^^^^^^^^^^^^^^^^^^^^
  File "/home/airflow/.local/lib/python3.12/site-packages/psycopg2/__init__.py", line 122, in connect
    conn = _connect(dsn, connection_factory=connection_factory, **kwasync)
           ^^^^^^^^^^^^^^^^^^^^^^^^^^^^^^^^^^^^^^^^^^^^^^^^^^^^^^^^^^^^^^^
sqlalchemy.exc.OperationalError: (psycopg2.OperationalError) could not translate host name "airflow-postgres" to address: Temporary failure in name resolution

(Background on this error at: https://sqlalche.me/e/14/e3q8)
