[2026-06-29T00:26:25.235+0000] {local_task_job_runner.py:123} INFO - ::group::Pre task execution logs
[2026-06-29T00:26:25.265+0000] {taskinstance.py:2613} INFO - Dependencies all met for dep_context=non-requeueable deps ti=<TaskInstance: dag_data_quality_checks.check_logical_integrity manual__2026-06-29T00:26:15.114497+00:00 [queued]>
[2026-06-29T00:26:25.279+0000] {taskinstance.py:2613} INFO - Dependencies all met for dep_context=requeueable deps ti=<TaskInstance: dag_data_quality_checks.check_logical_integrity manual__2026-06-29T00:26:15.114497+00:00 [queued]>
[2026-06-29T00:26:25.280+0000] {taskinstance.py:2866} INFO - Starting attempt 1 of 1
[2026-06-29T00:26:25.297+0000] {taskinstance.py:2889} INFO - Executing <Task(PythonOperator): check_logical_integrity> on 2026-06-29 00:26:15.114497+00:00
[2026-06-29T00:26:25.315+0000] {logging_mixin.py:190} WARNING - /home/***/.local/lib/python3.12/site-packages/***/task/task_runner/standard_task_runner.py:70 DeprecationWarning: This process (pid=269) is multi-threaded, use of fork() may lead to deadlocks in the child.
[2026-06-29T00:26:25.314+0000] {standard_task_runner.py:104} INFO - Running: ['***', 'tasks', 'run', 'dag_data_quality_checks', 'check_logical_integrity', 'manual__2026-06-29T00:26:15.114497+00:00', '--job-id', '23', '--raw', '--subdir', 'DAGS_FOLDER/dag_data_quality_checks.py', '--cfg-path', '/tmp/tmp9m4sfwvk']
[2026-06-29T00:26:25.322+0000] {standard_task_runner.py:72} INFO - Started process 280 to run task
[2026-06-29T00:26:25.323+0000] {standard_task_runner.py:105} INFO - Job 23: Subtask check_logical_integrity
[2026-06-29T00:26:25.438+0000] {task_command.py:467} INFO - Running <TaskInstance: dag_data_quality_checks.check_logical_integrity manual__2026-06-29T00:26:15.114497+00:00 [running]> on host 863e1c870728
[2026-06-29T00:26:25.593+0000] {taskinstance.py:3132} INFO - Exporting env vars: AIRFLOW_CTX_DAG_OWNER='***' AIRFLOW_CTX_DAG_ID='dag_data_quality_checks' AIRFLOW_CTX_TASK_ID='check_logical_integrity' AIRFLOW_CTX_EXECUTION_DATE='2026-06-29T00:26:15.114497+00:00' AIRFLOW_CTX_TRY_NUMBER='1' AIRFLOW_CTX_DAG_RUN_ID='manual__2026-06-29T00:26:15.114497+00:00'
[2026-06-29T00:26:25.596+0000] {taskinstance.py:731} INFO - ::endgroup::
[2026-06-29T00:26:25.677+0000] {logging_mixin.py:190} INFO - == Integridad lógica entre tablas ==
[2026-06-29T00:26:25.709+0000] {logging_mixin.py:190} INFO -   incidentes con expediente inexistente: 0
[2026-06-29T00:26:25.754+0000] {logging_mixin.py:190} INFO -   fact_crimes con fk_distrito huérfano: 0
[2026-06-29T00:26:25.795+0000] {logging_mixin.py:190} INFO -   fact_crimes con fk_tipo_crimen huérfano: 0
[2026-06-29T00:26:25.797+0000] {logging_mixin.py:190} INFO - OK: chequeo de integridad lógica finalizado.
[2026-06-29T00:26:25.799+0000] {python.py:240} INFO - Done. Returned value was: None
[2026-06-29T00:26:25.825+0000] {taskinstance.py:340} INFO - ::group::Post task execution logs
[2026-06-29T00:26:25.826+0000] {taskinstance.py:352} INFO - Marking task as SUCCESS. dag_id=dag_data_quality_checks, task_id=check_logical_integrity, run_id=manual__2026-06-29T00:26:15.114497+00:00, execution_date=20260629T002615, start_date=20260629T002625, end_date=20260629T002625
[2026-06-29T00:26:25.862+0000] {local_task_job_runner.py:266} INFO - Task exited with return code 0
[2026-06-29T00:26:25.896+0000] {taskinstance.py:3895} INFO - 1 downstream tasks scheduled from follow-on schedule check
[2026-06-29T00:26:25.899+0000] {local_task_job_runner.py:245} INFO - ::endgroup::
