[2026-06-29T00:25:48.294+0000] {processor.py:186} INFO - Started process (PID=185) to work on /opt/airflow/dags/crimetrack_etl_common.py
[2026-06-29T00:25:48.302+0000] {processor.py:914} INFO - Processing file /opt/airflow/dags/crimetrack_etl_common.py for tasks to queue
[2026-06-29T00:25:48.312+0000] {logging_mixin.py:190} INFO - [2026-06-29T00:25:48.310+0000] {dagbag.py:588} INFO - Filling up the DagBag from /opt/airflow/dags/crimetrack_etl_common.py
[2026-06-29T00:25:51.119+0000] {processor.py:927} WARNING - No viable dags retrieved from /opt/airflow/dags/crimetrack_etl_common.py
[2026-06-29T00:25:51.148+0000] {processor.py:208} INFO - Processing /opt/airflow/dags/crimetrack_etl_common.py took 2.877 seconds
[2026-06-29T00:26:21.730+0000] {processor.py:186} INFO - Started process (PID=247) to work on /opt/airflow/dags/crimetrack_etl_common.py
[2026-06-29T00:26:21.734+0000] {processor.py:914} INFO - Processing file /opt/airflow/dags/crimetrack_etl_common.py for tasks to queue
[2026-06-29T00:26:21.774+0000] {logging_mixin.py:190} INFO - [2026-06-29T00:26:21.768+0000] {dagbag.py:588} INFO - Filling up the DagBag from /opt/airflow/dags/crimetrack_etl_common.py
[2026-06-29T00:26:23.278+0000] {processor.py:927} WARNING - No viable dags retrieved from /opt/airflow/dags/crimetrack_etl_common.py
[2026-06-29T00:26:23.306+0000] {processor.py:208} INFO - Processing /opt/airflow/dags/crimetrack_etl_common.py took 1.675 seconds
[2026-06-29T00:26:54.140+0000] {processor.py:186} INFO - Started process (PID=332) to work on /opt/airflow/dags/crimetrack_etl_common.py
[2026-06-29T00:26:54.142+0000] {processor.py:914} INFO - Processing file /opt/airflow/dags/crimetrack_etl_common.py for tasks to queue
[2026-06-29T00:26:54.147+0000] {logging_mixin.py:190} INFO - [2026-06-29T00:26:54.147+0000] {dagbag.py:588} INFO - Filling up the DagBag from /opt/airflow/dags/crimetrack_etl_common.py
[2026-06-29T00:26:54.901+0000] {processor.py:927} WARNING - No viable dags retrieved from /opt/airflow/dags/crimetrack_etl_common.py
[2026-06-29T00:26:54.925+0000] {processor.py:208} INFO - Processing /opt/airflow/dags/crimetrack_etl_common.py took 0.798 seconds
[2026-06-29T00:27:25.503+0000] {processor.py:186} INFO - Started process (PID=369) to work on /opt/airflow/dags/crimetrack_etl_common.py
[2026-06-29T00:27:25.505+0000] {processor.py:914} INFO - Processing file /opt/airflow/dags/crimetrack_etl_common.py for tasks to queue
[2026-06-29T00:27:25.510+0000] {logging_mixin.py:190} INFO - [2026-06-29T00:27:25.509+0000] {dagbag.py:588} INFO - Filling up the DagBag from /opt/airflow/dags/crimetrack_etl_common.py
[2026-06-29T00:27:26.253+0000] {processor.py:927} WARNING - No viable dags retrieved from /opt/airflow/dags/crimetrack_etl_common.py
[2026-06-29T00:27:26.278+0000] {processor.py:208} INFO - Processing /opt/airflow/dags/crimetrack_etl_common.py took 0.787 seconds
[2026-06-29T00:27:56.709+0000] {processor.py:186} INFO - Started process (PID=406) to work on /opt/airflow/dags/crimetrack_etl_common.py
[2026-06-29T00:27:56.711+0000] {processor.py:914} INFO - Processing file /opt/airflow/dags/crimetrack_etl_common.py for tasks to queue
[2026-06-29T00:27:56.716+0000] {logging_mixin.py:190} INFO - [2026-06-29T00:27:56.715+0000] {dagbag.py:588} INFO - Filling up the DagBag from /opt/airflow/dags/crimetrack_etl_common.py
[2026-06-29T00:27:57.388+0000] {processor.py:927} WARNING - No viable dags retrieved from /opt/airflow/dags/crimetrack_etl_common.py
[2026-06-29T00:27:57.411+0000] {processor.py:208} INFO - Processing /opt/airflow/dags/crimetrack_etl_common.py took 0.711 seconds
[2026-06-29T00:28:27.840+0000] {processor.py:186} INFO - Started process (PID=444) to work on /opt/airflow/dags/crimetrack_etl_common.py
[2026-06-29T00:28:27.842+0000] {processor.py:914} INFO - Processing file /opt/airflow/dags/crimetrack_etl_common.py for tasks to queue
[2026-06-29T00:28:27.846+0000] {logging_mixin.py:190} INFO - [2026-06-29T00:28:27.846+0000] {dagbag.py:588} INFO - Filling up the DagBag from /opt/airflow/dags/crimetrack_etl_common.py
[2026-06-29T00:28:28.485+0000] {processor.py:927} WARNING - No viable dags retrieved from /opt/airflow/dags/crimetrack_etl_common.py
[2026-06-29T00:28:28.509+0000] {processor.py:208} INFO - Processing /opt/airflow/dags/crimetrack_etl_common.py took 0.679 seconds
[2026-06-29T00:28:58.878+0000] {processor.py:186} INFO - Started process (PID=481) to work on /opt/airflow/dags/crimetrack_etl_common.py
[2026-06-29T00:28:58.880+0000] {processor.py:914} INFO - Processing file /opt/airflow/dags/crimetrack_etl_common.py for tasks to queue
[2026-06-29T00:28:58.886+0000] {logging_mixin.py:190} INFO - [2026-06-29T00:28:58.885+0000] {dagbag.py:588} INFO - Filling up the DagBag from /opt/airflow/dags/crimetrack_etl_common.py
[2026-06-29T00:28:59.592+0000] {processor.py:927} WARNING - No viable dags retrieved from /opt/airflow/dags/crimetrack_etl_common.py
[2026-06-29T00:28:59.620+0000] {processor.py:208} INFO - Processing /opt/airflow/dags/crimetrack_etl_common.py took 0.754 seconds
[2026-06-29T00:29:30.306+0000] {processor.py:186} INFO - Started process (PID=519) to work on /opt/airflow/dags/crimetrack_etl_common.py
[2026-06-29T00:29:30.309+0000] {processor.py:914} INFO - Processing file /opt/airflow/dags/crimetrack_etl_common.py for tasks to queue
[2026-06-29T00:29:30.315+0000] {logging_mixin.py:190} INFO - [2026-06-29T00:29:30.314+0000] {dagbag.py:588} INFO - Filling up the DagBag from /opt/airflow/dags/crimetrack_etl_common.py
[2026-06-29T00:29:31.168+0000] {processor.py:927} WARNING - No viable dags retrieved from /opt/airflow/dags/crimetrack_etl_common.py
[2026-06-29T00:29:31.193+0000] {processor.py:208} INFO - Processing /opt/airflow/dags/crimetrack_etl_common.py took 0.904 seconds
[2026-06-29T00:30:02.176+0000] {processor.py:186} INFO - Started process (PID=556) to work on /opt/airflow/dags/crimetrack_etl_common.py
[2026-06-29T00:30:02.179+0000] {processor.py:914} INFO - Processing file /opt/airflow/dags/crimetrack_etl_common.py for tasks to queue
[2026-06-29T00:30:02.185+0000] {logging_mixin.py:190} INFO - [2026-06-29T00:30:02.184+0000] {dagbag.py:588} INFO - Filling up the DagBag from /opt/airflow/dags/crimetrack_etl_common.py
[2026-06-29T00:30:03.097+0000] {processor.py:927} WARNING - No viable dags retrieved from /opt/airflow/dags/crimetrack_etl_common.py
[2026-06-29T00:30:03.122+0000] {processor.py:208} INFO - Processing /opt/airflow/dags/crimetrack_etl_common.py took 0.958 seconds
[2026-06-29T00:30:33.722+0000] {processor.py:186} INFO - Started process (PID=593) to work on /opt/airflow/dags/crimetrack_etl_common.py
[2026-06-29T00:30:33.724+0000] {processor.py:914} INFO - Processing file /opt/airflow/dags/crimetrack_etl_common.py for tasks to queue
[2026-06-29T00:30:33.728+0000] {logging_mixin.py:190} INFO - [2026-06-29T00:30:33.727+0000] {dagbag.py:588} INFO - Filling up the DagBag from /opt/airflow/dags/crimetrack_etl_common.py
[2026-06-29T00:30:34.410+0000] {processor.py:927} WARNING - No viable dags retrieved from /opt/airflow/dags/crimetrack_etl_common.py
[2026-06-29T00:30:34.434+0000] {processor.py:208} INFO - Processing /opt/airflow/dags/crimetrack_etl_common.py took 0.720 seconds
[2026-06-29T00:31:04.928+0000] {processor.py:186} INFO - Started process (PID=630) to work on /opt/airflow/dags/crimetrack_etl_common.py
[2026-06-29T00:31:04.931+0000] {processor.py:914} INFO - Processing file /opt/airflow/dags/crimetrack_etl_common.py for tasks to queue
[2026-06-29T00:31:04.937+0000] {logging_mixin.py:190} INFO - [2026-06-29T00:31:04.936+0000] {dagbag.py:588} INFO - Filling up the DagBag from /opt/airflow/dags/crimetrack_etl_common.py
[2026-06-29T00:31:05.619+0000] {processor.py:927} WARNING - No viable dags retrieved from /opt/airflow/dags/crimetrack_etl_common.py
[2026-06-29T00:31:05.643+0000] {processor.py:208} INFO - Processing /opt/airflow/dags/crimetrack_etl_common.py took 0.728 seconds
[2026-06-29T00:31:36.089+0000] {processor.py:186} INFO - Started process (PID=668) to work on /opt/airflow/dags/crimetrack_etl_common.py
[2026-06-29T00:31:36.092+0000] {processor.py:914} INFO - Processing file /opt/airflow/dags/crimetrack_etl_common.py for tasks to queue
[2026-06-29T00:31:36.099+0000] {logging_mixin.py:190} INFO - [2026-06-29T00:31:36.098+0000] {dagbag.py:588} INFO - Filling up the DagBag from /opt/airflow/dags/crimetrack_etl_common.py
[2026-06-29T00:31:36.802+0000] {processor.py:927} WARNING - No viable dags retrieved from /opt/airflow/dags/crimetrack_etl_common.py
[2026-06-29T00:31:36.825+0000] {processor.py:208} INFO - Processing /opt/airflow/dags/crimetrack_etl_common.py took 0.749 seconds
[2026-06-29T00:32:07.192+0000] {processor.py:186} INFO - Started process (PID=705) to work on /opt/airflow/dags/crimetrack_etl_common.py
[2026-06-29T00:32:07.194+0000] {processor.py:914} INFO - Processing file /opt/airflow/dags/crimetrack_etl_common.py for tasks to queue
[2026-06-29T00:32:07.201+0000] {logging_mixin.py:190} INFO - [2026-06-29T00:32:07.200+0000] {dagbag.py:588} INFO - Filling up the DagBag from /opt/airflow/dags/crimetrack_etl_common.py
[2026-06-29T00:32:08.061+0000] {processor.py:927} WARNING - No viable dags retrieved from /opt/airflow/dags/crimetrack_etl_common.py
[2026-06-29T00:32:08.093+0000] {processor.py:208} INFO - Processing /opt/airflow/dags/crimetrack_etl_common.py took 0.914 seconds
[2026-06-29T00:32:38.579+0000] {processor.py:186} INFO - Started process (PID=741) to work on /opt/airflow/dags/crimetrack_etl_common.py
[2026-06-29T00:32:38.582+0000] {processor.py:914} INFO - Processing file /opt/airflow/dags/crimetrack_etl_common.py for tasks to queue
[2026-06-29T00:32:38.588+0000] {logging_mixin.py:190} INFO - [2026-06-29T00:32:38.587+0000] {dagbag.py:588} INFO - Filling up the DagBag from /opt/airflow/dags/crimetrack_etl_common.py
[2026-06-29T00:32:39.692+0000] {processor.py:927} WARNING - No viable dags retrieved from /opt/airflow/dags/crimetrack_etl_common.py
[2026-06-29T00:32:39.745+0000] {processor.py:208} INFO - Processing /opt/airflow/dags/crimetrack_etl_common.py took 1.182 seconds
[2026-06-29T00:33:10.527+0000] {processor.py:186} INFO - Started process (PID=771) to work on /opt/airflow/dags/crimetrack_etl_common.py
[2026-06-29T00:33:10.530+0000] {processor.py:914} INFO - Processing file /opt/airflow/dags/crimetrack_etl_common.py for tasks to queue
[2026-06-29T00:33:10.540+0000] {logging_mixin.py:190} INFO - [2026-06-29T00:33:10.539+0000] {dagbag.py:588} INFO - Filling up the DagBag from /opt/airflow/dags/crimetrack_etl_common.py
[2026-06-29T00:33:11.187+0000] {processor.py:927} WARNING - No viable dags retrieved from /opt/airflow/dags/crimetrack_etl_common.py
[2026-06-29T00:33:11.211+0000] {processor.py:208} INFO - Processing /opt/airflow/dags/crimetrack_etl_common.py took 0.695 seconds
[2026-06-29T00:33:41.582+0000] {processor.py:186} INFO - Started process (PID=808) to work on /opt/airflow/dags/crimetrack_etl_common.py
[2026-06-29T00:33:41.583+0000] {processor.py:914} INFO - Processing file /opt/airflow/dags/crimetrack_etl_common.py for tasks to queue
[2026-06-29T00:33:41.587+0000] {logging_mixin.py:190} INFO - [2026-06-29T00:33:41.586+0000] {dagbag.py:588} INFO - Filling up the DagBag from /opt/airflow/dags/crimetrack_etl_common.py
[2026-06-29T00:33:42.344+0000] {processor.py:927} WARNING - No viable dags retrieved from /opt/airflow/dags/crimetrack_etl_common.py
[2026-06-29T00:33:42.370+0000] {processor.py:208} INFO - Processing /opt/airflow/dags/crimetrack_etl_common.py took 0.804 seconds
[2026-06-29T00:34:12.967+0000] {processor.py:186} INFO - Started process (PID=845) to work on /opt/airflow/dags/crimetrack_etl_common.py
[2026-06-29T00:34:12.970+0000] {processor.py:914} INFO - Processing file /opt/airflow/dags/crimetrack_etl_common.py for tasks to queue
[2026-06-29T00:34:12.975+0000] {logging_mixin.py:190} INFO - [2026-06-29T00:34:12.974+0000] {dagbag.py:588} INFO - Filling up the DagBag from /opt/airflow/dags/crimetrack_etl_common.py
[2026-06-29T00:34:13.682+0000] {processor.py:927} WARNING - No viable dags retrieved from /opt/airflow/dags/crimetrack_etl_common.py
[2026-06-29T00:34:13.705+0000] {processor.py:208} INFO - Processing /opt/airflow/dags/crimetrack_etl_common.py took 0.756 seconds
[2026-06-29T00:34:44.066+0000] {processor.py:186} INFO - Started process (PID=882) to work on /opt/airflow/dags/crimetrack_etl_common.py
[2026-06-29T00:34:44.069+0000] {processor.py:914} INFO - Processing file /opt/airflow/dags/crimetrack_etl_common.py for tasks to queue
[2026-06-29T00:34:44.074+0000] {logging_mixin.py:190} INFO - [2026-06-29T00:34:44.074+0000] {dagbag.py:588} INFO - Filling up the DagBag from /opt/airflow/dags/crimetrack_etl_common.py
[2026-06-29T00:34:44.694+0000] {processor.py:927} WARNING - No viable dags retrieved from /opt/airflow/dags/crimetrack_etl_common.py
[2026-06-29T00:34:44.718+0000] {processor.py:208} INFO - Processing /opt/airflow/dags/crimetrack_etl_common.py took 0.662 seconds
[2026-06-29T00:35:14.976+0000] {processor.py:186} INFO - Started process (PID=919) to work on /opt/airflow/dags/crimetrack_etl_common.py
[2026-06-29T00:35:14.978+0000] {processor.py:914} INFO - Processing file /opt/airflow/dags/crimetrack_etl_common.py for tasks to queue
[2026-06-29T00:35:14.982+0000] {logging_mixin.py:190} INFO - [2026-06-29T00:35:14.982+0000] {dagbag.py:588} INFO - Filling up the DagBag from /opt/airflow/dags/crimetrack_etl_common.py
[2026-06-29T00:35:15.394+0000] {processor.py:927} WARNING - No viable dags retrieved from /opt/airflow/dags/crimetrack_etl_common.py
[2026-06-29T00:35:15.427+0000] {processor.py:208} INFO - Processing /opt/airflow/dags/crimetrack_etl_common.py took 0.460 seconds
[2026-06-29T00:35:45.743+0000] {processor.py:186} INFO - Started process (PID=956) to work on /opt/airflow/dags/crimetrack_etl_common.py
[2026-06-29T00:35:45.745+0000] {processor.py:914} INFO - Processing file /opt/airflow/dags/crimetrack_etl_common.py for tasks to queue
[2026-06-29T00:35:45.750+0000] {logging_mixin.py:190} INFO - [2026-06-29T00:35:45.749+0000] {dagbag.py:588} INFO - Filling up the DagBag from /opt/airflow/dags/crimetrack_etl_common.py
[2026-06-29T00:35:46.154+0000] {processor.py:927} WARNING - No viable dags retrieved from /opt/airflow/dags/crimetrack_etl_common.py
[2026-06-29T00:35:46.182+0000] {processor.py:208} INFO - Processing /opt/airflow/dags/crimetrack_etl_common.py took 0.451 seconds
[2026-06-29T00:36:16.447+0000] {processor.py:186} INFO - Started process (PID=993) to work on /opt/airflow/dags/crimetrack_etl_common.py
[2026-06-29T00:36:16.449+0000] {processor.py:914} INFO - Processing file /opt/airflow/dags/crimetrack_etl_common.py for tasks to queue
[2026-06-29T00:36:16.455+0000] {logging_mixin.py:190} INFO - [2026-06-29T00:36:16.454+0000] {dagbag.py:588} INFO - Filling up the DagBag from /opt/airflow/dags/crimetrack_etl_common.py
[2026-06-29T00:36:16.887+0000] {processor.py:927} WARNING - No viable dags retrieved from /opt/airflow/dags/crimetrack_etl_common.py
[2026-06-29T00:36:16.914+0000] {processor.py:208} INFO - Processing /opt/airflow/dags/crimetrack_etl_common.py took 0.478 seconds
[2026-06-29T00:36:47.173+0000] {processor.py:186} INFO - Started process (PID=1030) to work on /opt/airflow/dags/crimetrack_etl_common.py
[2026-06-29T00:36:47.175+0000] {processor.py:914} INFO - Processing file /opt/airflow/dags/crimetrack_etl_common.py for tasks to queue
[2026-06-29T00:36:47.179+0000] {logging_mixin.py:190} INFO - [2026-06-29T00:36:47.179+0000] {dagbag.py:588} INFO - Filling up the DagBag from /opt/airflow/dags/crimetrack_etl_common.py
[2026-06-29T00:36:47.565+0000] {processor.py:927} WARNING - No viable dags retrieved from /opt/airflow/dags/crimetrack_etl_common.py
[2026-06-29T00:36:47.597+0000] {processor.py:208} INFO - Processing /opt/airflow/dags/crimetrack_etl_common.py took 0.431 seconds
[2026-06-29T00:37:17.889+0000] {processor.py:186} INFO - Started process (PID=1067) to work on /opt/airflow/dags/crimetrack_etl_common.py
[2026-06-29T00:37:17.891+0000] {processor.py:914} INFO - Processing file /opt/airflow/dags/crimetrack_etl_common.py for tasks to queue
[2026-06-29T00:37:17.896+0000] {logging_mixin.py:190} INFO - [2026-06-29T00:37:17.895+0000] {dagbag.py:588} INFO - Filling up the DagBag from /opt/airflow/dags/crimetrack_etl_common.py
[2026-06-29T00:37:18.307+0000] {processor.py:927} WARNING - No viable dags retrieved from /opt/airflow/dags/crimetrack_etl_common.py
[2026-06-29T00:37:18.335+0000] {processor.py:208} INFO - Processing /opt/airflow/dags/crimetrack_etl_common.py took 0.460 seconds
[2026-06-29T00:37:48.586+0000] {processor.py:186} INFO - Started process (PID=1104) to work on /opt/airflow/dags/crimetrack_etl_common.py
[2026-06-29T00:37:48.588+0000] {processor.py:914} INFO - Processing file /opt/airflow/dags/crimetrack_etl_common.py for tasks to queue
[2026-06-29T00:37:48.592+0000] {logging_mixin.py:190} INFO - [2026-06-29T00:37:48.592+0000] {dagbag.py:588} INFO - Filling up the DagBag from /opt/airflow/dags/crimetrack_etl_common.py
[2026-06-29T00:37:48.978+0000] {processor.py:927} WARNING - No viable dags retrieved from /opt/airflow/dags/crimetrack_etl_common.py
[2026-06-29T00:37:49.004+0000] {processor.py:208} INFO - Processing /opt/airflow/dags/crimetrack_etl_common.py took 0.428 seconds
[2026-06-29T00:38:19.462+0000] {processor.py:186} INFO - Started process (PID=1141) to work on /opt/airflow/dags/crimetrack_etl_common.py
[2026-06-29T00:38:19.464+0000] {processor.py:914} INFO - Processing file /opt/airflow/dags/crimetrack_etl_common.py for tasks to queue
[2026-06-29T00:38:19.468+0000] {logging_mixin.py:190} INFO - [2026-06-29T00:38:19.467+0000] {dagbag.py:588} INFO - Filling up the DagBag from /opt/airflow/dags/crimetrack_etl_common.py
[2026-06-29T00:38:19.876+0000] {processor.py:927} WARNING - No viable dags retrieved from /opt/airflow/dags/crimetrack_etl_common.py
[2026-06-29T00:38:19.928+0000] {processor.py:208} INFO - Processing /opt/airflow/dags/crimetrack_etl_common.py took 0.474 seconds
[2026-06-29T00:38:50.264+0000] {processor.py:186} INFO - Started process (PID=1177) to work on /opt/airflow/dags/crimetrack_etl_common.py
[2026-06-29T00:38:50.266+0000] {processor.py:914} INFO - Processing file /opt/airflow/dags/crimetrack_etl_common.py for tasks to queue
[2026-06-29T00:38:50.272+0000] {logging_mixin.py:190} INFO - [2026-06-29T00:38:50.271+0000] {dagbag.py:588} INFO - Filling up the DagBag from /opt/airflow/dags/crimetrack_etl_common.py
[2026-06-29T00:38:50.975+0000] {processor.py:927} WARNING - No viable dags retrieved from /opt/airflow/dags/crimetrack_etl_common.py
[2026-06-29T00:38:51.010+0000] {processor.py:208} INFO - Processing /opt/airflow/dags/crimetrack_etl_common.py took 0.756 seconds
[2026-06-29T00:39:21.276+0000] {processor.py:186} INFO - Started process (PID=1207) to work on /opt/airflow/dags/crimetrack_etl_common.py
[2026-06-29T00:39:21.278+0000] {processor.py:914} INFO - Processing file /opt/airflow/dags/crimetrack_etl_common.py for tasks to queue
[2026-06-29T00:39:21.283+0000] {logging_mixin.py:190} INFO - [2026-06-29T00:39:21.282+0000] {dagbag.py:588} INFO - Filling up the DagBag from /opt/airflow/dags/crimetrack_etl_common.py
[2026-06-29T00:39:21.704+0000] {processor.py:927} WARNING - No viable dags retrieved from /opt/airflow/dags/crimetrack_etl_common.py
[2026-06-29T00:39:21.751+0000] {processor.py:208} INFO - Processing /opt/airflow/dags/crimetrack_etl_common.py took 0.486 seconds
[2026-06-29T00:39:51.923+0000] {processor.py:186} INFO - Started process (PID=1244) to work on /opt/airflow/dags/crimetrack_etl_common.py
[2026-06-29T00:39:51.925+0000] {processor.py:914} INFO - Processing file /opt/airflow/dags/crimetrack_etl_common.py for tasks to queue
[2026-06-29T00:39:51.929+0000] {logging_mixin.py:190} INFO - [2026-06-29T00:39:51.929+0000] {dagbag.py:588} INFO - Filling up the DagBag from /opt/airflow/dags/crimetrack_etl_common.py
[2026-06-29T00:39:52.293+0000] {processor.py:927} WARNING - No viable dags retrieved from /opt/airflow/dags/crimetrack_etl_common.py
[2026-06-29T00:39:52.317+0000] {processor.py:208} INFO - Processing /opt/airflow/dags/crimetrack_etl_common.py took 0.406 seconds
[2026-06-29T00:40:22.730+0000] {processor.py:186} INFO - Started process (PID=1281) to work on /opt/airflow/dags/crimetrack_etl_common.py
[2026-06-29T00:40:22.732+0000] {processor.py:914} INFO - Processing file /opt/airflow/dags/crimetrack_etl_common.py for tasks to queue
[2026-06-29T00:40:22.736+0000] {logging_mixin.py:190} INFO - [2026-06-29T00:40:22.736+0000] {dagbag.py:588} INFO - Filling up the DagBag from /opt/airflow/dags/crimetrack_etl_common.py
[2026-06-29T00:40:23.227+0000] {processor.py:927} WARNING - No viable dags retrieved from /opt/airflow/dags/crimetrack_etl_common.py
[2026-06-29T00:40:23.250+0000] {processor.py:208} INFO - Processing /opt/airflow/dags/crimetrack_etl_common.py took 0.528 seconds
[2026-06-29T00:40:53.386+0000] {processor.py:186} INFO - Started process (PID=1318) to work on /opt/airflow/dags/crimetrack_etl_common.py
[2026-06-29T00:40:53.388+0000] {processor.py:914} INFO - Processing file /opt/airflow/dags/crimetrack_etl_common.py for tasks to queue
[2026-06-29T00:40:53.392+0000] {logging_mixin.py:190} INFO - [2026-06-29T00:40:53.391+0000] {dagbag.py:588} INFO - Filling up the DagBag from /opt/airflow/dags/crimetrack_etl_common.py
[2026-06-29T00:40:53.826+0000] {processor.py:927} WARNING - No viable dags retrieved from /opt/airflow/dags/crimetrack_etl_common.py
[2026-06-29T00:40:53.851+0000] {processor.py:208} INFO - Processing /opt/airflow/dags/crimetrack_etl_common.py took 0.474 seconds
[2026-06-29T00:41:23.955+0000] {processor.py:186} INFO - Started process (PID=1355) to work on /opt/airflow/dags/crimetrack_etl_common.py
[2026-06-29T00:41:23.958+0000] {processor.py:914} INFO - Processing file /opt/airflow/dags/crimetrack_etl_common.py for tasks to queue
[2026-06-29T00:41:23.962+0000] {logging_mixin.py:190} INFO - [2026-06-29T00:41:23.961+0000] {dagbag.py:588} INFO - Filling up the DagBag from /opt/airflow/dags/crimetrack_etl_common.py
[2026-06-29T00:41:24.386+0000] {processor.py:927} WARNING - No viable dags retrieved from /opt/airflow/dags/crimetrack_etl_common.py
[2026-06-29T00:41:24.412+0000] {processor.py:208} INFO - Processing /opt/airflow/dags/crimetrack_etl_common.py took 0.465 seconds
[2026-06-29T00:41:54.583+0000] {processor.py:186} INFO - Started process (PID=1397) to work on /opt/airflow/dags/crimetrack_etl_common.py
[2026-06-29T00:41:54.586+0000] {processor.py:914} INFO - Processing file /opt/airflow/dags/crimetrack_etl_common.py for tasks to queue
[2026-06-29T00:41:54.590+0000] {logging_mixin.py:190} INFO - [2026-06-29T00:41:54.590+0000] {dagbag.py:588} INFO - Filling up the DagBag from /opt/airflow/dags/crimetrack_etl_common.py
[2026-06-29T00:41:55.064+0000] {processor.py:927} WARNING - No viable dags retrieved from /opt/airflow/dags/crimetrack_etl_common.py
[2026-06-29T00:41:55.089+0000] {processor.py:208} INFO - Processing /opt/airflow/dags/crimetrack_etl_common.py took 0.529 seconds
[2026-06-29T00:42:25.910+0000] {processor.py:186} INFO - Started process (PID=1435) to work on /opt/airflow/dags/crimetrack_etl_common.py
[2026-06-29T00:42:25.912+0000] {processor.py:914} INFO - Processing file /opt/airflow/dags/crimetrack_etl_common.py for tasks to queue
[2026-06-29T00:42:25.917+0000] {logging_mixin.py:190} INFO - [2026-06-29T00:42:25.916+0000] {dagbag.py:588} INFO - Filling up the DagBag from /opt/airflow/dags/crimetrack_etl_common.py
[2026-06-29T00:42:26.521+0000] {processor.py:927} WARNING - No viable dags retrieved from /opt/airflow/dags/crimetrack_etl_common.py
[2026-06-29T00:42:26.560+0000] {processor.py:208} INFO - Processing /opt/airflow/dags/crimetrack_etl_common.py took 0.662 seconds
[2026-06-29T00:42:56.692+0000] {processor.py:186} INFO - Started process (PID=1472) to work on /opt/airflow/dags/crimetrack_etl_common.py
[2026-06-29T00:42:56.694+0000] {processor.py:914} INFO - Processing file /opt/airflow/dags/crimetrack_etl_common.py for tasks to queue
[2026-06-29T00:42:56.701+0000] {logging_mixin.py:190} INFO - [2026-06-29T00:42:56.700+0000] {dagbag.py:588} INFO - Filling up the DagBag from /opt/airflow/dags/crimetrack_etl_common.py
[2026-06-29T00:42:57.160+0000] {processor.py:927} WARNING - No viable dags retrieved from /opt/airflow/dags/crimetrack_etl_common.py
[2026-06-29T00:42:57.189+0000] {processor.py:208} INFO - Processing /opt/airflow/dags/crimetrack_etl_common.py took 0.509 seconds
[2026-06-29T00:43:27.362+0000] {processor.py:186} INFO - Started process (PID=1509) to work on /opt/airflow/dags/crimetrack_etl_common.py
[2026-06-29T00:43:27.364+0000] {processor.py:914} INFO - Processing file /opt/airflow/dags/crimetrack_etl_common.py for tasks to queue
[2026-06-29T00:43:27.367+0000] {logging_mixin.py:190} INFO - [2026-06-29T00:43:27.367+0000] {dagbag.py:588} INFO - Filling up the DagBag from /opt/airflow/dags/crimetrack_etl_common.py
[2026-06-29T00:43:27.725+0000] {processor.py:927} WARNING - No viable dags retrieved from /opt/airflow/dags/crimetrack_etl_common.py
[2026-06-29T00:43:27.756+0000] {processor.py:208} INFO - Processing /opt/airflow/dags/crimetrack_etl_common.py took 0.403 seconds
[2026-06-29T00:43:58.604+0000] {processor.py:186} INFO - Started process (PID=1545) to work on /opt/airflow/dags/crimetrack_etl_common.py
[2026-06-29T00:43:58.608+0000] {processor.py:914} INFO - Processing file /opt/airflow/dags/crimetrack_etl_common.py for tasks to queue
[2026-06-29T00:43:58.627+0000] {logging_mixin.py:190} INFO - [2026-06-29T00:43:58.625+0000] {dagbag.py:588} INFO - Filling up the DagBag from /opt/airflow/dags/crimetrack_etl_common.py
[2026-06-29T00:43:59.644+0000] {processor.py:927} WARNING - No viable dags retrieved from /opt/airflow/dags/crimetrack_etl_common.py
[2026-06-29T00:43:59.677+0000] {processor.py:208} INFO - Processing /opt/airflow/dags/crimetrack_etl_common.py took 1.120 seconds
[2026-06-29T00:44:30.022+0000] {processor.py:186} INFO - Started process (PID=1575) to work on /opt/airflow/dags/crimetrack_etl_common.py
[2026-06-29T00:44:30.024+0000] {processor.py:914} INFO - Processing file /opt/airflow/dags/crimetrack_etl_common.py for tasks to queue
[2026-06-29T00:44:30.028+0000] {logging_mixin.py:190} INFO - [2026-06-29T00:44:30.028+0000] {dagbag.py:588} INFO - Filling up the DagBag from /opt/airflow/dags/crimetrack_etl_common.py
[2026-06-29T00:44:30.385+0000] {processor.py:927} WARNING - No viable dags retrieved from /opt/airflow/dags/crimetrack_etl_common.py
[2026-06-29T00:44:30.409+0000] {processor.py:208} INFO - Processing /opt/airflow/dags/crimetrack_etl_common.py took 0.396 seconds
[2026-06-29T00:45:00.619+0000] {processor.py:186} INFO - Started process (PID=1612) to work on /opt/airflow/dags/crimetrack_etl_common.py
[2026-06-29T00:45:00.621+0000] {processor.py:914} INFO - Processing file /opt/airflow/dags/crimetrack_etl_common.py for tasks to queue
[2026-06-29T00:45:00.625+0000] {logging_mixin.py:190} INFO - [2026-06-29T00:45:00.625+0000] {dagbag.py:588} INFO - Filling up the DagBag from /opt/airflow/dags/crimetrack_etl_common.py
[2026-06-29T00:45:01.139+0000] {processor.py:927} WARNING - No viable dags retrieved from /opt/airflow/dags/crimetrack_etl_common.py
[2026-06-29T00:45:01.168+0000] {processor.py:208} INFO - Processing /opt/airflow/dags/crimetrack_etl_common.py took 0.557 seconds
[2026-06-29T00:45:32.016+0000] {processor.py:186} INFO - Started process (PID=1649) to work on /opt/airflow/dags/crimetrack_etl_common.py
[2026-06-29T00:45:32.018+0000] {processor.py:914} INFO - Processing file /opt/airflow/dags/crimetrack_etl_common.py for tasks to queue
[2026-06-29T00:45:32.023+0000] {logging_mixin.py:190} INFO - [2026-06-29T00:45:32.023+0000] {dagbag.py:588} INFO - Filling up the DagBag from /opt/airflow/dags/crimetrack_etl_common.py
[2026-06-29T00:45:32.524+0000] {processor.py:927} WARNING - No viable dags retrieved from /opt/airflow/dags/crimetrack_etl_common.py
[2026-06-29T00:45:32.561+0000] {processor.py:208} INFO - Processing /opt/airflow/dags/crimetrack_etl_common.py took 0.555 seconds
[2026-06-29T00:46:03.280+0000] {processor.py:186} INFO - Started process (PID=1686) to work on /opt/airflow/dags/crimetrack_etl_common.py
[2026-06-29T00:46:03.282+0000] {processor.py:914} INFO - Processing file /opt/airflow/dags/crimetrack_etl_common.py for tasks to queue
[2026-06-29T00:46:03.287+0000] {logging_mixin.py:190} INFO - [2026-06-29T00:46:03.286+0000] {dagbag.py:588} INFO - Filling up the DagBag from /opt/airflow/dags/crimetrack_etl_common.py
[2026-06-29T00:46:03.663+0000] {processor.py:927} WARNING - No viable dags retrieved from /opt/airflow/dags/crimetrack_etl_common.py
[2026-06-29T00:46:03.689+0000] {processor.py:208} INFO - Processing /opt/airflow/dags/crimetrack_etl_common.py took 0.419 seconds
[2026-06-29T00:46:34.602+0000] {processor.py:186} INFO - Started process (PID=1723) to work on /opt/airflow/dags/crimetrack_etl_common.py
[2026-06-29T00:46:34.604+0000] {processor.py:914} INFO - Processing file /opt/airflow/dags/crimetrack_etl_common.py for tasks to queue
[2026-06-29T00:46:34.609+0000] {logging_mixin.py:190} INFO - [2026-06-29T00:46:34.608+0000] {dagbag.py:588} INFO - Filling up the DagBag from /opt/airflow/dags/crimetrack_etl_common.py
[2026-06-29T00:46:35.007+0000] {processor.py:927} WARNING - No viable dags retrieved from /opt/airflow/dags/crimetrack_etl_common.py
[2026-06-29T00:46:35.030+0000] {processor.py:208} INFO - Processing /opt/airflow/dags/crimetrack_etl_common.py took 0.439 seconds
[2026-06-29T00:47:05.380+0000] {processor.py:186} INFO - Started process (PID=1760) to work on /opt/airflow/dags/crimetrack_etl_common.py
[2026-06-29T00:47:05.382+0000] {processor.py:914} INFO - Processing file /opt/airflow/dags/crimetrack_etl_common.py for tasks to queue
[2026-06-29T00:47:05.385+0000] {logging_mixin.py:190} INFO - [2026-06-29T00:47:05.385+0000] {dagbag.py:588} INFO - Filling up the DagBag from /opt/airflow/dags/crimetrack_etl_common.py
[2026-06-29T00:47:05.797+0000] {processor.py:927} WARNING - No viable dags retrieved from /opt/airflow/dags/crimetrack_etl_common.py
[2026-06-29T00:47:05.821+0000] {processor.py:208} INFO - Processing /opt/airflow/dags/crimetrack_etl_common.py took 0.449 seconds
[2026-06-29T00:47:35.915+0000] {processor.py:186} INFO - Started process (PID=1797) to work on /opt/airflow/dags/crimetrack_etl_common.py
[2026-06-29T00:47:35.917+0000] {processor.py:914} INFO - Processing file /opt/airflow/dags/crimetrack_etl_common.py for tasks to queue
[2026-06-29T00:47:35.921+0000] {logging_mixin.py:190} INFO - [2026-06-29T00:47:35.921+0000] {dagbag.py:588} INFO - Filling up the DagBag from /opt/airflow/dags/crimetrack_etl_common.py
[2026-06-29T00:47:36.353+0000] {processor.py:927} WARNING - No viable dags retrieved from /opt/airflow/dags/crimetrack_etl_common.py
[2026-06-29T00:47:36.382+0000] {processor.py:208} INFO - Processing /opt/airflow/dags/crimetrack_etl_common.py took 0.478 seconds
[2026-06-29T00:48:06.463+0000] {processor.py:186} INFO - Started process (PID=1834) to work on /opt/airflow/dags/crimetrack_etl_common.py
[2026-06-29T00:48:06.465+0000] {processor.py:914} INFO - Processing file /opt/airflow/dags/crimetrack_etl_common.py for tasks to queue
[2026-06-29T00:48:06.469+0000] {logging_mixin.py:190} INFO - [2026-06-29T00:48:06.469+0000] {dagbag.py:588} INFO - Filling up the DagBag from /opt/airflow/dags/crimetrack_etl_common.py
[2026-06-29T00:48:06.852+0000] {processor.py:927} WARNING - No viable dags retrieved from /opt/airflow/dags/crimetrack_etl_common.py
[2026-06-29T00:48:06.878+0000] {processor.py:208} INFO - Processing /opt/airflow/dags/crimetrack_etl_common.py took 0.423 seconds
[2026-06-29T00:48:37.550+0000] {processor.py:186} INFO - Started process (PID=1871) to work on /opt/airflow/dags/crimetrack_etl_common.py
[2026-06-29T00:48:37.551+0000] {processor.py:914} INFO - Processing file /opt/airflow/dags/crimetrack_etl_common.py for tasks to queue
[2026-06-29T00:48:37.556+0000] {logging_mixin.py:190} INFO - [2026-06-29T00:48:37.555+0000] {dagbag.py:588} INFO - Filling up the DagBag from /opt/airflow/dags/crimetrack_etl_common.py
[2026-06-29T00:48:37.933+0000] {processor.py:927} WARNING - No viable dags retrieved from /opt/airflow/dags/crimetrack_etl_common.py
[2026-06-29T00:48:37.958+0000] {processor.py:208} INFO - Processing /opt/airflow/dags/crimetrack_etl_common.py took 0.418 seconds
[2026-06-29T00:49:08.264+0000] {processor.py:186} INFO - Started process (PID=1907) to work on /opt/airflow/dags/crimetrack_etl_common.py
[2026-06-29T00:49:08.267+0000] {processor.py:914} INFO - Processing file /opt/airflow/dags/crimetrack_etl_common.py for tasks to queue
[2026-06-29T00:49:08.273+0000] {logging_mixin.py:190} INFO - [2026-06-29T00:49:08.272+0000] {dagbag.py:588} INFO - Filling up the DagBag from /opt/airflow/dags/crimetrack_etl_common.py
[2026-06-29T00:49:08.748+0000] {processor.py:927} WARNING - No viable dags retrieved from /opt/airflow/dags/crimetrack_etl_common.py
[2026-06-29T00:49:08.780+0000] {processor.py:208} INFO - Processing /opt/airflow/dags/crimetrack_etl_common.py took 0.529 seconds
[2026-06-29T00:49:39.530+0000] {processor.py:186} INFO - Started process (PID=1937) to work on /opt/airflow/dags/crimetrack_etl_common.py
[2026-06-29T00:49:39.532+0000] {processor.py:914} INFO - Processing file /opt/airflow/dags/crimetrack_etl_common.py for tasks to queue
[2026-06-29T00:49:39.537+0000] {logging_mixin.py:190} INFO - [2026-06-29T00:49:39.536+0000] {dagbag.py:588} INFO - Filling up the DagBag from /opt/airflow/dags/crimetrack_etl_common.py
[2026-06-29T00:49:39.979+0000] {processor.py:927} WARNING - No viable dags retrieved from /opt/airflow/dags/crimetrack_etl_common.py
[2026-06-29T00:49:40.016+0000] {processor.py:208} INFO - Processing /opt/airflow/dags/crimetrack_etl_common.py took 0.497 seconds
[2026-06-29T00:50:10.681+0000] {processor.py:186} INFO - Started process (PID=1974) to work on /opt/airflow/dags/crimetrack_etl_common.py
[2026-06-29T00:50:10.683+0000] {processor.py:914} INFO - Processing file /opt/airflow/dags/crimetrack_etl_common.py for tasks to queue
[2026-06-29T00:50:10.688+0000] {logging_mixin.py:190} INFO - [2026-06-29T00:50:10.687+0000] {dagbag.py:588} INFO - Filling up the DagBag from /opt/airflow/dags/crimetrack_etl_common.py
[2026-06-29T00:50:11.199+0000] {processor.py:927} WARNING - No viable dags retrieved from /opt/airflow/dags/crimetrack_etl_common.py
[2026-06-29T00:50:11.244+0000] {processor.py:208} INFO - Processing /opt/airflow/dags/crimetrack_etl_common.py took 0.571 seconds
[2026-06-29T00:50:41.767+0000] {processor.py:186} INFO - Started process (PID=2011) to work on /opt/airflow/dags/crimetrack_etl_common.py
[2026-06-29T00:50:41.769+0000] {processor.py:914} INFO - Processing file /opt/airflow/dags/crimetrack_etl_common.py for tasks to queue
[2026-06-29T00:50:41.773+0000] {logging_mixin.py:190} INFO - [2026-06-29T00:50:41.772+0000] {dagbag.py:588} INFO - Filling up the DagBag from /opt/airflow/dags/crimetrack_etl_common.py
[2026-06-29T00:50:42.193+0000] {processor.py:927} WARNING - No viable dags retrieved from /opt/airflow/dags/crimetrack_etl_common.py
[2026-06-29T00:50:42.224+0000] {processor.py:208} INFO - Processing /opt/airflow/dags/crimetrack_etl_common.py took 0.465 seconds
[2026-06-29T00:51:13.101+0000] {processor.py:186} INFO - Started process (PID=2049) to work on /opt/airflow/dags/crimetrack_etl_common.py
[2026-06-29T00:51:13.103+0000] {processor.py:914} INFO - Processing file /opt/airflow/dags/crimetrack_etl_common.py for tasks to queue
[2026-06-29T00:51:13.108+0000] {logging_mixin.py:190} INFO - [2026-06-29T00:51:13.107+0000] {dagbag.py:588} INFO - Filling up the DagBag from /opt/airflow/dags/crimetrack_etl_common.py
[2026-06-29T00:51:13.664+0000] {processor.py:927} WARNING - No viable dags retrieved from /opt/airflow/dags/crimetrack_etl_common.py
[2026-06-29T00:51:13.690+0000] {processor.py:208} INFO - Processing /opt/airflow/dags/crimetrack_etl_common.py took 0.598 seconds
[2026-06-29T00:51:44.352+0000] {processor.py:186} INFO - Started process (PID=2086) to work on /opt/airflow/dags/crimetrack_etl_common.py
[2026-06-29T00:51:44.354+0000] {processor.py:914} INFO - Processing file /opt/airflow/dags/crimetrack_etl_common.py for tasks to queue
[2026-06-29T00:51:44.358+0000] {logging_mixin.py:190} INFO - [2026-06-29T00:51:44.357+0000] {dagbag.py:588} INFO - Filling up the DagBag from /opt/airflow/dags/crimetrack_etl_common.py
[2026-06-29T00:51:44.749+0000] {processor.py:927} WARNING - No viable dags retrieved from /opt/airflow/dags/crimetrack_etl_common.py
[2026-06-29T00:51:44.775+0000] {processor.py:208} INFO - Processing /opt/airflow/dags/crimetrack_etl_common.py took 0.431 seconds
[2026-06-29T00:52:14.981+0000] {processor.py:186} INFO - Started process (PID=2123) to work on /opt/airflow/dags/crimetrack_etl_common.py
[2026-06-29T00:52:14.983+0000] {processor.py:914} INFO - Processing file /opt/airflow/dags/crimetrack_etl_common.py for tasks to queue
[2026-06-29T00:52:14.988+0000] {logging_mixin.py:190} INFO - [2026-06-29T00:52:14.988+0000] {dagbag.py:588} INFO - Filling up the DagBag from /opt/airflow/dags/crimetrack_etl_common.py
[2026-06-29T00:52:15.356+0000] {processor.py:927} WARNING - No viable dags retrieved from /opt/airflow/dags/crimetrack_etl_common.py
[2026-06-29T00:52:15.382+0000] {processor.py:208} INFO - Processing /opt/airflow/dags/crimetrack_etl_common.py took 0.412 seconds
[2026-06-29T00:52:45.826+0000] {processor.py:186} INFO - Started process (PID=2160) to work on /opt/airflow/dags/crimetrack_etl_common.py
[2026-06-29T00:52:45.827+0000] {processor.py:914} INFO - Processing file /opt/airflow/dags/crimetrack_etl_common.py for tasks to queue
[2026-06-29T00:52:45.832+0000] {logging_mixin.py:190} INFO - [2026-06-29T00:52:45.831+0000] {dagbag.py:588} INFO - Filling up the DagBag from /opt/airflow/dags/crimetrack_etl_common.py
[2026-06-29T00:52:46.176+0000] {processor.py:927} WARNING - No viable dags retrieved from /opt/airflow/dags/crimetrack_etl_common.py
[2026-06-29T00:52:46.202+0000] {processor.py:208} INFO - Processing /opt/airflow/dags/crimetrack_etl_common.py took 0.393 seconds
[2026-06-29T00:53:16.582+0000] {processor.py:186} INFO - Started process (PID=2197) to work on /opt/airflow/dags/crimetrack_etl_common.py
[2026-06-29T00:53:16.584+0000] {processor.py:914} INFO - Processing file /opt/airflow/dags/crimetrack_etl_common.py for tasks to queue
[2026-06-29T00:53:16.588+0000] {logging_mixin.py:190} INFO - [2026-06-29T00:53:16.588+0000] {dagbag.py:588} INFO - Filling up the DagBag from /opt/airflow/dags/crimetrack_etl_common.py
[2026-06-29T00:53:16.965+0000] {processor.py:927} WARNING - No viable dags retrieved from /opt/airflow/dags/crimetrack_etl_common.py
[2026-06-29T00:53:16.991+0000] {processor.py:208} INFO - Processing /opt/airflow/dags/crimetrack_etl_common.py took 0.419 seconds
[2026-06-29T00:53:47.851+0000] {processor.py:186} INFO - Started process (PID=2234) to work on /opt/airflow/dags/crimetrack_etl_common.py
[2026-06-29T00:53:47.854+0000] {processor.py:914} INFO - Processing file /opt/airflow/dags/crimetrack_etl_common.py for tasks to queue
[2026-06-29T00:53:47.861+0000] {logging_mixin.py:190} INFO - [2026-06-29T00:53:47.860+0000] {dagbag.py:588} INFO - Filling up the DagBag from /opt/airflow/dags/crimetrack_etl_common.py
[2026-06-29T00:53:48.272+0000] {processor.py:927} WARNING - No viable dags retrieved from /opt/airflow/dags/crimetrack_etl_common.py
[2026-06-29T00:53:48.302+0000] {processor.py:208} INFO - Processing /opt/airflow/dags/crimetrack_etl_common.py took 0.468 seconds
[2026-06-29T00:54:18.463+0000] {processor.py:186} INFO - Started process (PID=2271) to work on /opt/airflow/dags/crimetrack_etl_common.py
[2026-06-29T00:54:18.465+0000] {processor.py:914} INFO - Processing file /opt/airflow/dags/crimetrack_etl_common.py for tasks to queue
[2026-06-29T00:54:18.470+0000] {logging_mixin.py:190} INFO - [2026-06-29T00:54:18.469+0000] {dagbag.py:588} INFO - Filling up the DagBag from /opt/airflow/dags/crimetrack_etl_common.py
[2026-06-29T00:54:18.872+0000] {processor.py:927} WARNING - No viable dags retrieved from /opt/airflow/dags/crimetrack_etl_common.py
[2026-06-29T00:54:18.902+0000] {processor.py:208} INFO - Processing /opt/airflow/dags/crimetrack_etl_common.py took 0.451 seconds
[2026-06-29T00:54:49.632+0000] {processor.py:186} INFO - Started process (PID=2307) to work on /opt/airflow/dags/crimetrack_etl_common.py
[2026-06-29T00:54:49.635+0000] {processor.py:914} INFO - Processing file /opt/airflow/dags/crimetrack_etl_common.py for tasks to queue
[2026-06-29T00:54:49.640+0000] {logging_mixin.py:190} INFO - [2026-06-29T00:54:49.640+0000] {dagbag.py:588} INFO - Filling up the DagBag from /opt/airflow/dags/crimetrack_etl_common.py
[2026-06-29T00:54:50.144+0000] {processor.py:927} WARNING - No viable dags retrieved from /opt/airflow/dags/crimetrack_etl_common.py
[2026-06-29T00:54:50.174+0000] {processor.py:208} INFO - Processing /opt/airflow/dags/crimetrack_etl_common.py took 0.555 seconds
[2026-06-29T00:55:21.110+0000] {processor.py:186} INFO - Started process (PID=2337) to work on /opt/airflow/dags/crimetrack_etl_common.py
[2026-06-29T00:55:21.112+0000] {processor.py:914} INFO - Processing file /opt/airflow/dags/crimetrack_etl_common.py for tasks to queue
[2026-06-29T00:55:21.117+0000] {logging_mixin.py:190} INFO - [2026-06-29T00:55:21.116+0000] {dagbag.py:588} INFO - Filling up the DagBag from /opt/airflow/dags/crimetrack_etl_common.py
[2026-06-29T00:55:21.655+0000] {processor.py:927} WARNING - No viable dags retrieved from /opt/airflow/dags/crimetrack_etl_common.py
[2026-06-29T00:55:21.679+0000] {processor.py:208} INFO - Processing /opt/airflow/dags/crimetrack_etl_common.py took 0.578 seconds
[2026-06-29T00:55:52.335+0000] {processor.py:186} INFO - Started process (PID=2374) to work on /opt/airflow/dags/crimetrack_etl_common.py
[2026-06-29T00:55:52.338+0000] {processor.py:914} INFO - Processing file /opt/airflow/dags/crimetrack_etl_common.py for tasks to queue
[2026-06-29T00:55:52.343+0000] {logging_mixin.py:190} INFO - [2026-06-29T00:55:52.342+0000] {dagbag.py:588} INFO - Filling up the DagBag from /opt/airflow/dags/crimetrack_etl_common.py
[2026-06-29T00:55:52.735+0000] {processor.py:927} WARNING - No viable dags retrieved from /opt/airflow/dags/crimetrack_etl_common.py
[2026-06-29T00:55:52.758+0000] {processor.py:208} INFO - Processing /opt/airflow/dags/crimetrack_etl_common.py took 0.432 seconds
[2026-06-29T00:56:23.580+0000] {processor.py:186} INFO - Started process (PID=2411) to work on /opt/airflow/dags/crimetrack_etl_common.py
[2026-06-29T00:56:23.583+0000] {processor.py:914} INFO - Processing file /opt/airflow/dags/crimetrack_etl_common.py for tasks to queue
[2026-06-29T00:56:23.590+0000] {logging_mixin.py:190} INFO - [2026-06-29T00:56:23.589+0000] {dagbag.py:588} INFO - Filling up the DagBag from /opt/airflow/dags/crimetrack_etl_common.py
[2026-06-29T00:56:24.083+0000] {processor.py:927} WARNING - No viable dags retrieved from /opt/airflow/dags/crimetrack_etl_common.py
[2026-06-29T00:56:24.107+0000] {processor.py:208} INFO - Processing /opt/airflow/dags/crimetrack_etl_common.py took 0.551 seconds
[2026-06-29T00:56:54.858+0000] {processor.py:186} INFO - Started process (PID=2448) to work on /opt/airflow/dags/crimetrack_etl_common.py
[2026-06-29T00:56:54.860+0000] {processor.py:914} INFO - Processing file /opt/airflow/dags/crimetrack_etl_common.py for tasks to queue
[2026-06-29T00:56:54.866+0000] {logging_mixin.py:190} INFO - [2026-06-29T00:56:54.865+0000] {dagbag.py:588} INFO - Filling up the DagBag from /opt/airflow/dags/crimetrack_etl_common.py
[2026-06-29T00:56:55.266+0000] {processor.py:927} WARNING - No viable dags retrieved from /opt/airflow/dags/crimetrack_etl_common.py
[2026-06-29T00:56:55.291+0000] {processor.py:208} INFO - Processing /opt/airflow/dags/crimetrack_etl_common.py took 0.443 seconds
[2026-06-29T00:57:25.478+0000] {processor.py:186} INFO - Started process (PID=2485) to work on /opt/airflow/dags/crimetrack_etl_common.py
[2026-06-29T00:57:25.480+0000] {processor.py:914} INFO - Processing file /opt/airflow/dags/crimetrack_etl_common.py for tasks to queue
[2026-06-29T00:57:25.485+0000] {logging_mixin.py:190} INFO - [2026-06-29T00:57:25.484+0000] {dagbag.py:588} INFO - Filling up the DagBag from /opt/airflow/dags/crimetrack_etl_common.py
[2026-06-29T00:57:25.893+0000] {processor.py:927} WARNING - No viable dags retrieved from /opt/airflow/dags/crimetrack_etl_common.py
[2026-06-29T00:57:25.919+0000] {processor.py:208} INFO - Processing /opt/airflow/dags/crimetrack_etl_common.py took 0.449 seconds
[2026-06-29T00:57:56.856+0000] {processor.py:186} INFO - Started process (PID=2522) to work on /opt/airflow/dags/crimetrack_etl_common.py
[2026-06-29T00:57:56.858+0000] {processor.py:914} INFO - Processing file /opt/airflow/dags/crimetrack_etl_common.py for tasks to queue
[2026-06-29T00:57:56.863+0000] {logging_mixin.py:190} INFO - [2026-06-29T00:57:56.862+0000] {dagbag.py:588} INFO - Filling up the DagBag from /opt/airflow/dags/crimetrack_etl_common.py
[2026-06-29T00:57:57.245+0000] {processor.py:927} WARNING - No viable dags retrieved from /opt/airflow/dags/crimetrack_etl_common.py
[2026-06-29T00:57:57.272+0000] {processor.py:208} INFO - Processing /opt/airflow/dags/crimetrack_etl_common.py took 0.425 seconds
[2026-06-29T00:58:27.833+0000] {processor.py:186} INFO - Started process (PID=2559) to work on /opt/airflow/dags/crimetrack_etl_common.py
[2026-06-29T00:58:27.836+0000] {processor.py:914} INFO - Processing file /opt/airflow/dags/crimetrack_etl_common.py for tasks to queue
[2026-06-29T00:58:27.841+0000] {logging_mixin.py:190} INFO - [2026-06-29T00:58:27.841+0000] {dagbag.py:588} INFO - Filling up the DagBag from /opt/airflow/dags/crimetrack_etl_common.py
[2026-06-29T00:58:28.339+0000] {processor.py:927} WARNING - No viable dags retrieved from /opt/airflow/dags/crimetrack_etl_common.py
[2026-06-29T00:58:28.367+0000] {processor.py:208} INFO - Processing /opt/airflow/dags/crimetrack_etl_common.py took 0.558 seconds
[2026-06-29T00:58:59.049+0000] {processor.py:186} INFO - Started process (PID=2597) to work on /opt/airflow/dags/crimetrack_etl_common.py
[2026-06-29T00:58:59.051+0000] {processor.py:914} INFO - Processing file /opt/airflow/dags/crimetrack_etl_common.py for tasks to queue
[2026-06-29T00:58:59.056+0000] {logging_mixin.py:190} INFO - [2026-06-29T00:58:59.055+0000] {dagbag.py:588} INFO - Filling up the DagBag from /opt/airflow/dags/crimetrack_etl_common.py
[2026-06-29T00:58:59.440+0000] {processor.py:927} WARNING - No viable dags retrieved from /opt/airflow/dags/crimetrack_etl_common.py
[2026-06-29T00:58:59.467+0000] {processor.py:208} INFO - Processing /opt/airflow/dags/crimetrack_etl_common.py took 0.428 seconds
[2026-06-29T00:59:29.836+0000] {processor.py:186} INFO - Started process (PID=2634) to work on /opt/airflow/dags/crimetrack_etl_common.py
[2026-06-29T00:59:29.838+0000] {processor.py:914} INFO - Processing file /opt/airflow/dags/crimetrack_etl_common.py for tasks to queue
[2026-06-29T00:59:29.843+0000] {logging_mixin.py:190} INFO - [2026-06-29T00:59:29.843+0000] {dagbag.py:588} INFO - Filling up the DagBag from /opt/airflow/dags/crimetrack_etl_common.py
[2026-06-29T00:59:30.364+0000] {processor.py:927} WARNING - No viable dags retrieved from /opt/airflow/dags/crimetrack_etl_common.py
[2026-06-29T00:59:30.409+0000] {processor.py:208} INFO - Processing /opt/airflow/dags/crimetrack_etl_common.py took 0.584 seconds
[2026-06-29T01:00:01.209+0000] {processor.py:186} INFO - Started process (PID=2670) to work on /opt/airflow/dags/crimetrack_etl_common.py
[2026-06-29T01:00:01.211+0000] {processor.py:914} INFO - Processing file /opt/airflow/dags/crimetrack_etl_common.py for tasks to queue
[2026-06-29T01:00:01.215+0000] {logging_mixin.py:190} INFO - [2026-06-29T01:00:01.215+0000] {dagbag.py:588} INFO - Filling up the DagBag from /opt/airflow/dags/crimetrack_etl_common.py
[2026-06-29T01:00:01.888+0000] {processor.py:927} WARNING - No viable dags retrieved from /opt/airflow/dags/crimetrack_etl_common.py
[2026-06-29T01:00:01.960+0000] {processor.py:208} INFO - Processing /opt/airflow/dags/crimetrack_etl_common.py took 0.761 seconds
[2026-06-29T01:00:32.629+0000] {processor.py:186} INFO - Started process (PID=2700) to work on /opt/airflow/dags/crimetrack_etl_common.py
[2026-06-29T01:00:32.631+0000] {processor.py:914} INFO - Processing file /opt/airflow/dags/crimetrack_etl_common.py for tasks to queue
[2026-06-29T01:00:32.636+0000] {logging_mixin.py:190} INFO - [2026-06-29T01:00:32.635+0000] {dagbag.py:588} INFO - Filling up the DagBag from /opt/airflow/dags/crimetrack_etl_common.py
[2026-06-29T01:00:33.034+0000] {processor.py:927} WARNING - No viable dags retrieved from /opt/airflow/dags/crimetrack_etl_common.py
[2026-06-29T01:00:33.060+0000] {processor.py:208} INFO - Processing /opt/airflow/dags/crimetrack_etl_common.py took 0.443 seconds
[2026-06-29T01:01:04.062+0000] {processor.py:186} INFO - Started process (PID=2737) to work on /opt/airflow/dags/crimetrack_etl_common.py
[2026-06-29T01:01:04.065+0000] {processor.py:914} INFO - Processing file /opt/airflow/dags/crimetrack_etl_common.py for tasks to queue
[2026-06-29T01:01:04.070+0000] {logging_mixin.py:190} INFO - [2026-06-29T01:01:04.070+0000] {dagbag.py:588} INFO - Filling up the DagBag from /opt/airflow/dags/crimetrack_etl_common.py
[2026-06-29T01:01:04.558+0000] {processor.py:927} WARNING - No viable dags retrieved from /opt/airflow/dags/crimetrack_etl_common.py
[2026-06-29T01:01:04.589+0000] {processor.py:208} INFO - Processing /opt/airflow/dags/crimetrack_etl_common.py took 0.541 seconds
[2026-06-29T01:01:34.813+0000] {processor.py:186} INFO - Started process (PID=2774) to work on /opt/airflow/dags/crimetrack_etl_common.py
[2026-06-29T01:01:34.815+0000] {processor.py:914} INFO - Processing file /opt/airflow/dags/crimetrack_etl_common.py for tasks to queue
[2026-06-29T01:01:34.819+0000] {logging_mixin.py:190} INFO - [2026-06-29T01:01:34.819+0000] {dagbag.py:588} INFO - Filling up the DagBag from /opt/airflow/dags/crimetrack_etl_common.py
[2026-06-29T01:01:35.215+0000] {processor.py:927} WARNING - No viable dags retrieved from /opt/airflow/dags/crimetrack_etl_common.py
[2026-06-29T01:01:35.244+0000] {processor.py:208} INFO - Processing /opt/airflow/dags/crimetrack_etl_common.py took 0.442 seconds
[2026-06-29T01:02:05.348+0000] {processor.py:186} INFO - Started process (PID=2811) to work on /opt/airflow/dags/crimetrack_etl_common.py
[2026-06-29T01:02:05.350+0000] {processor.py:914} INFO - Processing file /opt/airflow/dags/crimetrack_etl_common.py for tasks to queue
[2026-06-29T01:02:05.354+0000] {logging_mixin.py:190} INFO - [2026-06-29T01:02:05.354+0000] {dagbag.py:588} INFO - Filling up the DagBag from /opt/airflow/dags/crimetrack_etl_common.py
[2026-06-29T01:02:05.832+0000] {processor.py:927} WARNING - No viable dags retrieved from /opt/airflow/dags/crimetrack_etl_common.py
[2026-06-29T01:02:05.866+0000] {processor.py:208} INFO - Processing /opt/airflow/dags/crimetrack_etl_common.py took 0.527 seconds
[2026-06-29T01:02:36.050+0000] {processor.py:186} INFO - Started process (PID=2848) to work on /opt/airflow/dags/crimetrack_etl_common.py
[2026-06-29T01:02:36.051+0000] {processor.py:914} INFO - Processing file /opt/airflow/dags/crimetrack_etl_common.py for tasks to queue
[2026-06-29T01:02:36.055+0000] {logging_mixin.py:190} INFO - [2026-06-29T01:02:36.055+0000] {dagbag.py:588} INFO - Filling up the DagBag from /opt/airflow/dags/crimetrack_etl_common.py
[2026-06-29T01:02:36.447+0000] {processor.py:927} WARNING - No viable dags retrieved from /opt/airflow/dags/crimetrack_etl_common.py
[2026-06-29T01:02:36.474+0000] {processor.py:208} INFO - Processing /opt/airflow/dags/crimetrack_etl_common.py took 0.433 seconds
[2026-06-29T01:03:06.591+0000] {processor.py:186} INFO - Started process (PID=2885) to work on /opt/airflow/dags/crimetrack_etl_common.py
[2026-06-29T01:03:06.594+0000] {processor.py:914} INFO - Processing file /opt/airflow/dags/crimetrack_etl_common.py for tasks to queue
[2026-06-29T01:03:06.599+0000] {logging_mixin.py:190} INFO - [2026-06-29T01:03:06.598+0000] {dagbag.py:588} INFO - Filling up the DagBag from /opt/airflow/dags/crimetrack_etl_common.py
[2026-06-29T01:03:07.004+0000] {processor.py:927} WARNING - No viable dags retrieved from /opt/airflow/dags/crimetrack_etl_common.py
[2026-06-29T01:03:07.031+0000] {processor.py:208} INFO - Processing /opt/airflow/dags/crimetrack_etl_common.py took 0.448 seconds
[2026-06-29T01:03:37.944+0000] {processor.py:186} INFO - Started process (PID=2922) to work on /opt/airflow/dags/crimetrack_etl_common.py
[2026-06-29T01:03:37.947+0000] {processor.py:914} INFO - Processing file /opt/airflow/dags/crimetrack_etl_common.py for tasks to queue
[2026-06-29T01:03:37.953+0000] {logging_mixin.py:190} INFO - [2026-06-29T01:03:37.952+0000] {dagbag.py:588} INFO - Filling up the DagBag from /opt/airflow/dags/crimetrack_etl_common.py
[2026-06-29T01:03:38.405+0000] {processor.py:927} WARNING - No viable dags retrieved from /opt/airflow/dags/crimetrack_etl_common.py
[2026-06-29T01:03:38.431+0000] {processor.py:208} INFO - Processing /opt/airflow/dags/crimetrack_etl_common.py took 0.497 seconds
[2026-06-29T01:04:08.654+0000] {processor.py:186} INFO - Started process (PID=2960) to work on /opt/airflow/dags/crimetrack_etl_common.py
[2026-06-29T01:04:08.656+0000] {processor.py:914} INFO - Processing file /opt/airflow/dags/crimetrack_etl_common.py for tasks to queue
[2026-06-29T01:04:08.661+0000] {logging_mixin.py:190} INFO - [2026-06-29T01:04:08.660+0000] {dagbag.py:588} INFO - Filling up the DagBag from /opt/airflow/dags/crimetrack_etl_common.py
[2026-06-29T01:04:09.127+0000] {processor.py:927} WARNING - No viable dags retrieved from /opt/airflow/dags/crimetrack_etl_common.py
[2026-06-29T01:04:09.157+0000] {processor.py:208} INFO - Processing /opt/airflow/dags/crimetrack_etl_common.py took 0.514 seconds
[2026-06-29T01:04:22.320+0000] {processor.py:186} INFO - Started process (PID=2989) to work on /opt/airflow/dags/crimetrack_etl_common.py
[2026-06-29T01:04:22.323+0000] {processor.py:914} INFO - Processing file /opt/airflow/dags/crimetrack_etl_common.py for tasks to queue
[2026-06-29T01:04:22.329+0000] {logging_mixin.py:190} INFO - [2026-06-29T01:04:22.328+0000] {dagbag.py:588} INFO - Filling up the DagBag from /opt/airflow/dags/crimetrack_etl_common.py
[2026-06-29T01:04:22.895+0000] {processor.py:927} WARNING - No viable dags retrieved from /opt/airflow/dags/crimetrack_etl_common.py
[2026-06-29T01:04:22.923+0000] {processor.py:208} INFO - Processing /opt/airflow/dags/crimetrack_etl_common.py took 0.619 seconds
[2026-06-29T01:04:53.751+0000] {processor.py:186} INFO - Started process (PID=3027) to work on /opt/airflow/dags/crimetrack_etl_common.py
[2026-06-29T01:04:53.754+0000] {processor.py:914} INFO - Processing file /opt/airflow/dags/crimetrack_etl_common.py for tasks to queue
[2026-06-29T01:04:53.759+0000] {logging_mixin.py:190} INFO - [2026-06-29T01:04:53.758+0000] {dagbag.py:588} INFO - Filling up the DagBag from /opt/airflow/dags/crimetrack_etl_common.py
[2026-06-29T01:04:54.345+0000] {processor.py:927} WARNING - No viable dags retrieved from /opt/airflow/dags/crimetrack_etl_common.py
[2026-06-29T01:04:54.372+0000] {processor.py:208} INFO - Processing /opt/airflow/dags/crimetrack_etl_common.py took 0.632 seconds
[2026-06-29T01:05:24.032+0000] {processor.py:186} INFO - Started process (PID=3064) to work on /opt/airflow/dags/crimetrack_etl_common.py
[2026-06-29T01:05:24.035+0000] {processor.py:914} INFO - Processing file /opt/airflow/dags/crimetrack_etl_common.py for tasks to queue
[2026-06-29T01:05:24.040+0000] {logging_mixin.py:190} INFO - [2026-06-29T01:05:24.039+0000] {dagbag.py:588} INFO - Filling up the DagBag from /opt/airflow/dags/crimetrack_etl_common.py
[2026-06-29T01:05:24.952+0000] {processor.py:927} WARNING - No viable dags retrieved from /opt/airflow/dags/crimetrack_etl_common.py
[2026-06-29T01:05:24.997+0000] {processor.py:208} INFO - Processing /opt/airflow/dags/crimetrack_etl_common.py took 0.977 seconds
[2026-06-29T01:05:55.755+0000] {processor.py:186} INFO - Started process (PID=3101) to work on /opt/airflow/dags/crimetrack_etl_common.py
[2026-06-29T01:05:55.757+0000] {processor.py:914} INFO - Processing file /opt/airflow/dags/crimetrack_etl_common.py for tasks to queue
[2026-06-29T01:05:55.762+0000] {logging_mixin.py:190} INFO - [2026-06-29T01:05:55.762+0000] {dagbag.py:588} INFO - Filling up the DagBag from /opt/airflow/dags/crimetrack_etl_common.py
[2026-06-29T01:05:56.247+0000] {processor.py:927} WARNING - No viable dags retrieved from /opt/airflow/dags/crimetrack_etl_common.py
[2026-06-29T01:05:56.290+0000] {processor.py:208} INFO - Processing /opt/airflow/dags/crimetrack_etl_common.py took 0.547 seconds
[2026-06-29T01:06:08.259+0000] {processor.py:186} INFO - Started process (PID=3107) to work on /opt/airflow/dags/crimetrack_etl_common.py
[2026-06-29T01:06:08.262+0000] {processor.py:914} INFO - Processing file /opt/airflow/dags/crimetrack_etl_common.py for tasks to queue
[2026-06-29T01:06:08.274+0000] {logging_mixin.py:190} INFO - [2026-06-29T01:06:08.273+0000] {dagbag.py:588} INFO - Filling up the DagBag from /opt/airflow/dags/crimetrack_etl_common.py
[2026-06-29T01:06:08.859+0000] {processor.py:927} WARNING - No viable dags retrieved from /opt/airflow/dags/crimetrack_etl_common.py
[2026-06-29T01:06:08.900+0000] {processor.py:208} INFO - Processing /opt/airflow/dags/crimetrack_etl_common.py took 0.652 seconds
[2026-06-29T01:06:20.229+0000] {processor.py:186} INFO - Started process (PID=3130) to work on /opt/airflow/dags/crimetrack_etl_common.py
[2026-06-29T01:06:20.231+0000] {processor.py:914} INFO - Processing file /opt/airflow/dags/crimetrack_etl_common.py for tasks to queue
[2026-06-29T01:06:20.238+0000] {logging_mixin.py:190} INFO - [2026-06-29T01:06:20.237+0000] {dagbag.py:588} INFO - Filling up the DagBag from /opt/airflow/dags/crimetrack_etl_common.py
[2026-06-29T01:06:20.889+0000] {processor.py:927} WARNING - No viable dags retrieved from /opt/airflow/dags/crimetrack_etl_common.py
[2026-06-29T01:06:20.928+0000] {processor.py:208} INFO - Processing /opt/airflow/dags/crimetrack_etl_common.py took 0.711 seconds
[2026-06-29T01:06:51.515+0000] {processor.py:186} INFO - Started process (PID=3173) to work on /opt/airflow/dags/crimetrack_etl_common.py
[2026-06-29T01:06:51.517+0000] {processor.py:914} INFO - Processing file /opt/airflow/dags/crimetrack_etl_common.py for tasks to queue
[2026-06-29T01:06:51.522+0000] {logging_mixin.py:190} INFO - [2026-06-29T01:06:51.522+0000] {dagbag.py:588} INFO - Filling up the DagBag from /opt/airflow/dags/crimetrack_etl_common.py
[2026-06-29T01:06:52.125+0000] {processor.py:927} WARNING - No viable dags retrieved from /opt/airflow/dags/crimetrack_etl_common.py
[2026-06-29T01:06:52.183+0000] {processor.py:208} INFO - Processing /opt/airflow/dags/crimetrack_etl_common.py took 0.680 seconds
[2026-06-29T01:07:22.355+0000] {processor.py:186} INFO - Started process (PID=3216) to work on /opt/airflow/dags/crimetrack_etl_common.py
[2026-06-29T01:07:22.357+0000] {processor.py:914} INFO - Processing file /opt/airflow/dags/crimetrack_etl_common.py for tasks to queue
[2026-06-29T01:07:22.361+0000] {logging_mixin.py:190} INFO - [2026-06-29T01:07:22.360+0000] {dagbag.py:588} INFO - Filling up the DagBag from /opt/airflow/dags/crimetrack_etl_common.py
[2026-06-29T01:07:22.759+0000] {processor.py:927} WARNING - No viable dags retrieved from /opt/airflow/dags/crimetrack_etl_common.py
[2026-06-29T01:07:22.788+0000] {processor.py:208} INFO - Processing /opt/airflow/dags/crimetrack_etl_common.py took 0.443 seconds
[2026-06-29T01:07:52.917+0000] {processor.py:186} INFO - Started process (PID=3259) to work on /opt/airflow/dags/crimetrack_etl_common.py
[2026-06-29T01:07:52.918+0000] {processor.py:914} INFO - Processing file /opt/airflow/dags/crimetrack_etl_common.py for tasks to queue
[2026-06-29T01:07:52.922+0000] {logging_mixin.py:190} INFO - [2026-06-29T01:07:52.922+0000] {dagbag.py:588} INFO - Filling up the DagBag from /opt/airflow/dags/crimetrack_etl_common.py
[2026-06-29T01:07:53.371+0000] {processor.py:927} WARNING - No viable dags retrieved from /opt/airflow/dags/crimetrack_etl_common.py
[2026-06-29T01:07:53.400+0000] {processor.py:208} INFO - Processing /opt/airflow/dags/crimetrack_etl_common.py took 0.492 seconds
[2026-06-29T01:08:24.163+0000] {processor.py:186} INFO - Started process (PID=3296) to work on /opt/airflow/dags/crimetrack_etl_common.py
[2026-06-29T01:08:24.166+0000] {processor.py:914} INFO - Processing file /opt/airflow/dags/crimetrack_etl_common.py for tasks to queue
[2026-06-29T01:08:24.173+0000] {logging_mixin.py:190} INFO - [2026-06-29T01:08:24.172+0000] {dagbag.py:588} INFO - Filling up the DagBag from /opt/airflow/dags/crimetrack_etl_common.py
[2026-06-29T01:08:24.743+0000] {processor.py:927} WARNING - No viable dags retrieved from /opt/airflow/dags/crimetrack_etl_common.py
[2026-06-29T01:08:24.769+0000] {processor.py:208} INFO - Processing /opt/airflow/dags/crimetrack_etl_common.py took 0.622 seconds
[2026-06-29T01:08:55.588+0000] {processor.py:186} INFO - Started process (PID=3333) to work on /opt/airflow/dags/crimetrack_etl_common.py
[2026-06-29T01:08:55.591+0000] {processor.py:914} INFO - Processing file /opt/airflow/dags/crimetrack_etl_common.py for tasks to queue
[2026-06-29T01:08:55.596+0000] {logging_mixin.py:190} INFO - [2026-06-29T01:08:55.595+0000] {dagbag.py:588} INFO - Filling up the DagBag from /opt/airflow/dags/crimetrack_etl_common.py
[2026-06-29T01:08:55.979+0000] {processor.py:927} WARNING - No viable dags retrieved from /opt/airflow/dags/crimetrack_etl_common.py
[2026-06-29T01:08:56.003+0000] {processor.py:208} INFO - Processing /opt/airflow/dags/crimetrack_etl_common.py took 0.424 seconds
[2026-06-29T01:09:26.407+0000] {processor.py:186} INFO - Started process (PID=3370) to work on /opt/airflow/dags/crimetrack_etl_common.py
[2026-06-29T01:09:26.409+0000] {processor.py:914} INFO - Processing file /opt/airflow/dags/crimetrack_etl_common.py for tasks to queue
[2026-06-29T01:09:26.414+0000] {logging_mixin.py:190} INFO - [2026-06-29T01:09:26.413+0000] {dagbag.py:588} INFO - Filling up the DagBag from /opt/airflow/dags/crimetrack_etl_common.py
[2026-06-29T01:09:27.159+0000] {processor.py:927} WARNING - No viable dags retrieved from /opt/airflow/dags/crimetrack_etl_common.py
[2026-06-29T01:09:27.193+0000] {processor.py:208} INFO - Processing /opt/airflow/dags/crimetrack_etl_common.py took 0.794 seconds
[2026-06-29T01:09:57.687+0000] {processor.py:186} INFO - Started process (PID=3407) to work on /opt/airflow/dags/crimetrack_etl_common.py
[2026-06-29T01:09:57.689+0000] {processor.py:914} INFO - Processing file /opt/airflow/dags/crimetrack_etl_common.py for tasks to queue
[2026-06-29T01:09:57.694+0000] {logging_mixin.py:190} INFO - [2026-06-29T01:09:57.694+0000] {dagbag.py:588} INFO - Filling up the DagBag from /opt/airflow/dags/crimetrack_etl_common.py
[2026-06-29T01:09:58.279+0000] {processor.py:927} WARNING - No viable dags retrieved from /opt/airflow/dags/crimetrack_etl_common.py
[2026-06-29T01:09:58.300+0000] {processor.py:208} INFO - Processing /opt/airflow/dags/crimetrack_etl_common.py took 0.622 seconds
[2026-06-29T01:14:51.784+0000] {processor.py:186} INFO - Started process (PID=82) to work on /opt/airflow/dags/crimetrack_etl_common.py
[2026-06-29T01:14:51.787+0000] {processor.py:914} INFO - Processing file /opt/airflow/dags/crimetrack_etl_common.py for tasks to queue
[2026-06-29T01:14:51.799+0000] {logging_mixin.py:190} INFO - [2026-06-29T01:14:51.798+0000] {dagbag.py:588} INFO - Filling up the DagBag from /opt/airflow/dags/crimetrack_etl_common.py
[2026-06-29T01:14:55.905+0000] {processor.py:927} WARNING - No viable dags retrieved from /opt/airflow/dags/crimetrack_etl_common.py
[2026-06-29T01:14:56.014+0000] {processor.py:208} INFO - Processing /opt/airflow/dags/crimetrack_etl_common.py took 4.330 seconds
[2026-06-29T01:15:56.263+0000] {processor.py:186} INFO - Started process (PID=139) to work on /opt/airflow/dags/crimetrack_etl_common.py
[2026-06-29T01:15:56.265+0000] {processor.py:914} INFO - Processing file /opt/airflow/dags/crimetrack_etl_common.py for tasks to queue
[2026-06-29T01:15:56.268+0000] {logging_mixin.py:190} INFO - [2026-06-29T01:15:56.268+0000] {dagbag.py:588} INFO - Filling up the DagBag from /opt/airflow/dags/crimetrack_etl_common.py
[2026-06-29T01:15:56.872+0000] {processor.py:927} WARNING - No viable dags retrieved from /opt/airflow/dags/crimetrack_etl_common.py
[2026-06-29T01:15:56.895+0000] {processor.py:208} INFO - Processing /opt/airflow/dags/crimetrack_etl_common.py took 0.642 seconds
[2026-06-29T01:16:57.337+0000] {processor.py:186} INFO - Started process (PID=212) to work on /opt/airflow/dags/crimetrack_etl_common.py
[2026-06-29T01:16:57.339+0000] {processor.py:914} INFO - Processing file /opt/airflow/dags/crimetrack_etl_common.py for tasks to queue
[2026-06-29T01:16:57.343+0000] {logging_mixin.py:190} INFO - [2026-06-29T01:16:57.343+0000] {dagbag.py:588} INFO - Filling up the DagBag from /opt/airflow/dags/crimetrack_etl_common.py
[2026-06-29T01:16:58.232+0000] {processor.py:927} WARNING - No viable dags retrieved from /opt/airflow/dags/crimetrack_etl_common.py
[2026-06-29T01:16:58.254+0000] {processor.py:208} INFO - Processing /opt/airflow/dags/crimetrack_etl_common.py took 0.926 seconds
[2026-06-29T01:17:59.356+0000] {processor.py:186} INFO - Started process (PID=258) to work on /opt/airflow/dags/crimetrack_etl_common.py
[2026-06-29T01:17:59.358+0000] {processor.py:914} INFO - Processing file /opt/airflow/dags/crimetrack_etl_common.py for tasks to queue
[2026-06-29T01:17:59.362+0000] {logging_mixin.py:190} INFO - [2026-06-29T01:17:59.362+0000] {dagbag.py:588} INFO - Filling up the DagBag from /opt/airflow/dags/crimetrack_etl_common.py
[2026-06-29T01:18:00.685+0000] {processor.py:927} WARNING - No viable dags retrieved from /opt/airflow/dags/crimetrack_etl_common.py
[2026-06-29T01:18:00.709+0000] {processor.py:208} INFO - Processing /opt/airflow/dags/crimetrack_etl_common.py took 1.361 seconds
[2026-06-29T01:19:02.301+0000] {processor.py:186} INFO - Started process (PID=336) to work on /opt/airflow/dags/crimetrack_etl_common.py
[2026-06-29T01:19:02.303+0000] {processor.py:914} INFO - Processing file /opt/airflow/dags/crimetrack_etl_common.py for tasks to queue
[2026-06-29T01:19:02.310+0000] {logging_mixin.py:190} INFO - [2026-06-29T01:19:02.310+0000] {dagbag.py:588} INFO - Filling up the DagBag from /opt/airflow/dags/crimetrack_etl_common.py
[2026-06-29T01:19:06.756+0000] {processor.py:927} WARNING - No viable dags retrieved from /opt/airflow/dags/crimetrack_etl_common.py
[2026-06-29T01:19:06.798+0000] {processor.py:208} INFO - Processing /opt/airflow/dags/crimetrack_etl_common.py took 4.512 seconds
[2026-06-29T01:20:07.484+0000] {processor.py:186} INFO - Started process (PID=419) to work on /opt/airflow/dags/crimetrack_etl_common.py
[2026-06-29T01:20:07.486+0000] {processor.py:914} INFO - Processing file /opt/airflow/dags/crimetrack_etl_common.py for tasks to queue
[2026-06-29T01:20:07.491+0000] {logging_mixin.py:190} INFO - [2026-06-29T01:20:07.490+0000] {dagbag.py:588} INFO - Filling up the DagBag from /opt/airflow/dags/crimetrack_etl_common.py
[2026-06-29T01:20:09.677+0000] {processor.py:927} WARNING - No viable dags retrieved from /opt/airflow/dags/crimetrack_etl_common.py
[2026-06-29T01:20:09.752+0000] {processor.py:208} INFO - Processing /opt/airflow/dags/crimetrack_etl_common.py took 2.278 seconds
[2026-06-29T01:21:10.853+0000] {processor.py:186} INFO - Started process (PID=464) to work on /opt/airflow/dags/crimetrack_etl_common.py
[2026-06-29T01:21:10.857+0000] {processor.py:914} INFO - Processing file /opt/airflow/dags/crimetrack_etl_common.py for tasks to queue
[2026-06-29T01:21:10.862+0000] {logging_mixin.py:190} INFO - [2026-06-29T01:21:10.861+0000] {dagbag.py:588} INFO - Filling up the DagBag from /opt/airflow/dags/crimetrack_etl_common.py
[2026-06-29T01:21:12.653+0000] {processor.py:927} WARNING - No viable dags retrieved from /opt/airflow/dags/crimetrack_etl_common.py
[2026-06-29T01:21:12.689+0000] {processor.py:208} INFO - Processing /opt/airflow/dags/crimetrack_etl_common.py took 1.876 seconds
[2026-06-29T01:22:12.929+0000] {processor.py:186} INFO - Started process (PID=509) to work on /opt/airflow/dags/crimetrack_etl_common.py
[2026-06-29T01:22:12.931+0000] {processor.py:914} INFO - Processing file /opt/airflow/dags/crimetrack_etl_common.py for tasks to queue
[2026-06-29T01:22:12.944+0000] {logging_mixin.py:190} INFO - [2026-06-29T01:22:12.944+0000] {dagbag.py:588} INFO - Filling up the DagBag from /opt/airflow/dags/crimetrack_etl_common.py
[2026-06-29T01:22:14.455+0000] {processor.py:927} WARNING - No viable dags retrieved from /opt/airflow/dags/crimetrack_etl_common.py
[2026-06-29T01:22:14.484+0000] {processor.py:208} INFO - Processing /opt/airflow/dags/crimetrack_etl_common.py took 1.565 seconds
[2026-06-29T01:23:18.063+0000] {processor.py:186} INFO - Started process (PID=589) to work on /opt/airflow/dags/crimetrack_etl_common.py
[2026-06-29T01:23:18.068+0000] {processor.py:914} INFO - Processing file /opt/airflow/dags/crimetrack_etl_common.py for tasks to queue
[2026-06-29T01:23:18.074+0000] {logging_mixin.py:190} INFO - [2026-06-29T01:23:18.073+0000] {dagbag.py:588} INFO - Filling up the DagBag from /opt/airflow/dags/crimetrack_etl_common.py
[2026-06-29T01:23:20.368+0000] {processor.py:927} WARNING - No viable dags retrieved from /opt/airflow/dags/crimetrack_etl_common.py
[2026-06-29T01:23:20.586+0000] {processor.py:208} INFO - Processing /opt/airflow/dags/crimetrack_etl_common.py took 2.603 seconds
[2026-06-29T01:24:20.946+0000] {processor.py:186} INFO - Started process (PID=688) to work on /opt/airflow/dags/crimetrack_etl_common.py
[2026-06-29T01:24:20.948+0000] {processor.py:914} INFO - Processing file /opt/airflow/dags/crimetrack_etl_common.py for tasks to queue
[2026-06-29T01:24:20.952+0000] {logging_mixin.py:190} INFO - [2026-06-29T01:24:20.952+0000] {dagbag.py:588} INFO - Filling up the DagBag from /opt/airflow/dags/crimetrack_etl_common.py
[2026-06-29T01:24:21.872+0000] {processor.py:927} WARNING - No viable dags retrieved from /opt/airflow/dags/crimetrack_etl_common.py
[2026-06-29T01:24:21.949+0000] {processor.py:208} INFO - Processing /opt/airflow/dags/crimetrack_etl_common.py took 1.014 seconds
[2026-06-29T01:25:23.060+0000] {processor.py:186} INFO - Started process (PID=737) to work on /opt/airflow/dags/crimetrack_etl_common.py
[2026-06-29T01:25:23.063+0000] {processor.py:914} INFO - Processing file /opt/airflow/dags/crimetrack_etl_common.py for tasks to queue
[2026-06-29T01:25:23.069+0000] {logging_mixin.py:190} INFO - [2026-06-29T01:25:23.068+0000] {dagbag.py:588} INFO - Filling up the DagBag from /opt/airflow/dags/crimetrack_etl_common.py
[2026-06-29T01:25:23.961+0000] {processor.py:927} WARNING - No viable dags retrieved from /opt/airflow/dags/crimetrack_etl_common.py
[2026-06-29T01:25:23.994+0000] {processor.py:208} INFO - Processing /opt/airflow/dags/crimetrack_etl_common.py took 0.953 seconds
[2026-06-29T01:26:24.304+0000] {processor.py:186} INFO - Started process (PID=782) to work on /opt/airflow/dags/crimetrack_etl_common.py
[2026-06-29T01:26:24.306+0000] {processor.py:914} INFO - Processing file /opt/airflow/dags/crimetrack_etl_common.py for tasks to queue
[2026-06-29T01:26:24.310+0000] {logging_mixin.py:190} INFO - [2026-06-29T01:26:24.310+0000] {dagbag.py:588} INFO - Filling up the DagBag from /opt/airflow/dags/crimetrack_etl_common.py
[2026-06-29T01:26:25.257+0000] {processor.py:927} WARNING - No viable dags retrieved from /opt/airflow/dags/crimetrack_etl_common.py
[2026-06-29T01:26:25.378+0000] {processor.py:208} INFO - Processing /opt/airflow/dags/crimetrack_etl_common.py took 1.087 seconds
[2026-06-29T01:27:26.207+0000] {processor.py:186} INFO - Started process (PID=827) to work on /opt/airflow/dags/crimetrack_etl_common.py
[2026-06-29T01:27:26.225+0000] {processor.py:914} INFO - Processing file /opt/airflow/dags/crimetrack_etl_common.py for tasks to queue
[2026-06-29T01:27:26.230+0000] {logging_mixin.py:190} INFO - [2026-06-29T01:27:26.229+0000] {dagbag.py:588} INFO - Filling up the DagBag from /opt/airflow/dags/crimetrack_etl_common.py
[2026-06-29T01:27:27.269+0000] {processor.py:927} WARNING - No viable dags retrieved from /opt/airflow/dags/crimetrack_etl_common.py
[2026-06-29T01:27:27.358+0000] {processor.py:208} INFO - Processing /opt/airflow/dags/crimetrack_etl_common.py took 1.165 seconds
[2026-06-29T01:28:27.629+0000] {processor.py:186} INFO - Started process (PID=864) to work on /opt/airflow/dags/crimetrack_etl_common.py
[2026-06-29T01:28:27.631+0000] {processor.py:914} INFO - Processing file /opt/airflow/dags/crimetrack_etl_common.py for tasks to queue
[2026-06-29T01:28:27.635+0000] {logging_mixin.py:190} INFO - [2026-06-29T01:28:27.635+0000] {dagbag.py:588} INFO - Filling up the DagBag from /opt/airflow/dags/crimetrack_etl_common.py
[2026-06-29T01:28:28.475+0000] {processor.py:927} WARNING - No viable dags retrieved from /opt/airflow/dags/crimetrack_etl_common.py
[2026-06-29T01:28:28.546+0000] {processor.py:208} INFO - Processing /opt/airflow/dags/crimetrack_etl_common.py took 0.933 seconds
[2026-06-29T01:29:28.882+0000] {processor.py:186} INFO - Started process (PID=909) to work on /opt/airflow/dags/crimetrack_etl_common.py
[2026-06-29T01:29:28.889+0000] {processor.py:914} INFO - Processing file /opt/airflow/dags/crimetrack_etl_common.py for tasks to queue
[2026-06-29T01:29:28.895+0000] {logging_mixin.py:190} INFO - [2026-06-29T01:29:28.894+0000] {dagbag.py:588} INFO - Filling up the DagBag from /opt/airflow/dags/crimetrack_etl_common.py
[2026-06-29T01:29:29.764+0000] {processor.py:927} WARNING - No viable dags retrieved from /opt/airflow/dags/crimetrack_etl_common.py
[2026-06-29T01:29:29.830+0000] {processor.py:208} INFO - Processing /opt/airflow/dags/crimetrack_etl_common.py took 0.978 seconds
[2026-06-29T01:30:31.017+0000] {processor.py:186} INFO - Started process (PID=956) to work on /opt/airflow/dags/crimetrack_etl_common.py
[2026-06-29T01:30:31.020+0000] {processor.py:914} INFO - Processing file /opt/airflow/dags/crimetrack_etl_common.py for tasks to queue
[2026-06-29T01:30:31.026+0000] {logging_mixin.py:190} INFO - [2026-06-29T01:30:31.025+0000] {dagbag.py:588} INFO - Filling up the DagBag from /opt/airflow/dags/crimetrack_etl_common.py
[2026-06-29T01:30:32.239+0000] {processor.py:927} WARNING - No viable dags retrieved from /opt/airflow/dags/crimetrack_etl_common.py
[2026-06-29T01:30:32.275+0000] {processor.py:208} INFO - Processing /opt/airflow/dags/crimetrack_etl_common.py took 1.333 seconds
[2026-06-29T01:31:33.032+0000] {processor.py:186} INFO - Started process (PID=1000) to work on /opt/airflow/dags/crimetrack_etl_common.py
[2026-06-29T01:31:33.034+0000] {processor.py:914} INFO - Processing file /opt/airflow/dags/crimetrack_etl_common.py for tasks to queue
[2026-06-29T01:31:33.039+0000] {logging_mixin.py:190} INFO - [2026-06-29T01:31:33.039+0000] {dagbag.py:588} INFO - Filling up the DagBag from /opt/airflow/dags/crimetrack_etl_common.py
[2026-06-29T01:31:34.010+0000] {processor.py:927} WARNING - No viable dags retrieved from /opt/airflow/dags/crimetrack_etl_common.py
[2026-06-29T01:31:34.041+0000] {processor.py:208} INFO - Processing /opt/airflow/dags/crimetrack_etl_common.py took 1.025 seconds
[2026-06-29T01:32:36.931+0000] {processor.py:186} INFO - Started process (PID=1044) to work on /opt/airflow/dags/crimetrack_etl_common.py
[2026-06-29T01:32:36.947+0000] {processor.py:914} INFO - Processing file /opt/airflow/dags/crimetrack_etl_common.py for tasks to queue
[2026-06-29T01:32:36.968+0000] {logging_mixin.py:190} INFO - [2026-06-29T01:32:36.965+0000] {dagbag.py:588} INFO - Filling up the DagBag from /opt/airflow/dags/crimetrack_etl_common.py
[2026-06-29T01:32:39.072+0000] {processor.py:927} WARNING - No viable dags retrieved from /opt/airflow/dags/crimetrack_etl_common.py
[2026-06-29T01:32:39.248+0000] {processor.py:208} INFO - Processing /opt/airflow/dags/crimetrack_etl_common.py took 2.400 seconds
[2026-06-29T01:33:39.914+0000] {processor.py:186} INFO - Started process (PID=1082) to work on /opt/airflow/dags/crimetrack_etl_common.py
[2026-06-29T01:33:39.917+0000] {processor.py:914} INFO - Processing file /opt/airflow/dags/crimetrack_etl_common.py for tasks to queue
[2026-06-29T01:33:39.922+0000] {logging_mixin.py:190} INFO - [2026-06-29T01:33:39.921+0000] {dagbag.py:588} INFO - Filling up the DagBag from /opt/airflow/dags/crimetrack_etl_common.py
[2026-06-29T01:33:41.112+0000] {processor.py:927} WARNING - No viable dags retrieved from /opt/airflow/dags/crimetrack_etl_common.py
[2026-06-29T01:33:41.166+0000] {processor.py:208} INFO - Processing /opt/airflow/dags/crimetrack_etl_common.py took 1.263 seconds
[2026-06-29T01:34:41.746+0000] {processor.py:186} INFO - Started process (PID=1128) to work on /opt/airflow/dags/crimetrack_etl_common.py
[2026-06-29T01:34:41.748+0000] {processor.py:914} INFO - Processing file /opt/airflow/dags/crimetrack_etl_common.py for tasks to queue
[2026-06-29T01:34:41.753+0000] {logging_mixin.py:190} INFO - [2026-06-29T01:34:41.753+0000] {dagbag.py:588} INFO - Filling up the DagBag from /opt/airflow/dags/crimetrack_etl_common.py
[2026-06-29T01:34:42.803+0000] {processor.py:927} WARNING - No viable dags retrieved from /opt/airflow/dags/crimetrack_etl_common.py
[2026-06-29T01:34:42.833+0000] {processor.py:208} INFO - Processing /opt/airflow/dags/crimetrack_etl_common.py took 1.098 seconds
[2026-06-29T01:35:43.037+0000] {processor.py:186} INFO - Started process (PID=1173) to work on /opt/airflow/dags/crimetrack_etl_common.py
[2026-06-29T01:35:43.039+0000] {processor.py:914} INFO - Processing file /opt/airflow/dags/crimetrack_etl_common.py for tasks to queue
[2026-06-29T01:35:43.044+0000] {logging_mixin.py:190} INFO - [2026-06-29T01:35:43.043+0000] {dagbag.py:588} INFO - Filling up the DagBag from /opt/airflow/dags/crimetrack_etl_common.py
[2026-06-29T01:35:43.826+0000] {processor.py:927} WARNING - No viable dags retrieved from /opt/airflow/dags/crimetrack_etl_common.py
[2026-06-29T01:35:43.898+0000] {processor.py:208} INFO - Processing /opt/airflow/dags/crimetrack_etl_common.py took 0.873 seconds
[2026-06-29T01:36:44.732+0000] {processor.py:186} INFO - Started process (PID=1219) to work on /opt/airflow/dags/crimetrack_etl_common.py
[2026-06-29T01:36:44.736+0000] {processor.py:914} INFO - Processing file /opt/airflow/dags/crimetrack_etl_common.py for tasks to queue
[2026-06-29T01:36:44.796+0000] {logging_mixin.py:190} INFO - [2026-06-29T01:36:44.795+0000] {dagbag.py:588} INFO - Filling up the DagBag from /opt/airflow/dags/crimetrack_etl_common.py
[2026-06-29T01:36:46.907+0000] {processor.py:927} WARNING - No viable dags retrieved from /opt/airflow/dags/crimetrack_etl_common.py
[2026-06-29T01:36:47.201+0000] {processor.py:208} INFO - Processing /opt/airflow/dags/crimetrack_etl_common.py took 2.486 seconds
[2026-06-29T01:37:47.338+0000] {processor.py:186} INFO - Started process (PID=1253) to work on /opt/airflow/dags/crimetrack_etl_common.py
[2026-06-29T01:37:47.341+0000] {processor.py:914} INFO - Processing file /opt/airflow/dags/crimetrack_etl_common.py for tasks to queue
[2026-06-29T01:37:47.348+0000] {logging_mixin.py:190} INFO - [2026-06-29T01:37:47.347+0000] {dagbag.py:588} INFO - Filling up the DagBag from /opt/airflow/dags/crimetrack_etl_common.py
[2026-06-29T01:37:47.932+0000] {processor.py:927} WARNING - No viable dags retrieved from /opt/airflow/dags/crimetrack_etl_common.py
[2026-06-29T01:37:47.967+0000] {processor.py:208} INFO - Processing /opt/airflow/dags/crimetrack_etl_common.py took 0.641 seconds
[2026-06-29T01:38:48.307+0000] {processor.py:186} INFO - Started process (PID=1300) to work on /opt/airflow/dags/crimetrack_etl_common.py
[2026-06-29T01:38:48.310+0000] {processor.py:914} INFO - Processing file /opt/airflow/dags/crimetrack_etl_common.py for tasks to queue
[2026-06-29T01:38:48.318+0000] {logging_mixin.py:190} INFO - [2026-06-29T01:38:48.318+0000] {dagbag.py:588} INFO - Filling up the DagBag from /opt/airflow/dags/crimetrack_etl_common.py
[2026-06-29T01:38:48.942+0000] {processor.py:927} WARNING - No viable dags retrieved from /opt/airflow/dags/crimetrack_etl_common.py
[2026-06-29T01:38:49.022+0000] {processor.py:208} INFO - Processing /opt/airflow/dags/crimetrack_etl_common.py took 0.726 seconds
[2026-06-29T01:39:49.722+0000] {processor.py:186} INFO - Started process (PID=1346) to work on /opt/airflow/dags/crimetrack_etl_common.py
[2026-06-29T01:39:49.724+0000] {processor.py:914} INFO - Processing file /opt/airflow/dags/crimetrack_etl_common.py for tasks to queue
[2026-06-29T01:39:49.730+0000] {logging_mixin.py:190} INFO - [2026-06-29T01:39:49.729+0000] {dagbag.py:588} INFO - Filling up the DagBag from /opt/airflow/dags/crimetrack_etl_common.py
[2026-06-29T01:39:50.263+0000] {processor.py:927} WARNING - No viable dags retrieved from /opt/airflow/dags/crimetrack_etl_common.py
[2026-06-29T01:39:50.301+0000] {processor.py:208} INFO - Processing /opt/airflow/dags/crimetrack_etl_common.py took 0.597 seconds
[2026-06-29T01:40:51.061+0000] {processor.py:186} INFO - Started process (PID=1383) to work on /opt/airflow/dags/crimetrack_etl_common.py
[2026-06-29T01:40:51.063+0000] {processor.py:914} INFO - Processing file /opt/airflow/dags/crimetrack_etl_common.py for tasks to queue
[2026-06-29T01:40:51.068+0000] {logging_mixin.py:190} INFO - [2026-06-29T01:40:51.067+0000] {dagbag.py:588} INFO - Filling up the DagBag from /opt/airflow/dags/crimetrack_etl_common.py
[2026-06-29T01:40:51.614+0000] {processor.py:927} WARNING - No viable dags retrieved from /opt/airflow/dags/crimetrack_etl_common.py
[2026-06-29T01:40:51.718+0000] {processor.py:208} INFO - Processing /opt/airflow/dags/crimetrack_etl_common.py took 0.667 seconds
[2026-06-29T01:41:52.250+0000] {processor.py:186} INFO - Started process (PID=1428) to work on /opt/airflow/dags/crimetrack_etl_common.py
[2026-06-29T01:41:52.252+0000] {processor.py:914} INFO - Processing file /opt/airflow/dags/crimetrack_etl_common.py for tasks to queue
[2026-06-29T01:41:52.256+0000] {logging_mixin.py:190} INFO - [2026-06-29T01:41:52.256+0000] {dagbag.py:588} INFO - Filling up the DagBag from /opt/airflow/dags/crimetrack_etl_common.py
[2026-06-29T01:41:52.661+0000] {processor.py:927} WARNING - No viable dags retrieved from /opt/airflow/dags/crimetrack_etl_common.py
[2026-06-29T01:41:52.691+0000] {processor.py:208} INFO - Processing /opt/airflow/dags/crimetrack_etl_common.py took 0.450 seconds
[2026-06-29T01:42:52.808+0000] {processor.py:186} INFO - Started process (PID=1473) to work on /opt/airflow/dags/crimetrack_etl_common.py
[2026-06-29T01:42:52.810+0000] {processor.py:914} INFO - Processing file /opt/airflow/dags/crimetrack_etl_common.py for tasks to queue
[2026-06-29T01:42:52.814+0000] {logging_mixin.py:190} INFO - [2026-06-29T01:42:52.814+0000] {dagbag.py:588} INFO - Filling up the DagBag from /opt/airflow/dags/crimetrack_etl_common.py
[2026-06-29T01:42:53.199+0000] {processor.py:927} WARNING - No viable dags retrieved from /opt/airflow/dags/crimetrack_etl_common.py
[2026-06-29T01:42:53.229+0000] {processor.py:208} INFO - Processing /opt/airflow/dags/crimetrack_etl_common.py took 0.432 seconds
[2026-06-29T01:43:53.785+0000] {processor.py:186} INFO - Started process (PID=1518) to work on /opt/airflow/dags/crimetrack_etl_common.py
[2026-06-29T01:43:53.787+0000] {processor.py:914} INFO - Processing file /opt/airflow/dags/crimetrack_etl_common.py for tasks to queue
[2026-06-29T01:43:53.791+0000] {logging_mixin.py:190} INFO - [2026-06-29T01:43:53.790+0000] {dagbag.py:588} INFO - Filling up the DagBag from /opt/airflow/dags/crimetrack_etl_common.py
[2026-06-29T01:43:54.212+0000] {processor.py:927} WARNING - No viable dags retrieved from /opt/airflow/dags/crimetrack_etl_common.py
[2026-06-29T01:43:54.237+0000] {processor.py:208} INFO - Processing /opt/airflow/dags/crimetrack_etl_common.py took 0.461 seconds
[2026-06-29T01:44:54.625+0000] {processor.py:186} INFO - Started process (PID=1563) to work on /opt/airflow/dags/crimetrack_etl_common.py
[2026-06-29T01:44:54.627+0000] {processor.py:914} INFO - Processing file /opt/airflow/dags/crimetrack_etl_common.py for tasks to queue
[2026-06-29T01:44:54.631+0000] {logging_mixin.py:190} INFO - [2026-06-29T01:44:54.631+0000] {dagbag.py:588} INFO - Filling up the DagBag from /opt/airflow/dags/crimetrack_etl_common.py
[2026-06-29T01:44:54.973+0000] {processor.py:927} WARNING - No viable dags retrieved from /opt/airflow/dags/crimetrack_etl_common.py
[2026-06-29T01:44:54.997+0000] {processor.py:208} INFO - Processing /opt/airflow/dags/crimetrack_etl_common.py took 0.382 seconds
[2026-06-29T01:45:55.228+0000] {processor.py:186} INFO - Started process (PID=1600) to work on /opt/airflow/dags/crimetrack_etl_common.py
[2026-06-29T01:45:55.231+0000] {processor.py:914} INFO - Processing file /opt/airflow/dags/crimetrack_etl_common.py for tasks to queue
[2026-06-29T01:45:55.237+0000] {logging_mixin.py:190} INFO - [2026-06-29T01:45:55.236+0000] {dagbag.py:588} INFO - Filling up the DagBag from /opt/airflow/dags/crimetrack_etl_common.py
[2026-06-29T01:45:55.630+0000] {processor.py:927} WARNING - No viable dags retrieved from /opt/airflow/dags/crimetrack_etl_common.py
[2026-06-29T01:45:55.654+0000] {processor.py:208} INFO - Processing /opt/airflow/dags/crimetrack_etl_common.py took 0.441 seconds
[2026-06-29T01:46:56.040+0000] {processor.py:186} INFO - Started process (PID=1645) to work on /opt/airflow/dags/crimetrack_etl_common.py
[2026-06-29T01:46:56.042+0000] {processor.py:914} INFO - Processing file /opt/airflow/dags/crimetrack_etl_common.py for tasks to queue
[2026-06-29T01:46:56.047+0000] {logging_mixin.py:190} INFO - [2026-06-29T01:46:56.046+0000] {dagbag.py:588} INFO - Filling up the DagBag from /opt/airflow/dags/crimetrack_etl_common.py
[2026-06-29T01:46:56.717+0000] {processor.py:927} WARNING - No viable dags retrieved from /opt/airflow/dags/crimetrack_etl_common.py
[2026-06-29T01:46:56.758+0000] {processor.py:208} INFO - Processing /opt/airflow/dags/crimetrack_etl_common.py took 0.729 seconds
[2026-06-29T01:47:56.981+0000] {processor.py:186} INFO - Started process (PID=1690) to work on /opt/airflow/dags/crimetrack_etl_common.py
[2026-06-29T01:47:56.983+0000] {processor.py:914} INFO - Processing file /opt/airflow/dags/crimetrack_etl_common.py for tasks to queue
[2026-06-29T01:47:56.988+0000] {logging_mixin.py:190} INFO - [2026-06-29T01:47:56.987+0000] {dagbag.py:588} INFO - Filling up the DagBag from /opt/airflow/dags/crimetrack_etl_common.py
[2026-06-29T01:47:57.366+0000] {processor.py:927} WARNING - No viable dags retrieved from /opt/airflow/dags/crimetrack_etl_common.py
[2026-06-29T01:47:57.391+0000] {processor.py:208} INFO - Processing /opt/airflow/dags/crimetrack_etl_common.py took 0.420 seconds
[2026-06-29T01:49:00.754+0000] {processor.py:186} INFO - Started process (PID=1731) to work on /opt/airflow/dags/crimetrack_etl_common.py
[2026-06-29T01:49:00.762+0000] {processor.py:914} INFO - Processing file /opt/airflow/dags/crimetrack_etl_common.py for tasks to queue
[2026-06-29T01:49:00.772+0000] {logging_mixin.py:190} INFO - [2026-06-29T01:49:00.771+0000] {dagbag.py:588} INFO - Filling up the DagBag from /opt/airflow/dags/crimetrack_etl_common.py
[2026-06-29T01:49:04.548+0000] {processor.py:927} WARNING - No viable dags retrieved from /opt/airflow/dags/crimetrack_etl_common.py
[2026-06-29T01:49:04.986+0000] {processor.py:208} INFO - Processing /opt/airflow/dags/crimetrack_etl_common.py took 4.302 seconds
[2026-06-29T01:50:06.028+0000] {processor.py:186} INFO - Started process (PID=1772) to work on /opt/airflow/dags/crimetrack_etl_common.py
[2026-06-29T01:50:06.032+0000] {processor.py:914} INFO - Processing file /opt/airflow/dags/crimetrack_etl_common.py for tasks to queue
[2026-06-29T01:50:06.038+0000] {logging_mixin.py:190} INFO - [2026-06-29T01:50:06.037+0000] {dagbag.py:588} INFO - Filling up the DagBag from /opt/airflow/dags/crimetrack_etl_common.py
[2026-06-29T01:50:06.844+0000] {processor.py:927} WARNING - No viable dags retrieved from /opt/airflow/dags/crimetrack_etl_common.py
[2026-06-29T01:50:06.902+0000] {processor.py:208} INFO - Processing /opt/airflow/dags/crimetrack_etl_common.py took 0.930 seconds
[2026-06-29T01:51:07.199+0000] {processor.py:186} INFO - Started process (PID=1814) to work on /opt/airflow/dags/crimetrack_etl_common.py
[2026-06-29T01:51:07.205+0000] {processor.py:914} INFO - Processing file /opt/airflow/dags/crimetrack_etl_common.py for tasks to queue
[2026-06-29T01:51:07.215+0000] {logging_mixin.py:190} INFO - [2026-06-29T01:51:07.213+0000] {dagbag.py:588} INFO - Filling up the DagBag from /opt/airflow/dags/crimetrack_etl_common.py
[2026-06-29T01:51:07.972+0000] {processor.py:927} WARNING - No viable dags retrieved from /opt/airflow/dags/crimetrack_etl_common.py
[2026-06-29T01:51:08.024+0000] {processor.py:208} INFO - Processing /opt/airflow/dags/crimetrack_etl_common.py took 0.852 seconds
[2026-06-29T01:52:09.862+0000] {processor.py:186} INFO - Started process (PID=1860) to work on /opt/airflow/dags/crimetrack_etl_common.py
[2026-06-29T01:52:09.865+0000] {processor.py:914} INFO - Processing file /opt/airflow/dags/crimetrack_etl_common.py for tasks to queue
[2026-06-29T01:52:09.872+0000] {logging_mixin.py:190} INFO - [2026-06-29T01:52:09.872+0000] {dagbag.py:588} INFO - Filling up the DagBag from /opt/airflow/dags/crimetrack_etl_common.py
[2026-06-29T01:52:10.707+0000] {processor.py:927} WARNING - No viable dags retrieved from /opt/airflow/dags/crimetrack_etl_common.py
[2026-06-29T01:52:10.746+0000] {processor.py:208} INFO - Processing /opt/airflow/dags/crimetrack_etl_common.py took 0.900 seconds
[2026-06-29T01:53:12.558+0000] {processor.py:186} INFO - Started process (PID=1898) to work on /opt/airflow/dags/crimetrack_etl_common.py
[2026-06-29T01:53:12.561+0000] {processor.py:914} INFO - Processing file /opt/airflow/dags/crimetrack_etl_common.py for tasks to queue
[2026-06-29T01:53:12.568+0000] {logging_mixin.py:190} INFO - [2026-06-29T01:53:12.566+0000] {dagbag.py:588} INFO - Filling up the DagBag from /opt/airflow/dags/crimetrack_etl_common.py
[2026-06-29T01:53:13.667+0000] {processor.py:927} WARNING - No viable dags retrieved from /opt/airflow/dags/crimetrack_etl_common.py
[2026-06-29T01:53:13.763+0000] {processor.py:208} INFO - Processing /opt/airflow/dags/crimetrack_etl_common.py took 1.219 seconds
[2026-06-29T01:54:13.977+0000] {processor.py:186} INFO - Started process (PID=1943) to work on /opt/airflow/dags/crimetrack_etl_common.py
[2026-06-29T01:54:13.979+0000] {processor.py:914} INFO - Processing file /opt/airflow/dags/crimetrack_etl_common.py for tasks to queue
[2026-06-29T01:54:13.983+0000] {logging_mixin.py:190} INFO - [2026-06-29T01:54:13.983+0000] {dagbag.py:588} INFO - Filling up the DagBag from /opt/airflow/dags/crimetrack_etl_common.py
[2026-06-29T01:54:14.373+0000] {processor.py:927} WARNING - No viable dags retrieved from /opt/airflow/dags/crimetrack_etl_common.py
[2026-06-29T01:54:14.408+0000] {processor.py:208} INFO - Processing /opt/airflow/dags/crimetrack_etl_common.py took 0.441 seconds
[2026-06-29T01:55:16.014+0000] {processor.py:186} INFO - Started process (PID=1986) to work on /opt/airflow/dags/crimetrack_etl_common.py
[2026-06-29T01:55:16.017+0000] {processor.py:914} INFO - Processing file /opt/airflow/dags/crimetrack_etl_common.py for tasks to queue
[2026-06-29T01:55:16.022+0000] {logging_mixin.py:190} INFO - [2026-06-29T01:55:16.021+0000] {dagbag.py:588} INFO - Filling up the DagBag from /opt/airflow/dags/crimetrack_etl_common.py
[2026-06-29T01:55:17.133+0000] {processor.py:927} WARNING - No viable dags retrieved from /opt/airflow/dags/crimetrack_etl_common.py
[2026-06-29T01:55:17.161+0000] {processor.py:208} INFO - Processing /opt/airflow/dags/crimetrack_etl_common.py took 1.200 seconds
[2026-06-29T01:56:18.732+0000] {processor.py:186} INFO - Started process (PID=2032) to work on /opt/airflow/dags/crimetrack_etl_common.py
[2026-06-29T01:56:18.736+0000] {processor.py:914} INFO - Processing file /opt/airflow/dags/crimetrack_etl_common.py for tasks to queue
[2026-06-29T01:56:18.740+0000] {logging_mixin.py:190} INFO - [2026-06-29T01:56:18.740+0000] {dagbag.py:588} INFO - Filling up the DagBag from /opt/airflow/dags/crimetrack_etl_common.py
[2026-06-29T01:56:19.910+0000] {processor.py:927} WARNING - No viable dags retrieved from /opt/airflow/dags/crimetrack_etl_common.py
[2026-06-29T01:56:19.952+0000] {processor.py:208} INFO - Processing /opt/airflow/dags/crimetrack_etl_common.py took 1.234 seconds
