[2026-06-28T06:46:21.852+0000] {local_task_job_runner.py:123} INFO - ::group::Pre task execution logs
[2026-06-28T06:46:21.901+0000] {taskinstance.py:2613} INFO - Dependencies all met for dep_context=non-requeueable deps ti=<TaskInstance: dag_minio_to_clickhouse_operational.land_app_tables.land_stg_incidentes manual__2026-06-28T06:45:52+00:00 [queued]>
[2026-06-28T06:46:21.928+0000] {taskinstance.py:2613} INFO - Dependencies all met for dep_context=requeueable deps ti=<TaskInstance: dag_minio_to_clickhouse_operational.land_app_tables.land_stg_incidentes manual__2026-06-28T06:45:52+00:00 [queued]>
[2026-06-28T06:46:21.930+0000] {taskinstance.py:2866} INFO - Starting attempt 1 of 1
[2026-06-28T06:46:21.967+0000] {taskinstance.py:2889} INFO - Executing <Task(PythonOperator): land_app_tables.land_stg_incidentes> on 2026-06-28 06:45:52+00:00
[2026-06-28T06:46:22.037+0000] {logging_mixin.py:190} WARNING - /home/***/.local/lib/python3.12/site-packages/***/task/task_runner/standard_task_runner.py:70 DeprecationWarning: This process (pid=2774) is multi-threaded, use of fork() may lead to deadlocks in the child.
[2026-06-28T06:46:22.046+0000] {standard_task_runner.py:72} INFO - Started process 2796 to run task
[2026-06-28T06:46:22.043+0000] {standard_task_runner.py:104} INFO - Running: ['***', 'tasks', 'run', 'dag_minio_to_clickhouse_operational', 'land_app_tables.land_stg_incidentes', 'manual__2026-06-28T06:45:52+00:00', '--job-id', '9', '--raw', '--subdir', 'DAGS_FOLDER/dag_minio_to_clickhouse_operational.py', '--cfg-path', '/tmp/tmpqch30zl_']
[2026-06-28T06:46:22.052+0000] {standard_task_runner.py:105} INFO - Job 9: Subtask land_app_tables.land_stg_incidentes
[2026-06-28T06:46:22.213+0000] {task_command.py:467} INFO - Running <TaskInstance: dag_minio_to_clickhouse_operational.land_app_tables.land_stg_incidentes manual__2026-06-28T06:45:52+00:00 [running]> on host 863e1c870728
[2026-06-28T06:46:22.399+0000] {taskinstance.py:3132} INFO - Exporting env vars: AIRFLOW_CTX_DAG_OWNER='***' AIRFLOW_CTX_DAG_ID='dag_minio_to_clickhouse_operational' AIRFLOW_CTX_TASK_ID='land_app_tables.land_stg_incidentes' AIRFLOW_CTX_EXECUTION_DATE='2026-06-28T06:45:52+00:00' AIRFLOW_CTX_TRY_NUMBER='1' AIRFLOW_CTX_DAG_RUN_ID='manual__2026-06-28T06:45:52+00:00'
[2026-06-28T06:46:22.402+0000] {taskinstance.py:731} INFO - ::endgroup::
[2026-06-28T06:46:23.531+0000] {logging_mixin.py:190} INFO -   stg_incidentes: 7 filas aterrizadas.
[2026-06-28T06:46:23.564+0000] {logging_mixin.py:190} INFO - LOG carga -> stg_incidentes: 7 filas (verificación: 7).
[2026-06-28T06:46:23.566+0000] {python.py:240} INFO - Done. Returned value was: None
[2026-06-28T06:46:23.597+0000] {taskinstance.py:340} INFO - ::group::Post task execution logs
[2026-06-28T06:46:23.598+0000] {taskinstance.py:352} INFO - Marking task as SUCCESS. dag_id=dag_minio_to_clickhouse_operational, task_id=land_app_tables.land_stg_incidentes, run_id=manual__2026-06-28T06:45:52+00:00, execution_date=20260628T064552, start_date=20260628T064621, end_date=20260628T064623
[2026-06-28T06:46:23.677+0000] {local_task_job_runner.py:266} INFO - Task exited with return code 0
[2026-06-28T06:46:23.721+0000] {taskinstance.py:3895} INFO - 0 downstream tasks scheduled from follow-on schedule check
[2026-06-28T06:46:23.727+0000] {local_task_job_runner.py:245} INFO - ::endgroup::
