[2026-06-29T01:23:35.264+0000] {local_task_job_runner.py:123} INFO - ::group::Pre task execution logs
[2026-06-29T01:23:35.300+0000] {taskinstance.py:2613} INFO - Dependencies all met for dep_context=non-requeueable deps ti=<TaskInstance: dag_data_quality_checks.check_logical_integrity manual__2026-06-29T01:23:08.455086+00:00 [queued]>
[2026-06-29T01:23:35.316+0000] {taskinstance.py:2613} INFO - Dependencies all met for dep_context=requeueable deps ti=<TaskInstance: dag_data_quality_checks.check_logical_integrity manual__2026-06-29T01:23:08.455086+00:00 [queued]>
[2026-06-29T01:23:35.318+0000] {taskinstance.py:2866} INFO - Starting attempt 1 of 2
[2026-06-29T01:23:35.336+0000] {taskinstance.py:2889} INFO - Executing <Task(PythonOperator): check_logical_integrity> on 2026-06-29 01:23:08.455086+00:00
[2026-06-29T01:23:35.357+0000] {logging_mixin.py:190} WARNING - /home/***/.local/lib/python3.12/site-packages/***/task/task_runner/standard_task_runner.py:70 DeprecationWarning: This process (pid=608) is multi-threaded, use of fork() may lead to deadlocks in the child.
[2026-06-29T01:23:35.360+0000] {standard_task_runner.py:72} INFO - Started process 610 to run task
[2026-06-29T01:23:35.358+0000] {standard_task_runner.py:104} INFO - Running: ['***', 'tasks', 'run', 'dag_data_quality_checks', 'check_logical_integrity', 'manual__2026-06-29T01:23:08.455086+00:00', '--job-id', '38', '--raw', '--subdir', 'DAGS_FOLDER/dag_data_quality_checks.py', '--cfg-path', '/tmp/tmpgtbk3s6c']
[2026-06-29T01:23:35.362+0000] {standard_task_runner.py:105} INFO - Job 38: Subtask check_logical_integrity
[2026-06-29T01:23:35.494+0000] {task_command.py:467} INFO - Running <TaskInstance: dag_data_quality_checks.check_logical_integrity manual__2026-06-29T01:23:08.455086+00:00 [running]> on host e6f17338ad20
[2026-06-29T01:23:35.653+0000] {taskinstance.py:3132} INFO - Exporting env vars: AIRFLOW_CTX_DAG_OWNER='***' AIRFLOW_CTX_DAG_ID='dag_data_quality_checks' AIRFLOW_CTX_TASK_ID='check_logical_integrity' AIRFLOW_CTX_EXECUTION_DATE='2026-06-29T01:23:08.455086+00:00' AIRFLOW_CTX_TRY_NUMBER='1' AIRFLOW_CTX_DAG_RUN_ID='manual__2026-06-29T01:23:08.455086+00:00'
[2026-06-29T01:23:35.656+0000] {taskinstance.py:731} INFO - ::endgroup::
[2026-06-29T01:23:35.731+0000] {logging_mixin.py:190} INFO - == Integridad lógica entre tablas ==
[2026-06-29T01:23:35.799+0000] {logging_mixin.py:190} INFO -   incidentes con expediente inexistente: 0
[2026-06-29T01:23:35.851+0000] {logging_mixin.py:190} INFO -   fact_crimes con fk_distrito huérfano: 0
[2026-06-29T01:23:35.876+0000] {logging_mixin.py:190} INFO -   fact_crimes con fk_tipo_crimen huérfano: 0
[2026-06-29T01:23:35.877+0000] {logging_mixin.py:190} INFO - OK: chequeo de integridad lógica finalizado.
[2026-06-29T01:23:35.878+0000] {python.py:240} INFO - Done. Returned value was: None
[2026-06-29T01:23:35.898+0000] {taskinstance.py:340} INFO - ::group::Post task execution logs
[2026-06-29T01:23:35.899+0000] {taskinstance.py:352} INFO - Marking task as SUCCESS. dag_id=dag_data_quality_checks, task_id=check_logical_integrity, run_id=manual__2026-06-29T01:23:08.455086+00:00, execution_date=20260629T012308, start_date=20260629T012335, end_date=20260629T012335
[2026-06-29T01:23:35.943+0000] {local_task_job_runner.py:266} INFO - Task exited with return code 0
[2026-06-29T01:23:35.979+0000] {taskinstance.py:3895} INFO - 1 downstream tasks scheduled from follow-on schedule check
[2026-06-29T01:23:35.983+0000] {local_task_job_runner.py:245} INFO - ::endgroup::
