[2026-06-29T01:19:01.909+0000] {local_task_job_runner.py:123} INFO - ::group::Pre task execution logs
[2026-06-29T01:19:02.009+0000] {taskinstance.py:2613} INFO - Dependencies all met for dep_context=non-requeueable deps ti=<TaskInstance: dag_minio_to_clickhouse_operational.land_operational_tables manual__2026-06-29T01:18:51+00:00 [queued]>
[2026-06-29T01:19:02.065+0000] {taskinstance.py:2613} INFO - Dependencies all met for dep_context=requeueable deps ti=<TaskInstance: dag_minio_to_clickhouse_operational.land_operational_tables manual__2026-06-29T01:18:51+00:00 [queued]>
[2026-06-29T01:19:02.071+0000] {taskinstance.py:2866} INFO - Starting attempt 1 of 3
[2026-06-29T01:19:02.112+0000] {taskinstance.py:2889} INFO - Executing <Task(PythonOperator): land_operational_tables> on 2026-06-29 01:18:51+00:00
[2026-06-29T01:19:02.161+0000] {standard_task_runner.py:104} INFO - Running: ['***', 'tasks', 'run', 'dag_minio_to_clickhouse_operational', 'land_operational_tables', 'manual__2026-06-29T01:18:51+00:00', '--job-id', '27', '--raw', '--subdir', 'DAGS_FOLDER/dag_minio_to_clickhouse_operational.py', '--cfg-path', '/tmp/tmpi9w68zit']
[2026-06-29T01:19:02.166+0000] {standard_task_runner.py:105} INFO - Job 27: Subtask land_operational_tables
[2026-06-29T01:19:02.166+0000] {logging_mixin.py:190} WARNING - /home/***/.local/lib/python3.12/site-packages/***/task/task_runner/standard_task_runner.py:70 DeprecationWarning: This process (pid=320) is multi-threaded, use of fork() may lead to deadlocks in the child.
[2026-06-29T01:19:02.172+0000] {standard_task_runner.py:72} INFO - Started process 332 to run task
[2026-06-29T01:19:02.326+0000] {task_command.py:467} INFO - Running <TaskInstance: dag_minio_to_clickhouse_operational.land_operational_tables manual__2026-06-29T01:18:51+00:00 [running]> on host e6f17338ad20
[2026-06-29T01:19:02.586+0000] {taskinstance.py:3132} INFO - Exporting env vars: AIRFLOW_CTX_DAG_OWNER='***' AIRFLOW_CTX_DAG_ID='dag_minio_to_clickhouse_operational' AIRFLOW_CTX_TASK_ID='land_operational_tables' AIRFLOW_CTX_EXECUTION_DATE='2026-06-29T01:18:51+00:00' AIRFLOW_CTX_TRY_NUMBER='1' AIRFLOW_CTX_DAG_RUN_ID='manual__2026-06-29T01:18:51+00:00'
[2026-06-29T01:19:02.589+0000] {taskinstance.py:731} INFO - ::endgroup::
[2026-06-29T01:19:03.870+0000] {logging_mixin.py:190} INFO -   stg_incidentes: 7 filas aterrizadas.
[2026-06-29T01:19:03.884+0000] {logging_mixin.py:190} INFO - LOG carga -> stg_incidentes: 7 filas (verificación: 7).
[2026-06-29T01:19:03.995+0000] {logging_mixin.py:190} INFO -   stg_expedientes: 7 filas aterrizadas.
[2026-06-29T01:19:04.004+0000] {logging_mixin.py:190} INFO - LOG carga -> stg_expedientes: 7 filas (verificación: 7).
[2026-06-29T01:19:04.077+0000] {logging_mixin.py:190} INFO -   stg_evidencias: 8 filas aterrizadas.
[2026-06-29T01:19:04.089+0000] {logging_mixin.py:190} INFO - LOG carga -> stg_evidencias: 8 filas (verificación: 8).
[2026-06-29T01:19:04.191+0000] {logging_mixin.py:190} INFO -   stg_audit_logs: 451 filas aterrizadas.
[2026-06-29T01:19:04.201+0000] {logging_mixin.py:190} INFO - LOG carga -> stg_audit_logs: 451 filas (verificación: 451).
[2026-06-29T01:19:04.283+0000] {logging_mixin.py:190} INFO -   stg_usuarios: 20 filas aterrizadas.
[2026-06-29T01:19:04.290+0000] {logging_mixin.py:190} INFO - LOG carga -> stg_usuarios: 20 filas (verificación: 20).
[2026-06-29T01:19:04.344+0000] {logging_mixin.py:190} INFO -   stg_roles: 5 filas aterrizadas.
[2026-06-29T01:19:04.351+0000] {logging_mixin.py:190} INFO - LOG carga -> stg_roles: 5 filas (verificación: 5).
[2026-06-29T01:19:04.406+0000] {logging_mixin.py:190} INFO -   stg_patrullas: 3 filas aterrizadas.
[2026-06-29T01:19:04.412+0000] {logging_mixin.py:190} INFO - LOG carga -> stg_patrullas: 3 filas (verificación: 3).
[2026-06-29T01:19:04.450+0000] {logging_mixin.py:190} INFO -   stg_casos_operativos: 0 filas (tabla operativa vacía / no materializada).
[2026-06-29T01:19:04.457+0000] {logging_mixin.py:190} INFO - LOG carga -> stg_casos_operativos: 0 filas (verificación: 0).
[2026-06-29T01:19:04.538+0000] {logging_mixin.py:190} INFO -   stg_asignaciones: 49 filas aterrizadas.
[2026-06-29T01:19:04.566+0000] {logging_mixin.py:190} INFO - LOG carga -> stg_asignaciones: 49 filas (verificación: 49).
[2026-06-29T01:19:04.568+0000] {logging_mixin.py:190} INFO - Total filas operativas aterrizadas: 550.
[2026-06-29T01:19:04.570+0000] {python.py:240} INFO - Done. Returned value was: None
[2026-06-29T01:19:04.657+0000] {taskinstance.py:340} INFO - ::group::Post task execution logs
[2026-06-29T01:19:04.661+0000] {taskinstance.py:352} INFO - Marking task as SUCCESS. dag_id=dag_minio_to_clickhouse_operational, task_id=land_operational_tables, run_id=manual__2026-06-29T01:18:51+00:00, execution_date=20260629T011851, start_date=20260629T011902, end_date=20260629T011904
[2026-06-29T01:19:04.756+0000] {local_task_job_runner.py:266} INFO - Task exited with return code 0
[2026-06-29T01:19:04.791+0000] {taskinstance.py:3895} INFO - 1 downstream tasks scheduled from follow-on schedule check
[2026-06-29T01:19:04.854+0000] {local_task_job_runner.py:245} INFO - ::endgroup::
