[2026-06-29T01:19:27.213+0000] {local_task_job_runner.py:123} INFO - ::group::Pre task execution logs
[2026-06-29T01:19:27.243+0000] {taskinstance.py:2613} INFO - Dependencies all met for dep_context=non-requeueable deps ti=<TaskInstance: dag_build_crimetrack_datamart.build_strategic_star manual__2026-06-29T01:19:10.658936+00:00 [queued]>
[2026-06-29T01:19:27.257+0000] {taskinstance.py:2613} INFO - Dependencies all met for dep_context=requeueable deps ti=<TaskInstance: dag_build_crimetrack_datamart.build_strategic_star manual__2026-06-29T01:19:10.658936+00:00 [queued]>
[2026-06-29T01:19:27.258+0000] {taskinstance.py:2866} INFO - Starting attempt 1 of 3
[2026-06-29T01:19:27.278+0000] {taskinstance.py:2889} INFO - Executing <Task(PythonOperator): build_strategic_star> on 2026-06-29 01:19:10.658936+00:00
[2026-06-29T01:19:27.296+0000] {logging_mixin.py:190} WARNING - /home/***/.local/lib/python3.12/site-packages/***/task/task_runner/standard_task_runner.py:70 DeprecationWarning: This process (pid=383) is multi-threaded, use of fork() may lead to deadlocks in the child.
[2026-06-29T01:19:27.296+0000] {standard_task_runner.py:104} INFO - Running: ['***', 'tasks', 'run', 'dag_build_crimetrack_datamart', 'build_strategic_star', 'manual__2026-06-29T01:19:10.658936+00:00', '--job-id', '32', '--raw', '--subdir', 'DAGS_FOLDER/dag_build_crimetrack_datamart.py', '--cfg-path', '/tmp/tmpmurhg8gt']
[2026-06-29T01:19:27.299+0000] {standard_task_runner.py:72} INFO - Started process 385 to run task
[2026-06-29T01:19:27.300+0000] {standard_task_runner.py:105} INFO - Job 32: Subtask build_strategic_star
[2026-06-29T01:19:27.391+0000] {task_command.py:467} INFO - Running <TaskInstance: dag_build_crimetrack_datamart.build_strategic_star manual__2026-06-29T01:19:10.658936+00:00 [running]> on host e6f17338ad20
[2026-06-29T01:19:27.529+0000] {taskinstance.py:3132} INFO - Exporting env vars: AIRFLOW_CTX_DAG_OWNER='***' AIRFLOW_CTX_DAG_ID='dag_build_crimetrack_datamart' AIRFLOW_CTX_TASK_ID='build_strategic_star' AIRFLOW_CTX_EXECUTION_DATE='2026-06-29T01:19:10.658936+00:00' AIRFLOW_CTX_TRY_NUMBER='1' AIRFLOW_CTX_DAG_RUN_ID='manual__2026-06-29T01:19:10.658936+00:00'
[2026-06-29T01:19:27.531+0000] {taskinstance.py:731} INFO - ::endgroup::
[2026-06-29T01:19:29.197+0000] {logging_mixin.py:190} INFO -   dim_fecha: 625153 filas.
[2026-06-29T01:19:29.198+0000] {logging_mixin.py:190} INFO -   dim_tipo_crimen: 339 filas.
[2026-06-29T01:19:29.199+0000] {logging_mixin.py:190} INFO -   dim_ubicacion: 2532 filas.
[2026-06-29T01:19:43.472+0000] {taskinstance.py:3311} ERROR - Task failed with exception
Traceback (most recent call last):
  File "/home/airflow/.local/lib/python3.12/site-packages/airflow/models/taskinstance.py", line 762, in _execute_task
    result = _execute_callable(context=context, **execute_callable_kwargs)
             ^^^^^^^^^^^^^^^^^^^^^^^^^^^^^^^^^^^^^^^^^^^^^^^^^^^^^^^^^^^^^
  File "/home/airflow/.local/lib/python3.12/site-packages/airflow/models/taskinstance.py", line 733, in _execute_callable
    return ExecutionCallableRunner(
           ^^^^^^^^^^^^^^^^^^^^^^^^
  File "/home/airflow/.local/lib/python3.12/site-packages/airflow/utils/operator_helpers.py", line 252, in run
    return self.func(*args, **kwargs)
           ^^^^^^^^^^^^^^^^^^^^^^^^^^
  File "/home/airflow/.local/lib/python3.12/site-packages/airflow/models/baseoperator.py", line 417, in wrapper
    return func(self, *args, **kwargs)
           ^^^^^^^^^^^^^^^^^^^^^^^^^^^
  File "/home/airflow/.local/lib/python3.12/site-packages/airflow/operators/python.py", line 238, in execute
    return_value = self.execute_callable()
                   ^^^^^^^^^^^^^^^^^^^^^^^
  File "/home/airflow/.local/lib/python3.12/site-packages/airflow/operators/python.py", line 256, in execute_callable
    return runner.run(*self.op_args, **self.op_kwargs)
           ^^^^^^^^^^^^^^^^^^^^^^^^^^^^^^^^^^^^^^^^^^^
  File "/home/airflow/.local/lib/python3.12/site-packages/airflow/utils/operator_helpers.py", line 252, in run
    return self.func(*args, **kwargs)
           ^^^^^^^^^^^^^^^^^^^^^^^^^^
  File "/opt/airflow/dags/dag_build_crimetrack_datamart.py", line 174, in build_strategic_star
    total = build_fact_crimes(client)
            ^^^^^^^^^^^^^^^^^^^^^^^^^
  File "/opt/airflow/dags/crimetrack_etl_common.py", line 427, in build_fact_crimes
    client.command(sql)
  File "/home/airflow/.local/lib/python3.12/site-packages/clickhouse_connect/driver/httpclient.py", line 368, in command
    response = self._raw_request(payload, params, headers, method, fields=fields, server_wait=False)
               ^^^^^^^^^^^^^^^^^^^^^^^^^^^^^^^^^^^^^^^^^^^^^^^^^^^^^^^^^^^^^^^^^^^^^^^^^^^^^^^^^^^^^
  File "/home/airflow/.local/lib/python3.12/site-packages/clickhouse_connect/driver/httpclient.py", line 481, in _raw_request
    self._error_handler(response)
  File "/home/airflow/.local/lib/python3.12/site-packages/clickhouse_connect/driver/httpclient.py", line 402, in _error_handler
    raise OperationalError(err_str) if retried else DatabaseError(err_str) from None
clickhouse_connect.driver.exceptions.DatabaseError: HTTPDriver for http://clickhouse:8123 received ClickHouse error code 241
 Code: 241. DB::Exception: Memory limit (total) exceeded: would use 1.90 GiB (attempt to allocate chunk of 4236576 bytes), maximum: 1.80 GiB. OvercommitTracker decision: Query was selected to stop by OvercommitTracker. (MEMORY_LIMIT_EXCEEDED) (version 24.8.14.39 (official build))

[2026-06-29T01:19:43.554+0000] {taskinstance.py:1225} INFO - Marking task as UP_FOR_RETRY. dag_id=dag_build_crimetrack_datamart, task_id=build_strategic_star, run_id=manual__2026-06-29T01:19:10.658936+00:00, execution_date=20260629T011910, start_date=20260629T011927, end_date=20260629T011943
[2026-06-29T01:19:43.605+0000] {taskinstance.py:340} INFO - ::group::Post task execution logs
[2026-06-29T01:19:43.607+0000] {standard_task_runner.py:124} ERROR - Failed to execute job 32 for task build_strategic_star (HTTPDriver for http://clickhouse:8123 received ClickHouse error code 241
 Code: 241. DB::Exception: Memory limit (total) exceeded: would use 1.90 GiB (attempt to allocate chunk of 4236576 bytes), maximum: 1.80 GiB. OvercommitTracker decision: Query was selected to stop by OvercommitTracker. (MEMORY_LIMIT_EXCEEDED) (version 24.8.14.39 (official build))
; 385)
Traceback (most recent call last):
  File "/home/airflow/.local/lib/python3.12/site-packages/airflow/task/task_runner/standard_task_runner.py", line 117, in _start_by_fork
    ret = args.func(args, dag=self.dag)
          ^^^^^^^^^^^^^^^^^^^^^^^^^^^^^
  File "/home/airflow/.local/lib/python3.12/site-packages/airflow/cli/cli_config.py", line 49, in command
    return func(*args, **kwargs)
           ^^^^^^^^^^^^^^^^^^^^^
  File "/home/airflow/.local/lib/python3.12/site-packages/airflow/utils/cli.py", line 116, in wrapper
    return f(*args, **kwargs)
           ^^^^^^^^^^^^^^^^^^
  File "/home/airflow/.local/lib/python3.12/site-packages/airflow/cli/commands/task_command.py", line 483, in task_run
    task_return_code = _run_task_by_selected_method(args, _dag, ti)
                       ^^^^^^^^^^^^^^^^^^^^^^^^^^^^^^^^^^^^^^^^^^^^
  File "/home/airflow/.local/lib/python3.12/site-packages/airflow/cli/commands/task_command.py", line 256, in _run_task_by_selected_method
    return _run_raw_task(args, ti)
           ^^^^^^^^^^^^^^^^^^^^^^^
  File "/home/airflow/.local/lib/python3.12/site-packages/airflow/cli/commands/task_command.py", line 341, in _run_raw_task
    return ti._run_raw_task(
           ^^^^^^^^^^^^^^^^^
  File "/home/airflow/.local/lib/python3.12/site-packages/airflow/utils/session.py", line 97, in wrapper
    return func(*args, session=session, **kwargs)
           ^^^^^^^^^^^^^^^^^^^^^^^^^^^^^^^^^^^^^^
  File "/home/airflow/.local/lib/python3.12/site-packages/airflow/models/taskinstance.py", line 3005, in _run_raw_task
    return _run_raw_task(
           ^^^^^^^^^^^^^^
  File "/home/airflow/.local/lib/python3.12/site-packages/airflow/models/taskinstance.py", line 273, in _run_raw_task
    TaskInstance._execute_task_with_callbacks(
  File "/home/airflow/.local/lib/python3.12/site-packages/airflow/models/taskinstance.py", line 3159, in _execute_task_with_callbacks
    result = self._execute_task(context, task_orig)
             ^^^^^^^^^^^^^^^^^^^^^^^^^^^^^^^^^^^^^^
  File "/home/airflow/.local/lib/python3.12/site-packages/airflow/models/taskinstance.py", line 3183, in _execute_task
    return _execute_task(self, context, task_orig)
           ^^^^^^^^^^^^^^^^^^^^^^^^^^^^^^^^^^^^^^^
  File "/home/airflow/.local/lib/python3.12/site-packages/airflow/models/taskinstance.py", line 762, in _execute_task
    result = _execute_callable(context=context, **execute_callable_kwargs)
             ^^^^^^^^^^^^^^^^^^^^^^^^^^^^^^^^^^^^^^^^^^^^^^^^^^^^^^^^^^^^^
  File "/home/airflow/.local/lib/python3.12/site-packages/airflow/models/taskinstance.py", line 733, in _execute_callable
    return ExecutionCallableRunner(
           ^^^^^^^^^^^^^^^^^^^^^^^^
  File "/home/airflow/.local/lib/python3.12/site-packages/airflow/utils/operator_helpers.py", line 252, in run
    return self.func(*args, **kwargs)
           ^^^^^^^^^^^^^^^^^^^^^^^^^^
  File "/home/airflow/.local/lib/python3.12/site-packages/airflow/models/baseoperator.py", line 417, in wrapper
    return func(self, *args, **kwargs)
           ^^^^^^^^^^^^^^^^^^^^^^^^^^^
  File "/home/airflow/.local/lib/python3.12/site-packages/airflow/operators/python.py", line 238, in execute
    return_value = self.execute_callable()
                   ^^^^^^^^^^^^^^^^^^^^^^^
  File "/home/airflow/.local/lib/python3.12/site-packages/airflow/operators/python.py", line 256, in execute_callable
    return runner.run(*self.op_args, **self.op_kwargs)
           ^^^^^^^^^^^^^^^^^^^^^^^^^^^^^^^^^^^^^^^^^^^
  File "/home/airflow/.local/lib/python3.12/site-packages/airflow/utils/operator_helpers.py", line 252, in run
    return self.func(*args, **kwargs)
           ^^^^^^^^^^^^^^^^^^^^^^^^^^
  File "/opt/airflow/dags/dag_build_crimetrack_datamart.py", line 174, in build_strategic_star
    total = build_fact_crimes(client)
            ^^^^^^^^^^^^^^^^^^^^^^^^^
  File "/opt/airflow/dags/crimetrack_etl_common.py", line 427, in build_fact_crimes
    client.command(sql)
  File "/home/airflow/.local/lib/python3.12/site-packages/clickhouse_connect/driver/httpclient.py", line 368, in command
    response = self._raw_request(payload, params, headers, method, fields=fields, server_wait=False)
               ^^^^^^^^^^^^^^^^^^^^^^^^^^^^^^^^^^^^^^^^^^^^^^^^^^^^^^^^^^^^^^^^^^^^^^^^^^^^^^^^^^^^^
  File "/home/airflow/.local/lib/python3.12/site-packages/clickhouse_connect/driver/httpclient.py", line 481, in _raw_request
    self._error_handler(response)
  File "/home/airflow/.local/lib/python3.12/site-packages/clickhouse_connect/driver/httpclient.py", line 402, in _error_handler
    raise OperationalError(err_str) if retried else DatabaseError(err_str) from None
clickhouse_connect.driver.exceptions.DatabaseError: HTTPDriver for http://clickhouse:8123 received ClickHouse error code 241
 Code: 241. DB::Exception: Memory limit (total) exceeded: would use 1.90 GiB (attempt to allocate chunk of 4236576 bytes), maximum: 1.80 GiB. OvercommitTracker decision: Query was selected to stop by OvercommitTracker. (MEMORY_LIMIT_EXCEEDED) (version 24.8.14.39 (official build))

[2026-06-29T01:19:43.657+0000] {local_task_job_runner.py:266} INFO - Task exited with return code 1
[2026-06-29T01:19:43.692+0000] {taskinstance.py:3895} INFO - 0 downstream tasks scheduled from follow-on schedule check
[2026-06-29T01:19:43.695+0000] {local_task_job_runner.py:245} INFO - ::endgroup::
