[2026-06-29T00:26:19.109+0000] {local_task_job_runner.py:123} INFO - ::group::Pre task execution logs
[2026-06-29T00:26:19.137+0000] {taskinstance.py:2613} INFO - Dependencies all met for dep_context=non-requeueable deps ti=<TaskInstance: dag_data_quality_checks.check_duplicates manual__2026-06-29T00:26:15.114497+00:00 [queued]>
[2026-06-29T00:26:19.151+0000] {taskinstance.py:2613} INFO - Dependencies all met for dep_context=requeueable deps ti=<TaskInstance: dag_data_quality_checks.check_duplicates manual__2026-06-29T00:26:15.114497+00:00 [queued]>
[2026-06-29T00:26:19.152+0000] {taskinstance.py:2866} INFO - Starting attempt 1 of 1
[2026-06-29T00:26:19.170+0000] {taskinstance.py:2889} INFO - Executing <Task(PythonOperator): check_duplicates> on 2026-06-29 00:26:15.114497+00:00
[2026-06-29T00:26:19.187+0000] {logging_mixin.py:190} WARNING - /home/***/.local/lib/python3.12/site-packages/***/task/task_runner/standard_task_runner.py:70 DeprecationWarning: This process (pid=234) is multi-threaded, use of fork() may lead to deadlocks in the child.
[2026-06-29T00:26:19.186+0000] {standard_task_runner.py:104} INFO - Running: ['***', 'tasks', 'run', 'dag_data_quality_checks', 'check_duplicates', 'manual__2026-06-29T00:26:15.114497+00:00', '--job-id', '21', '--raw', '--subdir', 'DAGS_FOLDER/dag_data_quality_checks.py', '--cfg-path', '/tmp/tmp85z1e2gq']
[2026-06-29T00:26:19.189+0000] {standard_task_runner.py:72} INFO - Started process 236 to run task
[2026-06-29T00:26:19.190+0000] {standard_task_runner.py:105} INFO - Job 21: Subtask check_duplicates
[2026-06-29T00:26:19.275+0000] {task_command.py:467} INFO - Running <TaskInstance: dag_data_quality_checks.check_duplicates manual__2026-06-29T00:26:15.114497+00:00 [running]> on host 863e1c870728
[2026-06-29T00:26:19.458+0000] {taskinstance.py:3132} INFO - Exporting env vars: AIRFLOW_CTX_DAG_OWNER='***' AIRFLOW_CTX_DAG_ID='dag_data_quality_checks' AIRFLOW_CTX_TASK_ID='check_duplicates' AIRFLOW_CTX_EXECUTION_DATE='2026-06-29T00:26:15.114497+00:00' AIRFLOW_CTX_TRY_NUMBER='1' AIRFLOW_CTX_DAG_RUN_ID='manual__2026-06-29T00:26:15.114497+00:00'
[2026-06-29T00:26:19.460+0000] {taskinstance.py:731} INFO - ::endgroup::
[2026-06-29T00:26:19.541+0000] {logging_mixin.py:190} INFO - == Duplicados por clave id ==
[2026-06-29T00:26:19.631+0000] {logging_mixin.py:190} INFO -   fact_crimes       : filas=733079 unicos_id=733079 dups=0 [OK]
[2026-06-29T00:26:19.654+0000] {logging_mixin.py:190} INFO -   fact_incidentes   : filas=7 unicos_id=7 dups=0 [OK]
[2026-06-29T00:26:19.682+0000] {logging_mixin.py:190} INFO -   fact_expedientes  : filas=7 unicos_id=7 dups=0 [OK]
[2026-06-29T00:26:19.702+0000] {logging_mixin.py:190} INFO -   fact_evidencias   : filas=8 unicos_id=8 dups=0 [OK]
[2026-06-29T00:26:19.719+0000] {logging_mixin.py:190} INFO -   fact_auditoria    : filas=451 unicos_id=451 dups=0 [OK]
[2026-06-29T00:26:19.805+0000] {logging_mixin.py:190} INFO -   dim_fecha         : filas=625153 unicos_id=625153 dups=0 [OK]
[2026-06-29T00:26:19.831+0000] {logging_mixin.py:190} INFO -   dim_tipo_crimen   : filas=339 unicos_id=339 dups=0 [OK]
[2026-06-29T00:26:19.876+0000] {logging_mixin.py:190} INFO -   dim_ubicacion     : filas=2532 unicos_id=2532 dups=0 [OK]
[2026-06-29T00:26:19.906+0000] {logging_mixin.py:190} INFO -   dim_usuario       : filas=20 unicos_id=20 dups=0 [OK]
[2026-06-29T00:26:19.946+0000] {logging_mixin.py:190} INFO -   dim_estado        : filas=8 unicos_id=8 dups=0 [OK]
[2026-06-29T00:26:19.993+0000] {logging_mixin.py:190} INFO -   dim_patrulla      : filas=3 unicos_id=3 dups=0 [OK]
[2026-06-29T00:26:20.000+0000] {logging_mixin.py:190} INFO - OK: sin duplicados.
[2026-06-29T00:26:20.005+0000] {python.py:240} INFO - Done. Returned value was: None
[2026-06-29T00:26:20.038+0000] {taskinstance.py:340} INFO - ::group::Post task execution logs
[2026-06-29T00:26:20.040+0000] {taskinstance.py:352} INFO - Marking task as SUCCESS. dag_id=dag_data_quality_checks, task_id=check_duplicates, run_id=manual__2026-06-29T00:26:15.114497+00:00, execution_date=20260629T002615, start_date=20260629T002619, end_date=20260629T002620
[2026-06-29T00:26:20.129+0000] {local_task_job_runner.py:266} INFO - Task exited with return code 0
[2026-06-29T00:26:20.236+0000] {taskinstance.py:3895} INFO - 1 downstream tasks scheduled from follow-on schedule check
[2026-06-29T00:26:20.240+0000] {local_task_job_runner.py:245} INFO - ::endgroup::
