[2026-06-28T06:53:03.752+0000] {local_task_job_runner.py:123} INFO - ::group::Pre task execution logs
[2026-06-28T06:53:03.783+0000] {taskinstance.py:2613} INFO - Dependencies all met for dep_context=non-requeueable deps ti=<TaskInstance: dag_minio_to_clickhouse_operational.land_operational_tables manual__2026-06-28T06:52:53+00:00 [queued]>
[2026-06-28T06:53:03.799+0000] {taskinstance.py:2613} INFO - Dependencies all met for dep_context=requeueable deps ti=<TaskInstance: dag_minio_to_clickhouse_operational.land_operational_tables manual__2026-06-28T06:52:53+00:00 [queued]>
[2026-06-28T06:53:03.801+0000] {taskinstance.py:2866} INFO - Starting attempt 1 of 2
[2026-06-28T06:53:03.825+0000] {taskinstance.py:2889} INFO - Executing <Task(PythonOperator): land_operational_tables> on 2026-06-28 06:52:53+00:00
[2026-06-28T06:53:03.846+0000] {logging_mixin.py:190} WARNING - /home/***/.local/lib/python3.12/site-packages/***/task/task_runner/standard_task_runner.py:70 DeprecationWarning: This process (pid=3370) is multi-threaded, use of fork() may lead to deadlocks in the child.
[2026-06-28T06:53:03.850+0000] {standard_task_runner.py:72} INFO - Started process 3372 to run task
[2026-06-28T06:53:03.846+0000] {standard_task_runner.py:104} INFO - Running: ['***', 'tasks', 'run', 'dag_minio_to_clickhouse_operational', 'land_operational_tables', 'manual__2026-06-28T06:52:53+00:00', '--job-id', '11', '--raw', '--subdir', 'DAGS_FOLDER/dag_minio_to_clickhouse_operational.py', '--cfg-path', '/tmp/tmp2er2dyk2']
[2026-06-28T06:53:03.852+0000] {standard_task_runner.py:105} INFO - Job 11: Subtask land_operational_tables
[2026-06-28T06:53:03.953+0000] {task_command.py:467} INFO - Running <TaskInstance: dag_minio_to_clickhouse_operational.land_operational_tables manual__2026-06-28T06:52:53+00:00 [running]> on host 863e1c870728
[2026-06-28T06:53:04.122+0000] {taskinstance.py:3132} INFO - Exporting env vars: AIRFLOW_CTX_DAG_OWNER='***' AIRFLOW_CTX_DAG_ID='dag_minio_to_clickhouse_operational' AIRFLOW_CTX_TASK_ID='land_operational_tables' AIRFLOW_CTX_EXECUTION_DATE='2026-06-28T06:52:53+00:00' AIRFLOW_CTX_TRY_NUMBER='1' AIRFLOW_CTX_DAG_RUN_ID='manual__2026-06-28T06:52:53+00:00'
[2026-06-28T06:53:04.125+0000] {taskinstance.py:731} INFO - ::endgroup::
[2026-06-28T06:53:04.956+0000] {logging_mixin.py:190} INFO -   stg_incidentes: 7 filas aterrizadas.
[2026-06-28T06:53:04.975+0000] {logging_mixin.py:190} INFO - LOG carga -> stg_incidentes: 7 filas (verificación: 7).
[2026-06-28T06:53:05.037+0000] {logging_mixin.py:190} INFO -   stg_expedientes: 7 filas aterrizadas.
[2026-06-28T06:53:05.050+0000] {logging_mixin.py:190} INFO - LOG carga -> stg_expedientes: 7 filas (verificación: 7).
[2026-06-28T06:53:05.107+0000] {logging_mixin.py:190} INFO -   stg_evidencias: 8 filas aterrizadas.
[2026-06-28T06:53:05.119+0000] {logging_mixin.py:190} INFO - LOG carga -> stg_evidencias: 8 filas (verificación: 8).
[2026-06-28T06:53:05.184+0000] {logging_mixin.py:190} INFO -   stg_audit_logs: 451 filas aterrizadas.
[2026-06-28T06:53:05.194+0000] {logging_mixin.py:190} INFO - LOG carga -> stg_audit_logs: 451 filas (verificación: 451).
[2026-06-28T06:53:05.249+0000] {logging_mixin.py:190} INFO -   stg_usuarios: 20 filas aterrizadas.
[2026-06-28T06:53:05.257+0000] {logging_mixin.py:190} INFO - LOG carga -> stg_usuarios: 20 filas (verificación: 20).
[2026-06-28T06:53:05.303+0000] {logging_mixin.py:190} INFO -   stg_roles: 5 filas aterrizadas.
[2026-06-28T06:53:05.313+0000] {logging_mixin.py:190} INFO - LOG carga -> stg_roles: 5 filas (verificación: 5).
[2026-06-28T06:53:05.364+0000] {logging_mixin.py:190} INFO -   stg_patrullas: 3 filas aterrizadas.
[2026-06-28T06:53:05.373+0000] {logging_mixin.py:190} INFO - LOG carga -> stg_patrullas: 3 filas (verificación: 3).
[2026-06-28T06:53:05.395+0000] {logging_mixin.py:190} INFO -   [WARN] no se pudo leer s3://crimetrack-evidence/datasets/transactional/app_casos_operativos.parquet: An error occurred (NoSuchKey) when calling the GetObject operation: The specified key does not exist.
[2026-06-28T06:53:05.418+0000] {logging_mixin.py:190} INFO -   stg_casos_operativos: 0 filas (tabla operativa vacía / no materializada).
[2026-06-28T06:53:05.428+0000] {logging_mixin.py:190} INFO - LOG carga -> stg_casos_operativos: 0 filas (verificación: 0).
[2026-06-28T06:53:05.537+0000] {logging_mixin.py:190} INFO -   stg_asignaciones: 49 filas aterrizadas.
[2026-06-28T06:53:05.556+0000] {logging_mixin.py:190} INFO - LOG carga -> stg_asignaciones: 49 filas (verificación: 49).
[2026-06-28T06:53:05.559+0000] {logging_mixin.py:190} INFO - Total filas operativas aterrizadas: 550.
[2026-06-28T06:53:05.561+0000] {python.py:240} INFO - Done. Returned value was: None
[2026-06-28T06:53:05.606+0000] {taskinstance.py:340} INFO - ::group::Post task execution logs
[2026-06-28T06:53:05.608+0000] {taskinstance.py:352} INFO - Marking task as SUCCESS. dag_id=dag_minio_to_clickhouse_operational, task_id=land_operational_tables, run_id=manual__2026-06-28T06:52:53+00:00, execution_date=20260628T065253, start_date=20260628T065303, end_date=20260628T065305
[2026-06-28T06:53:05.715+0000] {local_task_job_runner.py:266} INFO - Task exited with return code 0
[2026-06-28T06:53:05.756+0000] {taskinstance.py:3895} INFO - 1 downstream tasks scheduled from follow-on schedule check
[2026-06-28T06:53:05.761+0000] {local_task_job_runner.py:245} INFO - ::endgroup::
