[2026-06-29T01:19:24.968+0000] {local_task_job_runner.py:123} INFO - ::group::Pre task execution logs
[2026-06-29T01:19:24.998+0000] {taskinstance.py:2613} INFO - Dependencies all met for dep_context=non-requeueable deps ti=<TaskInstance: dag_build_crimetrack_datamart.build_operational_dims manual__2026-06-29T01:19:10.658936+00:00 [queued]>
[2026-06-29T01:19:25.012+0000] {taskinstance.py:2613} INFO - Dependencies all met for dep_context=requeueable deps ti=<TaskInstance: dag_build_crimetrack_datamart.build_operational_dims manual__2026-06-29T01:19:10.658936+00:00 [queued]>
[2026-06-29T01:19:25.013+0000] {taskinstance.py:2866} INFO - Starting attempt 1 of 3
[2026-06-29T01:19:25.030+0000] {taskinstance.py:2889} INFO - Executing <Task(PythonOperator): build_operational_dims> on 2026-06-29 01:19:10.658936+00:00
[2026-06-29T01:19:25.056+0000] {logging_mixin.py:190} WARNING - /home/***/.local/lib/python3.12/site-packages/***/task/task_runner/standard_task_runner.py:70 DeprecationWarning: This process (pid=379) is multi-threaded, use of fork() may lead to deadlocks in the child.
[2026-06-29T01:19:25.056+0000] {standard_task_runner.py:104} INFO - Running: ['***', 'tasks', 'run', 'dag_build_crimetrack_datamart', 'build_operational_dims', 'manual__2026-06-29T01:19:10.658936+00:00', '--job-id', '31', '--raw', '--subdir', 'DAGS_FOLDER/dag_build_crimetrack_datamart.py', '--cfg-path', '/tmp/tmptgehnsis']
[2026-06-29T01:19:25.058+0000] {standard_task_runner.py:72} INFO - Started process 381 to run task
[2026-06-29T01:19:25.059+0000] {standard_task_runner.py:105} INFO - Job 31: Subtask build_operational_dims
[2026-06-29T01:19:25.144+0000] {task_command.py:467} INFO - Running <TaskInstance: dag_build_crimetrack_datamart.build_operational_dims manual__2026-06-29T01:19:10.658936+00:00 [running]> on host e6f17338ad20
[2026-06-29T01:19:25.320+0000] {taskinstance.py:3132} INFO - Exporting env vars: AIRFLOW_CTX_DAG_OWNER='***' AIRFLOW_CTX_DAG_ID='dag_build_crimetrack_datamart' AIRFLOW_CTX_TASK_ID='build_operational_dims' AIRFLOW_CTX_EXECUTION_DATE='2026-06-29T01:19:10.658936+00:00' AIRFLOW_CTX_TRY_NUMBER='1' AIRFLOW_CTX_DAG_RUN_ID='manual__2026-06-29T01:19:10.658936+00:00'
[2026-06-29T01:19:25.323+0000] {taskinstance.py:731} INFO - ::endgroup::
[2026-06-29T01:19:25.492+0000] {logging_mixin.py:190} INFO -   dim_usuario: 20 filas.
[2026-06-29T01:19:25.497+0000] {logging_mixin.py:190} INFO -   dim_patrulla: 3 filas.
[2026-06-29T01:19:25.503+0000] {logging_mixin.py:190} INFO -   dim_estado: 8 filas.
[2026-06-29T01:19:25.504+0000] {python.py:240} INFO - Done. Returned value was: None
[2026-06-29T01:19:25.524+0000] {taskinstance.py:340} INFO - ::group::Post task execution logs
[2026-06-29T01:19:25.526+0000] {taskinstance.py:352} INFO - Marking task as SUCCESS. dag_id=dag_build_crimetrack_datamart, task_id=build_operational_dims, run_id=manual__2026-06-29T01:19:10.658936+00:00, execution_date=20260629T011910, start_date=20260629T011924, end_date=20260629T011925
[2026-06-29T01:19:25.597+0000] {local_task_job_runner.py:266} INFO - Task exited with return code 0
[2026-06-29T01:19:25.638+0000] {taskinstance.py:3895} INFO - 1 downstream tasks scheduled from follow-on schedule check
[2026-06-29T01:19:25.641+0000] {local_task_job_runner.py:245} INFO - ::endgroup::
