[2026-06-29T00:26:22.515+0000] {local_task_job_runner.py:123} INFO - ::group::Pre task execution logs
[2026-06-29T00:26:22.556+0000] {taskinstance.py:2613} INFO - Dependencies all met for dep_context=non-requeueable deps ti=<TaskInstance: dag_data_quality_checks.check_nulls_and_mandatory manual__2026-06-29T00:26:15.114497+00:00 [queued]>
[2026-06-29T00:26:22.575+0000] {taskinstance.py:2613} INFO - Dependencies all met for dep_context=requeueable deps ti=<TaskInstance: dag_data_quality_checks.check_nulls_and_mandatory manual__2026-06-29T00:26:15.114497+00:00 [queued]>
[2026-06-29T00:26:22.577+0000] {taskinstance.py:2866} INFO - Starting attempt 1 of 1
[2026-06-29T00:26:22.609+0000] {taskinstance.py:2889} INFO - Executing <Task(PythonOperator): check_nulls_and_mandatory> on 2026-06-29 00:26:15.114497+00:00
[2026-06-29T00:26:22.633+0000] {logging_mixin.py:190} WARNING - /home/***/.local/lib/python3.12/site-packages/***/task/task_runner/standard_task_runner.py:70 DeprecationWarning: This process (pid=245) is multi-threaded, use of fork() may lead to deadlocks in the child.
[2026-06-29T00:26:22.636+0000] {standard_task_runner.py:72} INFO - Started process 255 to run task
[2026-06-29T00:26:22.634+0000] {standard_task_runner.py:104} INFO - Running: ['***', 'tasks', 'run', 'dag_data_quality_checks', 'check_nulls_and_mandatory', 'manual__2026-06-29T00:26:15.114497+00:00', '--job-id', '22', '--raw', '--subdir', 'DAGS_FOLDER/dag_data_quality_checks.py', '--cfg-path', '/tmp/tmpwiwgipoe']
[2026-06-29T00:26:22.640+0000] {standard_task_runner.py:105} INFO - Job 22: Subtask check_nulls_and_mandatory
[2026-06-29T00:26:22.766+0000] {task_command.py:467} INFO - Running <TaskInstance: dag_data_quality_checks.check_nulls_and_mandatory manual__2026-06-29T00:26:15.114497+00:00 [running]> on host 863e1c870728
[2026-06-29T00:26:22.985+0000] {taskinstance.py:3132} INFO - Exporting env vars: AIRFLOW_CTX_DAG_OWNER='***' AIRFLOW_CTX_DAG_ID='dag_data_quality_checks' AIRFLOW_CTX_TASK_ID='check_nulls_and_mandatory' AIRFLOW_CTX_EXECUTION_DATE='2026-06-29T00:26:15.114497+00:00' AIRFLOW_CTX_TRY_NUMBER='1' AIRFLOW_CTX_DAG_RUN_ID='manual__2026-06-29T00:26:15.114497+00:00'
[2026-06-29T00:26:22.988+0000] {taskinstance.py:731} INFO - ::endgroup::
[2026-06-29T00:26:23.088+0000] {logging_mixin.py:190} INFO - == Nulos críticos / campos obligatorios ==
[2026-06-29T00:26:23.137+0000] {logging_mixin.py:190} INFO -   fact_crimes       : id=0 -> 0
[2026-06-29T00:26:23.158+0000] {logging_mixin.py:190} INFO -   fact_incidentes   : id=0 -> 0
[2026-06-29T00:26:23.176+0000] {logging_mixin.py:190} INFO -   fact_expedientes  : id=0 -> 0
[2026-06-29T00:26:23.328+0000] {logging_mixin.py:190} INFO -   fact_evidencias   : id=0 -> 0
[2026-06-29T00:26:23.343+0000] {logging_mixin.py:190} INFO -   fact_auditoria    : id=0 -> 0
[2026-06-29T00:26:23.363+0000] {logging_mixin.py:190} INFO -   dim_usuario       : id=0 -> 0
[2026-06-29T00:26:23.426+0000] {logging_mixin.py:190} INFO -   fact_crimes: year=0 -> 0; primary_type vacío -> 0
[2026-06-29T00:26:23.446+0000] {logging_mixin.py:190} INFO - OK: campos obligatorios válidos.
[2026-06-29T00:26:23.447+0000] {python.py:240} INFO - Done. Returned value was: None
[2026-06-29T00:26:23.470+0000] {taskinstance.py:340} INFO - ::group::Post task execution logs
[2026-06-29T00:26:23.472+0000] {taskinstance.py:352} INFO - Marking task as SUCCESS. dag_id=dag_data_quality_checks, task_id=check_nulls_and_mandatory, run_id=manual__2026-06-29T00:26:15.114497+00:00, execution_date=20260629T002615, start_date=20260629T002622, end_date=20260629T002623
[2026-06-29T00:26:23.541+0000] {local_task_job_runner.py:266} INFO - Task exited with return code 0
[2026-06-29T00:26:23.611+0000] {taskinstance.py:3895} INFO - 1 downstream tasks scheduled from follow-on schedule check
[2026-06-29T00:26:23.616+0000] {local_task_job_runner.py:245} INFO - ::endgroup::
