[2026-06-29T01:23:37.851+0000] {local_task_job_runner.py:123} INFO - ::group::Pre task execution logs
[2026-06-29T01:23:37.897+0000] {taskinstance.py:2613} INFO - Dependencies all met for dep_context=non-requeueable deps ti=<TaskInstance: dag_data_quality_checks.check_load_completeness manual__2026-06-29T01:23:08.455086+00:00 [queued]>
[2026-06-29T01:23:37.919+0000] {taskinstance.py:2613} INFO - Dependencies all met for dep_context=requeueable deps ti=<TaskInstance: dag_data_quality_checks.check_load_completeness manual__2026-06-29T01:23:08.455086+00:00 [queued]>
[2026-06-29T01:23:37.921+0000] {taskinstance.py:2866} INFO - Starting attempt 1 of 2
[2026-06-29T01:23:37.951+0000] {taskinstance.py:2889} INFO - Executing <Task(PythonOperator): check_load_completeness> on 2026-06-29 01:23:08.455086+00:00
[2026-06-29T01:23:37.974+0000] {logging_mixin.py:190} WARNING - /home/***/.local/lib/python3.12/site-packages/***/task/task_runner/standard_task_runner.py:70 DeprecationWarning: This process (pid=612) is multi-threaded, use of fork() may lead to deadlocks in the child.
[2026-06-29T01:23:37.974+0000] {standard_task_runner.py:104} INFO - Running: ['***', 'tasks', 'run', 'dag_data_quality_checks', 'check_load_completeness', 'manual__2026-06-29T01:23:08.455086+00:00', '--job-id', '39', '--raw', '--subdir', 'DAGS_FOLDER/dag_data_quality_checks.py', '--cfg-path', '/tmp/tmp1_pjayl1']
[2026-06-29T01:23:37.978+0000] {standard_task_runner.py:72} INFO - Started process 614 to run task
[2026-06-29T01:23:37.978+0000] {standard_task_runner.py:105} INFO - Job 39: Subtask check_load_completeness
[2026-06-29T01:23:38.094+0000] {task_command.py:467} INFO - Running <TaskInstance: dag_data_quality_checks.check_load_completeness manual__2026-06-29T01:23:08.455086+00:00 [running]> on host e6f17338ad20
[2026-06-29T01:23:38.246+0000] {taskinstance.py:3132} INFO - Exporting env vars: AIRFLOW_CTX_DAG_OWNER='***' AIRFLOW_CTX_DAG_ID='dag_data_quality_checks' AIRFLOW_CTX_TASK_ID='check_load_completeness' AIRFLOW_CTX_EXECUTION_DATE='2026-06-29T01:23:08.455086+00:00' AIRFLOW_CTX_TRY_NUMBER='1' AIRFLOW_CTX_DAG_RUN_ID='manual__2026-06-29T01:23:08.455086+00:00'
[2026-06-29T01:23:38.249+0000] {taskinstance.py:731} INFO - ::endgroup::
[2026-06-29T01:23:38.316+0000] {logging_mixin.py:190} INFO - == Completitud de carga (ClickHouse vs MinIO) ==
[2026-06-29T01:23:39.143+0000] {logging_mixin.py:190} INFO -   fact_incidentes   : clickhouse=7 minio=7 [OK]
[2026-06-29T01:23:39.172+0000] {logging_mixin.py:190} INFO -   fact_expedientes  : clickhouse=7 minio=7 [OK]
[2026-06-29T01:23:39.198+0000] {logging_mixin.py:190} INFO -   fact_evidencias   : clickhouse=8 minio=8 [OK]
[2026-06-29T01:23:39.227+0000] {logging_mixin.py:190} INFO -   fact_auditoria    : clickhouse=451 minio=451 [OK]
[2026-06-29T01:23:41.585+0000] {logging_mixin.py:190} INFO -   fact_crimes        : clickhouse=733079 minio=733079 [OK]
[2026-06-29T01:23:41.586+0000] {logging_mixin.py:190} INFO - OK: la carga coincide con el origen MinIO.
[2026-06-29T01:23:41.592+0000] {python.py:240} INFO - Done. Returned value was: None
[2026-06-29T01:23:41.613+0000] {taskinstance.py:340} INFO - ::group::Post task execution logs
[2026-06-29T01:23:41.615+0000] {taskinstance.py:352} INFO - Marking task as SUCCESS. dag_id=dag_data_quality_checks, task_id=check_load_completeness, run_id=manual__2026-06-29T01:23:08.455086+00:00, execution_date=20260629T012308, start_date=20260629T012337, end_date=20260629T012341
[2026-06-29T01:23:41.699+0000] {local_task_job_runner.py:266} INFO - Task exited with return code 0
[2026-06-29T01:23:41.729+0000] {taskinstance.py:3895} INFO - 0 downstream tasks scheduled from follow-on schedule check
[2026-06-29T01:23:41.732+0000] {local_task_job_runner.py:245} INFO - ::endgroup::
