[2026-06-29T00:25:51.350+0000] {local_task_job_runner.py:123} INFO - ::group::Pre task execution logs
[2026-06-29T00:25:51.381+0000] {taskinstance.py:2613} INFO - Dependencies all met for dep_context=non-requeueable deps ti=<TaskInstance: dag_build_crimetrack_datamart.build_strategic_star manual__2026-06-28T06:53:07.666465+00:00 [queued]>
[2026-06-29T00:25:51.397+0000] {taskinstance.py:2613} INFO - Dependencies all met for dep_context=requeueable deps ti=<TaskInstance: dag_build_crimetrack_datamart.build_strategic_star manual__2026-06-28T06:53:07.666465+00:00 [queued]>
[2026-06-29T00:25:51.398+0000] {taskinstance.py:2866} INFO - Starting attempt 2 of 2
[2026-06-29T00:25:51.417+0000] {taskinstance.py:2889} INFO - Executing <Task(PythonOperator): build_strategic_star> on 2026-06-28 06:53:07.666465+00:00
[2026-06-29T00:25:51.437+0000] {logging_mixin.py:190} WARNING - /home/***/.local/lib/python3.12/site-packages/***/task/task_runner/standard_task_runner.py:70 DeprecationWarning: This process (pid=184) is multi-threaded, use of fork() may lead to deadlocks in the child.
[2026-06-29T00:25:51.437+0000] {standard_task_runner.py:104} INFO - Running: ['***', 'tasks', 'run', 'dag_build_crimetrack_datamart', 'build_strategic_star', 'manual__2026-06-28T06:53:07.666465+00:00', '--job-id', '18', '--raw', '--subdir', 'DAGS_FOLDER/dag_build_crimetrack_datamart.py', '--cfg-path', '/tmp/tmpnm1ylcbr']
[2026-06-29T00:25:51.440+0000] {standard_task_runner.py:72} INFO - Started process 205 to run task
[2026-06-29T00:25:51.442+0000] {standard_task_runner.py:105} INFO - Job 18: Subtask build_strategic_star
[2026-06-29T00:25:51.531+0000] {task_command.py:467} INFO - Running <TaskInstance: dag_build_crimetrack_datamart.build_strategic_star manual__2026-06-28T06:53:07.666465+00:00 [running]> on host 863e1c870728
[2026-06-29T00:25:51.776+0000] {taskinstance.py:3132} INFO - Exporting env vars: AIRFLOW_CTX_DAG_OWNER='***' AIRFLOW_CTX_DAG_ID='dag_build_crimetrack_datamart' AIRFLOW_CTX_TASK_ID='build_strategic_star' AIRFLOW_CTX_EXECUTION_DATE='2026-06-28T06:53:07.666465+00:00' AIRFLOW_CTX_TRY_NUMBER='2' AIRFLOW_CTX_DAG_RUN_ID='manual__2026-06-28T06:53:07.666465+00:00'
[2026-06-29T00:25:51.779+0000] {taskinstance.py:731} INFO - ::endgroup::
[2026-06-29T00:25:57.158+0000] {logging_mixin.py:190} INFO -   dim_fecha: 625153 filas.
[2026-06-29T00:25:57.159+0000] {logging_mixin.py:190} INFO -   dim_tipo_crimen: 339 filas.
[2026-06-29T00:25:57.160+0000] {logging_mixin.py:190} INFO -   dim_ubicacion: 2532 filas.
[2026-06-29T00:26:08.931+0000] {logging_mixin.py:190} INFO -   fact_crimes: 733079 filas (insertadas server-side vía s3()).
[2026-06-29T00:26:08.959+0000] {logging_mixin.py:190} INFO -   fact_crimes: 733079 filas.
[2026-06-29T00:26:08.961+0000] {python.py:240} INFO - Done. Returned value was: None
[2026-06-29T00:26:09.019+0000] {taskinstance.py:340} INFO - ::group::Post task execution logs
[2026-06-29T00:26:09.022+0000] {taskinstance.py:352} INFO - Marking task as SUCCESS. dag_id=dag_build_crimetrack_datamart, task_id=build_strategic_star, run_id=manual__2026-06-28T06:53:07.666465+00:00, execution_date=20260628T065307, start_date=20260629T002551, end_date=20260629T002609
[2026-06-29T00:26:09.158+0000] {local_task_job_runner.py:266} INFO - Task exited with return code 0
[2026-06-29T00:26:09.230+0000] {taskinstance.py:3895} INFO - 1 downstream tasks scheduled from follow-on schedule check
[2026-06-29T00:26:09.235+0000] {local_task_job_runner.py:245} INFO - ::endgroup::
