[2026-06-29T00:26:17.098+0000] {local_task_job_runner.py:123} INFO - ::group::Pre task execution logs
[2026-06-29T00:26:17.126+0000] {taskinstance.py:2613} INFO - Dependencies all met for dep_context=non-requeueable deps ti=<TaskInstance: dag_data_quality_checks.check_row_counts manual__2026-06-29T00:26:15.114497+00:00 [queued]>
[2026-06-29T00:26:17.139+0000] {taskinstance.py:2613} INFO - Dependencies all met for dep_context=requeueable deps ti=<TaskInstance: dag_data_quality_checks.check_row_counts manual__2026-06-29T00:26:15.114497+00:00 [queued]>
[2026-06-29T00:26:17.140+0000] {taskinstance.py:2866} INFO - Starting attempt 1 of 1
[2026-06-29T00:26:17.159+0000] {taskinstance.py:2889} INFO - Executing <Task(PythonOperator): check_row_counts> on 2026-06-29 00:26:15.114497+00:00
[2026-06-29T00:26:17.177+0000] {logging_mixin.py:190} WARNING - /home/***/.local/lib/python3.12/site-packages/***/task/task_runner/standard_task_runner.py:70 DeprecationWarning: This process (pid=230) is multi-threaded, use of fork() may lead to deadlocks in the child.
[2026-06-29T00:26:17.176+0000] {standard_task_runner.py:104} INFO - Running: ['***', 'tasks', 'run', 'dag_data_quality_checks', 'check_row_counts', 'manual__2026-06-29T00:26:15.114497+00:00', '--job-id', '20', '--raw', '--subdir', 'DAGS_FOLDER/dag_data_quality_checks.py', '--cfg-path', '/tmp/tmpz7dk1y8r']
[2026-06-29T00:26:17.180+0000] {standard_task_runner.py:72} INFO - Started process 232 to run task
[2026-06-29T00:26:17.180+0000] {standard_task_runner.py:105} INFO - Job 20: Subtask check_row_counts
[2026-06-29T00:26:17.267+0000] {task_command.py:467} INFO - Running <TaskInstance: dag_data_quality_checks.check_row_counts manual__2026-06-29T00:26:15.114497+00:00 [running]> on host 863e1c870728
[2026-06-29T00:26:17.415+0000] {taskinstance.py:3132} INFO - Exporting env vars: AIRFLOW_CTX_DAG_OWNER='***' AIRFLOW_CTX_DAG_ID='dag_data_quality_checks' AIRFLOW_CTX_TASK_ID='check_row_counts' AIRFLOW_CTX_EXECUTION_DATE='2026-06-29T00:26:15.114497+00:00' AIRFLOW_CTX_TRY_NUMBER='1' AIRFLOW_CTX_DAG_RUN_ID='manual__2026-06-29T00:26:15.114497+00:00'
[2026-06-29T00:26:17.418+0000] {taskinstance.py:731} INFO - ::endgroup::
[2026-06-29T00:26:17.569+0000] {logging_mixin.py:190} INFO - == Conteo de filas por tabla ==
[2026-06-29T00:26:17.682+0000] {logging_mixin.py:190} INFO -   fact_crimes       : 733079
[2026-06-29T00:26:17.683+0000] {logging_mixin.py:190} INFO -   fact_incidentes   : 7
[2026-06-29T00:26:17.684+0000] {logging_mixin.py:190} INFO -   fact_expedientes  : 7
[2026-06-29T00:26:17.685+0000] {logging_mixin.py:190} INFO -   fact_evidencias   : 8
[2026-06-29T00:26:17.686+0000] {logging_mixin.py:190} INFO -   fact_auditoria    : 451
[2026-06-29T00:26:17.687+0000] {logging_mixin.py:190} INFO -   dim_fecha         : 625153
[2026-06-29T00:26:17.688+0000] {logging_mixin.py:190} INFO -   dim_tipo_crimen   : 339
[2026-06-29T00:26:17.688+0000] {logging_mixin.py:190} INFO -   dim_ubicacion     : 2532
[2026-06-29T00:26:17.689+0000] {logging_mixin.py:190} INFO -   dim_usuario       : 20
[2026-06-29T00:26:17.690+0000] {logging_mixin.py:190} INFO -   dim_estado        : 8
[2026-06-29T00:26:17.691+0000] {logging_mixin.py:190} INFO -   dim_patrulla      : 3
[2026-06-29T00:26:17.692+0000] {logging_mixin.py:190} INFO - OK: conteos de filas válidos.
[2026-06-29T00:26:17.693+0000] {python.py:240} INFO - Done. Returned value was: None
[2026-06-29T00:26:17.711+0000] {taskinstance.py:340} INFO - ::group::Post task execution logs
[2026-06-29T00:26:17.712+0000] {taskinstance.py:352} INFO - Marking task as SUCCESS. dag_id=dag_data_quality_checks, task_id=check_row_counts, run_id=manual__2026-06-29T00:26:15.114497+00:00, execution_date=20260629T002615, start_date=20260629T002617, end_date=20260629T002617
[2026-06-29T00:26:17.758+0000] {local_task_job_runner.py:266} INFO - Task exited with return code 0
[2026-06-29T00:26:17.799+0000] {taskinstance.py:3895} INFO - 1 downstream tasks scheduled from follow-on schedule check
[2026-06-29T00:26:17.802+0000] {local_task_job_runner.py:245} INFO - ::endgroup::
