[2026-06-28T06:53:16.445+0000] {local_task_job_runner.py:123} INFO - ::group::Pre task execution logs
[2026-06-28T06:53:16.485+0000] {taskinstance.py:2613} INFO - Dependencies all met for dep_context=non-requeueable deps ti=<TaskInstance: dag_build_crimetrack_datamart.build_operational_facts manual__2026-06-28T06:53:07.666465+00:00 [queued]>
[2026-06-28T06:53:16.503+0000] {taskinstance.py:2613} INFO - Dependencies all met for dep_context=requeueable deps ti=<TaskInstance: dag_build_crimetrack_datamart.build_operational_facts manual__2026-06-28T06:53:07.666465+00:00 [queued]>
[2026-06-28T06:53:16.506+0000] {taskinstance.py:2866} INFO - Starting attempt 1 of 2
[2026-06-28T06:53:16.532+0000] {taskinstance.py:2889} INFO - Executing <Task(PythonOperator): build_operational_facts> on 2026-06-28 06:53:07.666465+00:00
[2026-06-28T06:53:16.553+0000] {logging_mixin.py:190} WARNING - /home/***/.local/lib/python3.12/site-packages/***/task/task_runner/standard_task_runner.py:70 DeprecationWarning: This process (pid=3404) is multi-threaded, use of fork() may lead to deadlocks in the child.
[2026-06-28T06:53:16.553+0000] {standard_task_runner.py:104} INFO - Running: ['***', 'tasks', 'run', 'dag_build_crimetrack_datamart', 'build_operational_facts', 'manual__2026-06-28T06:53:07.666465+00:00', '--job-id', '14', '--raw', '--subdir', 'DAGS_FOLDER/dag_build_crimetrack_datamart.py', '--cfg-path', '/tmp/tmp7c3t0pt8']
[2026-06-28T06:53:16.556+0000] {standard_task_runner.py:72} INFO - Started process 3406 to run task
[2026-06-28T06:53:16.556+0000] {standard_task_runner.py:105} INFO - Job 14: Subtask build_operational_facts
[2026-06-28T06:53:16.648+0000] {task_command.py:467} INFO - Running <TaskInstance: dag_build_crimetrack_datamart.build_operational_facts manual__2026-06-28T06:53:07.666465+00:00 [running]> on host 863e1c870728
[2026-06-28T06:53:16.803+0000] {taskinstance.py:3132} INFO - Exporting env vars: AIRFLOW_CTX_DAG_OWNER='***' AIRFLOW_CTX_DAG_ID='dag_build_crimetrack_datamart' AIRFLOW_CTX_TASK_ID='build_operational_facts' AIRFLOW_CTX_EXECUTION_DATE='2026-06-28T06:53:07.666465+00:00' AIRFLOW_CTX_TRY_NUMBER='1' AIRFLOW_CTX_DAG_RUN_ID='manual__2026-06-28T06:53:07.666465+00:00'
[2026-06-28T06:53:16.806+0000] {taskinstance.py:731} INFO - ::endgroup::
[2026-06-28T06:53:17.093+0000] {logging_mixin.py:190} INFO -   fact_incidentes: 7 filas.
[2026-06-28T06:53:17.102+0000] {logging_mixin.py:190} INFO -   fact_expedientes: 7 filas.
[2026-06-28T06:53:17.113+0000] {logging_mixin.py:190} INFO -   fact_evidencias: 8 filas.
[2026-06-28T06:53:17.121+0000] {logging_mixin.py:190} INFO -   fact_auditoria: 451 filas.
[2026-06-28T06:53:17.123+0000] {python.py:240} INFO - Done. Returned value was: None
[2026-06-28T06:53:17.143+0000] {taskinstance.py:340} INFO - ::group::Post task execution logs
[2026-06-28T06:53:17.145+0000] {taskinstance.py:352} INFO - Marking task as SUCCESS. dag_id=dag_build_crimetrack_datamart, task_id=build_operational_facts, run_id=manual__2026-06-28T06:53:07.666465+00:00, execution_date=20260628T065307, start_date=20260628T065316, end_date=20260628T065317
[2026-06-28T06:53:17.216+0000] {local_task_job_runner.py:266} INFO - Task exited with return code 0
[2026-06-28T06:53:17.263+0000] {taskinstance.py:3895} INFO - 1 downstream tasks scheduled from follow-on schedule check
[2026-06-28T06:53:17.267+0000] {local_task_job_runner.py:245} INFO - ::endgroup::
