[2026-06-29T01:23:23.252+0000] {local_task_job_runner.py:123} INFO - ::group::Pre task execution logs
[2026-06-29T01:23:23.293+0000] {taskinstance.py:2613} INFO - Dependencies all met for dep_context=non-requeueable deps ti=<TaskInstance: dag_data_quality_checks.check_duplicates manual__2026-06-29T01:23:08.455086+00:00 [queued]>
[2026-06-29T01:23:23.356+0000] {taskinstance.py:2613} INFO - Dependencies all met for dep_context=requeueable deps ti=<TaskInstance: dag_data_quality_checks.check_duplicates manual__2026-06-29T01:23:08.455086+00:00 [queued]>
[2026-06-29T01:23:23.358+0000] {taskinstance.py:2866} INFO - Starting attempt 1 of 2
[2026-06-29T01:23:23.381+0000] {taskinstance.py:2889} INFO - Executing <Task(PythonOperator): check_duplicates> on 2026-06-29 01:23:08.455086+00:00
[2026-06-29T01:23:23.446+0000] {logging_mixin.py:190} WARNING - /home/***/.local/lib/python3.12/site-packages/***/task/task_runner/standard_task_runner.py:70 DeprecationWarning: This process (pid=594) is multi-threaded, use of fork() may lead to deadlocks in the child.
[2026-06-29T01:23:23.448+0000] {standard_task_runner.py:72} INFO - Started process 600 to run task
[2026-06-29T01:23:23.446+0000] {standard_task_runner.py:104} INFO - Running: ['***', 'tasks', 'run', 'dag_data_quality_checks', 'check_duplicates', 'manual__2026-06-29T01:23:08.455086+00:00', '--job-id', '36', '--raw', '--subdir', 'DAGS_FOLDER/dag_data_quality_checks.py', '--cfg-path', '/tmp/tmp0nssikoj']
[2026-06-29T01:23:23.451+0000] {standard_task_runner.py:105} INFO - Job 36: Subtask check_duplicates
[2026-06-29T01:23:23.780+0000] {task_command.py:467} INFO - Running <TaskInstance: dag_data_quality_checks.check_duplicates manual__2026-06-29T01:23:08.455086+00:00 [running]> on host e6f17338ad20
[2026-06-29T01:23:24.540+0000] {taskinstance.py:3132} INFO - Exporting env vars: AIRFLOW_CTX_DAG_OWNER='***' AIRFLOW_CTX_DAG_ID='dag_data_quality_checks' AIRFLOW_CTX_TASK_ID='check_duplicates' AIRFLOW_CTX_EXECUTION_DATE='2026-06-29T01:23:08.455086+00:00' AIRFLOW_CTX_TRY_NUMBER='1' AIRFLOW_CTX_DAG_RUN_ID='manual__2026-06-29T01:23:08.455086+00:00'
[2026-06-29T01:23:24.545+0000] {taskinstance.py:731} INFO - ::endgroup::
[2026-06-29T01:23:25.050+0000] {logging_mixin.py:190} INFO - == Duplicados por clave id ==
[2026-06-29T01:23:25.211+0000] {logging_mixin.py:190} INFO -   fact_crimes       : filas=733079 unicos_id=733079 dups=0 [OK]
[2026-06-29T01:23:25.274+0000] {logging_mixin.py:190} INFO -   fact_incidentes   : filas=7 unicos_id=7 dups=0 [OK]
[2026-06-29T01:23:25.295+0000] {logging_mixin.py:190} INFO -   fact_expedientes  : filas=7 unicos_id=7 dups=0 [OK]
[2026-06-29T01:23:25.316+0000] {logging_mixin.py:190} INFO -   fact_evidencias   : filas=8 unicos_id=8 dups=0 [OK]
[2026-06-29T01:23:25.360+0000] {logging_mixin.py:190} INFO -   fact_auditoria    : filas=451 unicos_id=451 dups=0 [OK]
[2026-06-29T01:23:25.492+0000] {logging_mixin.py:190} INFO -   dim_fecha         : filas=625153 unicos_id=625153 dups=0 [OK]
[2026-06-29T01:23:25.540+0000] {logging_mixin.py:190} INFO -   dim_tipo_crimen   : filas=339 unicos_id=339 dups=0 [OK]
[2026-06-29T01:23:25.565+0000] {logging_mixin.py:190} INFO -   dim_ubicacion     : filas=2532 unicos_id=2532 dups=0 [OK]
[2026-06-29T01:23:25.640+0000] {logging_mixin.py:190} INFO -   dim_usuario       : filas=20 unicos_id=20 dups=0 [OK]
[2026-06-29T01:23:25.658+0000] {logging_mixin.py:190} INFO -   dim_estado        : filas=8 unicos_id=8 dups=0 [OK]
[2026-06-29T01:23:25.676+0000] {logging_mixin.py:190} INFO -   dim_patrulla      : filas=3 unicos_id=3 dups=0 [OK]
[2026-06-29T01:23:25.678+0000] {logging_mixin.py:190} INFO - OK: sin duplicados.
[2026-06-29T01:23:25.681+0000] {python.py:240} INFO - Done. Returned value was: None
[2026-06-29T01:23:25.712+0000] {taskinstance.py:340} INFO - ::group::Post task execution logs
[2026-06-29T01:23:25.740+0000] {taskinstance.py:352} INFO - Marking task as SUCCESS. dag_id=dag_data_quality_checks, task_id=check_duplicates, run_id=manual__2026-06-29T01:23:08.455086+00:00, execution_date=20260629T012308, start_date=20260629T012323, end_date=20260629T012325
[2026-06-29T01:23:25.840+0000] {local_task_job_runner.py:266} INFO - Task exited with return code 0
[2026-06-29T01:23:25.962+0000] {taskinstance.py:3895} INFO - 1 downstream tasks scheduled from follow-on schedule check
[2026-06-29T01:23:25.973+0000] {local_task_job_runner.py:245} INFO - ::endgroup::
